filename,compressed_bytes,restored_bytes,throughput_MiB_s
0.0.1.1.tar.zst,401541,2478080,514.6561
0.0.12.tar.zst,1928391,11038720,780.3726
0.0.13.tar.zst,2089723,11601920,791.3803
0.0.14.tar.zst,1705886,9318400,786.2824
0.0.15.tar.zst,1768680,9646080,788.7732
0.0.16.tar.zst,1776360,9768960,793.7019
0.0.17.tar.zst,1739223,9799680,784.3877
0.0.18.tar.zst,1772820,10004480,790.3608
0.0.19.tar.zst,1804673,10260480,780.1260
0.0.1.tar.zst,370210,2150400,477.6832
0.0.20.tar.zst,1809588,10291200,794.8259
0.0.21.tar.zst,1814502,10342400,783.3477
0.0.22.tar.zst,1836352,10434560,790.5193
0.0.23.tar.zst,1854015,10496000,787.2050
0.0.24.tar.zst,1870729,10639360,788.3799
0.0.25.tar.zst,2074617,11192320,787.8830
0.0.26.tar.zst,2078085,11294720,783.7981
0.0.27.tar.zst,2099285,11397120,783.9937
0.0.28.tar.zst,2165188,11704320,781.7315
0.0.29.tar.zst,2206166,11868160,779.4589
0.0.2.tar.zst,455728,2846720,543.9825
0.0.3.tar.zst,460820,2856960,542.1739
0.0.4.tar.zst,471134,2908160,548.2754
0.0.5.tar.zst,526136,3164160,562.9709
0.0.6.tar.zst,525698,3164160,563.9792
0.0.7.tar.zst,1727269,8345600,675.1718
0.0.8.tar.zst,1905539,10895360,787.1824
0.0.9.tar.zst,1927972,11028480,786.5840


Total_decompressed_files: 28
Mean_throughput_MiB_s: 719.9710
Std_dev_MiB_s: 111.0285
95%_CI_MiB_s: [678.8454, 761.0965]
