filename,compressed_bytes,restored_bytes,throughput_MiB_s
v2.6.11.tar.zst,45206555,208250880,650.2852
v2.6.12-rc2.tar.zst,44985536,210882560,650.0998
v2.6.12-rc3.tar.zst,45147765,211527680,648.3665
v2.6.12-rc4.tar.zst,45295454,211978240,675.1483
v2.6.12-rc5.tar.zst,45339365,212111360,709.0672
v2.6.12-rc6.tar.zst,45484193,212705280,652.5770
v2.6.12.tar.zst,46109413,212725760,627.8419
v2.6.13-rc1.tar.zst,46191043,215951360,147.8937
v2.6.13-rc2.tar.zst,46166104,215869440,662.8724
v2.6.13-rc3.tar.zst,46312670,216565760,568.8987
v2.6.13-rc4.tar.zst,46647538,219248640,121.8687
v2.6.13-rc5.tar.zst,46670499,219361280,48.4404
v2.6.13-rc6.tar.zst,46685182,219402240,20.5434
v2.6.13-rc7.tar.zst,46689428,219432960,709.3867
v2.6.13.tar.zst,47454399,219432960,705.8340
v2.6.14-rc1.tar.zst,47556868,223098880,697.5339
v2.6.14-rc2.tar.zst,47609637,223334400,738.6069
v2.6.14-rc3.tar.zst,47757675,223825920,604.3177
v2.6.14-rc4.tar.zst,47843603,224071680,642.0093
v2.6.14-rc5.tar.zst,47849038,224081920,765.7050
v2.6.14.tar.zst,48505483,224092160,757.1047
v2.6.15-rc1.tar.zst,48636860,228259840,742.6545
v2.6.15-rc2.tar.zst,48623442,228147200,647.2691
v2.6.15-rc3.tar.zst,48638603,228167680,173.1952
v2.6.15-rc4.tar.zst,48640525,228188160,109.2317
v2.6.15-rc5.tar.zst,48634496,228167680,135.2305
v2.6.15-rc6.tar.zst,48633529,228147200,25.9969
v2.6.15-rc7.tar.zst,48636139,228157440,45.8092
v2.6.15.tar.zst,49295219,228157440,749.1015
v2.6.16-rc1.tar.zst,49637878,233103360,759.7005
v2.6.16-rc2.tar.zst,49752226,233676800,613.2814
v2.6.16-rc3.tar.zst,49828583,233871360,762.5432
v2.6.16-rc4.tar.zst,49853901,233932800,680.2454
v2.6.16-rc5.tar.zst,49843412,233912320,23.3014
v2.6.16-rc6.tar.zst,49853956,233932800,66.8751
v2.6.16.tar.zst,50559280,233953280,733.3947
v2.6.17-rc1.tar.zst,50624861,237701120,537.4976
v2.6.17-rc2.tar.zst,50398434,236298240,723.4111
v2.6.17-rc3.tar.zst,50415172,236359680,627.3086
v2.6.17-rc4.tar.zst,50432487,236451840,769.6721
v2.6.17-rc5.tar.zst,50476106,236584960,743.0916
v2.6.17-rc6.tar.zst,50477615,236595200,732.4275
v2.6.17.tar.zst,51119795,236605440,764.8102
v2.6.18-rc1.tar.zst,50951405,239411200,769.7462
v2.6.18-rc2.tar.zst,51000886,239656960,678.9345
v2.6.18-rc3.tar.zst,51007057,239667200,750.9196
v2.6.18-rc4.tar.zst,51014113,239728640,163.0686
v2.6.18-rc5.tar.zst,51101435,240056320,19.1415
v2.6.18-rc6.tar.zst,51117156,240107520,56.6332
v2.6.18-rc7.tar.zst,51121809,240117760,608.9339
v2.6.18.tar.zst,51856674,240138240,720.6939
v2.6.19-rc1.tar.zst,52110967,245381120,712.8027
v2.6.19-rc2.tar.zst,52169931,246159360,737.3584
v2.6.19-rc3.tar.zst,52213852,246384640,755.1927
v2.6.19-rc4.tar.zst,52215185,246425600,658.7495
v2.6.19-rc5.tar.zst,52219388,246425600,644.1934
v2.6.19-rc6.tar.zst,52225522,246446080,652.7356
v2.6.19.tar.zst,53106835,246466560,740.3589
v2.6.20-rc1.tar.zst,52936616,249989120,653.2684
v2.6.20-rc2.tar.zst,52943178,250019840,122.0155
v2.6.20-rc3.tar.zst,52939196,250030080,137.6301
v2.6.20-rc4.tar.zst,52945747,250091520,147.8644
v2.6.20-rc5.tar.zst,52949989,250132480,20.7286
v2.6.20-rc6.tar.zst,52957944,250286080,612.2724
v2.6.20-rc7.tar.zst,52962798,250306560,752.7033
v2.6.20.tar.zst,53831950,250316800,751.3389
v2.6.21-rc1.tar.zst,53605264,254126080,738.6525
v2.6.21-rc2.tar.zst,53661639,254361600,760.7208
v2.6.21-rc3.tar.zst,53668708,254382080,754.7931
v2.6.21-rc4.tar.zst,53661533,254361600,769.8347
v2.6.21-rc5.tar.zst,53685284,254402560,185.8316
v2.6.21-rc6.tar.zst,53672445,254371840,183.9498
v2.6.21-rc7.tar.zst,53679171,254392320,107.4597
v2.6.21.tar.zst,54696101,254402560,18.1020
v2.6.22.tar.zst,56022858,262922240,753.3980
v2.6.23.tar.zst,56613171,264704000,640.6352
v2.6.24.tar.zst,58147137,272834560,785.8623
v2.6.25.tar.zst,60466352,284651520,771.6019
v2.6.26.tar.zst,61441093,289576960,707.2626
v2.6.27.tar.zst,62554370,293826560,770.8686
v2.6.28.tar.zst,65508068,310261760,739.0444
v2.6.29.tar.zst,70389649,336179200,207.0595
v2.6.30.tar.zst,73886089,353146880,126.7381
v2.6.31.tar.zst,76402812,365711360,25.4548
v2.6.32.tar.zst,79843493,382392320,682.4480
v2.6.33.tar.zst,82345683,395100160,728.7080
v2.6.34.tar.zst,84175169,404674560,778.4966
v2.6.35.tar.zst,86418958,412897280,761.8926
v2.6.36.tar.zst,87811814,413655040,777.7576
v2.6.37.tar.zst,91807232,431349760,199.9633
v2.6.38.tar.zst,93460999,440494080,131.3475
v2.6.39.tar.zst,95275649,449597440,30.2308
v3.0.tar.zst,96085457,450979840,770.5648
v3.10.tar.zst,109421617,521564160,757.1167
v3.11.tar.zst,112227014,534128640,742.8227
v3.12.tar.zst,114312864,543969280,454.1195
v3.13.tar.zst,115516782,549816320,149.4783
v3.14.tar.zst,117509986,560056320,30.7981
v3.15.tar.zst,119558817,571514880,757.2814
v3.16.tar.zst,120925680,578662400,776.1316
v3.17.tar.zst,120564983,576604160,749.9762
v3.18.tar.zst,121430100,580423680,753.2988
v3.19.tar.zst,122251918,584458240,129.1123
v3.1.tar.zst,96725256,454471680,20.8782
v3.2.tar.zst,97749591,460912640,752.1329
v3.3.tar.zst,98904149,466083840,776.7694
v3.4.tar.zst,100186119,472565760,757.4614
v3.5.tar.zst,101383949,479723520,739.7140
v3.6.tar.zst,103074781,489205760,698.5816
v3.7.tar.zst,104750777,499025920,90.3047
v3.8.tar.zst,106123911,505661440,17.2949
v3.9.tar.zst,107891644,513832960,765.0256
v4.0.tar.zst,123386400,589998080,705.5625
v4.10.tar.zst,142055185,713103360,779.1573
v4.11.tar.zst,143831999,722278400,122.8564
v4.12.tar.zst,148959321,779735040,141.7333
v4.13.tar.zst,151927588,818032640,27.9346
v4.14.tar.zst,152235314,825057280,809.8145
v4.15.tar.zst,154110343,834355200,811.5961
v4.16.tar.zst,155418354,835942400,92.1515
v4.17.tar.zst,154577329,833812480,144.1866
v4.18.tar.zst,154117283,829931520,28.4348
v4.19.tar.zst,156158326,839464960,830.3777
v4.1.tar.zst,124588478,595927040,769.8827
v4.20.tar.zst,157950699,854773760,90.9509
v4.2.tar.zst,128522866,630958080,653.5582
v4.3.tar.zst,130387298,640839680,25.3486
v4.4.tar.zst,131269669,648355840,760.0052
v4.5.tar.zst,132739953,658053120,765.7750
v4.6.tar.zst,134457633,666204160,776.8798
v4.7.tar.zst,136069720,676976640,765.4897
v4.8.tar.zst,138216059,686970880,139.1635
v4.9.tar.zst,139943835,695582720,42.1727
v5.0.tar.zst,159404167,863303680,735.1971
v5.10-rc1.tar.zst,175586305,1019627520,832.1419
v5.10-rc2.tar.zst,175399350,1018900480,181.8181
v5.10-rc3.tar.zst,175402606,1018951680,57.7732
v5.10-rc4.tar.zst,175458504,1019064320,861.9048
v5.10-rc5.tar.zst,175467236,1019136000,445.5745
v5.10-rc6.tar.zst,175467380,1019207680,49.6473
v5.10-rc7.tar.zst,175463888,1019217920,580.8008
v5.10.tar.zst,175487759,1019238400,839.7077
v5.11-rc1.tar.zst,177872382,1063905280,435.1007
v5.11-rc2.tar.zst,177881034,1063905280,50.5938
v5.11-rc3.tar.zst,177891726,1063956480,863.4687
v5.11-rc4.tar.zst,177926077,1064048640,834.6199
v5.11-rc5.tar.zst,177936219,1064079360,162.5384
v5.11-rc6.tar.zst,177934113,1064130560,85.4275
v5.11-rc7.tar.zst,177950406,1064192000,870.0574
v5.11.tar.zst,177951426,1064212480,364.6425
v5.12-rc1-dontuse.tar.zst,178754164,1070069760,51.6399
v5.12-rc2.tar.zst,178773089,1070110720,813.9824
v5.12-rc3.tar.zst,178789079,1070172160,714.2608
v5.12-rc4.tar.zst,178801153,1070182400,282.3007
v5.12-rc5.tar.zst,178808564,1070254080,42.6082
v5.12-rc6.tar.zst,178792352,1070264320,856.0182
v5.12-rc7.tar.zst,178809223,1070305280,802.2530
v5.12-rc8.tar.zst,178795268,1070315520,41.0131
v5.12.tar.zst,178814727,1070315520,138.4807
v5.13-rc1.tar.zst,180794197,1091471360,857.7363
v5.13-rc2.tar.zst,180811473,1091502080,240.2915
v5.13-rc3.tar.zst,180810358,1091532800,36.8250
v5.13-rc4.tar.zst,180829756,1091655680,870.2034
v5.13-rc5.tar.zst,180841667,1091686400,878.0050
v5.13-rc6.tar.zst,180841846,1091717120,34.5828
v5.13-rc7.tar.zst,180866218,1091768320,138.0183
v5.13.tar.zst,180858215,1091778560,829.7388
v5.14-rc1.tar.zst,183360020,1126553600,874.7249
v5.14-rc2.tar.zst,183346628,1126553600,40.4768
v5.14-rc3.tar.zst,183331998,1126594560,851.4812
v5.14-rc4.tar.zst,183366757,1126656000,814.8889
v5.14-rc5.tar.zst,183377752,1126696960,34.1288
v5.14-rc6.tar.zst,183388535,1126717440,874.1312
v5.14-rc7.tar.zst,183397850,1126727680,855.6424
v5.14.tar.zst,183394320,1126737920,66.5029
v5.15-rc1.tar.zst,185247934,1136762880,72.5070
v5.15-rc2.tar.zst,185233271,1136803840,816.6720
v5.15-rc3.tar.zst,185237225,1136855040,182.2923
v5.15-rc4.tar.zst,185258492,1136906240,45.9222
v5.15-rc5.tar.zst,185245889,1136936960,817.6780
v5.15-rc6.tar.zst,185264258,1136977920,185.6105
v5.15-rc7.tar.zst,185263733,1137008640,45.2904
v5.15.tar.zst,185295872,1137018880,843.6285
v5.16-rc1.tar.zst,187357550,1151825920,189.3929
v5.16-rc2.tar.zst,187356867,1151877120,45.4752
v5.16-rc3.tar.zst,187348982,1151836160,880.6999
v5.16-rc4.tar.zst,187358012,1151887360,187.6159
v5.16-rc5.tar.zst,187380768,1151948800,45.3339
v5.16-rc6.tar.zst,187368018,1151979520,852.4843
v5.16-rc7.tar.zst,187375885,1152000000,183.9595
v5.16-rc8.tar.zst,187413604,1152020480,45.3859
v5.16.tar.zst,187405053,1152030720,822.0790
v5.17-rc1.tar.zst,188659452,1159598080,108.9089
v5.17-rc2.tar.zst,188692879,1159680000,53.5544
v5.17-rc3.tar.zst,188690274,1159751680,828.1687
v5.17-rc4.tar.zst,188726164,1159772160,92.0567
v5.17-rc5.tar.zst,188702842,1159792640,58.3821
v5.17-rc6.tar.zst,188713819,1159823360,858.5623
v5.17-rc7.tar.zst,188748261,1159854080,138.1907
v5.17-rc8.tar.zst,188739568,1159915520,48.4137
v5.17.tar.zst,188742672,1159915520,804.9561
v5.18-rc1.tar.zst,191680648,1215088640,68.3859
v5.18-rc2.tar.zst,191751961,1215119360,77.6167
v5.18-rc3.tar.zst,191728006,1215139840,894.5888
v5.18-rc4.tar.zst,191742857,1215160320,46.3743
v5.18-rc5.tar.zst,191726394,1215191040,167.0122
v5.18-rc6.tar.zst,191783760,1215221760,830.6719
v5.18-rc7.tar.zst,191752057,1215252480,38.5739
v5.18.tar.zst,191777235,1215283200,827.4209
v5.19-rc1.tar.zst,195198639,1268971520,888.3136
v5.19-rc2.tar.zst,195184160,1269022720,39.2837
v5.19-rc3.tar.zst,195179452,1269053440,871.4393
v5.19-rc4.tar.zst,195200043,1269114880,825.1085
v5.19-rc5.tar.zst,195187012,1269145600,38.8968
v5.19-rc6.tar.zst,195209714,1269186560,890.8895
v5.19-rc7.tar.zst,195261415,1269258240,636.1261
v5.19-rc8.tar.zst,195247459,1269299200,40.0525
v5.19.tar.zst,195245563,1269299200,865.1915
v5.1.tar.zst,160931668,871659520,834.3032
v5.2.tar.zst,162059575,871229440,50.3971
v5.3.tar.zst,164683432,913336320,137.9171
v5.4.tar.zst,166285765,938137600,792.8421
v5.5.tar.zst,168100867,947691520,839.3719
v5.6.tar.zst,169861242,957614080,104.3947
v5.7.tar.zst,171562556,965775360,75.6391
v5.8.tar.zst,174243526,983879680,787.9642
v5.9.tar.zst,173851521,1011015680,527.0657
v6.0-rc1.tar.zst,199119987,1340149760,61.8318
v6.0-rc2.tar.zst,199148595,1340262400,895.0109
v6.0-rc3.tar.zst,199136719,1340303360,472.7861
v6.0-rc4.tar.zst,199154930,1340344320,61.7095
v6.0-rc5.tar.zst,199162225,1340375040,880.3223
v6.0-rc6.tar.zst,199161691,1340375040,462.4127
v6.0-rc7.tar.zst,199187306,1340395520,62.1231
v6.0.tar.zst,199215714,1340416000,915.7804
v6.1-rc1.tar.zst,201486009,1357977600,413.6586
v6.1-rc2.tar.zst,201526945,1358008320,66.8307
v6.1-rc3.tar.zst,201540124,1358080000,896.7157
v6.1-rc4.tar.zst,201514275,1358151680,314.6652
v6.1-rc5.tar.zst,201533643,1358202880,63.5465
v6.1-rc6.tar.zst,201575676,1358243840,839.7722
v6.1-rc7.tar.zst,201573279,1358274560,287.1743
v6.1-rc8.tar.zst,201536184,1358295040,60.6284
v6.1.tar.zst,201559079,1358325760,839.8294
v6.2-rc1.tar.zst,203626487,1370839040,300.3780
v6.2-rc2.tar.zst,203614161,1370859520,66.9634
v6.2-rc3.tar.zst,203670721,1370992640,838.2042
v6.2-rc4.tar.zst,203685425,1371013120,278.0764
v6.2-rc5.tar.zst,203677200,1371054080,65.0889
v6.2-rc6.tar.zst,203737139,1371084800,859.9623
v6.2-rc7.tar.zst,203667004,1371125760,364.7415
v6.2-rc8.tar.zst,203656274,1371156480,66.6127
v6.2.tar.zst,203689337,1371176960,915.9026
v6.3-rc1.tar.zst,204351192,1376829440,301.2716
v6.3-rc2.tar.zst,203949571,1375375360,67.6009
v6.3-rc3.tar.zst,203987450,1375395840,922.0695
v6.3-rc4.tar.zst,204014644,1375488000,317.8073
v6.3-rc5.tar.zst,204028276,1375508480,68.5893
v6.3-rc6.tar.zst,204062325,1375539200,905.0090
v6.3-rc7.tar.zst,204018966,1375580160,309.8618
v6.3.tar.zst,204027987,1375590400,66.8223
v6.4-rc1.tar.zst,206015156,1397831680,906.9991
v6.4-rc2.tar.zst,205986389,1397852160,318.2095
v6.4-rc3.tar.zst,206062936,1397913600,64.7457
v6.4-rc4.tar.zst,205999957,1397964800,913.2187
v6.4-rc5.tar.zst,206017087,1398016000,335.2890
v6.4-rc6.tar.zst,206013639,1398056960,61.1548
v6.4-rc7.tar.zst,206053215,1398097920,854.9332
v6.4.tar.zst,206023696,1398149120,656.4960
v6.5-rc1.tar.zst,207954643,1410775040,77.1903


Total_decompressed_files: 270
Mean_throughput_MiB_s: 474.7620
Std_dev_MiB_s: 333.7972
95%_CI_MiB_s: [434.9461, 514.5780]
