=== coreutils 压缩报告 ===
开始时间: 2025年 07月 29日 星期二 10:22:28 CST
源路径: /mnt/dataset2/coreutils_tarballs
预期文件数量: 28

文件处理顺序:
  1. 0.0.1.1.tar
  2. 0.0.1.tar
  3. 0.0.2.tar
  4. 0.0.3.tar
  5. 0.0.4.tar
  6. 0.0.5.tar
  7. 0.0.6.tar
  8. 0.0.7.tar
  9. 0.0.8.tar
  10. 0.0.9.tar
  11. 0.0.12.tar
  12. 0.0.13.tar
  13. 0.0.14.tar
  14. 0.0.15.tar
  15. 0.0.16.tar
  16. 0.0.17.tar
  17. 0.0.18.tar
  18. 0.0.19.tar
  19. 0.0.20.tar
  20. 0.0.21.tar
  21. 0.0.22.tar
  22. 0.0.23.tar
  23. 0.0.24.tar
  24. 0.0.25.tar
  25. 0.0.26.tar
  26. 0.0.27.tar
  27. 0.0.28.tar
  28. 0.0.29.tar

文件 #1: 0.0.1.1.tar
  原始大小: 2.36 MiB
  压缩大小: 0.38 MiB
  压缩率: 6.09x
  压缩时间: 0.06 秒
  压缩吞吐量: 38.28 MiB/s
  解压时间: 0.01 秒
  解压吞吐量: 190.07 MiB/s
  压缩文件: ./compressed_datasets/coreutils/0.0.1.1.tar.zip

文件 #2: 0.0.1.tar
  原始大小: 2.05 MiB
  压缩大小: 0.35 MiB
  压缩率: 5.79x
  压缩时间: 0.08 秒
  压缩吞吐量: 25.00 MiB/s
  解压时间: 0.01 秒
  解压吞吐量: 204.35 MiB/s
  压缩文件: ./compressed_datasets/coreutils/0.0.1.tar.zip

文件 #3: 0.0.2.tar
  原始大小: 2.71 MiB
  压缩大小: 0.44 MiB
  压缩率: 6.12x
  压缩时间: 0.06 秒
  压缩吞吐量: 43.54 MiB/s
  解压时间: 0.01 秒
  解压吞吐量: 214.09 MiB/s
  压缩文件: ./compressed_datasets/coreutils/0.0.2.tar.zip

文件 #4: 0.0.3.tar
  原始大小: 2.72 MiB
  压缩大小: 0.44 MiB
  压缩率: 6.10x
  压缩时间: 0.07 秒
  压缩吞吐量: 37.45 MiB/s
  解压时间: 0.01 秒
  解压吞吐量: 213.37 MiB/s
  压缩文件: ./compressed_datasets/coreutils/0.0.3.tar.zip

文件 #5: 0.0.4.tar
  原始大小: 2.77 MiB
  压缩大小: 0.45 MiB
  压缩率: 6.07x
  压缩时间: 0.06 秒
  压缩吞吐量: 43.96 MiB/s
  解压时间: 0.01 秒
  解压吞吐量: 214.40 MiB/s
  压缩文件: ./compressed_datasets/coreutils/0.0.4.tar.zip

文件 #6: 0.0.5.tar
  原始大小: 3.01 MiB
  压缩大小: 0.50 MiB
  压缩率: 5.93x
  压缩时间: 0.08 秒
  压缩吞吐量: 39.64 MiB/s
  解压时间: 0.01 秒
  解压吞吐量: 213.95 MiB/s
  压缩文件: ./compressed_datasets/coreutils/0.0.5.tar.zip

文件 #7: 0.0.6.tar
  原始大小: 3.01 MiB
  压缩大小: 0.50 MiB
  压缩率: 5.94x
  压缩时间: 0.08 秒
  压缩吞吐量: 36.90 MiB/s
  解压时间: 0.01 秒
  解压吞吐量: 213.20 MiB/s
  压缩文件: ./compressed_datasets/coreutils/0.0.6.tar.zip

文件 #8: 0.0.7.tar
  原始大小: 7.95 MiB
  压缩大小: 1.70 MiB
  压缩率: 4.67x
  压缩时间: 0.19 秒
  压缩吞吐量: 40.77 MiB/s
  解压时间: 0.04 秒
  解压吞吐量: 209.01 MiB/s
  压缩文件: ./compressed_datasets/coreutils/0.0.7.tar.zip

文件 #9: 0.0.8.tar
  原始大小: 10.39 MiB
  压缩大小: 2.06 MiB
  压缩率: 5.04x
  压缩时间: 0.22 秒
  压缩吞吐量: 47.10 MiB/s
  解压时间: 0.05 秒
  解压吞吐量: 225.25 MiB/s
  压缩文件: ./compressed_datasets/coreutils/0.0.8.tar.zip

文件 #10: 0.0.9.tar
  原始大小: 10.51 MiB
  压缩大小: 2.08 MiB
  压缩率: 5.04x
  压缩时间: 0.21 秒
  压缩吞吐量: 50.37 MiB/s
  解压时间: 0.05 秒
  解压吞吐量: 224.14 MiB/s
  压缩文件: ./compressed_datasets/coreutils/0.0.9.tar.zip

文件 #11: 0.0.12.tar
  原始大小: 10.52 MiB
  压缩大小: 2.08 MiB
  压缩率: 5.05x
  压缩时间: 0.22 秒
  压缩吞吐量: 48.02 MiB/s
  解压时间: 0.05 秒
  解压吞吐量: 225.20 MiB/s
  压缩文件: ./compressed_datasets/coreutils/0.0.12.tar.zip

文件 #12: 0.0.13.tar
  原始大小: 11.06 MiB
  压缩大小: 2.30 MiB
  压缩率: 4.79x
  压缩时间: 0.22 秒
  压缩吞吐量: 49.23 MiB/s
  解压时间: 0.05 秒
  解压吞吐量: 224.43 MiB/s
  压缩文件: ./compressed_datasets/coreutils/0.0.13.tar.zip

文件 #13: 0.0.14.tar
  原始大小: 8.88 MiB
  压缩大小: 1.92 MiB
  压缩率: 4.62x
  压缩时间: 0.19 秒
  压缩吞吐量: 46.09 MiB/s
  解压时间: 0.04 秒
  解压吞吐量: 224.64 MiB/s
  压缩文件: ./compressed_datasets/coreutils/0.0.14.tar.zip

文件 #14: 0.0.15.tar
  原始大小: 9.19 MiB
  压缩大小: 1.97 MiB
  压缩率: 4.64x
  压缩时间: 0.19 秒
  压缩吞吐量: 48.66 MiB/s
  解压时间: 0.04 秒
  解压吞吐量: 225.58 MiB/s
  压缩文件: ./compressed_datasets/coreutils/0.0.15.tar.zip

文件 #15: 0.0.16.tar
  原始大小: 9.31 MiB
  压缩大小: 1.98 MiB
  压缩率: 4.69x
  压缩时间: 0.20 秒
  压缩吞吐量: 47.16 MiB/s
  解压时间: 0.04 秒
  解压吞吐量: 225.56 MiB/s
  压缩文件: ./compressed_datasets/coreutils/0.0.16.tar.zip

文件 #16: 0.0.17.tar
  原始大小: 9.34 MiB
  压缩大小: 1.87 MiB
  压缩率: 4.98x
  压缩时间: 0.18 秒
  压缩吞吐量: 50.95 MiB/s
  解压时间: 0.04 秒
  解压吞吐量: 225.76 MiB/s
  压缩文件: ./compressed_datasets/coreutils/0.0.17.tar.zip

文件 #17: 0.0.18.tar
  原始大小: 9.54 MiB
  压缩大小: 1.90 MiB
  压缩率: 5.01x
  压缩时间: 0.19 秒
  压缩吞吐量: 50.85 MiB/s
  解压时间: 0.04 秒
  解压吞吐量: 226.53 MiB/s
  压缩文件: ./compressed_datasets/coreutils/0.0.18.tar.zip

文件 #18: 0.0.19.tar
  原始大小: 9.78 MiB
  压缩大小: 1.93 MiB
  压缩率: 5.05x
  压缩时间: 0.19 秒
  压缩吞吐量: 50.82 MiB/s
  解压时间: 0.04 秒
  解压吞吐量: 227.09 MiB/s
  压缩文件: ./compressed_datasets/coreutils/0.0.19.tar.zip

文件 #19: 0.0.20.tar
  原始大小: 9.81 MiB
  压缩大小: 1.94 MiB
  压缩率: 5.05x
  压缩时间: 0.20 秒
  压缩吞吐量: 48.71 MiB/s
  解压时间: 0.04 秒
  解压吞吐量: 227.64 MiB/s
  压缩文件: ./compressed_datasets/coreutils/0.0.20.tar.zip

文件 #20: 0.0.21.tar
  原始大小: 9.86 MiB
  压缩大小: 1.94 MiB
  压缩率: 5.07x
  压缩时间: 0.21 秒
  压缩吞吐量: 48.00 MiB/s
  解压时间: 0.04 秒
  解压吞吐量: 223.96 MiB/s
  压缩文件: ./compressed_datasets/coreutils/0.0.21.tar.zip

文件 #21: 0.0.22.tar
  原始大小: 9.95 MiB
  压缩大小: 1.95 MiB
  压缩率: 5.07x
  压缩时间: 0.20 秒
  压缩吞吐量: 49.40 MiB/s
  解压时间: 0.04 秒
  解压吞吐量: 227.95 MiB/s
  压缩文件: ./compressed_datasets/coreutils/0.0.22.tar.zip

文件 #22: 0.0.23.tar
  原始大小: 10.00 MiB
  压缩大小: 1.97 MiB
  压缩率: 5.07x
  压缩时间: 0.20 秒
  压缩吞吐量: 51.05 MiB/s
  解压时间: 0.04 秒
  解压吞吐量: 227.13 MiB/s
  压缩文件: ./compressed_datasets/coreutils/0.0.23.tar.zip

文件 #23: 0.0.24.tar
  原始大小: 10.14 MiB
  压缩大小: 1.99 MiB
  压缩率: 5.08x
  压缩时间: 0.20 秒
  压缩吞吐量: 50.14 MiB/s
  解压时间: 0.04 秒
  解压吞吐量: 228.32 MiB/s
  压缩文件: ./compressed_datasets/coreutils/0.0.24.tar.zip

文件 #24: 0.0.25.tar
  原始大小: 10.67 MiB
  压缩大小: 2.18 MiB
  压缩率: 4.89x
  压缩时间: 0.23 秒
  压缩吞吐量: 47.33 MiB/s
  解压时间: 0.05 秒
  解压吞吐量: 224.67 MiB/s
  压缩文件: ./compressed_datasets/coreutils/0.0.25.tar.zip

文件 #25: 0.0.26.tar
  原始大小: 10.77 MiB
  压缩大小: 2.18 MiB
  压缩率: 4.92x
  压缩时间: 0.22 秒
  压缩吞吐量: 48.57 MiB/s
  解压时间: 0.05 秒
  解压吞吐量: 225.03 MiB/s
  压缩文件: ./compressed_datasets/coreutils/0.0.26.tar.zip

文件 #26: 0.0.27.tar
  原始大小: 10.86 MiB
  压缩大小: 2.21 MiB
  压缩率: 4.91x
  压缩时间: 0.23 秒
  压缩吞吐量: 47.25 MiB/s
  解压时间: 0.05 秒
  解压吞吐量: 225.60 MiB/s
  压缩文件: ./compressed_datasets/coreutils/0.0.27.tar.zip

文件 #27: 0.0.28.tar
  原始大小: 11.16 MiB
  压缩大小: 2.27 MiB
  压缩率: 4.90x
  压缩时间: 0.23 秒
  压缩吞吐量: 49.12 MiB/s
  解压时间: 0.05 秒
  解压吞吐量: 225.17 MiB/s
  压缩文件: ./compressed_datasets/coreutils/0.0.28.tar.zip

文件 #28: 0.0.29.tar
  原始大小: 11.31 MiB
  压缩大小: 2.31 MiB
  压缩率: 4.88x
  压缩时间: 0.22 秒
  压缩吞吐量: 50.44 MiB/s
  解压时间: 0.05 秒
  解压吞吐量: 225.01 MiB/s
  压缩文件: ./compressed_datasets/coreutils/0.0.29.tar.zip

=== coreutils 总体统计 ===
实际处理文件数量: 28
预期文件数量: 28
总原始大小: 229.77 MiB
总压缩大小: 45.92 MiB
总体压缩率: 5.00x
总压缩时间: 4.84 秒
总解压时间: 1.03 秒
压缩总体吞吐量: 47.43 MiB/s
解压总体吞吐量: 223.81 MiB/s
压缩文件保存目录: ./compressed_datasets/coreutils/
完成时间: 2025年 07月 29日 星期二 10:22:34 CST
