=== gcc 压缩报告 ===
开始时间: 2025年 07月 29日 星期二 10:22:36 CST
源路径: /mnt/dataset2/GNU_GCC/gcc-packed/tar
预期文件数量: 117

文件处理顺序:
  1. gcc-2.8.0.tar
  2. gcc-2.8.1.tar
  3. gcc-2.95.0.tar
  4. gcc-2.95.1.tar
  5. gcc-2.95.2.1.tar
  6. gcc-2.95.2.tar
  7. gcc-2.95.3.tar
  8. gcc-3.0.0.tar
  9. gcc-3.0.1.tar
  10. gcc-3.0.2.tar
  11. gcc-3.0.3.tar
  12. gcc-3.0.4.tar
  13. gcc-3.1.0.tar
  14. gcc-3.1.1.tar
  15. gcc-3.2.0.tar
  16. gcc-3.2.1.tar
  17. gcc-3.2.2.tar
  18. gcc-3.2.3.tar
  19. gcc-3.3.0.tar
  20. gcc-3.3.1.tar
  21. gcc-3.3.2.tar
  22. gcc-3.3.3.tar
  23. gcc-3.3.4.tar
  24. gcc-3.3.5.tar
  25. gcc-3.3.6.tar
  26. gcc-3.4.0.tar
  27. gcc-3.4.1.tar
  28. gcc-3.4.2.tar
  29. gcc-3.4.3.tar
  30. gcc-3.4.4.tar
  31. gcc-3.4.5.tar
  32. gcc-3.4.6.tar
  33. gcc-4.0.0.tar
  34. gcc-4.0.1.tar
  35. gcc-4.0.2.tar
  36. gcc-4.0.3.tar
  37. gcc-4.0.4.tar
  38. gcc-4.1.0.tar
  39. gcc-4.1.1.tar
  40. gcc-4.1.2.tar
  41. gcc-4.2.0.tar
  42. gcc-4.2.1.tar
  43. gcc-4.2.2.tar
  44. gcc-4.2.3.tar
  45. gcc-4.2.4.tar
  46. gcc-4.3.0.tar
  47. gcc-4.3.1.tar
  48. gcc-4.3.2.tar
  49. gcc-4.3.3.tar
  50. gcc-4.3.4.tar
  51. gcc-4.3.5.tar
  52. gcc-4.3.6.tar
  53. gcc-4.4.0.tar
  54. gcc-4.4.1.tar
  55. gcc-4.4.2.tar
  56. gcc-4.4.3.tar
  57. gcc-4.4.4.tar
  58. gcc-4.4.5.tar
  59. gcc-4.4.6.tar
  60. gcc-4.4.7.tar
  61. gcc-4.5.0.tar
  62. gcc-4.5.1.tar
  63. gcc-4.5.2.tar
  64. gcc-4.5.3.tar
  65. gcc-4.5.4.tar
  66. gcc-4.6.0.tar
  67. gcc-4.6.1.tar
  68. gcc-4.6.2.tar
  69. gcc-4.6.3.tar
  70. gcc-4.6.4.tar
  71. gcc-4.7.0.tar
  72. gcc-4.7.1.tar
  73. gcc-4.7.2.tar
  74. gcc-4.7.3.tar
  75. gcc-4.7.4.tar
  76. gcc-4.8.0.tar
  77. gcc-4.8.1.tar
  78. gcc-4.8.2.tar
  79. gcc-4.8.3.tar
  80. gcc-4.8.4.tar
  81. gcc-4.8.5.tar
  82. gcc-4.9.0.tar
  83. gcc-4.9.1.tar
  84. gcc-4.9.2.tar
  85. gcc-4.9.3.tar
  86. gcc-4.9.4.tar
  87. gcc-5.1.0.tar
  88. gcc-5.2.0.tar
  89. gcc-5.3.0.tar
  90. gcc-5.4.0.tar
  91. gcc-5.5.0.tar
  92. gcc-6.1.0.tar
  93. gcc-6.2.0.tar
  94. gcc-6.3.0.tar
  95. gcc-6.4.0.tar
  96. gcc-6.5.0.tar
  97. gcc-7.1.0.tar
  98. gcc-7.2.0.tar
  99. gcc-7.3.0.tar
  100. gcc-7.4.0.tar
  101. gcc-7.5.0.tar
  102. gcc-8.1.0.tar
  103. gcc-8.2.0.tar
  104. gcc-8.3.0.tar
  105. gcc-8.4.0.tar
  106. gcc-8.5.0.tar
  107. gcc-9.1.0.tar
  108. gcc-9.2.0.tar
  109. gcc-9.3.0.tar
  110. gcc-9.4.0.tar
  111. gcc-10.1.0.tar
  112. gcc-10.2.0.tar
  113. gcc-10.3.0.tar
  114. gcc-11.1.0.tar
  115. gcc-11.2.0.tar
  116. gcc-11.3.0.tar
  117. gcc-12.1.0.tar

文件 #1: gcc-2.8.0.tar
  原始大小: 31.94 MiB
  压缩大小: 8.08 MiB
  压缩率: 3.94x
  压缩时间: 1.09 秒
  压缩吞吐量: 29.34 MiB/s
  解压时间: 0.17 秒
  解压吞吐量: 183.16 MiB/s
  压缩文件: ./compressed_datasets/gcc/gcc-2.8.0.tar.zip

文件 #2: gcc-2.8.1.tar
  原始大小: 28.79 MiB
  压缩大小: 7.26 MiB
  压缩率: 3.96x
  压缩时间: 0.88 秒
  压缩吞吐量: 32.87 MiB/s
  解压时间: 0.14 秒
  解压吞吐量: 204.89 MiB/s
  压缩文件: ./compressed_datasets/gcc/gcc-2.8.1.tar.zip

文件 #3: gcc-2.95.0.tar
  原始大小: 57.87 MiB
  压缩大小: 13.07 MiB
  压缩率: 4.42x
  压缩时间: 1.54 秒
  压缩吞吐量: 37.62 MiB/s
  解压时间: 0.27 秒
  解压吞吐量: 215.48 MiB/s
  压缩文件: ./compressed_datasets/gcc/gcc-2.95.0.tar.zip

文件 #4: gcc-2.95.1.tar
  原始大小: 57.45 MiB
  压缩大小: 12.99 MiB
  压缩率: 4.42x
  压缩时间: 1.53 秒
  压缩吞吐量: 37.63 MiB/s
  解压时间: 0.26 秒
  解压吞吐量: 217.32 MiB/s
  压缩文件: ./compressed_datasets/gcc/gcc-2.95.1.tar.zip

文件 #5: gcc-2.95.2.1.tar
  原始大小: 57.48 MiB
  压缩大小: 12.99 MiB
  压缩率: 4.42x
  压缩时间: 1.54 秒
  压缩吞吐量: 37.30 MiB/s
  解压时间: 0.26 秒
  解压吞吐量: 217.18 MiB/s
  压缩文件: ./compressed_datasets/gcc/gcc-2.95.2.1.tar.zip

文件 #6: gcc-2.95.2.tar
  原始大小: 57.48 MiB
  压缩大小: 12.99 MiB
  压缩率: 4.42x
  压缩时间: 1.50 秒
  压缩吞吐量: 38.38 MiB/s
  解压时间: 0.26 秒
  解压吞吐量: 217.17 MiB/s
  压缩文件: ./compressed_datasets/gcc/gcc-2.95.2.tar.zip

文件 #7: gcc-2.95.3.tar
  原始大小: 52.61 MiB
  压缩大小: 12.39 MiB
  压缩率: 4.24x
  压缩时间: 1.44 秒
  压缩吞吐量: 36.61 MiB/s
  解压时间: 0.25 秒
  解压吞吐量: 214.57 MiB/s
  压缩文件: ./compressed_datasets/gcc/gcc-2.95.3.tar.zip

文件 #8: gcc-3.0.0.tar
  原始大小: 76.98 MiB
  压缩大小: 16.08 MiB
  压缩率: 4.78x
  压缩时间: 1.82 秒
  压缩吞吐量: 42.38 MiB/s
  解压时间: 0.34 秒
  解压吞吐量: 225.42 MiB/s
  压缩文件: ./compressed_datasets/gcc/gcc-3.0.0.tar.zip

文件 #9: gcc-3.0.1.tar
  原始大小: 77.77 MiB
  压缩大小: 16.20 MiB
  压缩率: 4.79x
  压缩时间: 1.83 秒
  压缩吞吐量: 42.56 MiB/s
  解压时间: 0.34 秒
  解压吞吐量: 225.99 MiB/s
  压缩文件: ./compressed_datasets/gcc/gcc-3.0.1.tar.zip

文件 #10: gcc-3.0.2.tar
  原始大小: 78.42 MiB
  压缩大小: 16.37 MiB
  压缩率: 4.78x
  压缩时间: 1.83 秒
  压缩吞吐量: 42.78 MiB/s
  解压时间: 0.35 秒
  解压吞吐量: 225.06 MiB/s
  压缩文件: ./compressed_datasets/gcc/gcc-3.0.2.tar.zip

文件 #11: gcc-3.0.3.tar
  原始大小: 78.83 MiB
  压缩大小: 16.48 MiB
  压缩率: 4.78x
  压缩时间: 1.90 秒
  压缩吞吐量: 41.53 MiB/s
  解压时间: 0.35 秒
  解压吞吐量: 224.61 MiB/s
  压缩文件: ./compressed_datasets/gcc/gcc-3.0.3.tar.zip

文件 #12: gcc-3.0.4.tar
  原始大小: 79.14 MiB
  压缩大小: 16.55 MiB
  压缩率: 4.77x
  压缩时间: 1.91 秒
  压缩吞吐量: 41.40 MiB/s
  解压时间: 0.35 秒
  解压吞吐量: 223.82 MiB/s
  压缩文件: ./compressed_datasets/gcc/gcc-3.0.4.tar.zip

文件 #13: gcc-3.1.0.tar
  原始大小: 117.13 MiB
  压缩大小: 24.04 MiB
  压缩率: 4.87x
  压缩时间: 2.77 秒
  压缩吞吐量: 42.30 MiB/s
  解压时间: 0.54 秒
  解压吞吐量: 216.55 MiB/s
  压缩文件: ./compressed_datasets/gcc/gcc-3.1.0.tar.zip

文件 #14: gcc-3.1.1.tar
  原始大小: 117.53 MiB
  压缩大小: 24.10 MiB
  压缩率: 4.87x
  压缩时间: 2.80 秒
  压缩吞吐量: 41.98 MiB/s
  解压时间: 0.52 秒
  解压吞吐量: 228.02 MiB/s
  压缩文件: ./compressed_datasets/gcc/gcc-3.1.1.tar.zip

文件 #15: gcc-3.2.0.tar
  原始大小: 117.62 MiB
  压缩大小: 24.11 MiB
  压缩率: 4.87x
  压缩时间: 2.82 秒
  压缩吞吐量: 41.74 MiB/s
  解压时间: 0.52 秒
  解压吞吐量: 227.93 MiB/s
  压缩文件: ./compressed_datasets/gcc/gcc-3.2.0.tar.zip

文件 #16: gcc-3.2.1.tar
  原始大小: 118.47 MiB
  压缩大小: 24.23 MiB
  压缩率: 4.88x
  压缩时间: 2.71 秒
  压缩吞吐量: 43.67 MiB/s
  解压时间: 0.52 秒
  解压吞吐量: 226.50 MiB/s
  压缩文件: ./compressed_datasets/gcc/gcc-3.2.1.tar.zip

文件 #17: gcc-3.2.2.tar
  原始大小: 118.72 MiB
  压缩大小: 24.28 MiB
  压缩率: 4.88x
  压缩时间: 2.79 秒
  压缩吞吐量: 42.52 MiB/s
  解压时间: 0.52 秒
  解压吞吐量: 228.42 MiB/s
  压缩文件: ./compressed_datasets/gcc/gcc-3.2.2.tar.zip

文件 #18: gcc-3.2.3.tar
  原始大小: 118.83 MiB
  压缩大小: 24.31 MiB
  压缩率: 4.88x
  压缩时间: 2.76 秒
  压缩吞吐量: 43.01 MiB/s
  解压时间: 0.52 秒
  解压吞吐量: 228.39 MiB/s
  压缩文件: ./compressed_datasets/gcc/gcc-3.2.3.tar.zip

文件 #19: gcc-3.3.0.tar
  原始大小: 132.29 MiB
  压缩大小: 26.93 MiB
  压缩率: 4.91x
  压缩时间: 3.03 秒
  压缩吞吐量: 43.64 MiB/s
  解压时间: 0.58 秒
  解压吞吐量: 227.45 MiB/s
  压缩文件: ./compressed_datasets/gcc/gcc-3.3.0.tar.zip

文件 #20: gcc-3.3.1.tar
  原始大小: 133.70 MiB
  压缩大小: 27.10 MiB
  压缩率: 4.93x
  压缩时间: 3.11 秒
  压缩吞吐量: 43.00 MiB/s
  解压时间: 0.58 秒
  解压吞吐量: 228.76 MiB/s
  压缩文件: ./compressed_datasets/gcc/gcc-3.3.1.tar.zip

文件 #21: gcc-3.3.2.tar
  原始大小: 133.82 MiB
  压缩大小: 27.12 MiB
  压缩率: 4.93x
  压缩时间: 3.09 秒
  压缩吞吐量: 43.25 MiB/s
  解压时间: 0.58 秒
  解压吞吐量: 229.52 MiB/s
  压缩文件: ./compressed_datasets/gcc/gcc-3.3.2.tar.zip

文件 #22: gcc-3.3.3.tar
  原始大小: 134.76 MiB
  压缩大小: 27.33 MiB
  压缩率: 4.92x
  压缩时间: 3.10 秒
  压缩吞吐量: 43.52 MiB/s
  解压时间: 0.59 秒
  解压吞吐量: 229.76 MiB/s
  压缩文件: ./compressed_datasets/gcc/gcc-3.3.3.tar.zip

文件 #23: gcc-3.3.4.tar
  原始大小: 134.91 MiB
  压缩大小: 27.37 MiB
  压缩率: 4.92x
  压缩时间: 3.12 秒
  压缩吞吐量: 43.26 MiB/s
  解压时间: 0.59 秒
  解压吞吐量: 229.64 MiB/s
  压缩文件: ./compressed_datasets/gcc/gcc-3.3.4.tar.zip

文件 #24: gcc-3.3.5.tar
  原始大小: 134.95 MiB
  压缩大小: 27.37 MiB
  压缩率: 4.92x
  压缩时间: 3.14 秒
  压缩吞吐量: 42.96 MiB/s
  解压时间: 0.59 秒
  解压吞吐量: 230.26 MiB/s
  压缩文件: ./compressed_datasets/gcc/gcc-3.3.5.tar.zip

文件 #25: gcc-3.3.6.tar
  原始大小: 135.56 MiB
  压缩大小: 27.51 MiB
  压缩率: 4.92x
  压缩时间: 3.26 秒
  压缩吞吐量: 41.61 MiB/s
  解压时间: 0.59 秒
  解压吞吐量: 229.33 MiB/s
  压缩文件: ./compressed_datasets/gcc/gcc-3.3.6.tar.zip

文件 #26: gcc-3.4.0.tar
  原始大小: 171.57 MiB
  压缩大小: 32.89 MiB
  压缩率: 5.21x
  压缩时间: 3.68 秒
  压缩吞吐量: 46.56 MiB/s
  解压时间: 0.73 秒
  解压吞吐量: 234.33 MiB/s
  压缩文件: ./compressed_datasets/gcc/gcc-3.4.0.tar.zip

文件 #27: gcc-3.4.1.tar
  原始大小: 169.68 MiB
  压缩大小: 32.32 MiB
  压缩率: 5.24x
  压缩时间: 3.65 秒
  压缩吞吐量: 46.44 MiB/s
  解压时间: 0.72 秒
  解压吞吐量: 236.32 MiB/s
  压缩文件: ./compressed_datasets/gcc/gcc-3.4.1.tar.zip

文件 #28: gcc-3.4.2.tar
  原始大小: 171.72 MiB
  压缩大小: 32.50 MiB
  压缩率: 5.28x
  压缩时间: 3.65 秒
  压缩吞吐量: 47.02 MiB/s
  解压时间: 0.81 秒
  解压吞吐量: 212.50 MiB/s
  压缩文件: ./compressed_datasets/gcc/gcc-3.4.2.tar.zip

文件 #29: gcc-3.4.3.tar
  原始大小: 172.28 MiB
  压缩大小: 32.56 MiB
  压缩率: 5.29x
  压缩时间: 3.65 秒
  压缩吞吐量: 47.23 MiB/s
  解压时间: 0.73 秒
  解压吞吐量: 237.43 MiB/s
  压缩文件: ./compressed_datasets/gcc/gcc-3.4.3.tar.zip

文件 #30: gcc-3.4.4.tar
  原始大小: 173.43 MiB
  压缩大小: 32.77 MiB
  压缩率: 5.29x
  压缩时间: 3.70 秒
  压缩吞吐量: 46.89 MiB/s
  解压时间: 0.73 秒
  解压吞吐量: 236.68 MiB/s
  压缩文件: ./compressed_datasets/gcc/gcc-3.4.4.tar.zip

文件 #31: gcc-3.4.5.tar
  原始大小: 173.62 MiB
  压缩大小: 32.80 MiB
  压缩率: 5.29x
  压缩时间: 3.96 秒
  压缩吞吐量: 43.80 MiB/s
  解压时间: 0.73 秒
  解压吞吐量: 237.32 MiB/s
  压缩文件: ./compressed_datasets/gcc/gcc-3.4.5.tar.zip

文件 #32: gcc-3.4.6.tar
  原始大小: 171.88 MiB
  压缩大小: 32.74 MiB
  压缩率: 5.24x
  压缩时间: 3.88 秒
  压缩吞吐量: 44.35 MiB/s
  解压时间: 0.75 秒
  解压吞吐量: 228.37 MiB/s
  压缩文件: ./compressed_datasets/gcc/gcc-3.4.6.tar.zip

文件 #33: gcc-4.0.0.tar
  原始大小: 204.02 MiB
  压缩大小: 38.12 MiB
  压缩率: 5.35x
  压缩时间: 4.44 秒
  压缩吞吐量: 45.94 MiB/s
  解压时间: 0.87 秒
  解压吞吐量: 233.44 MiB/s
  压缩文件: ./compressed_datasets/gcc/gcc-4.0.0.tar.zip

文件 #34: gcc-4.0.1.tar
  原始大小: 206.32 MiB
  压缩大小: 38.47 MiB
  压缩率: 5.36x
  压缩时间: 6.21 秒
  压缩吞吐量: 33.21 MiB/s
  解压时间: 1.34 秒
  解压吞吐量: 153.62 MiB/s
  压缩文件: ./compressed_datasets/gcc/gcc-4.0.1.tar.zip

文件 #35: gcc-4.0.2.tar
  原始大小: 205.78 MiB
  压缩大小: 38.45 MiB
  压缩率: 5.35x
  压缩时间: 4.67 秒
  压缩吞吐量: 44.10 MiB/s
  解压时间: 0.86 秒
  解压吞吐量: 238.28 MiB/s
  压缩文件: ./compressed_datasets/gcc/gcc-4.0.2.tar.zip

文件 #36: gcc-4.0.3.tar
  原始大小: 204.67 MiB
  压缩大小: 38.49 MiB
  压缩率: 5.31x
  压缩时间: 4.37 秒
  压缩吞吐量: 46.81 MiB/s
  解压时间: 0.86 秒
  解压吞吐量: 237.47 MiB/s
  压缩文件: ./compressed_datasets/gcc/gcc-4.0.3.tar.zip

文件 #37: gcc-4.0.4.tar
  原始大小: 204.94 MiB
  压缩大小: 38.53 MiB
  压缩率: 5.31x
  压缩时间: 4.48 秒
  压缩吞吐量: 45.73 MiB/s
  解压时间: 0.86 秒
  解压吞吐量: 237.46 MiB/s
  压缩文件: ./compressed_datasets/gcc/gcc-4.0.4.tar.zip

文件 #38: gcc-4.1.0.tar
  原始大小: 242.64 MiB
  压缩大小: 45.58 MiB
  压缩率: 5.32x
  压缩时间: 5.04 秒
  压缩吞吐量: 48.17 MiB/s
  解压时间: 1.03 秒
  解压吞吐量: 235.71 MiB/s
  压缩文件: ./compressed_datasets/gcc/gcc-4.1.0.tar.zip

文件 #39: gcc-4.1.1.tar
  原始大小: 243.93 MiB
  压缩大小: 45.84 MiB
  压缩率: 5.32x
  压缩时间: 5.18 秒
  压缩吞吐量: 47.07 MiB/s
  解压时间: 1.02 秒
  解压吞吐量: 238.96 MiB/s
  压缩文件: ./compressed_datasets/gcc/gcc-4.1.1.tar.zip

文件 #40: gcc-4.1.2.tar
  原始大小: 245.75 MiB
  压缩大小: 46.19 MiB
  压缩率: 5.32x
  压缩时间: 5.06 秒
  压缩吞吐量: 48.60 MiB/s
  解压时间: 1.03 秒
  解压吞吐量: 239.04 MiB/s
  压缩文件: ./compressed_datasets/gcc/gcc-4.1.2.tar.zip

文件 #41: gcc-4.2.0.tar
  原始大小: 272.18 MiB
  压缩大小: 50.84 MiB
  压缩率: 5.35x
  压缩时间: 5.64 秒
  压缩吞吐量: 48.22 MiB/s
  解压时间: 1.14 秒
  解压吞吐量: 239.45 MiB/s
  压缩文件: ./compressed_datasets/gcc/gcc-4.2.0.tar.zip

文件 #42: gcc-4.2.1.tar
  原始大小: 273.99 MiB
  压缩大小: 51.14 MiB
  压缩率: 5.35x
  压缩时间: 5.69 秒
  压缩吞吐量: 48.12 MiB/s
  解压时间: 1.14 秒
  解压吞吐量: 240.08 MiB/s
  压缩文件: ./compressed_datasets/gcc/gcc-4.2.1.tar.zip

文件 #43: gcc-4.2.2.tar
  原始大小: 274.13 MiB
  压缩大小: 51.18 MiB
  压缩率: 5.35x
  压缩时间: 5.59 秒
  压缩吞吐量: 49.04 MiB/s
  解压时间: 1.15 秒
  解压吞吐量: 237.74 MiB/s
  压缩文件: ./compressed_datasets/gcc/gcc-4.2.2.tar.zip

文件 #44: gcc-4.2.3.tar
  原始大小: 274.36 MiB
  压缩大小: 51.22 MiB
  压缩率: 5.35x
  压缩时间: 5.66 秒
  压缩吞吐量: 48.49 MiB/s
  解压时间: 1.14 秒
  解压吞吐量: 240.26 MiB/s
  压缩文件: ./compressed_datasets/gcc/gcc-4.2.3.tar.zip

文件 #45: gcc-4.2.4.tar
  原始大小: 272.10 MiB
  压缩大小: 50.77 MiB
  压缩率: 5.35x
  压缩时间: 5.60 秒
  压缩吞吐量: 48.62 MiB/s
  解压时间: 1.15 秒
  解压吞吐量: 236.05 MiB/s
  压缩文件: ./compressed_datasets/gcc/gcc-4.2.4.tar.zip

文件 #46: gcc-4.3.0.tar
  原始大小: 366.45 MiB
  压缩大小: 68.96 MiB
  压缩率: 5.31x
  压缩时间: 7.73 秒
  压缩吞吐量: 47.43 MiB/s
  解压时间: 1.56 秒
  解压吞吐量: 234.77 MiB/s
  压缩文件: ./compressed_datasets/gcc/gcc-4.3.0.tar.zip

文件 #47: gcc-4.3.1.tar
  原始大小: 364.73 MiB
  压缩大小: 68.54 MiB
  压缩率: 5.32x
  压缩时间: 7.55 秒
  压缩吞吐量: 48.27 MiB/s
  解压时间: 1.66 秒
  解压吞吐量: 219.48 MiB/s
  压缩文件: ./compressed_datasets/gcc/gcc-4.3.1.tar.zip

文件 #48: gcc-4.3.2.tar
  原始大小: 365.12 MiB
  压缩大小: 68.62 MiB
  压缩率: 5.32x
  压缩时间: 7.79 秒
  压缩吞吐量: 46.84 MiB/s
  解压时间: 1.54 秒
  解压吞吐量: 236.74 MiB/s
  压缩文件: ./compressed_datasets/gcc/gcc-4.3.2.tar.zip

文件 #49: gcc-4.3.3.tar
  原始大小: 367.39 MiB
  压缩大小: 69.09 MiB
  压缩率: 5.31x
  压缩时间: 7.56 秒
  压缩吞吐量: 48.62 MiB/s
  解压时间: 1.56 秒
  解压吞吐量: 235.98 MiB/s
  压缩文件: ./compressed_datasets/gcc/gcc-4.3.3.tar.zip

文件 #50: gcc-4.3.4.tar
  原始大小: 367.66 MiB
  压缩大小: 69.14 MiB
  压缩率: 5.31x
  压缩时间: 7.53 秒
  压缩吞吐量: 48.85 MiB/s
  解压时间: 1.58 秒
  解压吞吐量: 232.75 MiB/s
  压缩文件: ./compressed_datasets/gcc/gcc-4.3.4.tar.zip

文件 #51: gcc-4.3.5.tar
  原始大小: 367.71 MiB
  压缩大小: 69.13 MiB
  压缩率: 5.31x
  压缩时间: 7.59 秒
  压缩吞吐量: 48.45 MiB/s
  解压时间: 1.55 秒
  解压吞吐量: 237.36 MiB/s
  压缩文件: ./compressed_datasets/gcc/gcc-4.3.5.tar.zip

文件 #52: gcc-4.3.6.tar
  原始大小: 367.74 MiB
  压缩大小: 69.14 MiB
  压缩率: 5.31x
  压缩时间: 7.91 秒
  压缩吞吐量: 46.50 MiB/s
  解压时间: 1.56 秒
  解压吞吐量: 236.46 MiB/s
  压缩文件: ./compressed_datasets/gcc/gcc-4.3.6.tar.zip

文件 #53: gcc-4.4.0.tar
  原始大小: 387.06 MiB
  压缩大小: 72.94 MiB
  压缩率: 5.30x
  压缩时间: 8.18 秒
  压缩吞吐量: 47.31 MiB/s
  解压时间: 1.64 秒
  解压吞吐量: 236.10 MiB/s
  压缩文件: ./compressed_datasets/gcc/gcc-4.4.0.tar.zip

文件 #54: gcc-4.4.1.tar
  原始大小: 387.40 MiB
  压缩大小: 73.01 MiB
  压缩率: 5.30x
  压缩时间: 8.44 秒
  压缩吞吐量: 45.90 MiB/s
  解压时间: 1.64 秒
  解压吞吐量: 236.90 MiB/s
  压缩文件: ./compressed_datasets/gcc/gcc-4.4.1.tar.zip

文件 #55: gcc-4.4.2.tar
  原始大小: 387.76 MiB
  压缩大小: 73.07 MiB
  压缩率: 5.30x
  压缩时间: 7.98 秒
  压缩吞吐量: 48.60 MiB/s
  解压时间: 1.63 秒
  解压吞吐量: 238.41 MiB/s
  压缩文件: ./compressed_datasets/gcc/gcc-4.4.2.tar.zip

文件 #56: gcc-4.4.3.tar
  原始大小: 388.13 MiB
  压缩大小: 73.14 MiB
  压缩率: 5.30x
  压缩时间: 8.00 秒
  压缩吞吐量: 48.50 MiB/s
  解压时间: 1.63 秒
  解压吞吐量: 238.66 MiB/s
  压缩文件: ./compressed_datasets/gcc/gcc-4.4.3.tar.zip

文件 #57: gcc-4.4.4.tar
  原始大小: 388.42 MiB
  压缩大小: 73.18 MiB
  压缩率: 5.30x
  压缩时间: 8.28 秒
  压缩吞吐量: 46.88 MiB/s
  解压时间: 1.63 秒
  解压吞吐量: 238.29 MiB/s
  压缩文件: ./compressed_datasets/gcc/gcc-4.4.4.tar.zip

文件 #58: gcc-4.4.5.tar
  原始大小: 388.67 MiB
  压缩大小: 73.22 MiB
  压缩率: 5.30x
  压缩时间: 8.04 秒
  压缩吞吐量: 48.33 MiB/s
  解压时间: 1.64 秒
  解压吞吐量: 237.63 MiB/s
  压缩文件: ./compressed_datasets/gcc/gcc-4.4.5.tar.zip

文件 #59: gcc-4.4.6.tar
  原始大小: 388.79 MiB
  压缩大小: 73.25 MiB
  压缩率: 5.30x
  压缩时间: 8.02 秒
  压缩吞吐量: 48.48 MiB/s
  解压时间: 1.63 秒
  解压吞吐量: 238.21 MiB/s
  压缩文件: ./compressed_datasets/gcc/gcc-4.4.6.tar.zip

文件 #60: gcc-4.4.7.tar
  原始大小: 388.89 MiB
  压缩大小: 73.27 MiB
  压缩率: 5.30x
  压缩时间: 8.22 秒
  压缩吞吐量: 47.30 MiB/s
  解压时间: 1.63 秒
  解压吞吐量: 238.14 MiB/s
  压缩文件: ./compressed_datasets/gcc/gcc-4.4.7.tar.zip

文件 #61: gcc-4.5.0.tar
  原始大小: 404.84 MiB
  压缩大小: 76.72 MiB
  压缩率: 5.27x
  压缩时间: 8.77 秒
  压缩吞吐量: 46.18 MiB/s
  解压时间: 1.76 秒
  解压吞吐量: 229.79 MiB/s
  压缩文件: ./compressed_datasets/gcc/gcc-4.5.0.tar.zip

文件 #62: gcc-4.5.1.tar
  原始大小: 405.51 MiB
  压缩大小: 76.86 MiB
  压缩率: 5.27x
  压缩时间: 8.84 秒
  压缩吞吐量: 45.87 MiB/s
  解压时间: 1.71 秒
  解压吞吐量: 237.60 MiB/s
  压缩文件: ./compressed_datasets/gcc/gcc-4.5.1.tar.zip

文件 #63: gcc-4.5.2.tar
  原始大小: 406.82 MiB
  压缩大小: 77.10 MiB
  压缩率: 5.27x
  压缩时间: 8.58 秒
  压缩吞吐量: 47.41 MiB/s
  解压时间: 1.72 秒
  解压吞吐量: 237.13 MiB/s
  压缩文件: ./compressed_datasets/gcc/gcc-4.5.2.tar.zip

文件 #64: gcc-4.5.3.tar
  原始大小: 407.11 MiB
  压缩大小: 77.16 MiB
  压缩率: 5.27x
  压缩时间: 9.21 秒
  压缩吞吐量: 44.20 MiB/s
  解压时间: 1.77 秒
  解压吞吐量: 229.51 MiB/s
  压缩文件: ./compressed_datasets/gcc/gcc-4.5.3.tar.zip

文件 #65: gcc-4.5.4.tar
  原始大小: 407.38 MiB
  压缩大小: 77.21 MiB
  压缩率: 5.27x
  压缩时间: 8.53 秒
  压缩吞吐量: 47.77 MiB/s
  解压时间: 1.79 秒
  解压吞吐量: 227.25 MiB/s
  压缩文件: ./compressed_datasets/gcc/gcc-4.5.4.tar.zip

文件 #66: gcc-4.6.0.tar
  原始大小: 442.16 MiB
  压缩大小: 83.20 MiB
  压缩率: 5.31x
  压缩时间: 9.39 秒
  压缩吞吐量: 47.09 MiB/s
  解压时间: 1.85 秒
  解压吞吐量: 238.42 MiB/s
  压缩文件: ./compressed_datasets/gcc/gcc-4.6.0.tar.zip

文件 #67: gcc-4.6.1.tar
  原始大小: 443.58 MiB
  压缩大小: 83.37 MiB
  压缩率: 5.32x
  压缩时间: 9.36 秒
  压缩吞吐量: 47.38 MiB/s
  解压时间: 1.86 秒
  解压吞吐量: 238.54 MiB/s
  压缩文件: ./compressed_datasets/gcc/gcc-4.6.1.tar.zip

文件 #68: gcc-4.6.2.tar
  原始大小: 444.97 MiB
  压缩大小: 83.59 MiB
  压缩率: 5.32x
  压缩时间: 9.11 秒
  压缩吞吐量: 48.83 MiB/s
  解压时间: 1.86 秒
  解压吞吐量: 238.67 MiB/s
  压缩文件: ./compressed_datasets/gcc/gcc-4.6.2.tar.zip

文件 #69: gcc-4.6.3.tar
  原始大小: 445.26 MiB
  压缩大小: 83.64 MiB
  压缩率: 5.32x
  压缩时间: 9.11 秒
  压缩吞吐量: 48.85 MiB/s
  解压时间: 1.87 秒
  解压吞吐量: 238.40 MiB/s
  压缩文件: ./compressed_datasets/gcc/gcc-4.6.3.tar.zip

文件 #70: gcc-4.6.4.tar
  原始大小: 445.47 MiB
  压缩大小: 83.67 MiB
  压缩率: 5.32x
  压缩时间: 9.43 秒
  压缩吞吐量: 47.26 MiB/s
  解压时间: 1.86 秒
  解压吞吐量: 238.85 MiB/s
  压缩文件: ./compressed_datasets/gcc/gcc-4.6.4.tar.zip

文件 #71: gcc-4.7.0.tar
  原始大小: 479.10 MiB
  压缩大小: 95.19 MiB
  压缩率: 5.03x
  压缩时间: 10.64 秒
  压缩吞吐量: 45.04 MiB/s
  解压时间: 2.02 秒
  解压吞吐量: 236.95 MiB/s
  压缩文件: ./compressed_datasets/gcc/gcc-4.7.0.tar.zip

文件 #72: gcc-4.7.1.tar
  原始大小: 479.84 MiB
  压缩大小: 95.34 MiB
  压缩率: 5.03x
  压缩时间: 9.93 秒
  压缩吞吐量: 48.31 MiB/s
  解压时间: 2.02 秒
  解压吞吐量: 237.34 MiB/s
  压缩文件: ./compressed_datasets/gcc/gcc-4.7.1.tar.zip

文件 #73: gcc-4.7.2.tar
  原始大小: 481.16 MiB
  压缩大小: 95.55 MiB
  压缩率: 5.03x
  压缩时间: 10.16 秒
  压缩吞吐量: 47.33 MiB/s
  解压时间: 2.02 秒
  解压吞吐量: 237.87 MiB/s
  压缩文件: ./compressed_datasets/gcc/gcc-4.7.2.tar.zip

文件 #74: gcc-4.7.3.tar
  原始大小: 481.61 MiB
  压缩大小: 95.64 MiB
  压缩率: 5.03x
  压缩时间: 10.06 秒
  压缩吞吐量: 47.88 MiB/s
  解压时间: 2.03 秒
  解压吞吐量: 237.69 MiB/s
  压缩文件: ./compressed_datasets/gcc/gcc-4.7.3.tar.zip

文件 #75: gcc-4.7.4.tar
  原始大小: 481.88 MiB
  压缩大小: 95.69 MiB
  压缩率: 5.03x
  压缩时间: 10.68 秒
  压缩吞吐量: 45.11 MiB/s
  解压时间: 2.06 秒
  解压吞吐量: 233.96 MiB/s
  压缩文件: ./compressed_datasets/gcc/gcc-4.7.4.tar.zip

文件 #76: gcc-4.8.0.tar
  原始大小: 503.42 MiB
  压缩大小: 100.00 MiB
  压缩率: 5.03x
  压缩时间: 10.44 秒
  压缩吞吐量: 48.21 MiB/s
  解压时间: 2.18 秒
  解压吞吐量: 230.61 MiB/s
  压缩文件: ./compressed_datasets/gcc/gcc-4.8.0.tar.zip

文件 #77: gcc-4.8.1.tar
  原始大小: 503.78 MiB
  压缩大小: 100.06 MiB
  压缩率: 5.03x
  压缩时间: 10.31 秒
  压缩吞吐量: 48.87 MiB/s
  解压时间: 2.15 秒
  解压吞吐量: 234.62 MiB/s
  压缩文件: ./compressed_datasets/gcc/gcc-4.8.1.tar.zip

文件 #78: gcc-4.8.2.tar
  原始大小: 499.91 MiB
  压缩大小: 99.20 MiB
  压缩率: 5.03x
  压缩时间: 10.20 秒
  压缩吞吐量: 49.01 MiB/s
  解压时间: 2.10 秒
  解压吞吐量: 237.90 MiB/s
  压缩文件: ./compressed_datasets/gcc/gcc-4.8.2.tar.zip

文件 #79: gcc-4.8.3.tar
  原始大小: 501.44 MiB
  压缩大小: 99.46 MiB
  压缩率: 5.04x
  压缩时间: 10.32 秒
  压缩吞吐量: 48.58 MiB/s
  解压时间: 2.13 秒
  解压吞吐量: 235.95 MiB/s
  压缩文件: ./compressed_datasets/gcc/gcc-4.8.3.tar.zip

文件 #80: gcc-4.8.4.tar
  原始大小: 501.75 MiB
  压缩大小: 99.52 MiB
  压缩率: 5.04x
  压缩时间: 10.22 秒
  压缩吞吐量: 49.07 MiB/s
  解压时间: 2.11 秒
  解压吞吐量: 238.01 MiB/s
  压缩文件: ./compressed_datasets/gcc/gcc-4.8.4.tar.zip

文件 #81: gcc-4.8.5.tar
  原始大小: 502.05 MiB
  压缩大小: 99.57 MiB
  压缩率: 5.04x
  压缩时间: 10.55 秒
  压缩吞吐量: 47.60 MiB/s
  解压时间: 2.12 秒
  解压吞吐量: 237.30 MiB/s
  压缩文件: ./compressed_datasets/gcc/gcc-4.8.5.tar.zip

文件 #82: gcc-4.9.0.tar
  原始大小: 525.67 MiB
  压缩大小: 103.73 MiB
  压缩率: 5.06x
  压缩时间: 10.82 秒
  压缩吞吐量: 48.59 MiB/s
  解压时间: 2.24 秒
  解压吞吐量: 235.12 MiB/s
  压缩文件: ./compressed_datasets/gcc/gcc-4.9.0.tar.zip

文件 #83: gcc-4.9.1.tar
  原始大小: 526.56 MiB
  压缩大小: 103.86 MiB
  压缩率: 5.06x
  压缩时间: 11.08 秒
  压缩吞吐量: 47.50 MiB/s
  解压时间: 2.21 秒
  解压吞吐量: 238.40 MiB/s
  压缩文件: ./compressed_datasets/gcc/gcc-4.9.1.tar.zip

文件 #84: gcc-4.9.2.tar
  原始大小: 527.03 MiB
  压缩大小: 103.94 MiB
  压缩率: 5.07x
  压缩时间: 11.21 秒
  压缩吞吐量: 47.00 MiB/s
  解压时间: 2.23 秒
  解压吞吐量: 235.86 MiB/s
  压缩文件: ./compressed_datasets/gcc/gcc-4.9.2.tar.zip

文件 #85: gcc-4.9.3.tar
  原始大小: 527.73 MiB
  压缩大小: 104.07 MiB
  压缩率: 5.07x
  压缩时间: 10.79 秒
  压缩吞吐量: 48.90 MiB/s
  解压时间: 2.21 秒
  解压吞吐量: 238.33 MiB/s
  压缩文件: ./compressed_datasets/gcc/gcc-4.9.3.tar.zip

文件 #86: gcc-4.9.4.tar
  原始大小: 528.21 MiB
  压缩大小: 104.15 MiB
  压缩率: 5.07x
  压缩时间: 12.98 秒
  压缩吞吐量: 40.69 MiB/s
  解压时间: 2.24 秒
  解压吞吐量: 235.51 MiB/s
  压缩文件: ./compressed_datasets/gcc/gcc-4.9.4.tar.zip

文件 #87: gcc-5.1.0.tar
  原始大小: 558.72 MiB
  压缩大小: 110.25 MiB
  压缩率: 5.06x
  压缩时间: 11.56 秒
  压缩吞吐量: 48.31 MiB/s
  解压时间: 2.36 秒
  解压吞吐量: 236.28 MiB/s
  压缩文件: ./compressed_datasets/gcc/gcc-5.1.0.tar.zip

文件 #88: gcc-5.2.0.tar
  原始大小: 559.84 MiB
  压缩大小: 110.44 MiB
  压缩率: 5.06x
  压缩时间: 11.48 秒
  压缩吞吐量: 48.76 MiB/s
  解压时间: 2.36 秒
  解压吞吐量: 237.04 MiB/s
  压缩文件: ./compressed_datasets/gcc/gcc-5.2.0.tar.zip

文件 #89: gcc-5.3.0.tar
  原始大小: 561.84 MiB
  压缩大小: 110.78 MiB
  压缩率: 5.07x
  压缩时间: 11.63 秒
  压缩吞吐量: 48.30 MiB/s
  解压时间: 2.36 秒
  解压吞吐量: 237.93 MiB/s
  压缩文件: ./compressed_datasets/gcc/gcc-5.3.0.tar.zip

文件 #90: gcc-5.4.0.tar
  原始大小: 562.65 MiB
  压缩大小: 110.93 MiB
  压缩率: 5.07x
  压缩时间: 12.49 秒
  压缩吞吐量: 45.04 MiB/s
  解压时间: 2.38 秒
  解压吞吐量: 236.05 MiB/s
  压缩文件: ./compressed_datasets/gcc/gcc-5.4.0.tar.zip

文件 #91: gcc-5.5.0.tar
  原始大小: 564.69 MiB
  压缩大小: 111.50 MiB
  压缩率: 5.06x
  压缩时间: 11.86 秒
  压缩吞吐量: 47.62 MiB/s
  解压时间: 2.38 秒
  解压吞吐量: 237.41 MiB/s
  压缩文件: ./compressed_datasets/gcc/gcc-5.5.0.tar.zip

文件 #92: gcc-6.1.0.tar
  原始大小: 589.84 MiB
  压缩大小: 115.96 MiB
  压缩率: 5.08x
  压缩时间: 14.05 秒
  压缩吞吐量: 41.99 MiB/s
  解压时间: 2.47 秒
  解压吞吐量: 238.45 MiB/s
  压缩文件: ./compressed_datasets/gcc/gcc-6.1.0.tar.zip

文件 #93: gcc-6.2.0.tar
  原始大小: 591.60 MiB
  压缩大小: 116.24 MiB
  压缩率: 5.08x
  压缩时间: 12.28 秒
  压缩吞吐量: 48.18 MiB/s
  解压时间: 2.48 秒
  解压吞吐量: 238.31 MiB/s
  压缩文件: ./compressed_datasets/gcc/gcc-6.2.0.tar.zip

文件 #94: gcc-6.3.0.tar
  原始大小: 592.35 MiB
  压缩大小: 116.38 MiB
  压缩率: 5.08x
  压缩时间: 12.23 秒
  压缩吞吐量: 48.42 MiB/s
  解压时间: 2.48 秒
  解压吞吐量: 238.80 MiB/s
  压缩文件: ./compressed_datasets/gcc/gcc-6.3.0.tar.zip

文件 #95: gcc-6.4.0.tar
  原始大小: 592.99 MiB
  压缩大小: 116.49 MiB
  压缩率: 5.09x
  压缩时间: 12.28 秒
  压缩吞吐量: 48.30 MiB/s
  解压时间: 2.49 秒
  解压吞吐量: 238.12 MiB/s
  压缩文件: ./compressed_datasets/gcc/gcc-6.4.0.tar.zip

文件 #96: gcc-6.5.0.tar
  原始大小: 594.04 MiB
  压缩大小: 116.67 MiB
  压缩率: 5.09x
  压缩时间: 12.31 秒
  压缩吞吐量: 48.25 MiB/s
  解压时间: 2.51 秒
  解压吞吐量: 236.27 MiB/s
  压缩文件: ./compressed_datasets/gcc/gcc-6.5.0.tar.zip

文件 #97: gcc-7.1.0.tar
  原始大小: 482.39 MiB
  压缩大小: 96.67 MiB
  压缩率: 4.99x
  压缩时间: 9.95 秒
  压缩吞吐量: 48.50 MiB/s
  解压时间: 2.03 秒
  解压吞吐量: 237.90 MiB/s
  压缩文件: ./compressed_datasets/gcc/gcc-7.1.0.tar.zip

文件 #98: gcc-7.2.0.tar
  原始大小: 482.90 MiB
  压缩大小: 96.76 MiB
  压缩率: 4.99x
  压缩时间: 10.12 秒
  压缩吞吐量: 47.71 MiB/s
  解压时间: 2.10 秒
  解压吞吐量: 230.35 MiB/s
  压缩文件: ./compressed_datasets/gcc/gcc-7.2.0.tar.zip

文件 #99: gcc-7.3.0.tar
  原始大小: 483.82 MiB
  压缩大小: 96.91 MiB
  压缩率: 4.99x
  压缩时间: 10.03 秒
  压缩吞吐量: 48.24 MiB/s
  解压时间: 2.05 秒
  解压吞吐量: 235.44 MiB/s
  压缩文件: ./compressed_datasets/gcc/gcc-7.3.0.tar.zip

文件 #100: gcc-7.4.0.tar
  原始大小: 484.75 MiB
  压缩大小: 97.10 MiB
  压缩率: 4.99x
  压缩时间: 9.97 秒
  压缩吞吐量: 48.60 MiB/s
  解压时间: 2.11 秒
  解压吞吐量: 229.66 MiB/s
  压缩文件: ./compressed_datasets/gcc/gcc-7.4.0.tar.zip

文件 #101: gcc-7.5.0.tar
  原始大小: 486.04 MiB
  压缩大小: 97.34 MiB
  压缩率: 4.99x
  压缩时间: 10.12 秒
  压缩吞吐量: 48.01 MiB/s
  解压时间: 2.04 秒
  解压吞吐量: 237.89 MiB/s
  压缩文件: ./compressed_datasets/gcc/gcc-7.5.0.tar.zip

文件 #102: gcc-8.1.0.tar
  原始大小: 508.98 MiB
  压缩大小: 101.41 MiB
  压缩率: 5.01x
  压缩时间: 11.06 秒
  压缩吞吐量: 46.00 MiB/s
  解压时间: 2.14 秒
  解压吞吐量: 238.38 MiB/s
  压缩文件: ./compressed_datasets/gcc/gcc-8.1.0.tar.zip

文件 #103: gcc-8.2.0.tar
  原始大小: 509.62 MiB
  压缩大小: 101.52 MiB
  压缩率: 5.01x
  压缩时间: 10.57 秒
  压缩吞吐量: 48.23 MiB/s
  解压时间: 2.14 秒
  解压吞吐量: 237.84 MiB/s
  压缩文件: ./compressed_datasets/gcc/gcc-8.2.0.tar.zip

文件 #104: gcc-8.3.0.tar
  原始大小: 510.37 MiB
  压缩大小: 101.67 MiB
  压缩率: 5.01x
  压缩时间: 10.62 秒
  压缩吞吐量: 48.04 MiB/s
  解压时间: 2.15 秒
  解压吞吐量: 237.67 MiB/s
  压缩文件: ./compressed_datasets/gcc/gcc-8.3.0.tar.zip

文件 #105: gcc-8.4.0.tar
  原始大小: 511.95 MiB
  压缩大小: 101.97 MiB
  压缩率: 5.02x
  压缩时间: 10.55 秒
  压缩吞吐量: 48.54 MiB/s
  解压时间: 2.17 秒
  解压吞吐量: 235.66 MiB/s
  压缩文件: ./compressed_datasets/gcc/gcc-8.4.0.tar.zip

文件 #106: gcc-8.5.0.tar
  原始大小: 513.05 MiB
  压缩大小: 102.15 MiB
  压缩率: 5.02x
  压缩时间: 10.60 秒
  压缩吞吐量: 48.41 MiB/s
  解压时间: 2.17 秒
  解压吞吐量: 236.75 MiB/s
  压缩文件: ./compressed_datasets/gcc/gcc-8.5.0.tar.zip

文件 #107: gcc-9.1.0.tar
  原始大小: 558.98 MiB
  压缩大小: 111.00 MiB
  压缩率: 5.03x
  压缩时间: 11.57 秒
  压缩吞吐量: 48.30 MiB/s
  解压时间: 2.37 秒
  解压吞吐量: 236.05 MiB/s
  压缩文件: ./compressed_datasets/gcc/gcc-9.1.0.tar.zip

文件 #108: gcc-9.2.0.tar
  原始大小: 559.83 MiB
  压缩大小: 111.16 MiB
  压缩率: 5.03x
  压缩时间: 11.60 秒
  压缩吞吐量: 48.27 MiB/s
  解压时间: 2.38 秒
  解压吞吐量: 235.17 MiB/s
  压缩文件: ./compressed_datasets/gcc/gcc-9.2.0.tar.zip

文件 #109: gcc-9.3.0.tar
  原始大小: 560.88 MiB
  压缩大小: 111.33 MiB
  压缩率: 5.03x
  压缩时间: 11.73 秒
  压缩吞吐量: 47.81 MiB/s
  解压时间: 2.39 秒
  解压吞吐量: 234.87 MiB/s
  压缩文件: ./compressed_datasets/gcc/gcc-9.3.0.tar.zip

文件 #110: gcc-9.4.0.tar
  原始大小: 562.66 MiB
  压缩大小: 111.63 MiB
  压缩率: 5.04x
  压缩时间: 11.88 秒
  压缩吞吐量: 47.34 MiB/s
  解压时间: 2.40 秒
  解压吞吐量: 233.98 MiB/s
  压缩文件: ./compressed_datasets/gcc/gcc-9.4.0.tar.zip

文件 #111: gcc-10.1.0.tar
  原始大小: 605.91 MiB
  压缩大小: 117.84 MiB
  压缩率: 5.14x
  压缩时间: 12.33 秒
  压缩吞吐量: 49.14 MiB/s
  解压时间: 2.53 秒
  解压吞吐量: 239.14 MiB/s
  压缩文件: ./compressed_datasets/gcc/gcc-10.1.0.tar.zip

文件 #112: gcc-10.2.0.tar
  原始大小: 606.91 MiB
  压缩大小: 118.01 MiB
  压缩率: 5.14x
  压缩时间: 12.72 秒
  压缩吞吐量: 47.70 MiB/s
  解压时间: 2.55 秒
  解压吞吐量: 237.70 MiB/s
  压缩文件: ./compressed_datasets/gcc/gcc-10.2.0.tar.zip

文件 #113: gcc-10.3.0.tar
  原始大小: 608.62 MiB
  压缩大小: 118.28 MiB
  压缩率: 5.14x
  压缩时间: 12.55 秒
  压缩吞吐量: 48.50 MiB/s
  解压时间: 2.67 秒
  解压吞吐量: 227.53 MiB/s
  压缩文件: ./compressed_datasets/gcc/gcc-10.3.0.tar.zip

文件 #114: gcc-11.1.0.tar
  原始大小: 641.50 MiB
  压缩大小: 124.75 MiB
  压缩率: 5.14x
  压缩时间: 13.13 秒
  压缩吞吐量: 48.85 MiB/s
  解压时间: 2.67 秒
  解压吞吐量: 239.89 MiB/s
  压缩文件: ./compressed_datasets/gcc/gcc-11.1.0.tar.zip

文件 #115: gcc-11.2.0.tar
  原始大小: 642.45 MiB
  压缩大小: 124.90 MiB
  压缩率: 5.14x
  压缩时间: 13.40 秒
  压缩吞吐量: 47.95 MiB/s
  解压时间: 2.71 秒
  解压吞吐量: 236.83 MiB/s
  压缩文件: ./compressed_datasets/gcc/gcc-11.2.0.tar.zip

文件 #116: gcc-11.3.0.tar
  原始大小: 643.88 MiB
  压缩大小: 125.15 MiB
  压缩率: 5.14x
  压缩时间: 13.08 秒
  压缩吞吐量: 49.21 MiB/s
  解压时间: 2.68 秒
  解压吞吐量: 240.04 MiB/s
  压缩文件: ./compressed_datasets/gcc/gcc-11.3.0.tar.zip

文件 #117: gcc-12.1.0.tar
  原始大小: 674.87 MiB
  压缩大小: 130.52 MiB
  压缩率: 5.17x
  压缩时间: 13.97 秒
  压缩吞吐量: 48.32 MiB/s
  解压时间: 2.95 秒
  解压吞吐量: 228.40 MiB/s
  压缩文件: ./compressed_datasets/gcc/gcc-12.1.0.tar.zip

=== gcc 总体统计 ===
实际处理文件数量: 117
预期文件数量: 117
总原始大小: 42097.66 MiB
总压缩大小: 8210.16 MiB
总体压缩率: 5.12x
总压缩时间: 894.32 秒
总解压时间: 179.31 秒
压缩总体吞吐量: 47.07 MiB/s
解压总体吞吐量: 234.77 MiB/s
压缩文件保存目录: ./compressed_datasets/gcc/
完成时间: 2025年 07月 29日 星期二 10:40:32 CST
