=== react 压缩报告 ===
开始时间: 2025年 07月 30日 星期三 19:27:16 CST
源路径: /mnt/dataset2/react
预期文件数量: 100

文件处理顺序:
  1. v0.13.3.tar
  2. v0.14.0-beta1.tar
  3. v0.14.0-beta2.tar
  4. v0.14.0-beta3.tar
  5. v0.14.0-rc1.tar
  6. v0.14.0.tar
  7. v0.14.1.tar
  8. v0.14.2.tar
  9. v0.14.3.tar
  10. v0.14.4.tar
  11. v0.14.5.tar
  12. v0.14.6.tar
  13. v0.14.7.tar
  14. v0.14.8.tar
  15. v15.0.0-rc.1.tar
  16. v15.0.0-rc.2.tar
  17. v15.0.0.tar
  18. v15.0.1.tar
  19. v15.0.2.tar
  20. v15.1.0.tar
  21. v15.2.0.tar
  22. v15.2.1.tar
  23. v15.3.0.tar
  24. v15.3.1.tar
  25. v15.3.2.tar
  26. v15.4.0-rc.3.tar
  27. v15.4.0.tar
  28. v15.4.1.tar
  29. v15.4.2.tar
  30. v15.5.0.tar
  31. v15.5.1.tar
  32. v15.5.2.tar
  33. v15.5.3.tar
  34. v15.5.4.tar
  35. v15.6.0.tar
  36. v15.6.1.tar
  37. v15.6.2.tar
  38. v15.7.0.tar
  39. v16.0.0-alpha.3.tar
  40. v16.0.0-alpha.4.tar
  41. v16.0.0-rc.1.tar
  42. v16.0.0-rc.2.tar
  43. v16.0.0.tar
  44. v16.1.0.tar
  45. v16.1.1.tar
  46. v16.2.0.tar
  47. v16.3.0-alpha.0.tar
  48. v16.3.0-alpha.1.tar
  49. v16.3.0-alpha.2.tar
  50. v16.3.0-alpha.3.tar
  51. v16.3.0-rc.0.tar
  52. v16.3.0.tar
  53. v16.3.1.tar
  54. v16.3.2.tar
  55. v16.4.0-alpha.5a25959.tar
  56. v16.4.0-alpha.16.4.0-alpha.7926752.tar
  57. v16.4.0-alpha.94a255d.tar
  58. v16.4.0.tar
  59. v16.4.1.tar
  60. v16.4.2.tar
  61. v16.5.0.tar
  62. v16.5.1.tar
  63. v16.5.2.tar
  64. v16.6.0-alpha.0.tar
  65. v16.6.0-alpha.8af6728.tar
  66. v16.6.0-alpha.400d197.tar
  67. v16.6.0.tar
  68. v16.6.1.tar
  69. v16.6.3.tar
  70. v16.7.0-alpha.1.tar
  71. v16.7.0.tar
  72. v16.8.0-alpha.1.tar
  73. v16.8.0.tar
  74. v16.8.1.tar
  75. v16.8.2.tar
  76. v16.8.3.tar
  77. v16.8.4.tar
  78. v16.8.5.tar
  79. v16.8.6.tar
  80. v16.9.0-alpha.0.tar
  81. v16.9.0-rc.0.tar
  82. v16.9.0.tar
  83. v16.10.0.tar
  84. v16.10.1.tar
  85. v16.10.2.tar
  86. v16.11.0.tar
  87. v16.12.0.tar
  88. v16.13.0.tar
  89. v16.13.1.tar
  90. v16.14.0.tar
  91. v17.0.0.tar
  92. v17.0.1.tar
  93. v17.0.2.tar
  94. v18.0.0.tar
  95. v18.1.0.tar
  96. v18.2.0.tar
  97. v18.3.0.tar
  98. v18.3.1.tar
  99. v19.0.0.tar
  100. v19.1.0.tar

文件 #1: v0.13.3.tar
  原始大小: 33.23 MiB
  压缩大小: 28.57 MiB
  压缩率: 1.16x
  压缩时间: 0.82 秒
  压缩吞吐量: 40.27 MiB/s
  解压时间: 0.16 秒
  解压吞吐量: 212.55 MiB/s
  压缩文件: ./compressed_datasets/react/v0.13.3.tar.zip

文件 #2: v0.14.0-beta1.tar
  原始大小: 34.26 MiB
  压缩大小: 29.43 MiB
  压缩率: 1.16x
  压缩时间: 0.84 秒
  压缩吞吐量: 40.80 MiB/s
  解压时间: 0.16 秒
  解压吞吐量: 212.60 MiB/s
  压缩文件: ./compressed_datasets/react/v0.14.0-beta1.tar.zip

文件 #3: v0.14.0-beta2.tar
  原始大小: 34.06 MiB
  压缩大小: 29.39 MiB
  压缩率: 1.15x
  压缩时间: 0.82 秒
  压缩吞吐量: 41.74 MiB/s
  解压时间: 0.16 秒
  解压吞吐量: 214.30 MiB/s
  压缩文件: ./compressed_datasets/react/v0.14.0-beta2.tar.zip

文件 #4: v0.14.0-beta3.tar
  原始大小: 34.06 MiB
  压缩大小: 29.39 MiB
  压缩率: 1.15x
  压缩时间: 0.85 秒
  压缩吞吐量: 40.10 MiB/s
  解压时间: 0.16 秒
  解压吞吐量: 214.81 MiB/s
  压缩文件: ./compressed_datasets/react/v0.14.0-beta3.tar.zip

文件 #5: v0.14.0-rc1.tar
  原始大小: 37.01 MiB
  压缩大小: 31.80 MiB
  压缩率: 1.16x
  压缩时间: 0.90 秒
  压缩吞吐量: 41.29 MiB/s
  解压时间: 0.17 秒
  解压吞吐量: 212.66 MiB/s
  压缩文件: ./compressed_datasets/react/v0.14.0-rc1.tar.zip

文件 #6: v0.14.0.tar
  原始大小: 37.00 MiB
  压缩大小: 31.97 MiB
  压缩率: 1.15x
  压缩时间: 0.92 秒
  压缩吞吐量: 40.42 MiB/s
  解压时间: 0.17 秒
  解压吞吐量: 212.43 MiB/s
  压缩文件: ./compressed_datasets/react/v0.14.0.tar.zip

文件 #7: v0.14.1.tar
  原始大小: 37.56 MiB
  压缩大小: 32.47 MiB
  压缩率: 1.15x
  压缩时间: 0.95 秒
  压缩吞吐量: 39.58 MiB/s
  解压时间: 0.18 秒
  解压吞吐量: 213.44 MiB/s
  压缩文件: ./compressed_datasets/react/v0.14.1.tar.zip

文件 #8: v0.14.2.tar
  原始大小: 38.05 MiB
  压缩大小: 32.94 MiB
  压缩率: 1.15x
  压缩时间: 0.94 秒
  压缩吞吐量: 40.38 MiB/s
  解压时间: 0.18 秒
  解压吞吐量: 212.57 MiB/s
  压缩文件: ./compressed_datasets/react/v0.14.2.tar.zip

文件 #9: v0.14.3.tar
  原始大小: 38.79 MiB
  压缩大小: 33.46 MiB
  压缩率: 1.15x
  压缩时间: 0.94 秒
  压缩吞吐量: 41.21 MiB/s
  解压时间: 0.18 秒
  解压吞吐量: 213.36 MiB/s
  压缩文件: ./compressed_datasets/react/v0.14.3.tar.zip

文件 #10: v0.14.4.tar
  原始大小: 39.35 MiB
  压缩大小: 34.00 MiB
  压缩率: 1.15x
  压缩时间: 0.96 秒
  压缩吞吐量: 41.16 MiB/s
  解压时间: 0.18 秒
  解压吞吐量: 214.27 MiB/s
  压缩文件: ./compressed_datasets/react/v0.14.4.tar.zip

文件 #11: v0.14.5.tar
  原始大小: 39.89 MiB
  压缩大小: 34.53 MiB
  压缩率: 1.15x
  压缩时间: 0.98 秒
  压缩吞吐量: 40.81 MiB/s
  解压时间: 0.18 秒
  解压吞吐量: 215.88 MiB/s
  压缩文件: ./compressed_datasets/react/v0.14.5.tar.zip

文件 #12: v0.14.6.tar
  原始大小: 40.42 MiB
  压缩大小: 35.06 MiB
  压缩率: 1.15x
  压缩时间: 0.98 秒
  压缩吞吐量: 41.38 MiB/s
  解压时间: 0.19 秒
  解压吞吐量: 215.75 MiB/s
  压缩文件: ./compressed_datasets/react/v0.14.6.tar.zip

文件 #13: v0.14.7.tar
  原始大小: 41.04 MiB
  压缩大小: 35.61 MiB
  压缩率: 1.15x
  压缩时间: 0.97 秒
  压缩吞吐量: 42.33 MiB/s
  解压时间: 0.19 秒
  解压吞吐量: 215.42 MiB/s
  压缩文件: ./compressed_datasets/react/v0.14.7.tar.zip

文件 #14: v0.14.8.tar
  原始大小: 41.95 MiB
  压缩大小: 36.43 MiB
  压缩率: 1.15x
  压缩时间: 1.01 秒
  压缩吞吐量: 41.73 MiB/s
  解压时间: 0.19 秒
  解压吞吐量: 215.22 MiB/s
  压缩文件: ./compressed_datasets/react/v0.14.8.tar.zip

文件 #15: v15.0.0-rc.1.tar
  原始大小: 41.98 MiB
  压缩大小: 36.42 MiB
  压缩率: 1.15x
  压缩时间: 1.02 秒
  压缩吞吐量: 41.11 MiB/s
  解压时间: 0.19 秒
  解压吞吐量: 216.29 MiB/s
  压缩文件: ./compressed_datasets/react/v15.0.0-rc.1.tar.zip

文件 #16: v15.0.0-rc.2.tar
  原始大小: 42.55 MiB
  压缩大小: 36.97 MiB
  压缩率: 1.15x
  压缩时间: 1.01 秒
  压缩吞吐量: 42.32 MiB/s
  解压时间: 0.20 秒
  解压吞吐量: 215.84 MiB/s
  压缩文件: ./compressed_datasets/react/v15.0.0-rc.2.tar.zip

文件 #17: v15.0.0.tar
  原始大小: 43.65 MiB
  压缩大小: 37.55 MiB
  压缩率: 1.16x
  压缩时间: 1.03 秒
  压缩吞吐量: 42.29 MiB/s
  解压时间: 0.20 秒
  解压吞吐量: 216.62 MiB/s
  压缩文件: ./compressed_datasets/react/v15.0.0.tar.zip

文件 #18: v15.0.1.tar
  原始大小: 44.74 MiB
  压缩大小: 38.58 MiB
  压缩率: 1.15x
  压缩时间: 1.08 秒
  压缩吞吐量: 41.41 MiB/s
  解压时间: 0.21 秒
  解压吞吐量: 217.20 MiB/s
  压缩文件: ./compressed_datasets/react/v15.0.1.tar.zip

文件 #19: v15.0.2.tar
  原始大小: 45.34 MiB
  压缩大小: 39.10 MiB
  压缩率: 1.15x
  压缩时间: 1.11 秒
  压缩吞吐量: 40.79 MiB/s
  解压时间: 0.39 秒
  解压吞吐量: 116.65 MiB/s
  压缩文件: ./compressed_datasets/react/v15.0.2.tar.zip

文件 #20: v15.1.0.tar
  原始大小: 45.98 MiB
  压缩大小: 39.61 MiB
  压缩率: 1.16x
  压缩时间: 1.21 秒
  压缩吞吐量: 38.03 MiB/s
  解压时间: 0.21 秒
  解压吞吐量: 217.23 MiB/s
  压缩文件: ./compressed_datasets/react/v15.1.0.tar.zip

文件 #21: v15.2.0.tar
  原始大小: 46.93 MiB
  压缩大小: 40.22 MiB
  压缩率: 1.16x
  压缩时间: 1.20 秒
  压缩吞吐量: 38.95 MiB/s
  解压时间: 0.22 秒
  解压吞吐量: 217.77 MiB/s
  压缩文件: ./compressed_datasets/react/v15.2.0.tar.zip

文件 #22: v15.2.1.tar
  原始大小: 47.57 MiB
  压缩大小: 40.76 MiB
  压缩率: 1.16x
  压缩时间: 1.17 秒
  压缩吞吐量: 40.80 MiB/s
  解压时间: 0.22 秒
  解压吞吐量: 218.00 MiB/s
  压缩文件: ./compressed_datasets/react/v15.2.1.tar.zip

文件 #23: v15.3.0.tar
  原始大小: 49.11 MiB
  压缩大小: 42.07 MiB
  压缩率: 1.16x
  压缩时间: 1.19 秒
  压缩吞吐量: 41.25 MiB/s
  解压时间: 0.23 秒
  解压吞吐量: 217.76 MiB/s
  压缩文件: ./compressed_datasets/react/v15.3.0.tar.zip

文件 #24: v15.3.1.tar
  原始大小: 49.66 MiB
  压缩大小: 42.59 MiB
  压缩率: 1.16x
  压缩时间: 1.19 秒
  压缩吞吐量: 41.82 MiB/s
  解压时间: 0.23 秒
  解压吞吐量: 217.79 MiB/s
  压缩文件: ./compressed_datasets/react/v15.3.1.tar.zip

文件 #25: v15.3.2.tar
  原始大小: 50.23 MiB
  压缩大小: 43.12 MiB
  压缩率: 1.16x
  压缩时间: 1.24 秒
  压缩吞吐量: 40.44 MiB/s
  解压时间: 0.23 秒
  解压吞吐量: 219.01 MiB/s
  压缩文件: ./compressed_datasets/react/v15.3.2.tar.zip

文件 #26: v15.4.0-rc.3.tar
  原始大小: 51.77 MiB
  压缩大小: 44.54 MiB
  压缩率: 1.16x
  压缩时间: 1.23 秒
  压缩吞吐量: 42.04 MiB/s
  解压时间: 0.23 秒
  解压吞吐量: 220.65 MiB/s
  压缩文件: ./compressed_datasets/react/v15.4.0-rc.3.tar.zip

文件 #27: v15.4.0.tar
  原始大小: 51.24 MiB
  压缩大小: 45.07 MiB
  压缩率: 1.13x
  压缩时间: 1.21 秒
  压缩吞吐量: 42.27 MiB/s
  解压时间: 0.23 秒
  解压吞吐量: 218.57 MiB/s
  压缩文件: ./compressed_datasets/react/v15.4.0.tar.zip

文件 #28: v15.4.1.tar
  原始大小: 51.97 MiB
  压缩大小: 45.74 MiB
  压缩率: 1.13x
  压缩时间: 1.23 秒
  压缩吞吐量: 42.18 MiB/s
  解压时间: 0.24 秒
  解压吞吐量: 216.51 MiB/s
  压缩文件: ./compressed_datasets/react/v15.4.1.tar.zip

文件 #29: v15.4.2.tar
  原始大小: 52.59 MiB
  压缩大小: 46.30 MiB
  压缩率: 1.13x
  压缩时间: 1.27 秒
  压缩吞吐量: 41.41 MiB/s
  解压时间: 0.24 秒
  解压吞吐量: 219.33 MiB/s
  压缩文件: ./compressed_datasets/react/v15.4.2.tar.zip

文件 #30: v15.5.0.tar
  原始大小: 53.79 MiB
  压缩大小: 46.54 MiB
  压缩率: 1.15x
  压缩时间: 1.28 秒
  压缩吞吐量: 41.88 MiB/s
  解压时间: 0.24 秒
  解压吞吐量: 219.83 MiB/s
  压缩文件: ./compressed_datasets/react/v15.5.0.tar.zip

文件 #31: v15.5.1.tar
  原始大小: 53.83 MiB
  压缩大小: 46.54 MiB
  压缩率: 1.15x
  压缩时间: 1.30 秒
  压缩吞吐量: 41.49 MiB/s
  解压时间: 0.25 秒
  解压吞吐量: 218.08 MiB/s
  压缩文件: ./compressed_datasets/react/v15.5.1.tar.zip

文件 #32: v15.5.2.tar
  原始大小: 53.83 MiB
  压缩大小: 46.54 MiB
  压缩率: 1.15x
  压缩时间: 1.46 秒
  压缩吞吐量: 36.97 MiB/s
  解压时间: 0.25 秒
  解压吞吐量: 219.18 MiB/s
  压缩文件: ./compressed_datasets/react/v15.5.2.tar.zip

文件 #33: v15.5.3.tar
  原始大小: 53.83 MiB
  压缩大小: 46.54 MiB
  压缩率: 1.15x
  压缩时间: 1.29 秒
  压缩吞吐量: 41.66 MiB/s
  解压时间: 0.25 秒
  解压吞吐量: 218.35 MiB/s
  压缩文件: ./compressed_datasets/react/v15.5.3.tar.zip

文件 #34: v15.5.4.tar
  原始大小: 53.63 MiB
  压缩大小: 46.50 MiB
  压缩率: 1.15x
  压缩时间: 1.30 秒
  压缩吞吐量: 41.41 MiB/s
  解压时间: 0.24 秒
  解压吞吐量: 219.09 MiB/s
  压缩文件: ./compressed_datasets/react/v15.5.4.tar.zip

文件 #35: v15.6.0.tar
  原始大小: 58.30 MiB
  压缩大小: 49.72 MiB
  压缩率: 1.17x
  压缩时间: 1.35 秒
  压缩吞吐量: 43.32 MiB/s
  解压时间: 0.26 秒
  解压吞吐量: 220.16 MiB/s
  压缩文件: ./compressed_datasets/react/v15.6.0.tar.zip

文件 #36: v15.6.1.tar
  原始大小: 58.35 MiB
  压缩大小: 49.75 MiB
  压缩率: 1.17x
  压缩时间: 1.32 秒
  压缩吞吐量: 44.06 MiB/s
  解压时间: 0.27 秒
  解压吞吐量: 219.30 MiB/s
  压缩文件: ./compressed_datasets/react/v15.6.1.tar.zip

文件 #37: v15.6.2.tar
  原始大小: 56.62 MiB
  压缩大小: 48.28 MiB
  压缩率: 1.17x
  压缩时间: 1.32 秒
  压缩吞吐量: 42.98 MiB/s
  解压时间: 0.26 秒
  解压吞吐量: 218.98 MiB/s
  压缩文件: ./compressed_datasets/react/v15.6.2.tar.zip

文件 #38: v15.7.0.tar
  原始大小: 30.24 MiB
  压缩大小: 7.62 MiB
  压缩率: 3.96x
  压缩时间: 0.71 秒
  压缩吞吐量: 42.73 MiB/s
  解压时间: 0.13 秒
  解压吞吐量: 227.49 MiB/s
  压缩文件: ./compressed_datasets/react/v15.7.0.tar.zip

文件 #39: v16.0.0-alpha.3.tar
  原始大小: 53.82 MiB
  压缩大小: 46.58 MiB
  压缩率: 1.15x
  压缩时间: 1.31 秒
  压缩吞吐量: 41.11 MiB/s
  解压时间: 0.25 秒
  解压吞吐量: 219.38 MiB/s
  压缩文件: ./compressed_datasets/react/v16.0.0-alpha.3.tar.zip

文件 #40: v16.0.0-alpha.4.tar
  原始大小: 53.79 MiB
  压缩大小: 46.46 MiB
  压缩率: 1.15x
  压缩时间: 1.30 秒
  压缩吞吐量: 41.49 MiB/s
  解压时间: 0.25 秒
  解压吞吐量: 219.43 MiB/s
  压缩文件: ./compressed_datasets/react/v16.0.0-alpha.4.tar.zip

文件 #41: v16.0.0-rc.1.tar
  原始大小: 58.51 MiB
  压缩大小: 48.53 MiB
  压缩率: 1.20x
  压缩时间: 1.39 秒
  压缩吞吐量: 42.20 MiB/s
  解压时间: 0.27 秒
  解压吞吐量: 219.58 MiB/s
  压缩文件: ./compressed_datasets/react/v16.0.0-rc.1.tar.zip

文件 #42: v16.0.0-rc.2.tar
  原始大小: 58.51 MiB
  压缩大小: 48.53 MiB
  压缩率: 1.20x
  压缩时间: 1.34 秒
  压缩吞吐量: 43.77 MiB/s
  解压时间: 0.26 秒
  解压吞吐量: 221.53 MiB/s
  压缩文件: ./compressed_datasets/react/v16.0.0-rc.2.tar.zip

文件 #43: v16.0.0.tar
  原始大小: 58.50 MiB
  压缩大小: 48.54 MiB
  压缩率: 1.20x
  压缩时间: 1.32 秒
  压缩吞吐量: 44.37 MiB/s
  解压时间: 0.32 秒
  解压吞吐量: 184.51 MiB/s
  压缩文件: ./compressed_datasets/react/v16.0.0.tar.zip

文件 #44: v16.1.0.tar
  原始大小: 6.38 MiB
  压缩大小: 1.17 MiB
  压缩率: 5.45x
  压缩时间: 0.14 秒
  压缩吞吐量: 44.54 MiB/s
  解压时间: 0.03 秒
  解压吞吐量: 221.70 MiB/s
  压缩文件: ./compressed_datasets/react/v16.1.0.tar.zip

文件 #45: v16.1.1.tar
  原始大小: 6.39 MiB
  压缩大小: 1.17 MiB
  压缩率: 5.45x
  压缩时间: 0.17 秒
  压缩吞吐量: 38.58 MiB/s
  解压时间: 0.03 秒
  解压吞吐量: 221.19 MiB/s
  压缩文件: ./compressed_datasets/react/v16.1.1.tar.zip

文件 #46: v16.2.0.tar
  原始大小: 6.67 MiB
  压缩大小: 1.23 MiB
  压缩率: 5.39x
  压缩时间: 0.14 秒
  压缩吞吐量: 47.29 MiB/s
  解压时间: 0.03 秒
  解压吞吐量: 221.45 MiB/s
  压缩文件: ./compressed_datasets/react/v16.2.0.tar.zip

文件 #47: v16.3.0-alpha.0.tar
  原始大小: 8.60 MiB
  压缩大小: 3.05 MiB
  压缩率: 2.81x
  压缩时间: 0.20 秒
  压缩吞吐量: 42.37 MiB/s
  解压时间: 0.04 秒
  解压吞吐量: 227.47 MiB/s
  压缩文件: ./compressed_datasets/react/v16.3.0-alpha.0.tar.zip

文件 #48: v16.3.0-alpha.1.tar
  原始大小: 8.64 MiB
  压缩大小: 3.06 MiB
  压缩率: 2.82x
  压缩时间: 0.18 秒
  压缩吞吐量: 46.78 MiB/s
  解压时间: 0.04 秒
  解压吞吐量: 228.53 MiB/s
  压缩文件: ./compressed_datasets/react/v16.3.0-alpha.1.tar.zip

文件 #49: v16.3.0-alpha.2.tar
  原始大小: 8.76 MiB
  压缩大小: 3.07 MiB
  压缩率: 2.84x
  压缩时间: 0.19 秒
  压缩吞吐量: 46.36 MiB/s
  解压时间: 0.04 秒
  解压吞吐量: 229.37 MiB/s
  压缩文件: ./compressed_datasets/react/v16.3.0-alpha.2.tar.zip

文件 #50: v16.3.0-alpha.3.tar
  原始大小: 8.77 MiB
  压缩大小: 3.07 MiB
  压缩率: 2.85x
  压缩时间: 0.19 秒
  压缩吞吐量: 46.26 MiB/s
  解压时间: 0.04 秒
  解压吞吐量: 226.65 MiB/s
  压缩文件: ./compressed_datasets/react/v16.3.0-alpha.3.tar.zip

文件 #51: v16.3.0-rc.0.tar
  原始大小: 8.79 MiB
  压缩大小: 3.08 MiB
  压缩率: 2.85x
  压缩时间: 0.19 秒
  压缩吞吐量: 45.86 MiB/s
  解压时间: 0.04 秒
  解压吞吐量: 228.62 MiB/s
  压缩文件: ./compressed_datasets/react/v16.3.0-rc.0.tar.zip

文件 #52: v16.3.0.tar
  原始大小: 8.81 MiB
  压缩大小: 3.08 MiB
  压缩率: 2.85x
  压缩时间: 0.19 秒
  压缩吞吐量: 45.86 MiB/s
  解压时间: 0.04 秒
  解压吞吐量: 228.96 MiB/s
  压缩文件: ./compressed_datasets/react/v16.3.0.tar.zip

文件 #53: v16.3.1.tar
  原始大小: 8.83 MiB
  压缩大小: 3.08 MiB
  压缩率: 2.86x
  压缩时间: 0.21 秒
  压缩吞吐量: 42.86 MiB/s
  解压时间: 0.04 秒
  解压吞吐量: 228.48 MiB/s
  压缩文件: ./compressed_datasets/react/v16.3.1.tar.zip

文件 #54: v16.3.2.tar
  原始大小: 8.82 MiB
  压缩大小: 3.08 MiB
  压缩率: 2.85x
  压缩时间: 0.20 秒
  压缩吞吐量: 44.06 MiB/s
  解压时间: 0.04 秒
  解压吞吐量: 229.48 MiB/s
  压缩文件: ./compressed_datasets/react/v16.3.2.tar.zip

文件 #55: v16.4.0-alpha.5a25959.tar
  原始大小: 8.75 MiB
  压缩大小: 3.07 MiB
  压缩率: 2.84x
  压缩时间: 0.20 秒
  压缩吞吐量: 43.63 MiB/s
  解压时间: 0.04 秒
  解压吞吐量: 227.77 MiB/s
  压缩文件: ./compressed_datasets/react/v16.4.0-alpha.5a25959.tar.zip

文件 #56: v16.4.0-alpha.16.4.0-alpha.7926752.tar
  原始大小: 9.07 MiB
  压缩大小: 3.17 MiB
  压缩率: 2.85x
  压缩时间: 0.20 秒
  压缩吞吐量: 45.63 MiB/s
  解压时间: 0.04 秒
  解压吞吐量: 225.66 MiB/s
  压缩文件: ./compressed_datasets/react/v16.4.0-alpha.16.4.0-alpha.7926752.tar.zip

文件 #57: v16.4.0-alpha.94a255d.tar
  原始大小: 8.76 MiB
  压缩大小: 3.07 MiB
  压缩率: 2.84x
  压缩时间: 0.20 秒
  压缩吞吐量: 44.79 MiB/s
  解压时间: 0.04 秒
  解压吞吐量: 228.15 MiB/s
  压缩文件: ./compressed_datasets/react/v16.4.0-alpha.94a255d.tar.zip

文件 #58: v16.4.0.tar
  原始大小: 9.08 MiB
  压缩大小: 3.12 MiB
  压缩率: 2.90x
  压缩时间: 0.21 秒
  压缩吞吐量: 43.10 MiB/s
  解压时间: 0.04 秒
  解压吞吐量: 229.06 MiB/s
  压缩文件: ./compressed_datasets/react/v16.4.0.tar.zip

文件 #59: v16.4.1.tar
  原始大小: 9.14 MiB
  压缩大小: 3.13 MiB
  压缩率: 2.91x
  压缩时间: 0.20 秒
  压缩吞吐量: 44.81 MiB/s
  解压时间: 0.04 秒
  解压吞吐量: 229.59 MiB/s
  压缩文件: ./compressed_datasets/react/v16.4.1.tar.zip

文件 #60: v16.4.2.tar
  原始大小: 9.15 MiB
  压缩大小: 3.13 MiB
  压缩率: 2.91x
  压缩时间: 0.19 秒
  压缩吞吐量: 47.77 MiB/s
  解压时间: 0.04 秒
  解压吞吐量: 228.20 MiB/s
  压缩文件: ./compressed_datasets/react/v16.4.2.tar.zip

文件 #61: v16.5.0.tar
  原始大小: 10.30 MiB
  压缩大小: 3.52 MiB
  压缩率: 2.92x
  压缩时间: 0.23 秒
  压缩吞吐量: 45.05 MiB/s
  解压时间: 0.05 秒
  解压吞吐量: 223.87 MiB/s
  压缩文件: ./compressed_datasets/react/v16.5.0.tar.zip

文件 #62: v16.5.1.tar
  原始大小: 10.35 MiB
  压缩大小: 3.52 MiB
  压缩率: 2.93x
  压缩时间: 0.22 秒
  压缩吞吐量: 46.53 MiB/s
  解压时间: 0.05 秒
  解压吞吐量: 225.88 MiB/s
  压缩文件: ./compressed_datasets/react/v16.5.1.tar.zip

文件 #63: v16.5.2.tar
  原始大小: 10.36 MiB
  压缩大小: 3.53 MiB
  压缩率: 2.93x
  压缩时间: 0.22 秒
  压缩吞吐量: 46.28 MiB/s
  解压时间: 0.05 秒
  解压吞吐量: 226.65 MiB/s
  压缩文件: ./compressed_datasets/react/v16.5.2.tar.zip

文件 #64: v16.6.0-alpha.0.tar
  原始大小: 10.36 MiB
  压缩大小: 3.53 MiB
  压缩率: 2.93x
  压缩时间: 0.27 秒
  压缩吞吐量: 38.76 MiB/s
  解压时间: 0.05 秒
  解压吞吐量: 226.68 MiB/s
  压缩文件: ./compressed_datasets/react/v16.6.0-alpha.0.tar.zip

文件 #65: v16.6.0-alpha.8af6728.tar
  原始大小: 10.53 MiB
  压缩大小: 3.55 MiB
  压缩率: 2.96x
  压缩时间: 0.23 秒
  压缩吞吐量: 45.01 MiB/s
  解压时间: 0.05 秒
  解压吞吐量: 227.04 MiB/s
  压缩文件: ./compressed_datasets/react/v16.6.0-alpha.8af6728.tar.zip

文件 #66: v16.6.0-alpha.400d197.tar
  原始大小: 10.65 MiB
  压缩大小: 3.57 MiB
  压缩率: 2.98x
  压缩时间: 0.22 秒
  压缩吞吐量: 48.34 MiB/s
  解压时间: 0.05 秒
  解压吞吐量: 227.21 MiB/s
  压缩文件: ./compressed_datasets/react/v16.6.0-alpha.400d197.tar.zip

文件 #67: v16.6.0.tar
  原始大小: 10.64 MiB
  压缩大小: 3.57 MiB
  压缩率: 2.98x
  压缩时间: 0.25 秒
  压缩吞吐量: 42.57 MiB/s
  解压时间: 0.05 秒
  解压吞吐量: 226.93 MiB/s
  压缩文件: ./compressed_datasets/react/v16.6.0.tar.zip

文件 #68: v16.6.1.tar
  原始大小: 10.88 MiB
  压缩大小: 3.61 MiB
  压缩率: 3.01x
  压缩时间: 0.23 秒
  压缩吞吐量: 47.21 MiB/s
  解压时间: 0.05 秒
  解压吞吐量: 228.37 MiB/s
  压缩文件: ./compressed_datasets/react/v16.6.1.tar.zip

文件 #69: v16.6.3.tar
  原始大小: 10.92 MiB
  压缩大小: 3.62 MiB
  压缩率: 3.01x
  压缩时间: 0.25 秒
  压缩吞吐量: 43.80 MiB/s
  解压时间: 0.05 秒
  解压吞吐量: 228.22 MiB/s
  压缩文件: ./compressed_datasets/react/v16.6.3.tar.zip

文件 #70: v16.7.0-alpha.1.tar
  原始大小: 10.94 MiB
  压缩大小: 3.62 MiB
  压缩率: 3.01x
  压缩时间: 0.23 秒
  压缩吞吐量: 47.71 MiB/s
  解压时间: 0.05 秒
  解压吞吐量: 226.94 MiB/s
  压缩文件: ./compressed_datasets/react/v16.7.0-alpha.1.tar.zip

文件 #71: v16.7.0.tar
  原始大小: 11.21 MiB
  压缩大小: 3.67 MiB
  压缩率: 3.05x
  压缩时间: 0.25 秒
  压缩吞吐量: 45.10 MiB/s
  解压时间: 0.05 秒
  解压吞吐量: 228.51 MiB/s
  压缩文件: ./compressed_datasets/react/v16.7.0.tar.zip

文件 #72: v16.8.0-alpha.1.tar
  原始大小: 11.23 MiB
  压缩大小: 3.67 MiB
  压缩率: 3.05x
  压缩时间: 0.24 秒
  压缩吞吐量: 46.97 MiB/s
  解压时间: 0.05 秒
  解压吞吐量: 228.49 MiB/s
  压缩文件: ./compressed_datasets/react/v16.8.0-alpha.1.tar.zip

文件 #73: v16.8.0.tar
  原始大小: 11.40 MiB
  压缩大小: 3.71 MiB
  压缩率: 3.07x
  压缩时间: 0.25 秒
  压缩吞吐量: 45.08 MiB/s
  解压时间: 0.05 秒
  解压吞吐量: 228.59 MiB/s
  压缩文件: ./compressed_datasets/react/v16.8.0.tar.zip

文件 #74: v16.8.1.tar
  原始大小: 11.40 MiB
  压缩大小: 3.71 MiB
  压缩率: 3.07x
  压缩时间: 0.25 秒
  压缩吞吐量: 45.28 MiB/s
  解压时间: 0.05 秒
  解压吞吐量: 228.08 MiB/s
  压缩文件: ./compressed_datasets/react/v16.8.1.tar.zip

文件 #75: v16.8.2.tar
  原始大小: 11.46 MiB
  压缩大小: 3.71 MiB
  压缩率: 3.08x
  压缩时间: 0.24 秒
  压缩吞吐量: 48.48 MiB/s
  解压时间: 0.05 秒
  解压吞吐量: 228.23 MiB/s
  压缩文件: ./compressed_datasets/react/v16.8.2.tar.zip

文件 #76: v16.8.3.tar
  原始大小: 11.47 MiB
  压缩大小: 3.72 MiB
  压缩率: 3.08x
  压缩时间: 0.25 秒
  压缩吞吐量: 45.35 MiB/s
  解压时间: 0.05 秒
  解压吞吐量: 228.51 MiB/s
  压缩文件: ./compressed_datasets/react/v16.8.3.tar.zip

文件 #77: v16.8.4.tar
  原始大小: 11.48 MiB
  压缩大小: 3.72 MiB
  压缩率: 3.08x
  压缩时间: 0.26 秒
  压缩吞吐量: 44.84 MiB/s
  解压时间: 0.05 秒
  解压吞吐量: 228.92 MiB/s
  压缩文件: ./compressed_datasets/react/v16.8.4.tar.zip

文件 #78: v16.8.5.tar
  原始大小: 11.55 MiB
  压缩大小: 3.73 MiB
  压缩率: 3.09x
  压缩时间: 0.26 秒
  压缩吞吐量: 43.86 MiB/s
  解压时间: 0.05 秒
  解压吞吐量: 228.44 MiB/s
  压缩文件: ./compressed_datasets/react/v16.8.5.tar.zip

文件 #79: v16.8.6.tar
  原始大小: 11.56 MiB
  压缩大小: 3.73 MiB
  压缩率: 3.09x
  压缩时间: 0.26 秒
  压缩吞吐量: 44.56 MiB/s
  解压时间: 0.05 秒
  解压吞吐量: 228.41 MiB/s
  压缩文件: ./compressed_datasets/react/v16.8.6.tar.zip

文件 #80: v16.9.0-alpha.0.tar
  原始大小: 11.67 MiB
  压缩大小: 3.55 MiB
  压缩率: 3.28x
  压缩时间: 0.25 秒
  压缩吞吐量: 46.44 MiB/s
  解压时间: 0.05 秒
  解压吞吐量: 230.99 MiB/s
  压缩文件: ./compressed_datasets/react/v16.9.0-alpha.0.tar.zip

文件 #81: v16.9.0-rc.0.tar
  原始大小: 12.42 MiB
  压缩大小: 3.66 MiB
  压缩率: 3.38x
  压缩时间: 0.25 秒
  压缩吞吐量: 49.95 MiB/s
  解压时间: 0.05 秒
  解压吞吐量: 233.79 MiB/s
  压缩文件: ./compressed_datasets/react/v16.9.0-rc.0.tar.zip

文件 #82: v16.9.0.tar
  原始大小: 12.42 MiB
  压缩大小: 3.66 MiB
  压缩率: 3.38x
  压缩时间: 0.26 秒
  压缩吞吐量: 46.96 MiB/s
  解压时间: 0.05 秒
  解压吞吐量: 233.33 MiB/s
  压缩文件: ./compressed_datasets/react/v16.9.0.tar.zip

文件 #83: v16.10.0.tar
  原始大小: 15.22 MiB
  压缩大小: 4.23 MiB
  压缩率: 3.59x
  压缩时间: 0.31 秒
  压缩吞吐量: 49.36 MiB/s
  解压时间: 0.07 秒
  解压吞吐量: 232.98 MiB/s
  压缩文件: ./compressed_datasets/react/v16.10.0.tar.zip

文件 #84: v16.10.1.tar
  原始大小: 15.22 MiB
  压缩大小: 4.23 MiB
  压缩率: 3.59x
  压缩时间: 0.31 秒
  压缩吞吐量: 49.88 MiB/s
  解压时间: 0.07 秒
  解压吞吐量: 233.06 MiB/s
  压缩文件: ./compressed_datasets/react/v16.10.1.tar.zip

文件 #85: v16.10.2.tar
  原始大小: 15.22 MiB
  压缩大小: 4.23 MiB
  压缩率: 3.59x
  压缩时间: 0.32 秒
  压缩吞吐量: 48.26 MiB/s
  解压时间: 0.07 秒
  解压吞吐量: 233.11 MiB/s
  压缩文件: ./compressed_datasets/react/v16.10.2.tar.zip

文件 #86: v16.11.0.tar
  原始大小: 15.30 MiB
  压缩大小: 4.25 MiB
  压缩率: 3.59x
  压缩时间: 0.32 秒
  压缩吞吐量: 48.28 MiB/s
  解压时间: 0.07 秒
  解压吞吐量: 233.50 MiB/s
  压缩文件: ./compressed_datasets/react/v16.11.0.tar.zip

文件 #87: v16.12.0.tar
  原始大小: 15.74 MiB
  压缩大小: 4.35 MiB
  压缩率: 3.61x
  压缩时间: 0.32 秒
  压缩吞吐量: 49.67 MiB/s
  解压时间: 0.07 秒
  解压吞吐量: 231.54 MiB/s
  压缩文件: ./compressed_datasets/react/v16.12.0.tar.zip

文件 #88: v16.13.0.tar
  原始大小: 15.95 MiB
  压缩大小: 4.39 MiB
  压缩率: 3.63x
  压缩时间: 0.33 秒
  压缩吞吐量: 48.42 MiB/s
  解压时间: 0.07 秒
  解压吞吐量: 231.98 MiB/s
  压缩文件: ./compressed_datasets/react/v16.13.0.tar.zip

文件 #89: v16.13.1.tar
  原始大小: 15.94 MiB
  压缩大小: 4.39 MiB
  压缩率: 3.63x
  压缩时间: 0.35 秒
  压缩吞吐量: 45.34 MiB/s
  解压时间: 0.07 秒
  解压吞吐量: 231.82 MiB/s
  压缩文件: ./compressed_datasets/react/v16.13.1.tar.zip

文件 #90: v16.14.0.tar
  原始大小: 30.24 MiB
  压缩大小: 7.62 MiB
  压缩率: 3.96x
  压缩时间: 0.68 秒
  压缩吞吐量: 44.38 MiB/s
  解压时间: 0.13 秒
  解压吞吐量: 225.69 MiB/s
  压缩文件: ./compressed_datasets/react/v16.14.0.tar.zip

文件 #91: v17.0.0.tar
  原始大小: 18.55 MiB
  压缩大小: 4.97 MiB
  压缩率: 3.73x
  压缩时间: 0.39 秒
  压缩吞吐量: 47.87 MiB/s
  解压时间: 0.08 秒
  解压吞吐量: 232.05 MiB/s
  压缩文件: ./compressed_datasets/react/v17.0.0.tar.zip

文件 #92: v17.0.1.tar
  原始大小: 18.55 MiB
  压缩大小: 4.97 MiB
  压缩率: 3.73x
  压缩时间: 0.38 秒
  压缩吞吐量: 48.22 MiB/s
  解压时间: 0.08 秒
  解压吞吐量: 231.93 MiB/s
  压缩文件: ./compressed_datasets/react/v17.0.1.tar.zip

文件 #93: v17.0.2.tar
  原始大小: 18.55 MiB
  压缩大小: 4.97 MiB
  压缩率: 3.73x
  压缩时间: 0.39 秒
  压缩吞吐量: 47.24 MiB/s
  解压时间: 0.08 秒
  解压吞吐量: 232.15 MiB/s
  压缩文件: ./compressed_datasets/react/v17.0.2.tar.zip

文件 #94: v18.0.0.tar
  原始大小: 23.32 MiB
  压缩大小: 5.92 MiB
  压缩率: 3.93x
  压缩时间: 0.46 秒
  压缩吞吐量: 50.18 MiB/s
  解压时间: 0.10 秒
  解压吞吐量: 233.62 MiB/s
  压缩文件: ./compressed_datasets/react/v18.0.0.tar.zip

文件 #95: v18.1.0.tar
  原始大小: 23.52 MiB
  压缩大小: 6.02 MiB
  压缩率: 3.90x
  压缩时间: 0.49 秒
  压缩吞吐量: 48.38 MiB/s
  解压时间: 0.10 秒
  解压吞吐量: 231.90 MiB/s
  压缩文件: ./compressed_datasets/react/v18.1.0.tar.zip

文件 #96: v18.2.0.tar
  原始大小: 23.69 MiB
  压缩大小: 6.05 MiB
  压缩率: 3.91x
  压缩时间: 0.49 秒
  压缩吞吐量: 48.47 MiB/s
  解压时间: 0.10 秒
  解压吞吐量: 232.80 MiB/s
  压缩文件: ./compressed_datasets/react/v18.2.0.tar.zip

文件 #97: v18.3.0.tar
  原始大小: 23.72 MiB
  压缩大小: 6.05 MiB
  压缩率: 3.91x
  压缩时间: 0.51 秒
  压缩吞吐量: 46.67 MiB/s
  解压时间: 0.10 秒
  解压吞吐量: 233.24 MiB/s
  压缩文件: ./compressed_datasets/react/v18.3.0.tar.zip

文件 #98: v18.3.1.tar
  原始大小: 23.72 MiB
  压缩大小: 6.05 MiB
  压缩率: 3.91x
  压缩时间: 0.48 秒
  压缩吞吐量: 49.29 MiB/s
  解压时间: 0.10 秒
  解压吞吐量: 232.75 MiB/s
  压缩文件: ./compressed_datasets/react/v18.3.1.tar.zip

文件 #99: v19.0.0.tar
  原始大小: 39.46 MiB
  压缩大小: 7.89 MiB
  压缩率: 4.99x
  压缩时间: 0.78 秒
  压缩吞吐量: 50.68 MiB/s
  解压时间: 0.16 秒
  解压吞吐量: 246.78 MiB/s
  压缩文件: ./compressed_datasets/react/v19.0.0.tar.zip

文件 #100: v19.1.0.tar
  原始大小: 35.35 MiB
  压缩大小: 8.18 MiB
  压缩率: 4.32x
  压缩时间: 0.71 秒
  压缩吞吐量: 49.77 MiB/s
  解压时间: 0.15 秒
  解压吞吐量: 236.07 MiB/s
  压缩文件: ./compressed_datasets/react/v19.1.0.tar.zip

=== react 总体统计 ===
实际处理文件数量: 100
预期文件数量: 100
总原始大小: 2773.88 MiB
总压缩大小: 1926.33 MiB
总体压缩率: 1.43x
总压缩时间: 64.81 秒
总解压时间: 12.78 秒
压缩总体吞吐量: 42.79 MiB/s
解压总体吞吐量: 217.11 MiB/s
压缩文件保存目录: ./compressed_datasets/react/
完成时间: 2025年 07月 30日 星期三 19:28:36 CST
