=== Cpython 压缩报告 ===
开始时间: 2025年 07月 29日 星期二 10:17:19 CST
源路径: /mnt/dataset2/Cpython
预期文件数量: 100

文件处理顺序:
  1. v3.10.4.tar
  2. v3.10.5.tar
  3. v3.10.6.tar
  4. v3.10.7.tar
  5. v3.10.8.tar
  6. v3.10.9.tar
  7. v3.10.10.tar
  8. v3.10.11.tar
  9. v3.10.12.tar
  10. v3.10.13.tar
  11. v3.10.14.tar
  12. v3.10.15.tar
  13. v3.10.16.tar
  14. v3.10.17.tar
  15. v3.10.18.tar
  16. v3.11.0a1.tar
  17. v3.11.0a2.tar
  18. v3.11.0a3.tar
  19. v3.11.0a4.tar
  20. v3.11.0a5.tar
  21. v3.11.0a6.tar
  22. v3.11.0a7.tar
  23. v3.11.0b1.tar
  24. v3.11.0b2.tar
  25. v3.11.0b3.tar
  26. v3.11.0b4.tar
  27. v3.11.0b5.tar
  28. v3.11.0rc1.tar
  29. v3.11.0rc2.tar
  30. v3.11.0.tar
  31. v3.11.1.tar
  32. v3.11.2.tar
  33. v3.11.3.tar
  34. v3.11.4.tar
  35. v3.11.5.tar
  36. v3.11.6.tar
  37. v3.11.7.tar
  38. v3.11.8.tar
  39. v3.11.9.tar
  40. v3.11.10.tar
  41. v3.11.11.tar
  42. v3.11.12.tar
  43. v3.11.13.tar
  44. v3.12.0a1.tar
  45. v3.12.0a2.tar
  46. v3.12.0a3.tar
  47. v3.12.0a4.tar
  48. v3.12.0a5.tar
  49. v3.12.0a6.tar
  50. v3.12.0a7.tar
  51. v3.12.0b1.tar
  52. v3.12.0b2.tar
  53. v3.12.0b3.tar
  54. v3.12.0b4.tar
  55. v3.12.0rc1.tar
  56. v3.12.0rc2.tar
  57. v3.12.0rc3.tar
  58. v3.12.0.tar
  59. v3.12.1.tar
  60. v3.12.2.tar
  61. v3.12.3.tar
  62. v3.12.4.tar
  63. v3.12.5.tar
  64. v3.12.6.tar
  65. v3.12.7.tar
  66. v3.12.8.tar
  67. v3.12.9.tar
  68. v3.12.10.tar
  69. v3.12.11.tar
  70. v3.13.0a1.tar
  71. v3.13.0a2.tar
  72. v3.13.0a3.tar
  73. v3.13.0a4.tar
  74. v3.13.0a5.tar
  75. v3.13.0a6.tar
  76. v3.13.0b1.tar
  77. v3.13.0b2.tar
  78. v3.13.0b3.tar
  79. v3.13.0b4.tar
  80. v3.13.0rc1.tar
  81. v3.13.0rc2.tar
  82. v3.13.0rc3.tar
  83. v3.13.0.tar
  84. v3.13.1.tar
  85. v3.13.2.tar
  86. v3.13.3.tar
  87. v3.13.4.tar
  88. v3.13.5.tar
  89. v3.14.0a1.tar
  90. v3.14.0a2.tar
  91. v3.14.0a3.tar
  92. v3.14.0a4.tar
  93. v3.14.0a5.tar
  94. v3.14.0a6.tar
  95. v3.14.0a7.tar
  96. v3.14.0b1.tar
  97. v3.14.0b2.tar
  98. v3.14.0b3.tar
  99. v3.14.0b4.tar
  100. v3.14.0rc1.tar

文件 #1: v3.10.4.tar
  原始大小: 92.86 MiB
  压缩大小: 24.63 MiB
  压缩率: 3.77x
  压缩时间: 2.30 秒
  压缩吞吐量: 40.31 MiB/s
  解压时间: 0.44 秒
  解压吞吐量: 210.27 MiB/s
  压缩文件: ./compressed_datasets/Cpython/v3.10.4.tar.zip

文件 #2: v3.10.5.tar
  原始大小: 92.95 MiB
  压缩大小: 24.65 MiB
  压缩率: 3.77x
  压缩时间: 2.31 秒
  压缩吞吐量: 40.32 MiB/s
  解压时间: 0.43 秒
  解压吞吐量: 218.55 MiB/s
  压缩文件: ./compressed_datasets/Cpython/v3.10.5.tar.zip

文件 #3: v3.10.6.tar
  原始大小: 93.39 MiB
  压缩大小: 24.99 MiB
  压缩率: 3.73x
  压缩时间: 2.33 秒
  压缩吞吐量: 40.00 MiB/s
  解压时间: 0.43 秒
  解压吞吐量: 217.57 MiB/s
  压缩文件: ./compressed_datasets/Cpython/v3.10.6.tar.zip

文件 #4: v3.10.7.tar
  原始大小: 93.46 MiB
  压缩大小: 25.01 MiB
  压缩率: 3.73x
  压缩时间: 2.35 秒
  压缩吞吐量: 39.69 MiB/s
  解压时间: 0.43 秒
  解压吞吐量: 219.26 MiB/s
  压缩文件: ./compressed_datasets/Cpython/v3.10.7.tar.zip

文件 #5: v3.10.8.tar
  原始大小: 93.51 MiB
  压缩大小: 25.02 MiB
  压缩率: 3.73x
  压缩时间: 2.31 秒
  压缩吞吐量: 40.56 MiB/s
  解压时间: 0.43 秒
  解压吞吐量: 218.76 MiB/s
  压缩文件: ./compressed_datasets/Cpython/v3.10.8.tar.zip

文件 #6: v3.10.9.tar
  原始大小: 93.61 MiB
  压缩大小: 25.05 MiB
  压缩率: 3.73x
  压缩时间: 2.46 秒
  压缩吞吐量: 37.98 MiB/s
  解压时间: 0.43 秒
  解压吞吐量: 218.66 MiB/s
  压缩文件: ./compressed_datasets/Cpython/v3.10.9.tar.zip

文件 #7: v3.10.10.tar
  原始大小: 93.76 MiB
  压缩大小: 25.08 MiB
  压缩率: 3.73x
  压缩时间: 2.30 秒
  压缩吞吐量: 40.70 MiB/s
  解压时间: 0.43 秒
  解压吞吐量: 218.44 MiB/s
  压缩文件: ./compressed_datasets/Cpython/v3.10.10.tar.zip

文件 #8: v3.10.11.tar
  原始大小: 93.81 MiB
  压缩大小: 25.09 MiB
  压缩率: 3.73x
  压缩时间: 2.40 秒
  压缩吞吐量: 39.04 MiB/s
  解压时间: 0.43 秒
  解压吞吐量: 220.05 MiB/s
  压缩文件: ./compressed_datasets/Cpython/v3.10.11.tar.zip

文件 #9: v3.10.12.tar
  原始大小: 93.89 MiB
  压缩大小: 25.11 MiB
  压缩率: 3.73x
  压缩时间: 2.30 秒
  压缩吞吐量: 40.75 MiB/s
  解压时间: 0.43 秒
  解压吞吐量: 219.77 MiB/s
  压缩文件: ./compressed_datasets/Cpython/v3.10.12.tar.zip

文件 #10: v3.10.13.tar
  原始大小: 93.91 MiB
  压缩大小: 25.12 MiB
  压缩率: 3.73x
  压缩时间: 2.31 秒
  压缩吞吐量: 40.64 MiB/s
  解压时间: 0.43 秒
  解压吞吐量: 219.97 MiB/s
  压缩文件: ./compressed_datasets/Cpython/v3.10.13.tar.zip

文件 #11: v3.10.14.tar
  原始大小: 93.96 MiB
  压缩大小: 25.12 MiB
  压缩率: 3.73x
  压缩时间: 2.49 秒
  压缩吞吐量: 37.68 MiB/s
  解压时间: 0.43 秒
  解压吞吐量: 219.75 MiB/s
  压缩文件: ./compressed_datasets/Cpython/v3.10.14.tar.zip

文件 #12: v3.10.15.tar
  原始大小: 94.01 MiB
  压缩大小: 25.13 MiB
  压缩率: 3.73x
  压缩时间: 2.35 秒
  压缩吞吐量: 40.05 MiB/s
  解压时间: 0.43 秒
  解压吞吐量: 219.14 MiB/s
  压缩文件: ./compressed_datasets/Cpython/v3.10.15.tar.zip

文件 #13: v3.10.16.tar
  原始大小: 94.03 MiB
  压缩大小: 25.14 MiB
  压缩率: 3.73x
  压缩时间: 2.28 秒
  压缩吞吐量: 41.26 MiB/s
  解压时间: 0.43 秒
  解压吞吐量: 219.81 MiB/s
  压缩文件: ./compressed_datasets/Cpython/v3.10.16.tar.zip

文件 #14: v3.10.17.tar
  原始大小: 93.90 MiB
  压缩大小: 25.13 MiB
  压缩率: 3.73x
  压缩时间: 2.29 秒
  压缩吞吐量: 40.92 MiB/s
  解压时间: 0.43 秒
  解压吞吐量: 219.52 MiB/s
  压缩文件: ./compressed_datasets/Cpython/v3.10.17.tar.zip

文件 #15: v3.10.18.tar
  原始大小: 93.95 MiB
  压缩大小: 25.14 MiB
  压缩率: 3.73x
  压缩时间: 2.31 秒
  压缩吞吐量: 40.64 MiB/s
  解压时间: 0.43 秒
  解压吞吐量: 216.62 MiB/s
  压缩文件: ./compressed_datasets/Cpython/v3.10.18.tar.zip

文件 #16: v3.11.0a1.tar
  原始大小: 90.54 MiB
  压缩大小: 24.01 MiB
  压缩率: 3.76x
  压缩时间: 2.28 秒
  压缩吞吐量: 39.74 MiB/s
  解压时间: 0.41 秒
  解压吞吐量: 218.72 MiB/s
  压缩文件: ./compressed_datasets/Cpython/v3.11.0a1.tar.zip

文件 #17: v3.11.0a2.tar
  原始大小: 90.83 MiB
  压缩大小: 24.06 MiB
  压缩率: 3.77x
  压缩时间: 2.23 秒
  压缩吞吐量: 40.75 MiB/s
  解压时间: 0.42 秒
  解压吞吐量: 218.04 MiB/s
  压缩文件: ./compressed_datasets/Cpython/v3.11.0a2.tar.zip

文件 #18: v3.11.0a3.tar
  原始大小: 91.21 MiB
  压缩大小: 24.13 MiB
  压缩率: 3.77x
  压缩时间: 2.27 秒
  压缩吞吐量: 40.12 MiB/s
  解压时间: 0.42 秒
  解压吞吐量: 218.69 MiB/s
  压缩文件: ./compressed_datasets/Cpython/v3.11.0a3.tar.zip

文件 #19: v3.11.0a4.tar
  原始大小: 91.53 MiB
  压缩大小: 24.19 MiB
  压缩率: 3.78x
  压缩时间: 2.25 秒
  压缩吞吐量: 40.68 MiB/s
  解压时间: 0.42 秒
  解压吞吐量: 218.14 MiB/s
  压缩文件: ./compressed_datasets/Cpython/v3.11.0a4.tar.zip

文件 #20: v3.11.0a5.tar
  原始大小: 91.70 MiB
  压缩大小: 24.22 MiB
  压缩率: 3.78x
  压缩时间: 2.25 秒
  压缩吞吐量: 40.74 MiB/s
  解压时间: 0.42 秒
  解压吞吐量: 218.51 MiB/s
  压缩文件: ./compressed_datasets/Cpython/v3.11.0a5.tar.zip

文件 #21: v3.11.0a6.tar
  原始大小: 91.95 MiB
  压缩大小: 24.24 MiB
  压缩率: 3.79x
  压缩时间: 2.46 秒
  压缩吞吐量: 37.36 MiB/s
  解压时间: 0.42 秒
  解压吞吐量: 219.58 MiB/s
  压缩文件: ./compressed_datasets/Cpython/v3.11.0a6.tar.zip

文件 #22: v3.11.0a7.tar
  原始大小: 92.32 MiB
  压缩大小: 24.68 MiB
  压缩率: 3.73x
  压缩时间: 2.25 秒
  压缩吞吐量: 41.05 MiB/s
  解压时间: 0.42 秒
  解压吞吐量: 218.26 MiB/s
  压缩文件: ./compressed_datasets/Cpython/v3.11.0a7.tar.zip

文件 #23: v3.11.0b1.tar
  原始大小: 92.76 MiB
  压缩大小: 24.78 MiB
  压缩率: 3.74x
  压缩时间: 2.26 秒
  压缩吞吐量: 41.00 MiB/s
  解压时间: 0.42 秒
  解压吞吐量: 218.52 MiB/s
  压缩文件: ./compressed_datasets/Cpython/v3.11.0b1.tar.zip

文件 #24: v3.11.0b2.tar
  原始大小: 94.32 MiB
  压缩大小: 24.90 MiB
  压缩率: 3.78x
  压缩时间: 2.35 秒
  压缩吞吐量: 40.14 MiB/s
  解压时间: 0.43 秒
  解压吞吐量: 218.13 MiB/s
  压缩文件: ./compressed_datasets/Cpython/v3.11.0b2.tar.zip

文件 #25: v3.11.0b3.tar
  原始大小: 94.33 MiB
  压缩大小: 24.90 MiB
  压缩率: 3.78x
  压缩时间: 2.29 秒
  压缩吞吐量: 41.13 MiB/s
  解压时间: 0.43 秒
  解压吞吐量: 219.16 MiB/s
  压缩文件: ./compressed_datasets/Cpython/v3.11.0b3.tar.zip

文件 #26: v3.11.0b4.tar
  原始大小: 94.55 MiB
  压缩大小: 24.95 MiB
  压缩率: 3.78x
  压缩时间: 2.35 秒
  压缩吞吐量: 40.27 MiB/s
  解压时间: 0.49 秒
  解压吞吐量: 191.60 MiB/s
  压缩文件: ./compressed_datasets/Cpython/v3.11.0b4.tar.zip

文件 #27: v3.11.0b5.tar
  原始大小: 94.91 MiB
  压缩大小: 25.27 MiB
  压缩率: 3.75x
  压缩时间: 2.33 秒
  压缩吞吐量: 40.79 MiB/s
  解压时间: 0.43 秒
  解压吞吐量: 219.76 MiB/s
  压缩文件: ./compressed_datasets/Cpython/v3.11.0b5.tar.zip

文件 #28: v3.11.0rc1.tar
  原始大小: 94.99 MiB
  压缩大小: 25.29 MiB
  压缩率: 3.75x
  压缩时间: 2.30 秒
  压缩吞吐量: 41.33 MiB/s
  解压时间: 0.43 秒
  解压吞吐量: 219.68 MiB/s
  压缩文件: ./compressed_datasets/Cpython/v3.11.0rc1.tar.zip

文件 #29: v3.11.0rc2.tar
  原始大小: 95.07 MiB
  压缩大小: 25.32 MiB
  压缩率: 3.75x
  压缩时间: 2.44 秒
  压缩吞吐量: 38.95 MiB/s
  解压时间: 0.65 秒
  解压吞吐量: 145.74 MiB/s
  压缩文件: ./compressed_datasets/Cpython/v3.11.0rc2.tar.zip

文件 #30: v3.11.0.tar
  原始大小: 95.14 MiB
  压缩大小: 25.34 MiB
  压缩率: 3.75x
  压缩时间: 2.35 秒
  压缩吞吐量: 40.47 MiB/s
  解压时间: 0.43 秒
  解压吞吐量: 220.30 MiB/s
  压缩文件: ./compressed_datasets/Cpython/v3.11.0.tar.zip

文件 #31: v3.11.1.tar
  原始大小: 95.40 MiB
  压缩大小: 25.40 MiB
  压缩率: 3.75x
  压缩时间: 2.39 秒
  压缩吞吐量: 39.88 MiB/s
  解压时间: 0.43 秒
  解压吞吐量: 220.31 MiB/s
  压缩文件: ./compressed_datasets/Cpython/v3.11.1.tar.zip

文件 #32: v3.11.2.tar
  原始大小: 95.61 MiB
  压缩大小: 25.44 MiB
  压缩率: 3.75x
  压缩时间: 2.45 秒
  压缩吞吐量: 38.95 MiB/s
  解压时间: 0.43 秒
  解压吞吐量: 220.69 MiB/s
  压缩文件: ./compressed_datasets/Cpython/v3.11.2.tar.zip

文件 #33: v3.11.3.tar
  原始大小: 95.66 MiB
  压缩大小: 25.46 MiB
  压缩率: 3.75x
  压缩时间: 2.40 秒
  压缩吞吐量: 39.86 MiB/s
  解压时间: 0.43 秒
  解压吞吐量: 220.09 MiB/s
  压缩文件: ./compressed_datasets/Cpython/v3.11.3.tar.zip

文件 #34: v3.11.4.tar
  原始大小: 95.96 MiB
  压缩大小: 25.52 MiB
  压缩率: 3.75x
  压缩时间: 2.44 秒
  压缩吞吐量: 39.39 MiB/s
  解压时间: 0.44 秒
  解压吞吐量: 220.19 MiB/s
  压缩文件: ./compressed_datasets/Cpython/v3.11.4.tar.zip

文件 #35: v3.11.5.tar
  原始大小: 96.08 MiB
  压缩大小: 25.57 MiB
  压缩率: 3.75x
  压缩时间: 2.29 秒
  压缩吞吐量: 41.87 MiB/s
  解压时间: 0.44 秒
  解压吞吐量: 219.28 MiB/s
  压缩文件: ./compressed_datasets/Cpython/v3.11.5.tar.zip

文件 #36: v3.11.6.tar
  原始大小: 96.19 MiB
  压缩大小: 25.59 MiB
  压缩率: 3.75x
  压缩时间: 2.31 秒
  压缩吞吐量: 41.70 MiB/s
  解压时间: 0.44 秒
  解压吞吐量: 219.60 MiB/s
  压缩文件: ./compressed_datasets/Cpython/v3.11.6.tar.zip

文件 #37: v3.11.7.tar
  原始大小: 96.37 MiB
  压缩大小: 25.61 MiB
  压缩率: 3.76x
  压缩时间: 2.38 秒
  压缩吞吐量: 40.52 MiB/s
  解压时间: 0.44 秒
  解压吞吐量: 220.29 MiB/s
  压缩文件: ./compressed_datasets/Cpython/v3.11.7.tar.zip

文件 #38: v3.11.8.tar
  原始大小: 96.58 MiB
  压缩大小: 25.68 MiB
  压缩率: 3.75x
  压缩时间: 2.31 秒
  压缩吞吐量: 41.87 MiB/s
  解压时间: 0.44 秒
  解压吞吐量: 218.40 MiB/s
  压缩文件: ./compressed_datasets/Cpython/v3.11.8.tar.zip

文件 #39: v3.11.9.tar
  原始大小: 96.81 MiB
  压缩大小: 25.73 MiB
  压缩率: 3.76x
  压缩时间: 2.37 秒
  压缩吞吐量: 40.79 MiB/s
  解压时间: 0.44 秒
  解压吞吐量: 220.34 MiB/s
  压缩文件: ./compressed_datasets/Cpython/v3.11.9.tar.zip

文件 #40: v3.11.10.tar
  原始大小: 96.87 MiB
  压缩大小: 25.73 MiB
  压缩率: 3.76x
  压缩时间: 2.40 秒
  压缩吞吐量: 40.30 MiB/s
  解压时间: 0.44 秒
  解压吞吐量: 220.56 MiB/s
  压缩文件: ./compressed_datasets/Cpython/v3.11.10.tar.zip

文件 #41: v3.11.11.tar
  原始大小: 96.88 MiB
  压缩大小: 25.73 MiB
  压缩率: 3.76x
  压缩时间: 2.32 秒
  压缩吞吐量: 41.80 MiB/s
  解压时间: 0.44 秒
  解压吞吐量: 217.87 MiB/s
  压缩文件: ./compressed_datasets/Cpython/v3.11.11.tar.zip

文件 #42: v3.11.12.tar
  原始大小: 97.23 MiB
  压缩大小: 25.77 MiB
  压缩率: 3.77x
  压缩时间: 2.38 秒
  压缩吞吐量: 40.89 MiB/s
  解压时间: 0.44 秒
  解压吞吐量: 220.24 MiB/s
  压缩文件: ./compressed_datasets/Cpython/v3.11.12.tar.zip

文件 #43: v3.11.13.tar
  原始大小: 97.29 MiB
  压缩大小: 25.78 MiB
  压缩率: 3.77x
  压缩时间: 2.36 秒
  压缩吞吐量: 41.23 MiB/s
  解压时间: 0.44 秒
  解压吞吐量: 220.23 MiB/s
  压缩文件: ./compressed_datasets/Cpython/v3.11.13.tar.zip

文件 #44: v3.12.0a1.tar
  原始大小: 94.70 MiB
  压缩大小: 25.37 MiB
  压缩率: 3.73x
  压缩时间: 2.29 秒
  压缩吞吐量: 41.41 MiB/s
  解压时间: 0.43 秒
  解压吞吐量: 217.83 MiB/s
  压缩文件: ./compressed_datasets/Cpython/v3.12.0a1.tar.zip

文件 #45: v3.12.0a2.tar
  原始大小: 93.79 MiB
  压缩大小: 25.21 MiB
  压缩率: 3.71x
  压缩时间: 2.28 秒
  压缩吞吐量: 41.10 MiB/s
  解压时间: 0.43 秒
  解压吞吐量: 218.52 MiB/s
  压缩文件: ./compressed_datasets/Cpython/v3.12.0a2.tar.zip

文件 #46: v3.12.0a3.tar
  原始大小: 94.17 MiB
  压缩大小: 25.29 MiB
  压缩率: 3.72x
  压缩时间: 2.28 秒
  压缩吞吐量: 41.30 MiB/s
  解压时间: 0.43 秒
  解压吞吐量: 220.33 MiB/s
  压缩文件: ./compressed_datasets/Cpython/v3.12.0a3.tar.zip

文件 #47: v3.12.0a4.tar
  原始大小: 94.16 MiB
  压缩大小: 25.29 MiB
  压缩率: 3.72x
  压缩时间: 2.32 秒
  压缩吞吐量: 40.56 MiB/s
  解压时间: 0.43 秒
  解压吞吐量: 218.60 MiB/s
  压缩文件: ./compressed_datasets/Cpython/v3.12.0a4.tar.zip

文件 #48: v3.12.0a5.tar
  原始大小: 94.42 MiB
  压缩大小: 25.35 MiB
  压缩率: 3.72x
  压缩时间: 2.26 秒
  压缩吞吐量: 41.76 MiB/s
  解压时间: 0.43 秒
  解压吞吐量: 218.51 MiB/s
  压缩文件: ./compressed_datasets/Cpython/v3.12.0a5.tar.zip

文件 #49: v3.12.0a6.tar
  原始大小: 94.66 MiB
  压缩大小: 25.40 MiB
  压缩率: 3.72x
  压缩时间: 2.33 秒
  压缩吞吐量: 40.57 MiB/s
  解压时间: 0.44 秒
  解压吞吐量: 217.10 MiB/s
  压缩文件: ./compressed_datasets/Cpython/v3.12.0a6.tar.zip

文件 #50: v3.12.0a7.tar
  原始大小: 94.99 MiB
  压缩大小: 25.45 MiB
  压缩率: 3.73x
  压缩时间: 2.31 秒
  压缩吞吐量: 41.13 MiB/s
  解压时间: 0.43 秒
  解压吞吐量: 220.22 MiB/s
  压缩文件: ./compressed_datasets/Cpython/v3.12.0a7.tar.zip

文件 #51: v3.12.0b1.tar
  原始大小: 96.03 MiB
  压缩大小: 25.57 MiB
  压缩率: 3.75x
  压缩时间: 2.29 秒
  压缩吞吐量: 41.84 MiB/s
  解压时间: 0.44 秒
  解压吞吐量: 220.47 MiB/s
  压缩文件: ./compressed_datasets/Cpython/v3.12.0b1.tar.zip

文件 #52: v3.12.0b2.tar
  原始大小: 98.70 MiB
  压缩大小: 25.81 MiB
  压缩率: 3.82x
  压缩时间: 2.40 秒
  压缩吞吐量: 41.06 MiB/s
  解压时间: 0.45 秒
  解压吞吐量: 220.79 MiB/s
  压缩文件: ./compressed_datasets/Cpython/v3.12.0b2.tar.zip

文件 #53: v3.12.0b3.tar
  原始大小: 98.77 MiB
  压缩大小: 25.83 MiB
  压缩率: 3.82x
  压缩时间: 2.45 秒
  压缩吞吐量: 40.34 MiB/s
  解压时间: 0.45 秒
  解压吞吐量: 220.33 MiB/s
  压缩文件: ./compressed_datasets/Cpython/v3.12.0b3.tar.zip

文件 #54: v3.12.0b4.tar
  原始大小: 98.84 MiB
  压缩大小: 25.84 MiB
  压缩率: 3.82x
  压缩时间: 2.39 秒
  压缩吞吐量: 41.41 MiB/s
  解压时间: 0.45 秒
  解压吞吐量: 220.48 MiB/s
  压缩文件: ./compressed_datasets/Cpython/v3.12.0b4.tar.zip

文件 #55: v3.12.0rc1.tar
  原始大小: 99.01 MiB
  压缩大小: 25.89 MiB
  压缩率: 3.82x
  压缩时间: 2.39 秒
  压缩吞吐量: 41.48 MiB/s
  解压时间: 0.46 秒
  解压吞吐量: 215.17 MiB/s
  压缩文件: ./compressed_datasets/Cpython/v3.12.0rc1.tar.zip

文件 #56: v3.12.0rc2.tar
  原始大小: 99.43 MiB
  压缩大小: 26.15 MiB
  压缩率: 3.80x
  压缩时间: 2.46 秒
  压缩吞吐量: 40.43 MiB/s
  解压时间: 0.45 秒
  解压吞吐量: 221.05 MiB/s
  压缩文件: ./compressed_datasets/Cpython/v3.12.0rc2.tar.zip

文件 #57: v3.12.0rc3.tar
  原始大小: 99.49 MiB
  压缩大小: 26.16 MiB
  压缩率: 3.80x
  压缩时间: 2.41 秒
  压缩吞吐量: 41.29 MiB/s
  解压时间: 0.45 秒
  解压吞吐量: 221.23 MiB/s
  压缩文件: ./compressed_datasets/Cpython/v3.12.0rc3.tar.zip

文件 #58: v3.12.0.tar
  原始大小: 99.52 MiB
  压缩大小: 26.17 MiB
  压缩率: 3.80x
  压缩时间: 2.45 秒
  压缩吞吐量: 40.54 MiB/s
  解压时间: 0.46 秒
  解压吞吐量: 217.86 MiB/s
  压缩文件: ./compressed_datasets/Cpython/v3.12.0.tar.zip

文件 #59: v3.12.1.tar
  原始大小: 100.00 MiB
  压缩大小: 26.24 MiB
  压缩率: 3.81x
  压缩时间: 2.42 秒
  压缩吞吐量: 41.35 MiB/s
  解压时间: 0.45 秒
  解压吞吐量: 220.56 MiB/s
  压缩文件: ./compressed_datasets/Cpython/v3.12.1.tar.zip

文件 #60: v3.12.2.tar
  原始大小: 100.28 MiB
  压缩大小: 26.30 MiB
  压缩率: 3.81x
  压缩时间: 2.49 秒
  压缩吞吐量: 40.32 MiB/s
  解压时间: 0.45 秒
  解压吞吐量: 221.09 MiB/s
  压缩文件: ./compressed_datasets/Cpython/v3.12.2.tar.zip

文件 #61: v3.12.3.tar
  原始大小: 100.53 MiB
  压缩大小: 26.35 MiB
  压缩率: 3.81x
  压缩时间: 2.42 秒
  压缩吞吐量: 41.45 MiB/s
  解压时间: 0.45 秒
  解压吞吐量: 221.29 MiB/s
  压缩文件: ./compressed_datasets/Cpython/v3.12.3.tar.zip

文件 #62: v3.12.4.tar
  原始大小: 100.74 MiB
  压缩大小: 26.39 MiB
  压缩率: 3.81x
  压缩时间: 2.38 秒
  压缩吞吐量: 42.41 MiB/s
  解压时间: 0.46 秒
  解压吞吐量: 220.39 MiB/s
  压缩文件: ./compressed_datasets/Cpython/v3.12.4.tar.zip

文件 #63: v3.12.5.tar
  原始大小: 100.67 MiB
  压缩大小: 26.18 MiB
  压缩率: 3.84x
  压缩时间: 2.45 秒
  压缩吞吐量: 41.07 MiB/s
  解压时间: 0.46 秒
  解压吞吐量: 221.10 MiB/s
  压缩文件: ./compressed_datasets/Cpython/v3.12.5.tar.zip

文件 #64: v3.12.6.tar
  原始大小: 100.79 MiB
  压缩大小: 26.20 MiB
  压缩率: 3.84x
  压缩时间: 2.41 秒
  压缩吞吐量: 41.77 MiB/s
  解压时间: 0.46 秒
  解压吞吐量: 220.36 MiB/s
  压缩文件: ./compressed_datasets/Cpython/v3.12.6.tar.zip

文件 #65: v3.12.7.tar
  原始大小: 100.82 MiB
  压缩大小: 26.21 MiB
  压缩率: 3.84x
  压缩时间: 2.46 秒
  压缩吞吐量: 41.04 MiB/s
  解压时间: 0.45 秒
  解压吞吐量: 222.13 MiB/s
  压缩文件: ./compressed_datasets/Cpython/v3.12.7.tar.zip

文件 #66: v3.12.8.tar
  原始大小: 101.07 MiB
  压缩大小: 26.27 MiB
  压缩率: 3.84x
  压缩时间: 2.42 秒
  压缩吞吐量: 41.83 MiB/s
  解压时间: 0.46 秒
  解压吞吐量: 221.23 MiB/s
  压缩文件: ./compressed_datasets/Cpython/v3.12.8.tar.zip

文件 #67: v3.12.9.tar
  原始大小: 101.24 MiB
  压缩大小: 26.31 MiB
  压缩率: 3.84x
  压缩时间: 2.41 秒
  压缩吞吐量: 41.95 MiB/s
  解压时间: 0.46 秒
  解压吞吐量: 222.04 MiB/s
  压缩文件: ./compressed_datasets/Cpython/v3.12.9.tar.zip

文件 #68: v3.12.10.tar
  原始大小: 101.09 MiB
  压缩大小: 26.33 MiB
  压缩率: 3.83x
  压缩时间: 2.43 秒
  压缩吞吐量: 41.61 MiB/s
  解压时间: 0.46 秒
  解压吞吐量: 221.15 MiB/s
  压缩文件: ./compressed_datasets/Cpython/v3.12.10.tar.zip

文件 #69: v3.12.11.tar
  原始大小: 101.14 MiB
  压缩大小: 26.33 MiB
  压缩率: 3.84x
  压缩时间: 2.41 秒
  压缩吞吐量: 41.95 MiB/s
  解压时间: 0.46 秒
  解压吞吐量: 221.84 MiB/s
  压缩文件: ./compressed_datasets/Cpython/v3.12.11.tar.zip

文件 #70: v3.13.0a1.tar
  原始大小: 96.33 MiB
  压缩大小: 25.68 MiB
  压缩率: 3.75x
  压缩时间: 2.32 秒
  压缩吞吐量: 41.54 MiB/s
  解压时间: 0.44 秒
  解压吞吐量: 218.71 MiB/s
  压缩文件: ./compressed_datasets/Cpython/v3.13.0a1.tar.zip

文件 #71: v3.13.0a2.tar
  原始大小: 96.70 MiB
  压缩大小: 25.82 MiB
  压缩率: 3.74x
  压缩时间: 2.34 秒
  压缩吞吐量: 41.26 MiB/s
  解压时间: 0.44 秒
  解压吞吐量: 217.47 MiB/s
  压缩文件: ./compressed_datasets/Cpython/v3.13.0a2.tar.zip

文件 #72: v3.13.0a3.tar
  原始大小: 97.24 MiB
  压缩大小: 25.94 MiB
  压缩率: 3.74x
  压缩时间: 2.44 秒
  压缩吞吐量: 39.91 MiB/s
  解压时间: 0.45 秒
  解压吞吐量: 218.42 MiB/s
  压缩文件: ./compressed_datasets/Cpython/v3.13.0a3.tar.zip

文件 #73: v3.13.0a4.tar
  原始大小: 98.19 MiB
  压缩大小: 26.30 MiB
  压缩率: 3.73x
  压缩时间: 2.35 秒
  压缩吞吐量: 41.78 MiB/s
  解压时间: 0.45 秒
  解压吞吐量: 218.53 MiB/s
  压缩文件: ./compressed_datasets/Cpython/v3.13.0a4.tar.zip

文件 #74: v3.13.0a5.tar
  原始大小: 98.92 MiB
  压缩大小: 26.42 MiB
  压缩率: 3.74x
  压缩时间: 2.39 秒
  压缩吞吐量: 41.44 MiB/s
  解压时间: 0.45 秒
  解压吞吐量: 220.42 MiB/s
  压缩文件: ./compressed_datasets/Cpython/v3.13.0a5.tar.zip

文件 #75: v3.13.0a6.tar
  原始大小: 99.50 MiB
  压缩大小: 26.58 MiB
  压缩率: 3.74x
  压缩时间: 2.47 秒
  压缩吞吐量: 40.25 MiB/s
  解压时间: 0.45 秒
  解压吞吐量: 219.46 MiB/s
  压缩文件: ./compressed_datasets/Cpython/v3.13.0a6.tar.zip

文件 #76: v3.13.0b1.tar
  原始大小: 100.63 MiB
  压缩大小: 26.80 MiB
  压缩率: 3.75x
  压缩时间: 2.44 秒
  压缩吞吐量: 41.17 MiB/s
  解压时间: 0.46 秒
  解压吞吐量: 220.69 MiB/s
  压缩文件: ./compressed_datasets/Cpython/v3.13.0b1.tar.zip

文件 #77: v3.13.0b2.tar
  原始大小: 100.86 MiB
  压缩大小: 26.85 MiB
  压缩率: 3.75x
  压缩时间: 2.60 秒
  压缩吞吐量: 38.72 MiB/s
  解压时间: 0.46 秒
  解压吞吐量: 220.61 MiB/s
  压缩文件: ./compressed_datasets/Cpython/v3.13.0b2.tar.zip

文件 #78: v3.13.0b3.tar
  原始大小: 100.80 MiB
  压缩大小: 26.62 MiB
  压缩率: 3.78x
  压缩时间: 2.42 秒
  压缩吞吐量: 41.72 MiB/s
  解压时间: 0.46 秒
  解压吞吐量: 220.73 MiB/s
  压缩文件: ./compressed_datasets/Cpython/v3.13.0b3.tar.zip

文件 #79: v3.13.0b4.tar
  原始大小: 100.99 MiB
  压缩大小: 26.67 MiB
  压缩率: 3.78x
  压缩时间: 2.41 秒
  压缩吞吐量: 41.90 MiB/s
  解压时间: 0.46 秒
  解压吞吐量: 220.21 MiB/s
  压缩文件: ./compressed_datasets/Cpython/v3.13.0b4.tar.zip

文件 #80: v3.13.0rc1.tar
  原始大小: 101.04 MiB
  压缩大小: 26.68 MiB
  压缩率: 3.78x
  压缩时间: 2.44 秒
  压缩吞吐量: 41.35 MiB/s
  解压时间: 0.46 秒
  解压吞吐量: 219.95 MiB/s
  压缩文件: ./compressed_datasets/Cpython/v3.13.0rc1.tar.zip

文件 #81: v3.13.0rc2.tar
  原始大小: 103.57 MiB
  压缩大小: 26.89 MiB
  压缩率: 3.85x
  压缩时间: 2.47 秒
  压缩吞吐量: 41.96 MiB/s
  解压时间: 0.47 秒
  解压吞吐量: 221.04 MiB/s
  压缩文件: ./compressed_datasets/Cpython/v3.13.0rc2.tar.zip

文件 #82: v3.13.0rc3.tar
  原始大小: 105.04 MiB
  压缩大小: 28.32 MiB
  压缩率: 3.70x
  压缩时间: 2.52 秒
  压缩吞吐量: 41.66 MiB/s
  解压时间: 0.48 秒
  解压吞吐量: 220.41 MiB/s
  压缩文件: ./compressed_datasets/Cpython/v3.13.0rc3.tar.zip

文件 #83: v3.13.0.tar
  原始大小: 105.05 MiB
  压缩大小: 28.32 MiB
  压缩率: 3.70x
  压缩时间: 2.52 秒
  压缩吞吐量: 41.70 MiB/s
  解压时间: 0.48 秒
  解压吞吐量: 218.86 MiB/s
  压缩文件: ./compressed_datasets/Cpython/v3.13.0.tar.zip

文件 #84: v3.13.1.tar
  原始大小: 105.55 MiB
  压缩大小: 28.41 MiB
  压缩率: 3.71x
  压缩时间: 2.55 秒
  压缩吞吐量: 41.31 MiB/s
  解压时间: 0.48 秒
  解压吞吐量: 220.70 MiB/s
  压缩文件: ./compressed_datasets/Cpython/v3.13.1.tar.zip

文件 #85: v3.13.2.tar
  原始大小: 105.77 MiB
  压缩大小: 28.46 MiB
  压缩率: 3.71x
  压缩时间: 2.59 秒
  压缩吞吐量: 40.89 MiB/s
  解压时间: 0.48 秒
  解压吞吐量: 222.51 MiB/s
  压缩文件: ./compressed_datasets/Cpython/v3.13.2.tar.zip

文件 #86: v3.13.3.tar
  原始大小: 105.69 MiB
  压缩大小: 28.49 MiB
  压缩率: 3.70x
  压缩时间: 2.60 秒
  压缩吞吐量: 40.67 MiB/s
  解压时间: 0.48 秒
  解压吞吐量: 221.68 MiB/s
  压缩文件: ./compressed_datasets/Cpython/v3.13.3.tar.zip

文件 #87: v3.13.4.tar
  原始大小: 105.92 MiB
  压缩大小: 28.52 MiB
  压缩率: 3.71x
  压缩时间: 2.56 秒
  压缩吞吐量: 41.30 MiB/s
  解压时间: 0.48 秒
  解压吞吐量: 219.55 MiB/s
  压缩文件: ./compressed_datasets/Cpython/v3.13.4.tar.zip

文件 #88: v3.13.5.tar
  原始大小: 106.07 MiB
  压缩大小: 28.59 MiB
  压缩率: 3.70x
  压缩时间: 2.62 秒
  压缩吞吐量: 40.46 MiB/s
  解压时间: 0.48 秒
  解压吞吐量: 221.87 MiB/s
  压缩文件: ./compressed_datasets/Cpython/v3.13.5.tar.zip

文件 #89: v3.14.0a1.tar
  原始大小: 104.31 MiB
  压缩大小: 28.48 MiB
  压缩率: 3.66x
  压缩时间: 2.59 秒
  压缩吞吐量: 40.32 MiB/s
  解压时间: 0.48 秒
  解压吞吐量: 219.57 MiB/s
  压缩文件: ./compressed_datasets/Cpython/v3.14.0a1.tar.zip

文件 #90: v3.14.0a2.tar
  原始大小: 104.92 MiB
  压缩大小: 28.60 MiB
  压缩率: 3.66x
  压缩时间: 2.59 秒
  压缩吞吐量: 40.55 MiB/s
  解压时间: 0.48 秒
  解压吞吐量: 218.98 MiB/s
  压缩文件: ./compressed_datasets/Cpython/v3.14.0a2.tar.zip

文件 #91: v3.14.0a3.tar
  原始大小: 105.30 MiB
  压缩大小: 28.68 MiB
  压缩率: 3.67x
  压缩时间: 2.63 秒
  压缩吞吐量: 40.09 MiB/s
  解压时间: 0.48 秒
  解压吞吐量: 219.36 MiB/s
  压缩文件: ./compressed_datasets/Cpython/v3.14.0a3.tar.zip

文件 #92: v3.14.0a4.tar
  原始大小: 105.65 MiB
  压缩大小: 28.74 MiB
  压缩率: 3.67x
  压缩时间: 2.57 秒
  压缩吞吐量: 41.12 MiB/s
  解压时间: 0.48 秒
  解压吞吐量: 220.54 MiB/s
  压缩文件: ./compressed_datasets/Cpython/v3.14.0a4.tar.zip

文件 #93: v3.14.0a5.tar
  原始大小: 106.00 MiB
  压缩大小: 28.83 MiB
  压缩率: 3.67x
  压缩时间: 2.64 秒
  压缩吞吐量: 40.09 MiB/s
  解压时间: 0.48 秒
  解压吞吐量: 220.41 MiB/s
  压缩文件: ./compressed_datasets/Cpython/v3.14.0a5.tar.zip

文件 #94: v3.14.0a6.tar
  原始大小: 106.87 MiB
  压缩大小: 28.95 MiB
  压缩率: 3.69x
  压缩时间: 2.55 秒
  压缩吞吐量: 41.94 MiB/s
  解压时间: 0.48 秒
  解压吞吐量: 221.50 MiB/s
  压缩文件: ./compressed_datasets/Cpython/v3.14.0a6.tar.zip

文件 #95: v3.14.0a7.tar
  原始大小: 107.28 MiB
  压缩大小: 29.04 MiB
  压缩率: 3.69x
  压缩时间: 2.57 秒
  压缩吞吐量: 41.82 MiB/s
  解压时间: 0.49 秒
  解压吞吐量: 220.50 MiB/s
  压缩文件: ./compressed_datasets/Cpython/v3.14.0a7.tar.zip

文件 #96: v3.14.0b1.tar
  原始大小: 109.03 MiB
  压缩大小: 29.36 MiB
  压缩率: 3.71x
  压缩时间: 2.69 秒
  压缩吞吐量: 40.54 MiB/s
  解压时间: 0.49 秒
  解压吞吐量: 221.32 MiB/s
  压缩文件: ./compressed_datasets/Cpython/v3.14.0b1.tar.zip

文件 #97: v3.14.0b2.tar
  原始大小: 111.87 MiB
  压缩大小: 29.63 MiB
  压缩率: 3.77x
  压缩时间: 2.78 秒
  压缩吞吐量: 40.22 MiB/s
  解压时间: 0.50 秒
  解压吞吐量: 222.01 MiB/s
  压缩文件: ./compressed_datasets/Cpython/v3.14.0b2.tar.zip

文件 #98: v3.14.0b3.tar
  原始大小: 112.23 MiB
  压缩大小: 29.69 MiB
  压缩率: 3.77x
  压缩时间: 2.67 秒
  压缩吞吐量: 42.11 MiB/s
  解压时间: 0.51 秒
  解压吞吐量: 220.89 MiB/s
  压缩文件: ./compressed_datasets/Cpython/v3.14.0b3.tar.zip

文件 #99: v3.14.0b4.tar
  原始大小: 112.30 MiB
  压缩大小: 29.72 MiB
  压缩率: 3.77x
  压缩时间: 2.70 秒
  压缩吞吐量: 41.58 MiB/s
  解压时间: 0.50 秒
  解压吞吐量: 223.10 MiB/s
  压缩文件: ./compressed_datasets/Cpython/v3.14.0b4.tar.zip

文件 #100: v3.14.0rc1.tar
  原始大小: 112.44 MiB
  压缩大小: 29.75 MiB
  压缩率: 3.77x
  压缩时间: 2.62 秒
  压缩吞吐量: 42.92 MiB/s
  解压时间: 0.50 秒
  解压吞吐量: 222.78 MiB/s
  压缩文件: ./compressed_datasets/Cpython/v3.14.0rc1.tar.zip

=== Cpython 总体统计 ===
实际处理文件数量: 100
预期文件数量: 100
总原始大小: 9845.66 MiB
总压缩大小: 2618.93 MiB
总体压缩率: 3.75x
总压缩时间: 241.22 秒
总解压时间: 45.08 秒
压缩总体吞吐量: 40.81 MiB/s
解压总体吞吐量: 218.40 MiB/s
压缩文件保存目录: ./compressed_datasets/Cpython/
完成时间: 2025年 07月 29日 星期二 10:22:08 CST
