filename,compressed_bytes,restored_bytes,throughput_MiB_s
netty-4.1.100.Final.tar.zst,3046795,23521280,924.2763
netty-4.1.101.Final.tar.zst,3052150,23562240,906.9357
netty-4.1.102.Final.tar.zst,3080153,23664640,916.1072
netty-4.1.103.Final.tar.zst,3080386,23664640,924.0867
netty-4.1.104.Final.tar.zst,3079915,23664640,913.6309
netty-4.1.105.Final.tar.zst,3084013,23695360,928.3048
netty-4.1.106.Final.tar.zst,3085204,23695360,923.0487
netty-4.1.107.Final.tar.zst,3094136,23767040,917.7246
netty-4.1.108.Final.tar.zst,3106041,23838720,921.8678
netty-4.1.109.Final.tar.zst,3116688,23920640,907.1220
netty-4.1.110.Final.tar.zst,3132152,24043520,916.3783
netty-4.1.111.Final.tar.zst,3135573,24084480,923.9768
netty-4.1.112.Final.tar.zst,3140492,24115200,928.3066
netty-4.1.113.Final.tar.zst,3143648,24145920,915.1691
netty-4.1.114.Final.tar.zst,3156426,24238080,930.5836
netty-4.1.115.Final.tar.zst,3161570,24268800,910.1646
netty-4.1.116.Final.tar.zst,3170364,24340480,927.6412
netty-4.1.117.Final.tar.zst,3172846,24350720,914.4327
netty-4.1.118.Final.tar.zst,3174958,24371200,913.8730
netty-4.1.119.Final.tar.zst,3178529,24391680,920.9250
netty-4.1.120.Final.tar.zst,3182742,24412160,924.3233
netty-4.1.121.Final.tar.zst,3182916,24412160,921.5393
netty-4.1.122.Final.tar.zst,3186876,24524800,916.1350
netty-4.1.123.Final.tar.zst,3188595,24514560,929.6511
netty-4.1.45.Final.tar.zst,2566636,19886080,906.6844
netty-4.1.46.Final.tar.zst,2577862,19957760,914.5580
netty-4.1.47.Final.tar.zst,2579454,19998720,911.9827
netty-4.1.48.Final.tar.zst,2582104,20019200,913.5420
netty-4.1.49.Final.tar.zst,2635078,20346880,904.8349
netty-4.1.50.Final.tar.zst,2644660,20428800,898.9279
netty-4.1.51.Final.tar.zst,2655282,20510720,905.0616
netty-4.1.52.Final.tar.zst,2688104,20725760,907.1479
netty-4.1.53.Final.tar.zst,2724330,20879360,897.7252
netty-4.1.54.Final.tar.zst,2738363,21002240,903.8586
netty-4.1.55.Final.tar.zst,2748147,21084160,909.0086
netty-4.1.56.Final.tar.zst,2749253,21094400,911.7336
netty-4.1.57.Final.tar.zst,2759233,21166080,904.1096
netty-4.1.58.Final.tar.zst,2757382,21145600,920.0658
netty-4.1.59.Final.tar.zst,2768655,21227520,902.8095
netty-4.1.60.Final.tar.zst,2793071,21360640,919.1151
netty-4.1.61.Final.tar.zst,2799143,21401600,899.2487
netty-4.1.62.Final.tar.zst,2798448,21401600,904.7695
netty-4.1.63.Final.tar.zst,2799701,21411840,911.2537
netty-4.1.64.Final.tar.zst,2853520,21678080,907.8817
netty-4.1.65.Final.tar.zst,2856039,21708800,919.1674
netty-4.1.66.Final.tar.zst,2854477,22097920,907.0439
netty-4.1.67.Final.tar.zst,2861724,22159360,921.7425
netty-4.1.68.Final.tar.zst,2872906,22200320,921.3372
netty-4.1.69.Final.tar.zst,2876905,22220800,922.3041
netty-4.1.70.Final.tar.zst,2880105,22251520,906.4004
netty-4.1.71.Final.tar.zst,2881434,22282240,908.0033
netty-4.1.72.Final.tar.zst,2881764,22292480,925.1851
netty-4.1.73.Final.tar.zst,2886434,22333440,923.9934
netty-4.1.74.Final.tar.zst,2899599,22425600,927.3742
netty-4.1.75.Final.tar.zst,2901276,22435840,920.7354
netty-4.1.76.Final.tar.zst,2907771,22507520,909.8793
netty-4.1.77.Final.tar.zst,2910022,22507520,929.8165
netty-4.1.78.Final.tar.zst,2914481,22528000,914.8546
netty-4.1.79.Final.tar.zst,2921148,22568960,921.3046
netty-4.1.80.Final.tar.zst,2945405,22702080,930.8269
netty-4.1.81.Final.tar.zst,2946850,22712320,923.6693
netty-4.1.82.Final.tar.zst,2946958,22712320,893.3591
netty-4.1.83.Final.tar.zst,2967833,22947840,926.6207
netty-4.1.84.Final.tar.zst,2968333,22947840,930.6099
netty-4.1.85.Final.tar.zst,2973953,22999040,920.1099
netty-4.1.86.Final.tar.zst,2987937,23101440,919.4822
netty-4.1.87.Final.tar.zst,2992573,23121920,899.4003
netty-4.1.88.Final.tar.zst,3004340,23234560,927.3732
netty-4.1.89.Final.tar.zst,3004982,23234560,918.4247
netty-4.1.90.Final.tar.zst,3008276,23255040,927.0898
netty-4.1.91.Final.tar.zst,3013121,23285760,929.0885
netty-4.1.92.Final.tar.zst,3018360,23326720,913.5905
netty-4.1.93.Final.tar.zst,3022882,23357440,928.8101
netty-4.1.94.Final.tar.zst,3025992,23388160,898.0173
netty-4.1.95.Final.tar.zst,3030596,23429120,916.1265
netty-4.1.96.Final.tar.zst,3031699,23429120,924.4687
netty-4.1.97.Final.tar.zst,3039046,23459840,929.7853
netty-4.1.98.Final.tar.zst,3042971,23490560,929.3450
netty-4.1.99.Final.tar.zst,3045975,23500800,914.0073
netty-4.2.0.Alpha1.tar.zst,3220888,25108480,932.4566
netty-4.2.0.Alpha2.tar.zst,3226488,25159680,940.5825
netty-4.2.0.Alpha3.tar.zst,3234670,25251840,929.1994
netty-4.2.0.Alpha4.tar.zst,3257863,25477120,927.0636
netty-4.2.0.Alpha5.tar.zst,3270680,25630720,936.7993
netty-4.2.0.Alpha6.tar.zst,3273214,25640960,945.4958
netty-4.2.0.Beta1.tar.zst,3273236,25640960,934.4810
netty-4.2.0.Final.tar.zst,3366741,26275840,949.4823
netty-4.2.0.RC1.tar.zst,3302714,25825280,950.7404
netty-4.2.0.RC2.tar.zst,3320839,26040320,941.5000
netty-4.2.0.RC3.tar.zst,3343792,26132480,947.2785
netty-4.2.0.RC4.tar.zst,3357992,26224640,941.9479
netty-4.2.1.Final.tar.zst,3542077,27187200,933.9867
netty-4.2.2.Final.tar.zst,3683083,28467200,937.8460
netty-4.2.3.Final.tar.zst,3708630,28631040,953.8021
netty-5.0.0.Alpha1.tar.zst,2517132,19066880,892.0143
netty-5.0.0.Alpha2.tar.zst,2360326,17489920,892.5778
netty-5.0.0.Alpha3.tar.zst,2300893,16936960,891.8663
netty-5.0.0.Alpha4.tar.zst,2346420,17162240,865.1044
netty-5.0.0.Alpha5.tar.zst,2329019,17090560,891.5542


Total_decompressed_files: 99
Mean_throughput_MiB_s: 918.6429
Std_dev_MiB_s: 14.6864
95%_CI_MiB_s: [915.7499, 921.5360]
