=== WEB LZ4压缩报告 ===
开始时间: 2025年 07月 31日 星期四 18:05:19 CST
源路径: /mnt/dataset2/WEB
预期文件数量: 102
压缩算法: LZ4

文件处理顺序:
  1. 2016-06-13.tar
  2. 2016-06-15.tar
  3. 2016-06-16.tar
  4. 2016-06-17.tar
  5. 2016-06-18.tar
  6. 2016-06-20.tar
  7. 2016-06-22.tar
  8. 2016-06-23.tar
  9. 2016-06-24.tar
  10. 2016-06-25.tar
  11. 2016-06-26.tar
  12. 2016-06-27.tar
  13. 2016-06-28.tar
  14. 2016-06-29.tar
  15. 2016-06-30.tar
  16. 2016-07-01.tar
  17. 2016-07-02.tar
  18. 2016-07-03.tar
  19. 2016-07-04.tar
  20. 2016-07-05.tar
  21. 2016-07-06.tar
  22. 2016-07-07.tar
  23. 2016-07-08.tar
  24. 2016-07-09.tar
  25. 2016-07-10.tar
  26. 2016-07-11.tar
  27. 2016-07-12.tar
  28. 2016-07-13.tar
  29. 2016-07-14.tar
  30. 2016-07-15.tar
  31. 2016-07-16.tar
  32. 2016-07-17.tar
  33. 2016-07-18.tar
  34. 2016-07-19.tar
  35. 2016-07-20.tar
  36. 2016-07-21.tar
  37. 2016-07-22.tar
  38. 2016-07-23.tar
  39. 2016-07-24.tar
  40. 2016-07-25.tar
  41. 2016-07-26.tar
  42. 2016-07-27.tar
  43. 2016-07-28.tar
  44. 2016-07-29.tar
  45. 2016-07-30.tar
  46. 2016-07-31.tar
  47. 2016-08-01.tar
  48. 2016-08-02.tar
  49. 2016-08-03.tar
  50. 2016-08-04.tar
  51. 2016-08-05.tar
  52. 2016-08-06.tar
  53. 2016-08-07.tar
  54. 2016-08-08.tar
  55. 2016-08-09.tar
  56. 2016-08-10.tar
  57. 2016-08-11.tar
  58. 2016-08-12.tar
  59. 2016-08-13.tar
  60. 2016-08-14.tar
  61. 2016-08-15.tar
  62. 2016-08-16.tar
  63. 2016-08-17.tar
  64. 2016-08-18.tar
  65. 2016-08-19.tar
  66. 2016-08-20.tar
  67. 2016-08-21.tar
  68. 2016-08-22.tar
  69. 2016-08-23.tar
  70. 2016-08-24.tar
  71. 2016-08-25.tar
  72. 2016-08-26.tar
  73. 2016-08-27.tar
  74. 2016-08-28.tar
  75. 2016-08-29.tar
  76. 2016-08-30.tar
  77. 2016-08-31.tar
  78. 2016-09-01.tar
  79. 2016-09-02.tar
  80. 2016-09-03.tar
  81. 2016-09-04.tar
  82. 2016-09-05.tar
  83. 2016-09-06.tar
  84. 2016-09-07.tar
  85. 2016-09-08.tar
  86. 2016-09-09.tar
  87. 2016-09-10.tar
  88. 2016-09-11.tar
  89. 2016-09-12.tar
  90. 2016-09-18.tar
  91. 2016-09-19.tar
  92. 2016-09-20.tar
  93. 2016-09-21.tar
  94. 2016-09-22.tar
  95. 2016-09-23.tar
  96. 2016-09-24.tar
  97. 2016-09-25.tar
  98. 2016-09-26.tar
  99. 2016-09-27.tar
  100. 2016-09-28.tar
  101. 2016-09-29.tar
  102. 2016-09-30.tar

文件 #1: 2016-06-13.tar
  原始大小: 2736.53 MiB
  LZ4压缩大小: 1098.43 MiB
  压缩率: 2.49x
  压缩时间: 9.23 秒
  压缩吞吐量: 296.482123 MiB/s
  解压时间: 5.15 秒
  解压吞吐量: 531.45 MiB/s
  LZ4文件: ./compressed_datasets/WEB/2016-06-13.tar.lz4

文件 #2: 2016-06-15.tar
  原始大小: 2746.02 MiB
  LZ4压缩大小: 1102.03 MiB
  压缩率: 2.49x
  压缩时间: 9.05 秒
  压缩吞吐量: 303.427624 MiB/s
  解压时间: 4.84 秒
  解压吞吐量: 566.90 MiB/s
  LZ4文件: ./compressed_datasets/WEB/2016-06-15.tar.lz4

文件 #3: 2016-06-16.tar
  原始大小: 2725.14 MiB
  LZ4压缩大小: 1093.57 MiB
  压缩率: 2.49x
  压缩时间: 9.71 秒
  压缩吞吐量: 280.652935 MiB/s
  解压时间: 4.78 秒
  解压吞吐量: 570.68 MiB/s
  LZ4文件: ./compressed_datasets/WEB/2016-06-16.tar.lz4

文件 #4: 2016-06-17.tar
  原始大小: 2765.48 MiB
  LZ4压缩大小: 1104.60 MiB
  压缩率: 2.50x
  压缩时间: 9.38 秒
  压缩吞吐量: 294.827292 MiB/s
  解压时间: 5.38 秒
  解压吞吐量: 513.57 MiB/s
  LZ4文件: ./compressed_datasets/WEB/2016-06-17.tar.lz4

文件 #5: 2016-06-18.tar
  原始大小: 2739.86 MiB
  LZ4压缩大小: 1093.95 MiB
  压缩率: 2.50x
  压缩时间: 9.27 秒
  压缩吞吐量: 295.562028 MiB/s
  解压时间: 4.71 秒
  解压吞吐量: 581.76 MiB/s
  LZ4文件: ./compressed_datasets/WEB/2016-06-18.tar.lz4

文件 #6: 2016-06-20.tar
  原始大小: 2771.15 MiB
  LZ4压缩大小: 1106.58 MiB
  压缩率: 2.50x
  压缩时间: 10.05 秒
  压缩吞吐量: 275.736318 MiB/s
  解压时间: 5.26 秒
  解压吞吐量: 526.66 MiB/s
  LZ4文件: ./compressed_datasets/WEB/2016-06-20.tar.lz4

文件 #7: 2016-06-22.tar
  原始大小: 2771.51 MiB
  LZ4压缩大小: 1106.61 MiB
  压缩率: 2.50x
  压缩时间: 9.03 秒
  压缩吞吐量: 306.922480 MiB/s
  解压时间: 4.37 秒
  解压吞吐量: 634.12 MiB/s
  LZ4文件: ./compressed_datasets/WEB/2016-06-22.tar.lz4

文件 #8: 2016-06-23.tar
  原始大小: 2801.98 MiB
  LZ4压缩大小: 1119.19 MiB
  压缩率: 2.50x
  压缩时间: 10.43 秒
  压缩吞吐量: 268.646212 MiB/s
  解压时间: 4.32 秒
  解压吞吐量: 648.21 MiB/s
  LZ4文件: ./compressed_datasets/WEB/2016-06-23.tar.lz4

文件 #9: 2016-06-24.tar
  原始大小: 2785.23 MiB
  LZ4压缩大小: 1112.30 MiB
  压缩率: 2.50x
  压缩时间: 10.65 秒
  压缩吞吐量: 261.523943 MiB/s
  解压时间: 5.23 秒
  解压吞吐量: 532.54 MiB/s
  LZ4文件: ./compressed_datasets/WEB/2016-06-24.tar.lz4

文件 #10: 2016-06-25.tar
  原始大小: 2784.76 MiB
  LZ4压缩大小: 1111.62 MiB
  压缩率: 2.50x
  压缩时间: 10.37 秒
  压缩吞吐量: 268.540019 MiB/s
  解压时间: 5.70 秒
  解压吞吐量: 488.42 MiB/s
  LZ4文件: ./compressed_datasets/WEB/2016-06-25.tar.lz4

文件 #11: 2016-06-26.tar
  原始大小: 2763.83 MiB
  LZ4压缩大小: 1103.34 MiB
  压缩率: 2.50x
  压缩时间: 19.40 秒
  压缩吞吐量: 142.465463 MiB/s
  解压时间: 2.16 秒
  解压吞吐量: 1280.81 MiB/s
  LZ4文件: ./compressed_datasets/WEB/2016-06-26.tar.lz4

文件 #12: 2016-06-27.tar
  原始大小: 2761.99 MiB
  LZ4压缩大小: 1102.39 MiB
  压缩率: 2.50x
  压缩时间: 9.16 秒
  压缩吞吐量: 301.527292 MiB/s
  解压时间: 6.83 秒
  解压吞吐量: 404.60 MiB/s
  LZ4文件: ./compressed_datasets/WEB/2016-06-27.tar.lz4

文件 #13: 2016-06-28.tar
  原始大小: 2805.08 MiB
  LZ4压缩大小: 1119.47 MiB
  压缩率: 2.50x
  压缩时间: 10.21 秒
  压缩吞吐量: 274.738491 MiB/s
  解压时间: 11.13 秒
  解压吞吐量: 252.09 MiB/s
  LZ4文件: ./compressed_datasets/WEB/2016-06-28.tar.lz4

文件 #14: 2016-06-29.tar
  原始大小: 2785.60 MiB
  LZ4压缩大小: 1112.01 MiB
  压缩率: 2.50x
  压缩时间: 9.54 秒
  压缩吞吐量: 291.991614 MiB/s
  解压时间: 11.04 秒
  解压吞吐量: 252.39 MiB/s
  LZ4文件: ./compressed_datasets/WEB/2016-06-29.tar.lz4

文件 #15: 2016-06-30.tar
  原始大小: 2805.86 MiB
  LZ4压缩大小: 1119.99 MiB
  压缩率: 2.50x
  压缩时间: 9.27 秒
  压缩吞吐量: 302.681769 MiB/s
  解压时间: 12.07 秒
  解压吞吐量: 232.50 MiB/s
  LZ4文件: ./compressed_datasets/WEB/2016-06-30.tar.lz4

文件 #16: 2016-07-01.tar
  原始大小: 2800.78 MiB
  LZ4压缩大小: 1117.96 MiB
  压缩率: 2.50x
  压缩时间: 9.18 秒
  压缩吞吐量: 305.095860 MiB/s
  解压时间: 11.05 秒
  解压吞吐量: 253.56 MiB/s
  LZ4文件: ./compressed_datasets/WEB/2016-07-01.tar.lz4

文件 #17: 2016-07-02.tar
  原始大小: 2840.69 MiB
  LZ4压缩大小: 1133.01 MiB
  压缩率: 2.50x
  压缩时间: 9.45 秒
  压缩吞吐量: 300.602116 MiB/s
  解压时间: 9.82 秒
  解压吞吐量: 289.16 MiB/s
  LZ4文件: ./compressed_datasets/WEB/2016-07-02.tar.lz4

文件 #18: 2016-07-03.tar
  原始大小: 2860.64 MiB
  LZ4压缩大小: 1141.23 MiB
  压缩率: 2.50x
  压缩时间: 9.42 秒
  压缩吞吐量: 303.677282 MiB/s
  解压时间: 5.60 秒
  解压吞吐量: 511.09 MiB/s
  LZ4文件: ./compressed_datasets/WEB/2016-07-03.tar.lz4

文件 #19: 2016-07-04.tar
  原始大小: 2863.04 MiB
  LZ4压缩大小: 1142.18 MiB
  压缩率: 2.50x
  压缩时间: 10.67 秒
  压缩吞吐量: 268.326148 MiB/s
  解压时间: 4.00 秒
  解压吞吐量: 714.93 MiB/s
  LZ4文件: ./compressed_datasets/WEB/2016-07-04.tar.lz4

文件 #20: 2016-07-05.tar
  原始大小: 2844.15 MiB
  LZ4压缩大小: 1134.82 MiB
  压缩率: 2.50x
  压缩时间: 10.12 秒
  压缩吞吐量: 281.042490 MiB/s
  解压时间: 5.34 秒
  解压吞吐量: 532.65 MiB/s
  LZ4文件: ./compressed_datasets/WEB/2016-07-05.tar.lz4

文件 #21: 2016-07-06.tar
  原始大小: 2796.72 MiB
  LZ4压缩大小: 1115.81 MiB
  压缩率: 2.50x
  压缩时间: 8.96 秒
  压缩吞吐量: 312.133928 MiB/s
  解压时间: 4.88 秒
  解压吞吐量: 572.85 MiB/s
  LZ4文件: ./compressed_datasets/WEB/2016-07-06.tar.lz4

文件 #22: 2016-07-07.tar
  原始大小: 2756.76 MiB
  LZ4压缩大小: 1099.28 MiB
  压缩率: 2.50x
  压缩时间: 9.10 秒
  压缩吞吐量: 302.940659 MiB/s
  解压时间: 4.17 秒
  解压吞吐量: 661.21 MiB/s
  LZ4文件: ./compressed_datasets/WEB/2016-07-07.tar.lz4

文件 #23: 2016-07-08.tar
  原始大小: 2729.91 MiB
  LZ4压缩大小: 1088.75 MiB
  压缩率: 2.50x
  压缩时间: 8.88 秒
  压缩吞吐量: 307.422297 MiB/s
  解压时间: 4.74 秒
  解压吞吐量: 575.37 MiB/s
  LZ4文件: ./compressed_datasets/WEB/2016-07-08.tar.lz4

文件 #24: 2016-07-09.tar
  原始大小: 2719.80 MiB
  LZ4压缩大小: 1084.57 MiB
  压缩率: 2.50x
  压缩时间: 8.93 秒
  压缩吞吐量: 304.568868 MiB/s
  解压时间: 4.33 秒
  解压吞吐量: 627.89 MiB/s
  LZ4文件: ./compressed_datasets/WEB/2016-07-09.tar.lz4

文件 #25: 2016-07-10.tar
  原始大小: 2734.11 MiB
  LZ4压缩大小: 1090.54 MiB
  压缩率: 2.50x
  压缩时间: 9.08 秒
  压缩吞吐量: 301.113436 MiB/s
  解压时间: 4.83 秒
  解压吞吐量: 566.41 MiB/s
  LZ4文件: ./compressed_datasets/WEB/2016-07-10.tar.lz4

文件 #26: 2016-07-11.tar
  原始大小: 2741.96 MiB
  LZ4压缩大小: 1093.57 MiB
  压缩率: 2.50x
  压缩时间: 9.16 秒
  压缩吞吐量: 299.340611 MiB/s
  解压时间: 4.00 秒
  解压吞吐量: 685.65 MiB/s
  LZ4文件: ./compressed_datasets/WEB/2016-07-11.tar.lz4

文件 #27: 2016-07-12.tar
  原始大小: 2733.13 MiB
  LZ4压缩大小: 1090.02 MiB
  压缩率: 2.50x
  压缩时间: 9.46 秒
  压缩吞吐量: 288.914376 MiB/s
  解压时间: 4.74 秒
  解压吞吐量: 576.02 MiB/s
  LZ4文件: ./compressed_datasets/WEB/2016-07-12.tar.lz4

文件 #28: 2016-07-13.tar
  原始大小: 2731.97 MiB
  LZ4压缩大小: 1089.61 MiB
  压缩率: 2.50x
  压缩时间: 8.96 秒
  压缩吞吐量: 304.907366 MiB/s
  解压时间: 4.39 秒
  解压吞吐量: 622.49 MiB/s
  LZ4文件: ./compressed_datasets/WEB/2016-07-13.tar.lz4

文件 #29: 2016-07-14.tar
  原始大小: 2738.84 MiB
  LZ4压缩大小: 1092.10 MiB
  压缩率: 2.50x
  压缩时间: 9.14 秒
  压缩吞吐量: 299.654266 MiB/s
  解压时间: 4.96 秒
  解压吞吐量: 552.30 MiB/s
  LZ4文件: ./compressed_datasets/WEB/2016-07-14.tar.lz4

文件 #30: 2016-07-15.tar
  原始大小: 2742.90 MiB
  LZ4压缩大小: 1093.71 MiB
  压缩率: 2.50x
  压缩时间: 9.14 秒
  压缩吞吐量: 300.098468 MiB/s
  解压时间: 4.71 秒
  解压吞吐量: 582.06 MiB/s
  LZ4文件: ./compressed_datasets/WEB/2016-07-15.tar.lz4

文件 #31: 2016-07-16.tar
  原始大小: 2756.85 MiB
  LZ4压缩大小: 1099.06 MiB
  压缩率: 2.50x
  压缩时间: 9.08 秒
  压缩吞吐量: 303.617841 MiB/s
  解压时间: 4.94 秒
  解压吞吐量: 558.16 MiB/s
  LZ4文件: ./compressed_datasets/WEB/2016-07-16.tar.lz4

文件 #32: 2016-07-17.tar
  原始大小: 2721.02 MiB
  LZ4压缩大小: 1084.70 MiB
  压缩率: 2.50x
  压缩时间: 8.86 秒
  压缩吞吐量: 307.112866 MiB/s
  解压时间: 5.12 秒
  解压吞吐量: 531.19 MiB/s
  LZ4文件: ./compressed_datasets/WEB/2016-07-17.tar.lz4

文件 #33: 2016-07-18.tar
  原始大小: 2687.47 MiB
  LZ4压缩大小: 1071.51 MiB
  压缩率: 2.50x
  压缩时间: 8.74 秒
  压缩吞吐量: 307.490846 MiB/s
  解压时间: 6.02 秒
  解压吞吐量: 446.45 MiB/s
  LZ4文件: ./compressed_datasets/WEB/2016-07-18.tar.lz4

文件 #34: 2016-07-19.tar
  原始大小: 2734.19 MiB
  LZ4压缩大小: 1090.74 MiB
  压缩率: 2.50x
  压缩时间: 9.35 秒
  压缩吞吐量: 292.426737 MiB/s
  解压时间: 4.08 秒
  解压吞吐量: 670.68 MiB/s
  LZ4文件: ./compressed_datasets/WEB/2016-07-19.tar.lz4

文件 #35: 2016-07-20.tar
  原始大小: 2748.06 MiB
  LZ4压缩大小: 1096.38 MiB
  压缩率: 2.50x
  压缩时间: 9.01 秒
  压缩吞吐量: 305.001109 MiB/s
  解压时间: 4.17 秒
  解压吞吐量: 658.83 MiB/s
  LZ4文件: ./compressed_datasets/WEB/2016-07-20.tar.lz4

文件 #36: 2016-07-21.tar
  原始大小: 2760.14 MiB
  LZ4压缩大小: 1101.62 MiB
  压缩率: 2.50x
  压缩时间: 9.43 秒
  压缩吞吐量: 292.697773 MiB/s
  解压时间: 4.97 秒
  解压吞吐量: 555.91 MiB/s
  LZ4文件: ./compressed_datasets/WEB/2016-07-21.tar.lz4

文件 #37: 2016-07-22.tar
  原始大小: 2752.88 MiB
  LZ4压缩大小: 1098.48 MiB
  压缩率: 2.50x
  压缩时间: 9.23 秒
  压缩吞吐量: 298.253521 MiB/s
  解压时间: 4.82 秒
  解压吞吐量: 570.90 MiB/s
  LZ4文件: ./compressed_datasets/WEB/2016-07-22.tar.lz4

文件 #38: 2016-07-23.tar
  原始大小: 2774.90 MiB
  LZ4压缩大小: 1107.57 MiB
  压缩率: 2.50x
  压缩时间: 9.41 秒
  压缩吞吐量: 294.888416 MiB/s
  解压时间: 3.97 秒
  解压吞吐量: 698.76 MiB/s
  LZ4文件: ./compressed_datasets/WEB/2016-07-23.tar.lz4

文件 #39: 2016-07-24.tar
  原始大小: 2752.73 MiB
  LZ4压缩大小: 1098.67 MiB
  压缩率: 2.50x
  压缩时间: 9.01 秒
  压缩吞吐量: 305.519422 MiB/s
  解压时间: 3.74 秒
  解压吞吐量: 735.60 MiB/s
  LZ4文件: ./compressed_datasets/WEB/2016-07-24.tar.lz4

文件 #40: 2016-07-25.tar
  原始大小: 2753.10 MiB
  LZ4压缩大小: 1099.14 MiB
  压缩率: 2.50x
  压缩时间: 9.04 秒
  压缩吞吐量: 304.546460 MiB/s
  解压时间: 5.22 秒
  解压吞吐量: 527.24 MiB/s
  LZ4文件: ./compressed_datasets/WEB/2016-07-25.tar.lz4

文件 #41: 2016-07-26.tar
  原始大小: 2774.08 MiB
  LZ4压缩大小: 1107.53 MiB
  压缩率: 2.50x
  压缩时间: 10.12 秒
  压缩吞吐量: 274.118577 MiB/s
  解压时间: 4.02 秒
  解压吞吐量: 690.42 MiB/s
  LZ4文件: ./compressed_datasets/WEB/2016-07-26.tar.lz4

文件 #42: 2016-07-27.tar
  原始大小: 2752.42 MiB
  LZ4压缩大小: 1098.76 MiB
  压缩率: 2.50x
  压缩时间: 9.17 秒
  压缩吞吐量: 300.154852 MiB/s
  解压时间: 4.11 秒
  解压吞吐量: 670.24 MiB/s
  LZ4文件: ./compressed_datasets/WEB/2016-07-27.tar.lz4

文件 #43: 2016-07-28.tar
  原始大小: 2751.57 MiB
  LZ4压缩大小: 1098.50 MiB
  压缩率: 2.50x
  压缩时间: 9.09 秒
  压缩吞吐量: 302.702970 MiB/s
  解压时间: 4.71 秒
  解压吞吐量: 583.62 MiB/s
  LZ4文件: ./compressed_datasets/WEB/2016-07-28.tar.lz4

文件 #44: 2016-07-29.tar
  原始大小: 2754.61 MiB
  LZ4压缩大小: 1100.10 MiB
  压缩率: 2.50x
  压缩时间: 9.48 秒
  压缩吞吐量: 290.570675 MiB/s
  解压时间: 4.51 秒
  解压吞吐量: 610.82 MiB/s
  LZ4文件: ./compressed_datasets/WEB/2016-07-29.tar.lz4

文件 #45: 2016-07-30.tar
  原始大小: 2739.20 MiB
  LZ4压缩大小: 1094.19 MiB
  压缩率: 2.50x
  压缩时间: 10.37 秒
  压缩吞吐量: 264.146576 MiB/s
  解压时间: 5.01 秒
  解压吞吐量: 546.49 MiB/s
  LZ4文件: ./compressed_datasets/WEB/2016-07-30.tar.lz4

文件 #46: 2016-07-31.tar
  原始大小: 2757.08 MiB
  LZ4压缩大小: 1101.09 MiB
  压缩率: 2.50x
  压缩时间: 9.10 秒
  压缩吞吐量: 302.975824 MiB/s
  解压时间: 4.42 秒
  解压吞吐量: 623.29 MiB/s
  LZ4文件: ./compressed_datasets/WEB/2016-07-31.tar.lz4

文件 #47: 2016-08-01.tar
  原始大小: 2776.50 MiB
  LZ4压缩大小: 1108.78 MiB
  压缩率: 2.50x
  压缩时间: 10.05 秒
  压缩吞吐量: 276.268656 MiB/s
  解压时间: 4.71 秒
  解压吞吐量: 589.62 MiB/s
  LZ4文件: ./compressed_datasets/WEB/2016-08-01.tar.lz4

文件 #48: 2016-08-02.tar
  原始大小: 2776.49 MiB
  LZ4压缩大小: 1108.86 MiB
  压缩率: 2.50x
  压缩时间: 9.81 秒
  压缩吞吐量: 283.026503 MiB/s
  解压时间: 4.45 秒
  解压吞吐量: 624.24 MiB/s
  LZ4文件: ./compressed_datasets/WEB/2016-08-02.tar.lz4

文件 #49: 2016-08-03.tar
  原始大小: 2780.69 MiB
  LZ4压缩大小: 1110.26 MiB
  压缩率: 2.50x
  压缩时间: 9.48 秒
  压缩吞吐量: 293.321729 MiB/s
  解压时间: 5.07 秒
  解压吞吐量: 548.58 MiB/s
  LZ4文件: ./compressed_datasets/WEB/2016-08-03.tar.lz4

文件 #50: 2016-08-04.tar
  原始大小: 2757.24 MiB
  LZ4压缩大小: 1100.74 MiB
  压缩率: 2.50x
  压缩时间: 9.14 秒
  压缩吞吐量: 301.667396 MiB/s
  解压时间: 5.61 秒
  解压吞吐量: 491.69 MiB/s
  LZ4文件: ./compressed_datasets/WEB/2016-08-04.tar.lz4

文件 #51: 2016-08-05.tar
  原始大小: 2779.08 MiB
  LZ4压缩大小: 1108.99 MiB
  压缩率: 2.50x
  压缩时间: 9.49 秒
  压缩吞吐量: 292.842992 MiB/s
  解压时间: 9.85 秒
  解压吞吐量: 282.12 MiB/s
  LZ4文件: ./compressed_datasets/WEB/2016-08-05.tar.lz4

文件 #52: 2016-08-06.tar
  原始大小: 2729.59 MiB
  LZ4压缩大小: 1089.32 MiB
  压缩率: 2.50x
  压缩时间: 8.74 秒
  压缩吞吐量: 312.310068 MiB/s
  解压时间: 15.12 秒
  解压吞吐量: 180.55 MiB/s
  LZ4文件: ./compressed_datasets/WEB/2016-08-06.tar.lz4

文件 #53: 2016-08-07.tar
  原始大小: 2732.25 MiB
  LZ4压缩大小: 1090.07 MiB
  压缩率: 2.50x
  压缩时间: 9.20 秒
  压缩吞吐量: 296.983695 MiB/s
  解压时间: 12.97 秒
  解压吞吐量: 210.67 MiB/s
  LZ4文件: ./compressed_datasets/WEB/2016-08-07.tar.lz4

文件 #54: 2016-08-08.tar
  原始大小: 2751.50 MiB
  LZ4压缩大小: 1097.81 MiB
  压缩率: 2.50x
  压缩时间: 9.37 秒
  压缩吞吐量: 293.649946 MiB/s
  解压时间: 16.62 秒
  解压吞吐量: 165.55 MiB/s
  LZ4文件: ./compressed_datasets/WEB/2016-08-08.tar.lz4

文件 #55: 2016-08-09.tar
  原始大小: 2760.77 MiB
  LZ4压缩大小: 1101.55 MiB
  压缩率: 2.50x
  压缩时间: 8.90 秒
  压缩吞吐量: 310.198876 MiB/s
  解压时间: 16.23 秒
  解压吞吐量: 170.07 MiB/s
  LZ4文件: ./compressed_datasets/WEB/2016-08-09.tar.lz4

文件 #56: 2016-08-10.tar
  原始大小: 2757.28 MiB
  LZ4压缩大小: 1100.07 MiB
  压缩率: 2.50x
  压缩时间: 9.24 秒
  压缩吞吐量: 298.406926 MiB/s
  解压时间: 14.52 秒
  解压吞吐量: 189.87 MiB/s
  LZ4文件: ./compressed_datasets/WEB/2016-08-10.tar.lz4

文件 #57: 2016-08-11.tar
  原始大小: 2772.13 MiB
  LZ4压缩大小: 1106.07 MiB
  压缩率: 2.50x
  压缩时间: 8.96 秒
  压缩吞吐量: 309.389508 MiB/s
  解压时间: 17.96 秒
  解压吞吐量: 154.34 MiB/s
  LZ4文件: ./compressed_datasets/WEB/2016-08-11.tar.lz4

文件 #58: 2016-08-12.tar
  原始大小: 2757.98 MiB
  LZ4压缩大小: 1100.23 MiB
  压缩率: 2.50x
  压缩时间: 9.04 秒
  压缩吞吐量: 305.086283 MiB/s
  解压时间: 16.60 秒
  解压吞吐量: 166.10 MiB/s
  LZ4文件: ./compressed_datasets/WEB/2016-08-12.tar.lz4

文件 #59: 2016-08-13.tar
  原始大小: 2762.69 MiB
  LZ4压缩大小: 1101.77 MiB
  压缩率: 2.50x
  压缩时间: 9.11 秒
  压缩吞吐量: 303.259055 MiB/s
  解压时间: 15.73 秒
  解压吞吐量: 175.60 MiB/s
  LZ4文件: ./compressed_datasets/WEB/2016-08-13.tar.lz4

文件 #60: 2016-08-14.tar
  原始大小: 2765.26 MiB
  LZ4压缩大小: 1102.80 MiB
  压缩率: 2.50x
  压缩时间: 9.05 秒
  压缩吞吐量: 305.553591 MiB/s
  解压时间: 14.49 秒
  解压吞吐量: 190.87 MiB/s
  LZ4文件: ./compressed_datasets/WEB/2016-08-14.tar.lz4

文件 #61: 2016-08-15.tar
  原始大小: 2766.26 MiB
  LZ4压缩大小: 1103.31 MiB
  压缩率: 2.50x
  压缩时间: 9.30 秒
  压缩吞吐量: 297.447311 MiB/s
  解压时间: 14.57 秒
  解压吞吐量: 189.91 MiB/s
  LZ4文件: ./compressed_datasets/WEB/2016-08-15.tar.lz4

文件 #62: 2016-08-16.tar
  原始大小: 2766.58 MiB
  LZ4压缩大小: 1103.49 MiB
  压缩率: 2.50x
  压缩时间: 9.37 秒
  压缩吞吐量: 295.259338 MiB/s
  解压时间: 8.11 秒
  解压吞吐量: 341.08 MiB/s
  LZ4文件: ./compressed_datasets/WEB/2016-08-16.tar.lz4

文件 #63: 2016-08-17.tar
  原始大小: 2781.33 MiB
  LZ4压缩大小: 1109.67 MiB
  压缩率: 2.50x
  压缩时间: 8.90 秒
  压缩吞吐量: 312.508988 MiB/s
  解压时间: 4.86 秒
  解压吞吐量: 572.61 MiB/s
  LZ4文件: ./compressed_datasets/WEB/2016-08-17.tar.lz4

文件 #64: 2016-08-18.tar
  原始大小: 2754.48 MiB
  LZ4压缩大小: 1098.75 MiB
  压缩率: 2.50x
  压缩时间: 21.12 秒
  压缩吞吐量: 130.420454 MiB/s
  解压时间: 2.15 秒
  解压吞吐量: 1280.61 MiB/s
  LZ4文件: ./compressed_datasets/WEB/2016-08-18.tar.lz4

文件 #65: 2016-08-19.tar
  原始大小: 2763.31 MiB
  LZ4压缩大小: 1102.15 MiB
  压缩率: 2.50x
  压缩时间: 19.43 秒
  压缩吞吐量: 142.218733 MiB/s
  解压时间: 2.17 秒
  解压吞吐量: 1272.78 MiB/s
  LZ4文件: ./compressed_datasets/WEB/2016-08-19.tar.lz4

文件 #66: 2016-08-20.tar
  原始大小: 2733.18 MiB
  LZ4压缩大小: 1090.49 MiB
  压缩率: 2.50x
  压缩时间: 9.03 秒
  压缩吞吐量: 302.677740 MiB/s
  解压时间: 4.42 秒
  解压吞吐量: 617.79 MiB/s
  LZ4文件: ./compressed_datasets/WEB/2016-08-20.tar.lz4

文件 #67: 2016-08-21.tar
  原始大小: 2755.16 MiB
  LZ4压缩大小: 1099.28 MiB
  压缩率: 2.50x
  压缩时间: 9.24 秒
  压缩吞吐量: 298.177489 MiB/s
  解压时间: 4.32 秒
  解压吞吐量: 637.71 MiB/s
  LZ4文件: ./compressed_datasets/WEB/2016-08-21.tar.lz4

文件 #68: 2016-08-22.tar
  原始大小: 2757.83 MiB
  LZ4压缩大小: 1100.36 MiB
  压缩率: 2.50x
  压缩时间: 9.18 秒
  压缩吞吐量: 300.417211 MiB/s
  解压时间: 6.00 秒
  解压吞吐量: 459.85 MiB/s
  LZ4文件: ./compressed_datasets/WEB/2016-08-22.tar.lz4

文件 #69: 2016-08-23.tar
  原始大小: 2752.59 MiB
  LZ4压缩大小: 1098.21 MiB
  压缩率: 2.50x
  压缩时间: 9.15 秒
  压缩吞吐量: 300.829508 MiB/s
  解压时间: 6.05 秒
  解压吞吐量: 454.98 MiB/s
  LZ4文件: ./compressed_datasets/WEB/2016-08-23.tar.lz4

文件 #70: 2016-08-24.tar
  原始大小: 2768.24 MiB
  LZ4压缩大小: 1104.24 MiB
  压缩率: 2.50x
  压缩时间: 9.12 秒
  压缩吞吐量: 303.535087 MiB/s
  解压时间: 5.53 秒
  解压吞吐量: 500.72 MiB/s
  LZ4文件: ./compressed_datasets/WEB/2016-08-24.tar.lz4

文件 #71: 2016-08-25.tar
  原始大小: 2783.25 MiB
  LZ4压缩大小: 1110.12 MiB
  压缩率: 2.50x
  压缩时间: 9.23 秒
  压缩吞吐量: 301.543878 MiB/s
  解压时间: 5.55 秒
  解压吞吐量: 501.88 MiB/s
  LZ4文件: ./compressed_datasets/WEB/2016-08-25.tar.lz4

文件 #72: 2016-08-26.tar
  原始大小: 2804.14 MiB
  LZ4压缩大小: 1118.88 MiB
  压缩率: 2.50x
  压缩时间: 9.76 秒
  压缩吞吐量: 287.309426 MiB/s
  解压时间: 5.95 秒
  解压吞吐量: 471.41 MiB/s
  LZ4文件: ./compressed_datasets/WEB/2016-08-26.tar.lz4

文件 #73: 2016-08-27.tar
  原始大小: 2785.65 MiB
  LZ4压缩大小: 1111.18 MiB
  压缩率: 2.50x
  压缩时间: 20.36 秒
  压缩吞吐量: 136.819744 MiB/s
  解压时间: 2.20 秒
  解压吞吐量: 1264.58 MiB/s
  LZ4文件: ./compressed_datasets/WEB/2016-08-27.tar.lz4

文件 #74: 2016-08-28.tar
  原始大小: 2776.07 MiB
  LZ4压缩大小: 1107.52 MiB
  压缩率: 2.50x
  压缩时间: 9.75 秒
  压缩吞吐量: 284.725128 MiB/s
  解压时间: 4.27 秒
  解压吞吐量: 650.68 MiB/s
  LZ4文件: ./compressed_datasets/WEB/2016-08-28.tar.lz4

文件 #75: 2016-08-29.tar
  原始大小: 2810.32 MiB
  LZ4压缩大小: 1121.22 MiB
  压缩率: 2.50x
  压缩时间: 9.95 秒
  压缩吞吐量: 282.444221 MiB/s
  解压时间: 4.12 秒
  解压吞吐量: 682.28 MiB/s
  LZ4文件: ./compressed_datasets/WEB/2016-08-29.tar.lz4

文件 #76: 2016-08-30.tar
  原始大小: 2822.84 MiB
  LZ4压缩大小: 1125.99 MiB
  压缩率: 2.50x
  压缩时间: 10.23 秒
  压缩吞吐量: 275.937438 MiB/s
  解压时间: 3.90 秒
  解压吞吐量: 723.23 MiB/s
  LZ4文件: ./compressed_datasets/WEB/2016-08-30.tar.lz4

文件 #77: 2016-08-31.tar
  原始大小: 2820.62 MiB
  LZ4压缩大小: 1125.07 MiB
  压缩率: 2.50x
  压缩时间: 23.42 秒
  压缩吞吐量: 120.436379 MiB/s
  解压时间: 2.24 秒
  解压吞吐量: 1261.46 MiB/s
  LZ4文件: ./compressed_datasets/WEB/2016-08-31.tar.lz4

文件 #78: 2016-09-01.tar
  原始大小: 2830.85 MiB
  LZ4压缩大小: 1128.97 MiB
  压缩率: 2.50x
  压缩时间: 10.08 秒
  压缩吞吐量: 280.838293 MiB/s
  解压时间: 4.69 秒
  解压吞吐量: 603.67 MiB/s
  LZ4文件: ./compressed_datasets/WEB/2016-09-01.tar.lz4

文件 #79: 2016-09-02.tar
  原始大小: 2818.43 MiB
  LZ4压缩大小: 1123.86 MiB
  压缩率: 2.50x
  压缩时间: 10.25 秒
  压缩吞吐量: 274.968780 MiB/s
  解压时间: 4.77 秒
  解压吞吐量: 591.33 MiB/s
  LZ4文件: ./compressed_datasets/WEB/2016-09-02.tar.lz4

文件 #80: 2016-09-03.tar
  原始大小: 2833.65 MiB
  LZ4压缩大小: 1130.07 MiB
  压缩率: 2.50x
  压缩时间: 10.61 秒
  压缩吞吐量: 267.073515 MiB/s
  解压时间: 4.90 秒
  解压吞吐量: 578.38 MiB/s
  LZ4文件: ./compressed_datasets/WEB/2016-09-03.tar.lz4

文件 #81: 2016-09-04.tar
  原始大小: 2798.20 MiB
  LZ4压缩大小: 1115.74 MiB
  压缩率: 2.50x
  压缩时间: 9.91 秒
  压缩吞吐量: 282.361251 MiB/s
  解压时间: 4.54 秒
  解压吞吐量: 616.13 MiB/s
  LZ4文件: ./compressed_datasets/WEB/2016-09-04.tar.lz4

文件 #82: 2016-09-05.tar
  原始大小: 2806.32 MiB
  LZ4压缩大小: 1118.79 MiB
  压缩率: 2.50x
  压缩时间: 20.90 秒
  压缩吞吐量: 134.273684 MiB/s
  解压时间: 2.37 秒
  解压吞吐量: 1184.89 MiB/s
  LZ4文件: ./compressed_datasets/WEB/2016-09-05.tar.lz4

文件 #83: 2016-09-06.tar
  原始大小: 2820.54 MiB
  LZ4压缩大小: 1125.10 MiB
  压缩率: 2.50x
  压缩时间: 10.27 秒
  压缩吞吐量: 274.638753 MiB/s
  解压时间: 3.46 秒
  解压吞吐量: 815.53 MiB/s
  LZ4文件: ./compressed_datasets/WEB/2016-09-06.tar.lz4

文件 #84: 2016-09-07.tar
  原始大小: 2826.08 MiB
  LZ4压缩大小: 1127.55 MiB
  压缩率: 2.50x
  压缩时间: 9.75 秒
  压缩吞吐量: 289.854358 MiB/s
  解压时间: 3.23 秒
  解压吞吐量: 874.24 MiB/s
  LZ4文件: ./compressed_datasets/WEB/2016-09-07.tar.lz4

文件 #85: 2016-09-08.tar
  原始大小: 2825.37 MiB
  LZ4压缩大小: 1127.52 MiB
  压缩率: 2.50x
  压缩时间: 10.14 秒
  压缩吞吐量: 278.636094 MiB/s
  解压时间: 5.42 秒
  解压吞吐量: 521.71 MiB/s
  LZ4文件: ./compressed_datasets/WEB/2016-09-08.tar.lz4

文件 #86: 2016-09-09.tar
  原始大小: 2796.18 MiB
  LZ4压缩大小: 1115.89 MiB
  压缩率: 2.50x
  压缩时间: 21.97 秒
  压缩吞吐量: 127.272644 MiB/s
  解压时间: 2.18 秒
  解压吞吐量: 1284.24 MiB/s
  LZ4文件: ./compressed_datasets/WEB/2016-09-09.tar.lz4

文件 #87: 2016-09-10.tar
  原始大小: 2802.64 MiB
  LZ4压缩大小: 1118.18 MiB
  压缩率: 2.50x
  压缩时间: 10.08 秒
  压缩吞吐量: 278.039682 MiB/s
  解压时间: 4.34 秒
  解压吞吐量: 646.10 MiB/s
  LZ4文件: ./compressed_datasets/WEB/2016-09-10.tar.lz4

文件 #88: 2016-09-11.tar
  原始大小: 2795.05 MiB
  LZ4压缩大小: 1115.17 MiB
  压缩率: 2.50x
  压缩时间: 9.98 秒
  压缩吞吐量: 280.065130 MiB/s
  解压时间: 4.41 秒
  解压吞吐量: 634.35 MiB/s
  LZ4文件: ./compressed_datasets/WEB/2016-09-11.tar.lz4

文件 #89: 2016-09-12.tar
  原始大小: 2821.10 MiB
  LZ4压缩大小: 1125.65 MiB
  压缩率: 2.50x
  压缩时间: 9.93 秒
  压缩吞吐量: 284.098690 MiB/s
  解压时间: 3.65 秒
  解压吞吐量: 771.85 MiB/s
  LZ4文件: ./compressed_datasets/WEB/2016-09-12.tar.lz4

文件 #90: 2016-09-18.tar
  原始大小: 2826.63 MiB
  LZ4压缩大小: 1127.29 MiB
  压缩率: 2.50x
  压缩时间: 9.75 秒
  压缩吞吐量: 289.910769 MiB/s
  解压时间: 4.12 秒
  解压吞吐量: 686.20 MiB/s
  LZ4文件: ./compressed_datasets/WEB/2016-09-18.tar.lz4

文件 #91: 2016-09-19.tar
  原始大小: 2808.60 MiB
  LZ4压缩大小: 1119.93 MiB
  压缩率: 2.50x
  压缩时间: 17.84 秒
  压缩吞吐量: 157.432735 MiB/s
  解压时间: 3.65 秒
  解压吞吐量: 768.77 MiB/s
  LZ4文件: ./compressed_datasets/WEB/2016-09-19.tar.lz4

文件 #92: 2016-09-20.tar
  原始大小: 2836.50 MiB
  LZ4压缩大小: 1131.06 MiB
  压缩率: 2.50x
  压缩时间: 22.33 秒
  压缩吞吐量: 127.026421 MiB/s
  解压时间: 2.77 秒
  解压吞吐量: 1025.45 MiB/s
  LZ4文件: ./compressed_datasets/WEB/2016-09-20.tar.lz4

文件 #93: 2016-09-21.tar
  原始大小: 2835.72 MiB
  LZ4压缩大小: 1130.66 MiB
  压缩率: 2.50x
  压缩时间: 9.58 秒
  压缩吞吐量: 296.004175 MiB/s
  解压时间: 9.61 秒
  解压吞吐量: 295.14 MiB/s
  LZ4文件: ./compressed_datasets/WEB/2016-09-21.tar.lz4

文件 #94: 2016-09-22.tar
  原始大小: 2838.64 MiB
  LZ4压缩大小: 1132.28 MiB
  压缩率: 2.50x
  压缩时间: 9.25 秒
  压缩吞吐量: 306.880000 MiB/s
  解压时间: 22.39 秒
  解压吞吐量: 126.75 MiB/s
  LZ4文件: ./compressed_datasets/WEB/2016-09-22.tar.lz4

文件 #95: 2016-09-23.tar
  原始大小: 2837.54 MiB
  LZ4压缩大小: 1131.37 MiB
  压缩率: 2.50x
  压缩时间: 9.24 秒
  压缩吞吐量: 307.093073 MiB/s
  解压时间: 21.12 秒
  解压吞吐量: 134.35 MiB/s
  LZ4文件: ./compressed_datasets/WEB/2016-09-23.tar.lz4

文件 #96: 2016-09-24.tar
  原始大小: 2841.06 MiB
  LZ4压缩大小: 1132.55 MiB
  压缩率: 2.50x
  压缩时间: 9.20 秒
  压缩吞吐量: 308.810869 MiB/s
  解压时间: 24.48 秒
  解压吞吐量: 116.03 MiB/s
  LZ4文件: ./compressed_datasets/WEB/2016-09-24.tar.lz4

文件 #97: 2016-09-25.tar
  原始大小: 2824.25 MiB
  LZ4压缩大小: 1125.79 MiB
  压缩率: 2.50x
  压缩时间: 9.21 秒
  压缩吞吐量: 306.650380 MiB/s
  解压时间: 13.41 秒
  解压吞吐量: 210.53 MiB/s
  LZ4文件: ./compressed_datasets/WEB/2016-09-25.tar.lz4

文件 #98: 2016-09-26.tar
  原始大小: 2841.76 MiB
  LZ4压缩大小: 1132.75 MiB
  压缩率: 2.50x
  压缩时间: 10.27 秒
  压缩吞吐量: 276.704965 MiB/s
  解压时间: 9.99 秒
  解压吞吐量: 284.42 MiB/s
  LZ4文件: ./compressed_datasets/WEB/2016-09-26.tar.lz4

文件 #99: 2016-09-27.tar
  原始大小: 2893.06 MiB
  LZ4压缩大小: 1153.22 MiB
  压缩率: 2.50x
  压缩时间: 9.47 秒
  压缩吞吐量: 305.497360 MiB/s
  解压时间: 12.84 秒
  解压吞吐量: 225.38 MiB/s
  LZ4文件: ./compressed_datasets/WEB/2016-09-27.tar.lz4

文件 #100: 2016-09-28.tar
  原始大小: 2878.57 MiB
  LZ4压缩大小: 1147.55 MiB
  压缩率: 2.50x
  压缩时间: 9.49 秒
  压缩吞吐量: 303.326659 MiB/s
  解压时间: 12.71 秒
  解压吞吐量: 226.54 MiB/s
  LZ4文件: ./compressed_datasets/WEB/2016-09-28.tar.lz4

文件 #101: 2016-09-29.tar
  原始大小: 2863.88 MiB
  LZ4压缩大小: 1141.90 MiB
  压缩率: 2.50x
  压缩时间: 26.63 秒
  压缩吞吐量: 107.543372 MiB/s
  解压时间: 6.00 秒
  解压吞吐量: 477.09 MiB/s
  LZ4文件: ./compressed_datasets/WEB/2016-09-29.tar.lz4

文件 #102: 2016-09-30.tar
  原始大小: 2843.90 MiB
  LZ4压缩大小: 1133.59 MiB
  压缩率: 2.50x
  压缩时间: 9.49 秒
  压缩吞吐量: 299.673340 MiB/s
  解压时间: 7.52 秒
  解压吞吐量: 378.37 MiB/s
  LZ4文件: ./compressed_datasets/WEB/2016-09-30.tar.lz4

=== WEB LZ4总体统计 ===
实际处理文件数量: 102
预期文件数量: 102
总原始大小: 283762.02 MiB
总LZ4压缩大小: 113231.49 MiB
总体压缩率: 2.50x
总压缩时间: 1084.63 秒
总解压时间: 703.25 秒
压缩总体吞吐量: 261.62 MiB/s
解压总体吞吐量: 403.49 MiB/s
LZ4文件保存目录: ./compressed_datasets/WEB/
完成时间: 2025年 07月 31日 星期四 19:01:19 CST
