=== netty LZ4压缩报告 ===
开始时间: 2025年 07月 31日 星期四 12:27:00 CST
源路径: /mnt/dataset2/netty
预期文件数量: 99
压缩算法: LZ4

文件处理顺序:
  1. netty-4.1.45.Final.tar
  2. netty-4.1.46.Final.tar
  3. netty-4.1.47.Final.tar
  4. netty-4.1.48.Final.tar
  5. netty-4.1.49.Final.tar
  6. netty-4.1.50.Final.tar
  7. netty-4.1.51.Final.tar
  8. netty-4.1.52.Final.tar
  9. netty-4.1.53.Final.tar
  10. netty-4.1.54.Final.tar
  11. netty-4.1.55.Final.tar
  12. netty-4.1.56.Final.tar
  13. netty-4.1.57.Final.tar
  14. netty-4.1.58.Final.tar
  15. netty-4.1.59.Final.tar
  16. netty-4.1.60.Final.tar
  17. netty-4.1.61.Final.tar
  18. netty-4.1.62.Final.tar
  19. netty-4.1.63.Final.tar
  20. netty-4.1.64.Final.tar
  21. netty-4.1.65.Final.tar
  22. netty-4.1.66.Final.tar
  23. netty-4.1.67.Final.tar
  24. netty-4.1.68.Final.tar
  25. netty-4.1.69.Final.tar
  26. netty-4.1.70.Final.tar
  27. netty-4.1.71.Final.tar
  28. netty-4.1.72.Final.tar
  29. netty-4.1.73.Final.tar
  30. netty-4.1.74.Final.tar
  31. netty-4.1.75.Final.tar
  32. netty-4.1.76.Final.tar
  33. netty-4.1.77.Final.tar
  34. netty-4.1.78.Final.tar
  35. netty-4.1.79.Final.tar
  36. netty-4.1.80.Final.tar
  37. netty-4.1.81.Final.tar
  38. netty-4.1.82.Final.tar
  39. netty-4.1.83.Final.tar
  40. netty-4.1.84.Final.tar
  41. netty-4.1.85.Final.tar
  42. netty-4.1.86.Final.tar
  43. netty-4.1.87.Final.tar
  44. netty-4.1.88.Final.tar
  45. netty-4.1.89.Final.tar
  46. netty-4.1.90.Final.tar
  47. netty-4.1.91.Final.tar
  48. netty-4.1.92.Final.tar
  49. netty-4.1.93.Final.tar
  50. netty-4.1.94.Final.tar
  51. netty-4.1.95.Final.tar
  52. netty-4.1.96.Final.tar
  53. netty-4.1.97.Final.tar
  54. netty-4.1.98.Final.tar
  55. netty-4.1.99.Final.tar
  56. netty-4.1.100.Final.tar
  57. netty-4.1.101.Final.tar
  58. netty-4.1.102.Final.tar
  59. netty-4.1.103.Final.tar
  60. netty-4.1.104.Final.tar
  61. netty-4.1.105.Final.tar
  62. netty-4.1.106.Final.tar
  63. netty-4.1.107.Final.tar
  64. netty-4.1.108.Final.tar
  65. netty-4.1.109.Final.tar
  66. netty-4.1.110.Final.tar
  67. netty-4.1.111.Final.tar
  68. netty-4.1.112.Final.tar
  69. netty-4.1.113.Final.tar
  70. netty-4.1.114.Final.tar
  71. netty-4.1.115.Final.tar
  72. netty-4.1.116.Final.tar
  73. netty-4.1.117.Final.tar
  74. netty-4.1.118.Final.tar
  75. netty-4.1.119.Final.tar
  76. netty-4.1.120.Final.tar
  77. netty-4.1.121.Final.tar
  78. netty-4.1.122.Final.tar
  79. netty-4.1.123.Final.tar
  80. netty-4.2.0.Alpha1.tar
  81. netty-4.2.0.Alpha2.tar
  82. netty-4.2.0.Alpha3.tar
  83. netty-4.2.0.Alpha4.tar
  84. netty-4.2.0.Alpha5.tar
  85. netty-4.2.0.Alpha6.tar
  86. netty-4.2.0.Beta1.tar
  87. netty-4.2.0.Final.tar
  88. netty-4.2.0.RC1.tar
  89. netty-4.2.0.RC2.tar
  90. netty-4.2.0.RC3.tar
  91. netty-4.2.0.RC4.tar
  92. netty-4.2.1.Final.tar
  93. netty-4.2.2.Final.tar
  94. netty-4.2.3.Final.tar
  95. netty-5.0.0.Alpha1.tar
  96. netty-5.0.0.Alpha2.tar
  97. netty-5.0.0.Alpha3.tar
  98. netty-5.0.0.Alpha4.tar
  99. netty-5.0.0.Alpha5.tar

文件 #1: netty-4.1.45.Final.tar
  原始大小: 18.96 MiB
  LZ4压缩大小: 3.98 MiB
  压缩率: 4.75x
  压缩时间: 0.05 秒
  压缩吞吐量: 379.200000 MiB/s
  解压时间: 0.02 秒
  解压吞吐量: 1124.36 MiB/s
  LZ4文件: ./compressed_datasets/netty/netty-4.1.45.Final.tar.lz4

文件 #2: netty-4.1.46.Final.tar
  原始大小: 19.03 MiB
  LZ4压缩大小: 4.00 MiB
  压缩率: 4.75x
  压缩时间: 0.05 秒
  压缩吞吐量: 380.600000 MiB/s
  解压时间: 0.02 秒
  解压吞吐量: 1088.88 MiB/s
  LZ4文件: ./compressed_datasets/netty/netty-4.1.46.Final.tar.lz4

文件 #3: netty-4.1.47.Final.tar
  原始大小: 19.07 MiB
  LZ4压缩大小: 4.00 MiB
  压缩率: 4.75x
  压缩时间: 0.05 秒
  压缩吞吐量: 381.400000 MiB/s
  解压时间: 0.02 秒
  解压吞吐量: 1095.06 MiB/s
  LZ4文件: ./compressed_datasets/netty/netty-4.1.47.Final.tar.lz4

文件 #4: netty-4.1.48.Final.tar
  原始大小: 19.09 MiB
  LZ4压缩大小: 4.01 MiB
  压缩率: 4.75x
  压缩时间: 0.05 秒
  压缩吞吐量: 381.800000 MiB/s
  解压时间: 0.02 秒
  解压吞吐量: 1100.92 MiB/s
  LZ4文件: ./compressed_datasets/netty/netty-4.1.48.Final.tar.lz4

文件 #5: netty-4.1.49.Final.tar
  原始大小: 19.40 MiB
  LZ4压缩大小: 4.09 MiB
  压缩率: 4.74x
  压缩时间: 0.05 秒
  压缩吞吐量: 388.000000 MiB/s
  解压时间: 0.03 秒
  解压吞吐量: 775.29 MiB/s
  LZ4文件: ./compressed_datasets/netty/netty-4.1.49.Final.tar.lz4

文件 #6: netty-4.1.50.Final.tar
  原始大小: 19.48 MiB
  LZ4压缩大小: 4.10 MiB
  压缩率: 4.74x
  压缩时间: 0.05 秒
  压缩吞吐量: 389.600000 MiB/s
  解压时间: 0.02 秒
  解压吞吐量: 1099.72 MiB/s
  LZ4文件: ./compressed_datasets/netty/netty-4.1.50.Final.tar.lz4

文件 #7: netty-4.1.51.Final.tar
  原始大小: 19.56 MiB
  LZ4压缩大小: 4.12 MiB
  压缩率: 4.74x
  压缩时间: 0.05 秒
  压缩吞吐量: 391.200000 MiB/s
  解压时间: 0.02 秒
  解压吞吐量: 1102.25 MiB/s
  LZ4文件: ./compressed_datasets/netty/netty-4.1.51.Final.tar.lz4

文件 #8: netty-4.1.52.Final.tar
  原始大小: 19.76 MiB
  LZ4压缩大小: 4.17 MiB
  压缩率: 4.73x
  压缩时间: 0.05 秒
  压缩吞吐量: 395.200000 MiB/s
  解压时间: 0.02 秒
  解压吞吐量: 1112.33 MiB/s
  LZ4文件: ./compressed_datasets/netty/netty-4.1.52.Final.tar.lz4

文件 #9: netty-4.1.53.Final.tar
  原始大小: 19.91 MiB
  LZ4压缩大小: 4.21 MiB
  压缩率: 4.72x
  压缩时间: 0.05 秒
  压缩吞吐量: 398.200000 MiB/s
  解压时间: 0.02 秒
  解压吞吐量: 916.58 MiB/s
  LZ4文件: ./compressed_datasets/netty/netty-4.1.53.Final.tar.lz4

文件 #10: netty-4.1.54.Final.tar
  原始大小: 20.02 MiB
  LZ4压缩大小: 4.24 MiB
  压缩率: 4.71x
  压缩时间: 0.05 秒
  压缩吞吐量: 400.400000 MiB/s
  解压时间: 0.02 秒
  解压吞吐量: 1091.15 MiB/s
  LZ4文件: ./compressed_datasets/netty/netty-4.1.54.Final.tar.lz4

文件 #11: netty-4.1.55.Final.tar
  原始大小: 20.10 MiB
  LZ4压缩大小: 4.25 MiB
  压缩率: 4.72x
  压缩时间: 0.05 秒
  压缩吞吐量: 402.000000 MiB/s
  解压时间: 0.02 秒
  解压吞吐量: 1092.35 MiB/s
  LZ4文件: ./compressed_datasets/netty/netty-4.1.55.Final.tar.lz4

文件 #12: netty-4.1.56.Final.tar
  原始大小: 20.11 MiB
  LZ4压缩大小: 4.26 MiB
  压缩率: 4.71x
  压缩时间: 0.05 秒
  压缩吞吐量: 402.200000 MiB/s
  解压时间: 0.02 秒
  解压吞吐量: 1025.61 MiB/s
  LZ4文件: ./compressed_datasets/netty/netty-4.1.56.Final.tar.lz4

文件 #13: netty-4.1.57.Final.tar
  原始大小: 20.18 MiB
  LZ4压缩大小: 4.27 MiB
  压缩率: 4.72x
  压缩时间: 0.05 秒
  压缩吞吐量: 403.600000 MiB/s
  解压时间: 0.02 秒
  解压吞吐量: 1119.54 MiB/s
  LZ4文件: ./compressed_datasets/netty/netty-4.1.57.Final.tar.lz4

文件 #14: netty-4.1.58.Final.tar
  原始大小: 20.16 MiB
  LZ4压缩大小: 4.27 MiB
  压缩率: 4.71x
  压缩时间: 0.05 秒
  压缩吞吐量: 403.200000 MiB/s
  解压时间: 0.02 秒
  解压吞吐量: 1106.58 MiB/s
  LZ4文件: ./compressed_datasets/netty/netty-4.1.58.Final.tar.lz4

文件 #15: netty-4.1.59.Final.tar
  原始大小: 20.24 MiB
  LZ4压缩大小: 4.29 MiB
  压缩率: 4.71x
  压缩时间: 0.05 秒
  压缩吞吐量: 404.800000 MiB/s
  解压时间: 0.02 秒
  解压吞吐量: 1117.21 MiB/s
  LZ4文件: ./compressed_datasets/netty/netty-4.1.59.Final.tar.lz4

文件 #16: netty-4.1.60.Final.tar
  原始大小: 20.37 MiB
  LZ4压缩大小: 4.32 MiB
  压缩率: 4.70x
  压缩时间: 0.05 秒
  压缩吞吐量: 407.400000 MiB/s
  解压时间: 0.02 秒
  解压吞吐量: 1099.72 MiB/s
  LZ4文件: ./compressed_datasets/netty/netty-4.1.60.Final.tar.lz4

文件 #17: netty-4.1.61.Final.tar
  原始大小: 20.41 MiB
  LZ4压缩大小: 4.34 MiB
  压缩率: 4.70x
  压缩时间: 0.05 秒
  压缩吞吐量: 408.200000 MiB/s
  解压时间: 0.02 秒
  解压吞吐量: 1098.74 MiB/s
  LZ4文件: ./compressed_datasets/netty/netty-4.1.61.Final.tar.lz4

文件 #18: netty-4.1.62.Final.tar
  原始大小: 20.41 MiB
  LZ4压缩大小: 4.34 MiB
  压缩率: 4.70x
  压缩时间: 0.05 秒
  压缩吞吐量: 408.200000 MiB/s
  解压时间: 0.03 秒
  解压吞吐量: 770.47 MiB/s
  LZ4文件: ./compressed_datasets/netty/netty-4.1.62.Final.tar.lz4

文件 #19: netty-4.1.63.Final.tar
  原始大小: 20.41 MiB
  LZ4压缩大小: 4.34 MiB
  压缩率: 4.70x
  压缩时间: 0.05 秒
  压缩吞吐量: 408.200000 MiB/s
  解压时间: 0.02 秒
  解压吞吐量: 1104.08 MiB/s
  LZ4文件: ./compressed_datasets/netty/netty-4.1.63.Final.tar.lz4

文件 #20: netty-4.1.64.Final.tar
  原始大小: 20.67 MiB
  LZ4压缩大小: 4.41 MiB
  压缩率: 4.68x
  压缩时间: 0.05 秒
  压缩吞吐量: 413.400000 MiB/s
  解压时间: 0.02 秒
  解压吞吐量: 1082.80 MiB/s
  LZ4文件: ./compressed_datasets/netty/netty-4.1.64.Final.tar.lz4

文件 #21: netty-4.1.65.Final.tar
  原始大小: 20.70 MiB
  LZ4压缩大小: 4.41 MiB
  压缩率: 4.68x
  压缩时间: 0.05 秒
  压缩吞吐量: 414.000000 MiB/s
  解压时间: 0.02 秒
  解压吞吐量: 1102.92 MiB/s
  LZ4文件: ./compressed_datasets/netty/netty-4.1.65.Final.tar.lz4

文件 #22: netty-4.1.66.Final.tar
  原始大小: 21.07 MiB
  LZ4压缩大小: 4.43 MiB
  压缩率: 4.75x
  压缩时间: 0.05 秒
  压缩吞吐量: 421.400000 MiB/s
  解压时间: 0.02 秒
  解压吞吐量: 1129.51 MiB/s
  LZ4文件: ./compressed_datasets/netty/netty-4.1.66.Final.tar.lz4

文件 #23: netty-4.1.67.Final.tar
  原始大小: 21.13 MiB
  LZ4压缩大小: 4.45 MiB
  压缩率: 4.74x
  压缩时间: 0.05 秒
  压缩吞吐量: 422.600000 MiB/s
  解压时间: 0.02 秒
  解压吞吐量: 921.53 MiB/s
  LZ4文件: ./compressed_datasets/netty/netty-4.1.67.Final.tar.lz4

文件 #24: netty-4.1.68.Final.tar
  原始大小: 21.17 MiB
  LZ4压缩大小: 4.46 MiB
  压缩率: 4.74x
  压缩时间: 0.05 秒
  压缩吞吐量: 423.400000 MiB/s
  解压时间: 0.02 秒
  解压吞吐量: 1131.99 MiB/s
  LZ4文件: ./compressed_datasets/netty/netty-4.1.68.Final.tar.lz4

文件 #25: netty-4.1.69.Final.tar
  原始大小: 21.19 MiB
  LZ4压缩大小: 4.46 MiB
  压缩率: 4.74x
  压缩时间: 0.05 秒
  压缩吞吐量: 423.800000 MiB/s
  解压时间: 0.02 秒
  解压吞吐量: 1128.56 MiB/s
  LZ4文件: ./compressed_datasets/netty/netty-4.1.69.Final.tar.lz4

文件 #26: netty-4.1.70.Final.tar
  原始大小: 21.22 MiB
  LZ4压缩大小: 4.47 MiB
  压缩率: 4.74x
  压缩时间: 0.05 秒
  压缩吞吐量: 424.400000 MiB/s
  解压时间: 0.02 秒
  解压吞吐量: 931.45 MiB/s
  LZ4文件: ./compressed_datasets/netty/netty-4.1.70.Final.tar.lz4

文件 #27: netty-4.1.71.Final.tar
  原始大小: 21.25 MiB
  LZ4压缩大小: 4.47 MiB
  压缩率: 4.74x
  压缩时间: 0.05 秒
  压缩吞吐量: 425.000000 MiB/s
  解压时间: 0.02 秒
  解压吞吐量: 1149.88 MiB/s
  LZ4文件: ./compressed_datasets/netty/netty-4.1.71.Final.tar.lz4

文件 #28: netty-4.1.72.Final.tar
  原始大小: 21.25 MiB
  LZ4压缩大小: 4.47 MiB
  压缩率: 4.75x
  压缩时间: 0.05 秒
  压缩吞吐量: 425.000000 MiB/s
  解压时间: 0.02 秒
  解压吞吐量: 1141.30 MiB/s
  LZ4文件: ./compressed_datasets/netty/netty-4.1.72.Final.tar.lz4

文件 #29: netty-4.1.73.Final.tar
  原始大小: 21.29 MiB
  LZ4压缩大小: 4.48 MiB
  压缩率: 4.75x
  压缩时间: 0.05 秒
  压缩吞吐量: 425.800000 MiB/s
  解压时间: 0.02 秒
  解压吞吐量: 1140.64 MiB/s
  LZ4文件: ./compressed_datasets/netty/netty-4.1.73.Final.tar.lz4

文件 #30: netty-4.1.74.Final.tar
  原始大小: 21.38 MiB
  LZ4压缩大小: 4.50 MiB
  压缩率: 4.74x
  压缩时间: 0.05 秒
  压缩吞吐量: 427.600000 MiB/s
  解压时间: 0.02 秒
  解压吞吐量: 1147.18 MiB/s
  LZ4文件: ./compressed_datasets/netty/netty-4.1.74.Final.tar.lz4

文件 #31: netty-4.1.75.Final.tar
  原始大小: 21.39 MiB
  LZ4压缩大小: 4.51 MiB
  压缩率: 4.74x
  压缩时间: 0.05 秒
  压缩吞吐量: 427.800000 MiB/s
  解压时间: 0.02 秒
  解压吞吐量: 1146.76 MiB/s
  LZ4文件: ./compressed_datasets/netty/netty-4.1.75.Final.tar.lz4

文件 #32: netty-4.1.76.Final.tar
  原始大小: 21.46 MiB
  LZ4压缩大小: 4.52 MiB
  压缩率: 4.74x
  压缩时间: 0.05 秒
  压缩吞吐量: 429.200000 MiB/s
  解压时间: 0.02 秒
  解压吞吐量: 1133.41 MiB/s
  LZ4文件: ./compressed_datasets/netty/netty-4.1.76.Final.tar.lz4

文件 #33: netty-4.1.77.Final.tar
  原始大小: 21.46 MiB
  LZ4压缩大小: 4.52 MiB
  压缩率: 4.74x
  压缩时间: 0.05 秒
  压缩吞吐量: 429.200000 MiB/s
  解压时间: 0.02 秒
  解压吞吐量: 1146.57 MiB/s
  LZ4文件: ./compressed_datasets/netty/netty-4.1.77.Final.tar.lz4

文件 #34: netty-4.1.78.Final.tar
  原始大小: 21.48 MiB
  LZ4压缩大小: 4.53 MiB
  压缩率: 4.74x
  压缩时间: 0.07 秒
  压缩吞吐量: 306.857142 MiB/s
  解压时间: 0.02 秒
  解压吞吐量: 1136.35 MiB/s
  LZ4文件: ./compressed_datasets/netty/netty-4.1.78.Final.tar.lz4

文件 #35: netty-4.1.79.Final.tar
  原始大小: 21.52 MiB
  LZ4压缩大小: 4.53 MiB
  压缩率: 4.74x
  压缩时间: 0.05 秒
  压缩吞吐量: 430.400000 MiB/s
  解压时间: 0.02 秒
  解压吞吐量: 1143.02 MiB/s
  LZ4文件: ./compressed_datasets/netty/netty-4.1.79.Final.tar.lz4

文件 #36: netty-4.1.80.Final.tar
  原始大小: 21.65 MiB
  LZ4压缩大小: 4.57 MiB
  压缩率: 4.73x
  压缩时间: 0.05 秒
  压缩吞吐量: 433.000000 MiB/s
  解压时间: 0.02 秒
  解压吞吐量: 1147.42 MiB/s
  LZ4文件: ./compressed_datasets/netty/netty-4.1.80.Final.tar.lz4

文件 #37: netty-4.1.81.Final.tar
  原始大小: 21.66 MiB
  LZ4压缩大小: 4.57 MiB
  压缩率: 4.73x
  压缩时间: 0.05 秒
  压缩吞吐量: 433.200000 MiB/s
  解压时间: 0.02 秒
  解压吞吐量: 1132.62 MiB/s
  LZ4文件: ./compressed_datasets/netty/netty-4.1.81.Final.tar.lz4

文件 #38: netty-4.1.82.Final.tar
  原始大小: 21.66 MiB
  LZ4压缩大小: 4.57 MiB
  压缩率: 4.73x
  压缩时间: 0.05 秒
  压缩吞吐量: 433.200000 MiB/s
  解压时间: 0.02 秒
  解压吞吐量: 1137.86 MiB/s
  LZ4文件: ./compressed_datasets/netty/netty-4.1.82.Final.tar.lz4

文件 #39: netty-4.1.83.Final.tar
  原始大小: 21.88 MiB
  LZ4压缩大小: 4.61 MiB
  压缩率: 4.74x
  压缩时间: 0.05 秒
  压缩吞吐量: 437.600000 MiB/s
  解压时间: 0.02 秒
  解压吞吐量: 1113.58 MiB/s
  LZ4文件: ./compressed_datasets/netty/netty-4.1.83.Final.tar.lz4

文件 #40: netty-4.1.84.Final.tar
  原始大小: 21.88 MiB
  LZ4压缩大小: 4.61 MiB
  压缩率: 4.74x
  压缩时间: 0.05 秒
  压缩吞吐量: 437.600000 MiB/s
  解压时间: 0.02 秒
  解压吞吐量: 1153.20 MiB/s
  LZ4文件: ./compressed_datasets/netty/netty-4.1.84.Final.tar.lz4

文件 #41: netty-4.1.85.Final.tar
  原始大小: 21.93 MiB
  LZ4压缩大小: 4.62 MiB
  压缩率: 4.74x
  压缩时间: 0.05 秒
  压缩吞吐量: 438.600000 MiB/s
  解压时间: 0.02 秒
  解压吞吐量: 1159.32 MiB/s
  LZ4文件: ./compressed_datasets/netty/netty-4.1.85.Final.tar.lz4

文件 #42: netty-4.1.86.Final.tar
  原始大小: 22.03 MiB
  LZ4压缩大小: 4.64 MiB
  压缩率: 4.73x
  压缩时间: 0.05 秒
  压缩吞吐量: 440.600000 MiB/s
  解压时间: 0.02 秒
  解压吞吐量: 1158.41 MiB/s
  LZ4文件: ./compressed_datasets/netty/netty-4.1.86.Final.tar.lz4

文件 #43: netty-4.1.87.Final.tar
  原始大小: 22.05 MiB
  LZ4压缩大小: 4.65 MiB
  压缩率: 4.74x
  压缩时间: 0.05 秒
  压缩吞吐量: 441.000000 MiB/s
  解压时间: 0.02 秒
  解压吞吐量: 1114.60 MiB/s
  LZ4文件: ./compressed_datasets/netty/netty-4.1.87.Final.tar.lz4

文件 #44: netty-4.1.88.Final.tar
  原始大小: 22.15 MiB
  LZ4压缩大小: 4.66 MiB
  压缩率: 4.74x
  压缩时间: 0.05 秒
  压缩吞吐量: 443.000000 MiB/s
  解压时间: 0.02 秒
  解压吞吐量: 1150.11 MiB/s
  LZ4文件: ./compressed_datasets/netty/netty-4.1.88.Final.tar.lz4

文件 #45: netty-4.1.89.Final.tar
  原始大小: 22.15 MiB
  LZ4压缩大小: 4.67 MiB
  压缩率: 4.74x
  压缩时间: 0.07 秒
  压缩吞吐量: 316.428571 MiB/s
  解压时间: 0.02 秒
  解压吞吐量: 1127.31 MiB/s
  LZ4文件: ./compressed_datasets/netty/netty-4.1.89.Final.tar.lz4

文件 #46: netty-4.1.90.Final.tar
  原始大小: 22.17 MiB
  LZ4压缩大小: 4.67 MiB
  压缩率: 4.74x
  压缩时间: 0.05 秒
  压缩吞吐量: 443.400000 MiB/s
  解压时间: 0.02 秒
  解压吞吐量: 1153.83 MiB/s
  LZ4文件: ./compressed_datasets/netty/netty-4.1.90.Final.tar.lz4

文件 #47: netty-4.1.91.Final.tar
  原始大小: 22.20 MiB
  LZ4压缩大小: 4.68 MiB
  压缩率: 4.74x
  压缩时间: 0.05 秒
  压缩吞吐量: 444.000000 MiB/s
  解压时间: 0.02 秒
  解压吞吐量: 1131.55 MiB/s
  LZ4文件: ./compressed_datasets/netty/netty-4.1.91.Final.tar.lz4

文件 #48: netty-4.1.92.Final.tar
  原始大小: 22.24 MiB
  LZ4压缩大小: 4.69 MiB
  压缩率: 4.74x
  压缩时间: 0.05 秒
  压缩吞吐量: 444.800000 MiB/s
  解压时间: 0.02 秒
  解压吞吐量: 1140.43 MiB/s
  LZ4文件: ./compressed_datasets/netty/netty-4.1.92.Final.tar.lz4

文件 #49: netty-4.1.93.Final.tar
  原始大小: 22.27 MiB
  LZ4压缩大小: 4.69 MiB
  压缩率: 4.74x
  压缩时间: 0.05 秒
  压缩吞吐量: 445.400000 MiB/s
  解压时间: 0.02 秒
  解压吞吐量: 1136.28 MiB/s
  LZ4文件: ./compressed_datasets/netty/netty-4.1.93.Final.tar.lz4

文件 #50: netty-4.1.94.Final.tar
  原始大小: 22.30 MiB
  LZ4压缩大小: 4.70 MiB
  压缩率: 4.74x
  压缩时间: 0.06 秒
  压缩吞吐量: 371.666666 MiB/s
  解压时间: 0.02 秒
  解压吞吐量: 927.98 MiB/s
  LZ4文件: ./compressed_datasets/netty/netty-4.1.94.Final.tar.lz4

文件 #51: netty-4.1.95.Final.tar
  原始大小: 22.34 MiB
  LZ4压缩大小: 4.71 MiB
  压缩率: 4.74x
  压缩时间: 0.05 秒
  压缩吞吐量: 446.800000 MiB/s
  解压时间: 0.02 秒
  解压吞吐量: 1133.86 MiB/s
  LZ4文件: ./compressed_datasets/netty/netty-4.1.95.Final.tar.lz4

文件 #52: netty-4.1.96.Final.tar
  原始大小: 22.34 MiB
  LZ4压缩大小: 4.71 MiB
  压缩率: 4.74x
  压缩时间: 0.05 秒
  压缩吞吐量: 446.800000 MiB/s
  解压时间: 0.02 秒
  解压吞吐量: 1126.15 MiB/s
  LZ4文件: ./compressed_datasets/netty/netty-4.1.96.Final.tar.lz4

文件 #53: netty-4.1.97.Final.tar
  原始大小: 22.37 MiB
  LZ4压缩大小: 4.72 MiB
  压缩率: 4.73x
  压缩时间: 0.05 秒
  压缩吞吐量: 447.400000 MiB/s
  解压时间: 0.02 秒
  解压吞吐量: 1152.85 MiB/s
  LZ4文件: ./compressed_datasets/netty/netty-4.1.97.Final.tar.lz4

文件 #54: netty-4.1.98.Final.tar
  原始大小: 22.40 MiB
  LZ4压缩大小: 4.72 MiB
  压缩率: 4.73x
  压缩时间: 0.04 秒
  压缩吞吐量: 560.000000 MiB/s
  解压时间: 0.02 秒
  解压吞吐量: 1138.66 MiB/s
  LZ4文件: ./compressed_datasets/netty/netty-4.1.98.Final.tar.lz4

文件 #55: netty-4.1.99.Final.tar
  原始大小: 22.41 MiB
  LZ4压缩大小: 4.72 MiB
  压缩率: 4.73x
  压缩时间: 0.03 秒
  压缩吞吐量: 747.000000 MiB/s
  解压时间: 0.02 秒
  解压吞吐量: 1137.04 MiB/s
  LZ4文件: ./compressed_datasets/netty/netty-4.1.99.Final.tar.lz4

文件 #56: netty-4.1.100.Final.tar
  原始大小: 22.43 MiB
  LZ4压缩大小: 4.73 MiB
  压缩率: 4.73x
  压缩时间: 0.03 秒
  压缩吞吐量: 747.666666 MiB/s
  解压时间: 0.02 秒
  解压吞吐量: 1147.84 MiB/s
  LZ4文件: ./compressed_datasets/netty/netty-4.1.100.Final.tar.lz4

文件 #57: netty-4.1.101.Final.tar
  原始大小: 22.47 MiB
  LZ4压缩大小: 4.74 MiB
  压缩率: 4.73x
  压缩时间: 0.03 秒
  压缩吞吐量: 749.000000 MiB/s
  解压时间: 0.02 秒
  解压吞吐量: 1167.91 MiB/s
  LZ4文件: ./compressed_datasets/netty/netty-4.1.101.Final.tar.lz4

文件 #58: netty-4.1.102.Final.tar
  原始大小: 22.56 MiB
  LZ4压缩大小: 4.77 MiB
  压缩率: 4.72x
  压缩时间: 0.03 秒
  压缩吞吐量: 752.000000 MiB/s
  解压时间: 0.02 秒
  解压吞吐量: 1162.91 MiB/s
  LZ4文件: ./compressed_datasets/netty/netty-4.1.102.Final.tar.lz4

文件 #59: netty-4.1.103.Final.tar
  原始大小: 22.56 MiB
  LZ4压缩大小: 4.77 MiB
  压缩率: 4.72x
  压缩时间: 0.03 秒
  压缩吞吐量: 752.000000 MiB/s
  解压时间: 0.02 秒
  解压吞吐量: 940.79 MiB/s
  LZ4文件: ./compressed_datasets/netty/netty-4.1.103.Final.tar.lz4

文件 #60: netty-4.1.104.Final.tar
  原始大小: 22.56 MiB
  LZ4压缩大小: 4.77 MiB
  压缩率: 4.72x
  压缩时间: 0.03 秒
  压缩吞吐量: 752.000000 MiB/s
  解压时间: 0.02 秒
  解压吞吐量: 1152.48 MiB/s
  LZ4文件: ./compressed_datasets/netty/netty-4.1.104.Final.tar.lz4

文件 #61: netty-4.1.105.Final.tar
  原始大小: 22.59 MiB
  LZ4压缩大小: 4.77 MiB
  压缩率: 4.72x
  压缩时间: 0.03 秒
  压缩吞吐量: 753.000000 MiB/s
  解压时间: 0.02 秒
  解压吞吐量: 1132.03 MiB/s
  LZ4文件: ./compressed_datasets/netty/netty-4.1.105.Final.tar.lz4

文件 #62: netty-4.1.106.Final.tar
  原始大小: 22.59 MiB
  LZ4压缩大小: 4.77 MiB
  压缩率: 4.72x
  压缩时间: 0.03 秒
  压缩吞吐量: 753.000000 MiB/s
  解压时间: 0.02 秒
  解压吞吐量: 1141.77 MiB/s
  LZ4文件: ./compressed_datasets/netty/netty-4.1.106.Final.tar.lz4

文件 #63: netty-4.1.107.Final.tar
  原始大小: 22.66 MiB
  LZ4压缩大小: 4.79 MiB
  压缩率: 4.72x
  压缩时间: 0.03 秒
  压缩吞吐量: 755.333333 MiB/s
  解压时间: 0.02 秒
  解压吞吐量: 1157.20 MiB/s
  LZ4文件: ./compressed_datasets/netty/netty-4.1.107.Final.tar.lz4

文件 #64: netty-4.1.108.Final.tar
  原始大小: 22.73 MiB
  LZ4压缩大小: 4.80 MiB
  压缩率: 4.72x
  压缩时间: 0.05 秒
  压缩吞吐量: 454.600000 MiB/s
  解压时间: 0.02 秒
  解压吞吐量: 1139.98 MiB/s
  LZ4文件: ./compressed_datasets/netty/netty-4.1.108.Final.tar.lz4

文件 #65: netty-4.1.109.Final.tar
  原始大小: 22.81 MiB
  LZ4压缩大小: 4.82 MiB
  压缩率: 4.72x
  压缩时间: 0.03 秒
  压缩吞吐量: 760.333333 MiB/s
  解压时间: 0.02 秒
  解压吞吐量: 1153.74 MiB/s
  LZ4文件: ./compressed_datasets/netty/netty-4.1.109.Final.tar.lz4

文件 #66: netty-4.1.110.Final.tar
  原始大小: 22.92 MiB
  LZ4压缩大小: 4.84 MiB
  压缩率: 4.72x
  压缩时间: 0.06 秒
  压缩吞吐量: 382.000000 MiB/s
  解压时间: 0.02 秒
  解压吞吐量: 1159.66 MiB/s
  LZ4文件: ./compressed_datasets/netty/netty-4.1.110.Final.tar.lz4

文件 #67: netty-4.1.111.Final.tar
  原始大小: 22.96 MiB
  LZ4压缩大小: 4.85 MiB
  压缩率: 4.73x
  压缩时间: 0.03 秒
  压缩吞吐量: 765.333333 MiB/s
  解压时间: 0.02 秒
  解压吞吐量: 1160.53 MiB/s
  LZ4文件: ./compressed_datasets/netty/netty-4.1.111.Final.tar.lz4

文件 #68: netty-4.1.112.Final.tar
  原始大小: 22.99 MiB
  LZ4压缩大小: 4.86 MiB
  压缩率: 4.72x
  压缩时间: 0.06 秒
  压缩吞吐量: 383.166666 MiB/s
  解压时间: 0.02 秒
  解压吞吐量: 1130.82 MiB/s
  LZ4文件: ./compressed_datasets/netty/netty-4.1.112.Final.tar.lz4

文件 #69: netty-4.1.113.Final.tar
  原始大小: 23.02 MiB
  LZ4压缩大小: 4.86 MiB
  压缩率: 4.73x
  压缩时间: 0.04 秒
  压缩吞吐量: 575.500000 MiB/s
  解压时间: 0.02 秒
  解压吞吐量: 1172.84 MiB/s
  LZ4文件: ./compressed_datasets/netty/netty-4.1.113.Final.tar.lz4

文件 #70: netty-4.1.114.Final.tar
  原始大小: 23.11 MiB
  LZ4压缩大小: 4.89 MiB
  压缩率: 4.72x
  压缩时间: 0.03 秒
  压缩吞吐量: 770.333333 MiB/s
  解压时间: 0.02 秒
  解压吞吐量: 1150.26 MiB/s
  LZ4文件: ./compressed_datasets/netty/netty-4.1.114.Final.tar.lz4

文件 #71: netty-4.1.115.Final.tar
  原始大小: 23.14 MiB
  LZ4压缩大小: 4.89 MiB
  压缩率: 4.72x
  压缩时间: 0.06 秒
  压缩吞吐量: 385.666666 MiB/s
  解压时间: 0.02 秒
  解压吞吐量: 1155.70 MiB/s
  LZ4文件: ./compressed_datasets/netty/netty-4.1.115.Final.tar.lz4

文件 #72: netty-4.1.116.Final.tar
  原始大小: 23.21 MiB
  LZ4压缩大小: 4.91 MiB
  压缩率: 4.72x
  压缩时间: 0.41 秒
  压缩吞吐量: 56.609756 MiB/s
  解压时间: 0.02 秒
  解压吞吐量: 1101.67 MiB/s
  LZ4文件: ./compressed_datasets/netty/netty-4.1.116.Final.tar.lz4

文件 #73: netty-4.1.117.Final.tar
  原始大小: 23.22 MiB
  LZ4压缩大小: 4.91 MiB
  压缩率: 4.72x
  压缩时间: 0.06 秒
  压缩吞吐量: 387.000000 MiB/s
  解压时间: 0.02 秒
  解压吞吐量: 1130.48 MiB/s
  LZ4文件: ./compressed_datasets/netty/netty-4.1.117.Final.tar.lz4

文件 #74: netty-4.1.118.Final.tar
  原始大小: 23.24 MiB
  LZ4压缩大小: 4.91 MiB
  压缩率: 4.72x
  压缩时间: 0.06 秒
  压缩吞吐量: 387.333333 MiB/s
  解压时间: 0.03 秒
  解压吞吐量: 923.50 MiB/s
  LZ4文件: ./compressed_datasets/netty/netty-4.1.118.Final.tar.lz4

文件 #75: netty-4.1.119.Final.tar
  原始大小: 23.26 MiB
  LZ4压缩大小: 4.92 MiB
  压缩率: 4.72x
  压缩时间: 0.22 秒
  压缩吞吐量: 105.727272 MiB/s
  解压时间: 0.03 秒
  解压吞吐量: 862.66 MiB/s
  LZ4文件: ./compressed_datasets/netty/netty-4.1.119.Final.tar.lz4

文件 #76: netty-4.1.120.Final.tar
  原始大小: 23.28 MiB
  LZ4压缩大小: 4.93 MiB
  压缩率: 4.71x
  压缩时间: 0.04 秒
  压缩吞吐量: 582.000000 MiB/s
  解压时间: 0.02 秒
  解压吞吐量: 1156.26 MiB/s
  LZ4文件: ./compressed_datasets/netty/netty-4.1.120.Final.tar.lz4

文件 #77: netty-4.1.121.Final.tar
  原始大小: 23.28 MiB
  LZ4压缩大小: 4.93 MiB
  压缩率: 4.72x
  压缩时间: 0.07 秒
  压缩吞吐量: 332.571428 MiB/s
  解压时间: 0.02 秒
  解压吞吐量: 1117.77 MiB/s
  LZ4文件: ./compressed_datasets/netty/netty-4.1.121.Final.tar.lz4

文件 #78: netty-4.1.122.Final.tar
  原始大小: 23.38 MiB
  LZ4压缩大小: 4.94 MiB
  压缩率: 4.73x
  压缩时间: 0.08 秒
  压缩吞吐量: 292.250000 MiB/s
  解压时间: 0.02 秒
  解压吞吐量: 1158.11 MiB/s
  LZ4文件: ./compressed_datasets/netty/netty-4.1.122.Final.tar.lz4

文件 #79: netty-4.1.123.Final.tar
  原始大小: 23.37 MiB
  LZ4压缩大小: 4.94 MiB
  压缩率: 4.72x
  压缩时间: 0.06 秒
  压缩吞吐量: 389.500000 MiB/s
  解压时间: 0.05 秒
  解压吞吐量: 440.58 MiB/s
  LZ4文件: ./compressed_datasets/netty/netty-4.1.123.Final.tar.lz4

文件 #80: netty-4.2.0.Alpha1.tar
  原始大小: 23.94 MiB
  LZ4压缩大小: 5.00 MiB
  压缩率: 4.78x
  压缩时间: 0.07 秒
  压缩吞吐量: 342.000000 MiB/s
  解压时间: 0.04 秒
  解压吞吐量: 558.49 MiB/s
  LZ4文件: ./compressed_datasets/netty/netty-4.2.0.Alpha1.tar.lz4

文件 #81: netty-4.2.0.Alpha2.tar
  原始大小: 23.99 MiB
  LZ4压缩大小: 5.00 MiB
  压缩率: 4.79x
  压缩时间: 0.03 秒
  压缩吞吐量: 799.666666 MiB/s
  解压时间: 0.02 秒
  解压吞吐量: 1001.91 MiB/s
  LZ4文件: ./compressed_datasets/netty/netty-4.2.0.Alpha2.tar.lz4

文件 #82: netty-4.2.0.Alpha3.tar
  原始大小: 24.08 MiB
  LZ4压缩大小: 5.03 MiB
  压缩率: 4.78x
  压缩时间: 0.06 秒
  压缩吞吐量: 401.333333 MiB/s
  解压时间: 0.02 秒
  解压吞吐量: 1155.17 MiB/s
  LZ4文件: ./compressed_datasets/netty/netty-4.2.0.Alpha3.tar.lz4

文件 #83: netty-4.2.0.Alpha4.tar
  原始大小: 24.29 MiB
  LZ4压缩大小: 5.07 MiB
  压缩率: 4.79x
  压缩时间: 0.07 秒
  压缩吞吐量: 347.000000 MiB/s
  解压时间: 0.02 秒
  解压吞吐量: 1122.08 MiB/s
  LZ4文件: ./compressed_datasets/netty/netty-4.2.0.Alpha4.tar.lz4

文件 #84: netty-4.2.0.Alpha5.tar
  原始大小: 24.44 MiB
  LZ4压缩大小: 5.09 MiB
  压缩率: 4.79x
  压缩时间: 0.06 秒
  压缩吞吐量: 407.333333 MiB/s
  解压时间: 0.02 秒
  解压吞吐量: 1132.56 MiB/s
  LZ4文件: ./compressed_datasets/netty/netty-4.2.0.Alpha5.tar.lz4

文件 #85: netty-4.2.0.Alpha6.tar
  原始大小: 24.45 MiB
  LZ4压缩大小: 5.09 MiB
  压缩率: 4.80x
  压缩时间: 0.06 秒
  压缩吞吐量: 407.500000 MiB/s
  解压时间: 0.02 秒
  解压吞吐量: 1150.10 MiB/s
  LZ4文件: ./compressed_datasets/netty/netty-4.2.0.Alpha6.tar.lz4

文件 #86: netty-4.2.0.Beta1.tar
  原始大小: 24.45 MiB
  LZ4压缩大小: 5.09 MiB
  压缩率: 4.79x
  压缩时间: 0.04 秒
  压缩吞吐量: 611.250000 MiB/s
  解压时间: 0.02 秒
  解压吞吐量: 1151.68 MiB/s
  LZ4文件: ./compressed_datasets/netty/netty-4.2.0.Beta1.tar.lz4

文件 #87: netty-4.2.0.Final.tar
  原始大小: 25.05 MiB
  LZ4压缩大小: 5.23 MiB
  压缩率: 4.78x
  压缩时间: 0.04 秒
  压缩吞吐量: 626.250000 MiB/s
  解压时间: 0.02 秒
  解压吞吐量: 1138.42 MiB/s
  LZ4文件: ./compressed_datasets/netty/netty-4.2.0.Final.tar.lz4

文件 #88: netty-4.2.0.RC1.tar
  原始大小: 24.62 MiB
  LZ4压缩大小: 5.14 MiB
  压缩率: 4.78x
  压缩时间: 0.04 秒
  压缩吞吐量: 615.500000 MiB/s
  解压时间: 0.02 秒
  解压吞吐量: 1148.39 MiB/s
  LZ4文件: ./compressed_datasets/netty/netty-4.2.0.RC1.tar.lz4

文件 #89: netty-4.2.0.RC2.tar
  原始大小: 24.83 MiB
  LZ4压缩大小: 5.17 MiB
  压缩率: 4.80x
  压缩时间: 0.05 秒
  压缩吞吐量: 496.600000 MiB/s
  解压时间: 0.02 秒
  解压吞吐量: 1163.93 MiB/s
  LZ4文件: ./compressed_datasets/netty/netty-4.2.0.RC2.tar.lz4

文件 #90: netty-4.2.0.RC3.tar
  原始大小: 24.92 MiB
  LZ4压缩大小: 5.20 MiB
  压缩率: 4.78x
  压缩时间: 0.03 秒
  压缩吞吐量: 830.666666 MiB/s
  解压时间: 0.03 秒
  解压吞吐量: 954.15 MiB/s
  LZ4文件: ./compressed_datasets/netty/netty-4.2.0.RC3.tar.lz4

文件 #91: netty-4.2.0.RC4.tar
  原始大小: 25.00 MiB
  LZ4压缩大小: 5.22 MiB
  压缩率: 4.78x
  压缩时间: 0.06 秒
  压缩吞吐量: 416.666666 MiB/s
  解压时间: 0.02 秒
  解压吞吐量: 1178.11 MiB/s
  LZ4文件: ./compressed_datasets/netty/netty-4.2.0.RC4.tar.lz4

文件 #92: netty-4.2.1.Final.tar
  原始大小: 25.92 MiB
  LZ4压缩大小: 5.51 MiB
  压缩率: 4.70x
  压缩时间: 0.04 秒
  压缩吞吐量: 648.000000 MiB/s
  解压时间: 0.02 秒
  解压吞吐量: 1180.45 MiB/s
  LZ4文件: ./compressed_datasets/netty/netty-4.2.1.Final.tar.lz4

文件 #93: netty-4.2.2.Final.tar
  原始大小: 27.14 MiB
  LZ4压缩大小: 5.75 MiB
  压缩率: 4.72x
  压缩时间: 0.04 秒
  压缩吞吐量: 678.500000 MiB/s
  解压时间: 0.02 秒
  解压吞吐量: 1171.82 MiB/s
  LZ4文件: ./compressed_datasets/netty/netty-4.2.2.Final.tar.lz4

文件 #94: netty-4.2.3.Final.tar
  原始大小: 27.30 MiB
  LZ4压缩大小: 5.79 MiB
  压缩率: 4.71x
  压缩时间: 0.04 秒
  压缩吞吐量: 682.500000 MiB/s
  解压时间: 0.02 秒
  解压吞吐量: 1182.46 MiB/s
  LZ4文件: ./compressed_datasets/netty/netty-4.2.3.Final.tar.lz4

文件 #95: netty-5.0.0.Alpha1.tar
  原始大小: 18.18 MiB
  LZ4压缩大小: 3.94 MiB
  压缩率: 4.60x
  压缩时间: 0.02 秒
  压缩吞吐量: 909.000000 MiB/s
  解压时间: 0.02 秒
  解压吞吐量: 1121.51 MiB/s
  LZ4文件: ./compressed_datasets/netty/netty-5.0.0.Alpha1.tar.lz4

文件 #96: netty-5.0.0.Alpha2.tar
  原始大小: 16.67 MiB
  LZ4压缩大小: 3.65 MiB
  压缩率: 4.55x
  压缩时间: 0.03 秒
  压缩吞吐量: 555.666666 MiB/s
  解压时间: 0.02 秒
  解压吞吐量: 1106.23 MiB/s
  LZ4文件: ./compressed_datasets/netty/netty-5.0.0.Alpha2.tar.lz4

文件 #97: netty-5.0.0.Alpha3.tar
  原始大小: 16.15 MiB
  LZ4压缩大小: 3.55 MiB
  压缩率: 4.53x
  压缩时间: 0.03 秒
  压缩吞吐量: 538.333333 MiB/s
  解压时间: 0.01 秒
  解压吞吐量: 1085.62 MiB/s
  LZ4文件: ./compressed_datasets/netty/netty-5.0.0.Alpha3.tar.lz4

文件 #98: netty-5.0.0.Alpha4.tar
  原始大小: 16.36 MiB
  LZ4压缩大小: 3.62 MiB
  压缩率: 4.51x
  压缩时间: 0.04 秒
  压缩吞吐量: 409.000000 MiB/s
  解压时间: 0.01 秒
  解压吞吐量: 1090.85 MiB/s
  LZ4文件: ./compressed_datasets/netty/netty-5.0.0.Alpha4.tar.lz4

文件 #99: netty-5.0.0.Alpha5.tar
  原始大小: 16.29 MiB
  LZ4压缩大小: 3.58 MiB
  压缩率: 4.54x
  压缩时间: 0.03 秒
  压缩吞吐量: 543.000000 MiB/s
  解压时间: 0.01 秒
  解压吞吐量: 1092.68 MiB/s
  LZ4文件: ./compressed_datasets/netty/netty-5.0.0.Alpha5.tar.lz4

=== netty LZ4总体统计 ===
实际处理文件数量: 99
预期文件数量: 99
总原始大小: 2167.25 MiB
总LZ4压缩大小: 457.88 MiB
总体压缩率: 4.73x
总压缩时间: 5.25 秒
总解压时间: 2.02 秒
压缩总体吞吐量: 412.80 MiB/s
解压总体吞吐量: 1072.57 MiB/s
LZ4文件保存目录: ./compressed_datasets/netty/
完成时间: 2025年 07月 31日 星期四 12:27:54 CST
