=== automake LZ4压缩报告 ===
开始时间: 2025年 07月 31日 星期四 22:16:11 CST
源路径: /mnt/dataset2/automake_tarballs
预期文件数量: 100
压缩算法: LZ4

文件处理顺序:
  1. Release-1-7b.tar
  2. Release-1-7d.tar
  3. Release-1-7f.tar
  4. Release-1-7h.tar
  5. Release-1-7-8.tar
  6. Release-1-7-9.tar
  7. Release-1-7.tar
  8. Release-1-8b.tar
  9. Release-1-8d.tar
  10. Release-1-8-0b.tar
  11. Release-1-8-1.tar
  12. Release-1-8-2b.tar
  13. Release-1-8-2.tar
  14. Release-1-8-3b.tar
  15. Release-1-8-3.tar
  16. Release-1-8-4.tar
  17. Release-1-8-5.tar
  18. Release-1-8.tar
  19. Release-1-9b.tar
  20. Release-1-9-1.tar
  21. Release-1-9-2.tar
  22. Release-1-9-3.tar
  23. Release-1-9-4.tar
  24. Release-1-9-5b.tar
  25. Release-1-9-5.tar
  26. Release-1-9-6.tar
  27. Release-1-9.tar
  28. Release-1-10-1.tar
  29. Release-1-10.tar
  30. branchpoint-1-5.tar
  31. branchpoint-1-6.tar
  32. branchpoint-1-7.tar
  33. branchpoint-1-8.tar
  34. branchpoint-1-9.tar
  35. branchpoint-1-10.tar
  36. branchpoint-real-1-5.tar
  37. br-1-4.tar
  38. br-1-5.tar
  39. br-1-6.tar
  40. br-1-7.tar
  41. br-1-8.tar
  42. br-1-9.tar
  43. handle-languages.tar
  44. last-merge-into-user-dep-gen-branch.tar
  45. merging-into-user-dep-gen.tar
  46. ng-0.5a.tar
  47. pre-depend-change.tar
  48. pre-ian-conditionals.tar
  49. user-dep-gen-abandoned-branch.tar
  50. user-dep-gen-branchpoint.tar
  51. user-dep-gen-merge-abandoned-branch.tar
  52. user-dep-gen-merge-branchpoint.tar
  53. v1.10b.tar
  54. v1.10.2.tar
  55. v1.10.3.tar
  56. v1.11b.tar
  57. v1.11d.tar
  58. v1.11.1b.tar
  59. v1.11.1.tar
  60. v1.11.2b.tar
  61. v1.11.2.tar
  62. v1.11.3b.tar
  63. v1.11.3.tar
  64. v1.11.4.tar
  65. v1.11.5.tar
  66. v1.11.6.tar
  67. v1.11.tar
  68. v1.12b.tar
  69. v1.12.0b.tar
  70. v1.12.1.tar
  71. v1.12.2.tar
  72. v1.12.3.tar
  73. v1.12.4.tar
  74. v1.12.5.tar
  75. v1.12.6.tar
  76. v1.12.tar
  77. v1.13b.tar
  78. v1.13.1b.tar
  79. v1.13.1d.tar
  80. v1.13.1.tar
  81. v1.13.2b.tar
  82. v1.13.2.tar
  83. v1.13.3.tar
  84. v1.13.4.tar
  85. v1.13.tar
  86. v1.14.1.tar
  87. v1.14.tar
  88. v1.15.1.tar
  89. v1.15.tar
  90. v1.16i.tar
  91. v1.16.1.tar
  92. v1.16.2.tar
  93. v1.16.3.tar
  94. v1.16.4.tar
  95. v1.16.5.tar
  96. v1.16.90.tar
  97. v1.16.92.tar
  98. v1.16.tar
  99. v1.17.tar
  100. ylwrap-refactor-abandoned-branch.tar

文件 #1: Release-1-7b.tar
  原始大小: 3.47 MiB
  LZ4压缩大小: 1.12 MiB
  压缩率: 3.09x
  压缩时间: 0.01 秒
  压缩吞吐量: 307.979053 MiB/s
  解压时间: 0.01 秒
  解压吞吐量: 616.68 MiB/s
  LZ4文件: ./compressed_datasets/automake/Release-1-7b.tar.lz4

文件 #2: Release-1-7d.tar
  原始大小: 3.49 MiB
  LZ4压缩大小: 1.13 MiB
  压缩率: 3.09x
  压缩时间: 0.01 秒
  压缩吞吐量: 297.578444 MiB/s
  解压时间: 0.01 秒
  解压吞吐量: 684.58 MiB/s
  LZ4文件: ./compressed_datasets/automake/Release-1-7d.tar.lz4

文件 #3: Release-1-7f.tar
  原始大小: 3.50 MiB
  LZ4压缩大小: 1.13 MiB
  压缩率: 3.09x
  压缩时间: 0.01 秒
  压缩吞吐量: 278.884462 MiB/s
  解压时间: 0.00 秒
  解压吞吐量: 700.64 MiB/s
  LZ4文件: ./compressed_datasets/automake/Release-1-7f.tar.lz4

文件 #4: Release-1-7h.tar
  原始大小: 3.51 MiB
  LZ4压缩大小: 1.13 MiB
  压缩率: 3.08x
  压缩时间: 0.01 秒
  压缩吞吐量: 299.820620 MiB/s
  解压时间: 0.01 秒
  解压吞吐量: 612.73 MiB/s
  LZ4文件: ./compressed_datasets/automake/Release-1-7h.tar.lz4

文件 #5: Release-1-7-8.tar
  原始大小: 3.08 MiB
  LZ4压缩大小: 0.99 MiB
  压缩率: 3.10x
  压缩时间: 0.01 秒
  压缩吞吐量: 302.821748 MiB/s
  解压时间: 0.00 秒
  解压吞吐量: 700.11 MiB/s
  LZ4文件: ./compressed_datasets/automake/Release-1-7-8.tar.lz4

文件 #6: Release-1-7-9.tar
  原始大小: 3.08 MiB
  LZ4压缩大小: 0.99 MiB
  压缩率: 3.09x
  压缩时间: 0.01 秒
  压缩吞吐量: 303.000491 MiB/s
  解压时间: 0.00 秒
  解压吞吐量: 685.38 MiB/s
  LZ4文件: ./compressed_datasets/automake/Release-1-7-9.tar.lz4

文件 #7: Release-1-7.tar
  原始大小: 2.81 MiB
  LZ4压缩大小: 0.89 MiB
  压缩率: 3.13x
  压缩时间: 0.01 秒
  压缩吞吐量: 306.033543 MiB/s
  解压时间: 0.00 秒
  解压吞吐量: 688.63 MiB/s
  LZ4文件: ./compressed_datasets/automake/Release-1-7.tar.lz4

文件 #8: Release-1-8b.tar
  原始大小: 3.73 MiB
  LZ4压缩大小: 1.21 MiB
  压缩率: 3.07x
  压缩时间: 0.01 秒
  压缩吞吐量: 299.670603 MiB/s
  解压时间: 0.01 秒
  解压吞吐量: 708.94 MiB/s
  LZ4文件: ./compressed_datasets/automake/Release-1-8b.tar.lz4

文件 #9: Release-1-8d.tar
  原始大小: 3.75 MiB
  LZ4压缩大小: 1.22 MiB
  压缩率: 3.07x
  压缩时间: 0.01 秒
  压缩吞吐量: 294.904057 MiB/s
  解压时间: 0.01 秒
  解压吞吐量: 706.97 MiB/s
  LZ4文件: ./compressed_datasets/automake/Release-1-8d.tar.lz4

文件 #10: Release-1-8-0b.tar
  原始大小: 3.56 MiB
  LZ4压缩大小: 1.15 MiB
  压缩率: 3.08x
  压缩时间: 0.01 秒
  压缩吞吐量: 296.839823 MiB/s
  解压时间: 0.01 秒
  解压吞吐量: 699.42 MiB/s
  LZ4文件: ./compressed_datasets/automake/Release-1-8-0b.tar.lz4

文件 #11: Release-1-8-1.tar
  原始大小: 3.57 MiB
  LZ4压缩大小: 1.16 MiB
  压缩率: 3.08x
  压缩时间: 0.01 秒
  压缩吞吐量: 301.240401 MiB/s
  解压时间: 0.00 秒
  解压吞吐量: 721.64 MiB/s
  LZ4文件: ./compressed_datasets/automake/Release-1-8-1.tar.lz4

文件 #12: Release-1-8-2b.tar
  原始大小: 3.63 MiB
  LZ4压缩大小: 1.18 MiB
  压缩率: 3.06x
  压缩时间: 0.01 秒
  压缩吞吐量: 300.770569 MiB/s
  解压时间: 0.01 秒
  解压吞吐量: 669.40 MiB/s
  LZ4文件: ./compressed_datasets/automake/Release-1-8-2b.tar.lz4

文件 #13: Release-1-8-2.tar
  原始大小: 3.57 MiB
  LZ4压缩大小: 1.16 MiB
  压缩率: 3.07x
  压缩时间: 0.01 秒
  压缩吞吐量: 292.120121 MiB/s
  解压时间: 0.00 秒
  解压吞吐量: 715.25 MiB/s
  LZ4文件: ./compressed_datasets/automake/Release-1-8-2.tar.lz4

文件 #14: Release-1-8-3b.tar
  原始大小: 3.64 MiB
  LZ4压缩大小: 1.18 MiB
  压缩率: 3.06x
  压缩时间: 0.01 秒
  压缩吞吐量: 297.264189 MiB/s
  解压时间: 0.01 秒
  解压吞吐量: 712.12 MiB/s
  LZ4文件: ./compressed_datasets/automake/Release-1-8-3b.tar.lz4

文件 #15: Release-1-8-3.tar
  原始大小: 3.63 MiB
  LZ4压缩大小: 1.18 MiB
  压缩率: 3.06x
  压缩时间: 0.01 秒
  压缩吞吐量: 299.430833 MiB/s
  解压时间: 0.01 秒
  解压吞吐量: 620.63 MiB/s
  LZ4文件: ./compressed_datasets/automake/Release-1-8-3.tar.lz4

文件 #16: Release-1-8-4.tar
  原始大小: 3.63 MiB
  LZ4压缩大小: 1.18 MiB
  压缩率: 3.06x
  压缩时间: 0.01 秒
  压缩吞吐量: 299.455535 MiB/s
  解压时间: 0.01 秒
  解压吞吐量: 626.91 MiB/s
  LZ4文件: ./compressed_datasets/automake/Release-1-8-4.tar.lz4

文件 #17: Release-1-8-5.tar
  原始大小: 3.64 MiB
  LZ4压缩大小: 1.18 MiB
  压缩率: 3.06x
  压缩时间: 0.01 秒
  压缩吞吐量: 302.828618 MiB/s
  解压时间: 0.01 秒
  解压吞吐量: 701.60 MiB/s
  LZ4文件: ./compressed_datasets/automake/Release-1-8-5.tar.lz4

文件 #18: Release-1-8.tar
  原始大小: 3.53 MiB
  LZ4压缩大小: 1.14 MiB
  压缩率: 3.08x
  压缩时间: 0.01 秒
  压缩吞吐量: 299.685881 MiB/s
  解压时间: 0.01 秒
  解压吞吐量: 705.71 MiB/s
  LZ4文件: ./compressed_datasets/automake/Release-1-8.tar.lz4

文件 #19: Release-1-9b.tar
  原始大小: 4.21 MiB
  LZ4压缩大小: 1.40 MiB
  压缩率: 3.00x
  压缩时间: 0.01 秒
  压缩吞吐量: 296.145188 MiB/s
  解压时间: 0.01 秒
  解压吞吐量: 733.70 MiB/s
  LZ4文件: ./compressed_datasets/automake/Release-1-9b.tar.lz4

文件 #20: Release-1-9-1.tar
  原始大小: 3.75 MiB
  LZ4压缩大小: 1.22 MiB
  压缩率: 3.06x
  压缩时间: 0.01 秒
  压缩吞吐量: 270.758122 MiB/s
  解压时间: 0.01 秒
  解压吞吐量: 612.60 MiB/s
  LZ4文件: ./compressed_datasets/automake/Release-1-9-1.tar.lz4

文件 #21: Release-1-9-2.tar
  原始大小: 3.80 MiB
  LZ4压缩大小: 1.25 MiB
  压缩率: 3.04x
  压缩时间: 0.01 秒
  压缩吞吐量: 299.755462 MiB/s
  解压时间: 0.01 秒
  解压吞吐量: 713.15 MiB/s
  LZ4文件: ./compressed_datasets/automake/Release-1-9-2.tar.lz4

文件 #22: Release-1-9-3.tar
  原始大小: 3.81 MiB
  LZ4压缩大小: 1.25 MiB
  压缩率: 3.03x
  压缩时间: 0.01 秒
  压缩吞吐量: 298.262094 MiB/s
  解压时间: 0.01 秒
  解压吞吐量: 707.28 MiB/s
  LZ4文件: ./compressed_datasets/automake/Release-1-9-3.tar.lz4

文件 #23: Release-1-9-4.tar
  原始大小: 3.86 MiB
  LZ4压缩大小: 1.27 MiB
  压缩率: 3.03x
  压缩时间: 0.01 秒
  压缩吞吐量: 302.058064 MiB/s
  解压时间: 0.01 秒
  解压吞吐量: 625.03 MiB/s
  LZ4文件: ./compressed_datasets/automake/Release-1-9-4.tar.lz4

文件 #24: Release-1-9-5b.tar
  原始大小: 3.93 MiB
  LZ4压缩大小: 1.30 MiB
  压缩率: 3.01x
  压缩时间: 0.01 秒
  压缩吞吐量: 294.580616 MiB/s
  解压时间: 0.01 秒
  解压吞吐量: 704.20 MiB/s
  LZ4文件: ./compressed_datasets/automake/Release-1-9-5b.tar.lz4

文件 #25: Release-1-9-5.tar
  原始大小: 3.88 MiB
  LZ4压缩大小: 1.28 MiB
  压缩率: 3.02x
  压缩时间: 0.01 秒
  压缩吞吐量: 282.284467 MiB/s
  解压时间: 0.01 秒
  解压吞吐量: 716.27 MiB/s
  LZ4文件: ./compressed_datasets/automake/Release-1-9-5.tar.lz4

文件 #26: Release-1-9-6.tar
  原始大小: 3.93 MiB
  LZ4压缩大小: 1.30 MiB
  压缩率: 3.01x
  压缩时间: 0.01 秒
  压缩吞吐量: 296.738145 MiB/s
  解压时间: 0.01 秒
  解压吞吐量: 705.53 MiB/s
  LZ4文件: ./compressed_datasets/automake/Release-1-9-6.tar.lz4

文件 #27: Release-1-9.tar
  原始大小: 3.74 MiB
  LZ4压缩大小: 1.22 MiB
  压缩率: 3.06x
  压缩时间: 0.01 秒
  压缩吞吐量: 298.483639 MiB/s
  解压时间: 0.01 秒
  解压吞吐量: 716.69 MiB/s
  LZ4文件: ./compressed_datasets/automake/Release-1-9.tar.lz4

文件 #28: Release-1-10-1.tar
  原始大小: 4.34 MiB
  LZ4压缩大小: 1.44 MiB
  压缩率: 2.99x
  压缩时间: 0.01 秒
  压缩吞吐量: 291.177457 MiB/s
  解压时间: 0.01 秒
  解压吞吐量: 712.02 MiB/s
  LZ4文件: ./compressed_datasets/automake/Release-1-10-1.tar.lz4

文件 #29: Release-1-10.tar
  原始大小: 4.23 MiB
  LZ4压缩大小: 1.41 MiB
  压缩率: 3.00x
  压缩时间: 0.01 秒
  压缩吞吐量: 292.046396 MiB/s
  解压时间: 0.01 秒
  解压吞吐量: 724.62 MiB/s
  LZ4文件: ./compressed_datasets/automake/Release-1-10.tar.lz4

文件 #30: branchpoint-1-5.tar
  原始大小: 1.65 MiB
  LZ4压缩大小: 0.62 MiB
  压缩率: 2.62x
  压缩时间: 0.01 秒
  压缩吞吐量: 270.403146 MiB/s
  解压时间: 0.00 秒
  解压吞吐量: 581.33 MiB/s
  LZ4文件: ./compressed_datasets/automake/branchpoint-1-5.tar.lz4

文件 #31: branchpoint-1-6.tar
  原始大小: 2.23 MiB
  LZ4压缩大小: 0.80 MiB
  压缩率: 2.76x
  压缩时间: 0.01 秒
  压缩吞吐量: 289.723268 MiB/s
  解压时间: 0.00 秒
  解压吞吐量: 615.85 MiB/s
  LZ4文件: ./compressed_datasets/automake/branchpoint-1-6.tar.lz4

文件 #32: branchpoint-1-7.tar
  原始大小: 2.81 MiB
  LZ4压缩大小: 0.89 MiB
  压缩率: 3.13x
  压缩时间: 0.01 秒
  压缩吞吐量: 305.103148 MiB/s
  解压时间: 0.00 秒
  解压吞吐量: 670.92 MiB/s
  LZ4文件: ./compressed_datasets/automake/branchpoint-1-7.tar.lz4

文件 #33: branchpoint-1-8.tar
  原始大小: 3.53 MiB
  LZ4压缩大小: 1.14 MiB
  压缩率: 3.08x
  压缩时间: 0.01 秒
  压缩吞吐量: 299.304731 MiB/s
  解压时间: 0.01 秒
  解压吞吐量: 700.22 MiB/s
  LZ4文件: ./compressed_datasets/automake/branchpoint-1-8.tar.lz4

文件 #34: branchpoint-1-9.tar
  原始大小: 3.74 MiB
  LZ4压缩大小: 1.22 MiB
  压缩率: 3.06x
  压缩时间: 0.01 秒
  压缩吞吐量: 300.256904 MiB/s
  解压时间: 0.01 秒
  解压吞吐量: 732.13 MiB/s
  LZ4文件: ./compressed_datasets/automake/branchpoint-1-9.tar.lz4

文件 #35: branchpoint-1-10.tar
  原始大小: 4.23 MiB
  LZ4压缩大小: 1.41 MiB
  压缩率: 3.00x
  压缩时间: 0.01 秒
  压缩吞吐量: 293.017456 MiB/s
  解压时间: 0.01 秒
  解压吞吐量: 725.55 MiB/s
  LZ4文件: ./compressed_datasets/automake/branchpoint-1-10.tar.lz4

文件 #36: branchpoint-real-1-5.tar
  原始大小: 1.94 MiB
  LZ4压缩大小: 0.71 MiB
  压缩率: 2.72x
  压缩时间: 0.01 秒
  压缩吞吐量: 276.235227 MiB/s
  解压时间: 0.00 秒
  解压吞吐量: 615.15 MiB/s
  LZ4文件: ./compressed_datasets/automake/branchpoint-real-1-5.tar.lz4

文件 #37: br-1-4.tar
  原始大小: 1.35 MiB
  LZ4压缩大小: 0.50 MiB
  压缩率: 2.67x
  压缩时间: 0.01 秒
  压缩吞吐量: 253.521126 MiB/s
  解压时间: 0.00 秒
  解压吞吐量: 491.63 MiB/s
  LZ4文件: ./compressed_datasets/automake/br-1-4.tar.lz4

文件 #38: br-1-5.tar
  原始大小: 1.95 MiB
  LZ4压缩大小: 0.71 MiB
  压缩率: 2.72x
  压缩时间: 0.01 秒
  压缩吞吐量: 283.760186 MiB/s
  解压时间: 0.00 秒
  解压吞吐量: 600.88 MiB/s
  LZ4文件: ./compressed_datasets/automake/br-1-5.tar.lz4

文件 #39: br-1-6.tar
  原始大小: 2.28 MiB
  LZ4压缩大小: 0.82 MiB
  压缩率: 2.75x
  压缩时间: 0.01 秒
  压缩吞吐量: 286.288297 MiB/s
  解压时间: 0.00 秒
  解压吞吐量: 638.69 MiB/s
  LZ4文件: ./compressed_datasets/automake/br-1-6.tar.lz4

文件 #40: br-1-7.tar
  原始大小: 3.09 MiB
  LZ4压缩大小: 0.99 MiB
  压缩率: 3.10x
  压缩时间: 0.01 秒
  压缩吞吐量: 302.023262 MiB/s
  解压时间: 0.01 秒
  解压吞吐量: 611.14 MiB/s
  LZ4文件: ./compressed_datasets/automake/br-1-7.tar.lz4

文件 #41: br-1-8.tar
  原始大小: 3.64 MiB
  LZ4压缩大小: 1.18 MiB
  压缩率: 3.06x
  压缩时间: 0.01 秒
  压缩吞吐量: 298.262864 MiB/s
  解压时间: 0.00 秒
  解压吞吐量: 728.09 MiB/s
  LZ4文件: ./compressed_datasets/automake/br-1-8.tar.lz4

文件 #42: br-1-9.tar
  原始大小: 3.93 MiB
  LZ4压缩大小: 1.30 MiB
  压缩率: 3.01x
  压缩时间: 0.01 秒
  压缩吞吐量: 295.711060 MiB/s
  解压时间: 0.01 秒
  解压吞吐量: 733.34 MiB/s
  LZ4文件: ./compressed_datasets/automake/br-1-9.tar.lz4

文件 #43: handle-languages.tar
  原始大小: 2.19 MiB
  LZ4压缩大小: 0.82 MiB
  压缩率: 2.65x
  压缩时间: 0.01 秒
  压缩吞吐量: 309.147374 MiB/s
  解压时间: 0.00 秒
  解压吞吐量: 621.90 MiB/s
  LZ4文件: ./compressed_datasets/automake/handle-languages.tar.lz4

文件 #44: last-merge-into-user-dep-gen-branch.tar
  原始大小: 1.72 MiB
  LZ4压缩大小: 0.65 MiB
  压缩率: 2.64x
  压缩时间: 0.01 秒
  压缩吞吐量: 268.163392 MiB/s
  解压时间: 0.00 秒
  解压吞吐量: 566.07 MiB/s
  LZ4文件: ./compressed_datasets/automake/last-merge-into-user-dep-gen-branch.tar.lz4

文件 #45: merging-into-user-dep-gen.tar
  原始大小: 1.75 MiB
  LZ4压缩大小: 0.66 MiB
  压缩率: 2.66x
  压缩时间: 0.01 秒
  压缩吞吐量: 273.779724 MiB/s
  解压时间: 0.00 秒
  解压吞吐量: 573.07 MiB/s
  LZ4文件: ./compressed_datasets/automake/merging-into-user-dep-gen.tar.lz4

文件 #46: ng-0.5a.tar
  原始大小: 6.79 MiB
  LZ4压缩大小: 2.20 MiB
  压缩率: 3.07x
  压缩时间: 0.02 秒
  压缩吞吐量: 317.616240 MiB/s
  解压时间: 0.01 秒
  解压吞吐量: 840.16 MiB/s
  LZ4文件: ./compressed_datasets/automake/ng-0.5a.tar.lz4

文件 #47: pre-depend-change.tar
  原始大小: 1.41 MiB
  LZ4压缩大小: 0.54 MiB
  压缩率: 2.58x
  压缩时间: 0.01 秒
  压缩吞吐量: 256.037770 MiB/s
  解压时间: 0.00 秒
  解压吞吐量: 538.37 MiB/s
  LZ4文件: ./compressed_datasets/automake/pre-depend-change.tar.lz4

文件 #48: pre-ian-conditionals.tar
  原始大小: 1.30 MiB
  LZ4压缩大小: 0.50 MiB
  压缩率: 2.59x
  压缩时间: 0.01 秒
  压缩吞吐量: 247.760625 MiB/s
  解压时间: 0.00 秒
  解压吞吐量: 503.14 MiB/s
  LZ4文件: ./compressed_datasets/automake/pre-ian-conditionals.tar.lz4

文件 #49: user-dep-gen-abandoned-branch.tar
  原始大小: 1.38 MiB
  LZ4压缩大小: 0.50 MiB
  压缩率: 2.72x
  压缩时间: 0.01 秒
  压缩吞吐量: 252.700970 MiB/s
  解压时间: 0.00 秒
  解压吞吐量: 531.45 MiB/s
  LZ4文件: ./compressed_datasets/automake/user-dep-gen-abandoned-branch.tar.lz4

文件 #50: user-dep-gen-branchpoint.tar
  原始大小: 1.68 MiB
  LZ4压缩大小: 0.63 MiB
  压缩率: 2.64x
  压缩时间: 0.01 秒
  压缩吞吐量: 241.102181 MiB/s
  解压时间: 0.00 秒
  解压吞吐量: 519.09 MiB/s
  LZ4文件: ./compressed_datasets/automake/user-dep-gen-branchpoint.tar.lz4

文件 #51: user-dep-gen-merge-abandoned-branch.tar
  原始大小: 1.39 MiB
  LZ4压缩大小: 0.51 MiB
  压缩率: 2.73x
  压缩时间: 0.01 秒
  压缩吞吐量: 256.221198 MiB/s
  解压时间: 0.00 秒
  解压吞吐量: 533.06 MiB/s
  LZ4文件: ./compressed_datasets/automake/user-dep-gen-merge-abandoned-branch.tar.lz4

文件 #52: user-dep-gen-merge-branchpoint.tar
  原始大小: 1.36 MiB
  LZ4压缩大小: 0.50 MiB
  压缩率: 2.71x
  压缩时间: 0.01 秒
  压缩吞吐量: 258.260539 MiB/s
  解压时间: 0.00 秒
  解压吞吐量: 530.70 MiB/s
  LZ4文件: ./compressed_datasets/automake/user-dep-gen-merge-branchpoint.tar.lz4

文件 #53: v1.10b.tar
  原始大小: 4.77 MiB
  LZ4压缩大小: 1.61 MiB
  压缩率: 2.95x
  压缩时间: 0.02 秒
  压缩吞吐量: 294.735541 MiB/s
  解压时间: 0.01 秒
  解压吞吐量: 766.27 MiB/s
  LZ4文件: ./compressed_datasets/automake/v1.10b.tar.lz4

文件 #54: v1.10.2.tar
  原始大小: 4.41 MiB
  LZ4压缩大小: 1.47 MiB
  压缩率: 2.99x
  压缩时间: 0.02 秒
  压缩吞吐量: 288.084661 MiB/s
  解压时间: 0.01 秒
  解压吞吐量: 734.84 MiB/s
  LZ4文件: ./compressed_datasets/automake/v1.10.2.tar.lz4

文件 #55: v1.10.3.tar
  原始大小: 4.48 MiB
  LZ4压缩大小: 1.50 MiB
  压缩率: 2.98x
  压缩时间: 0.02 秒
  压缩吞吐量: 294.136957 MiB/s
  解压时间: 0.01 秒
  解压吞吐量: 758.11 MiB/s
  LZ4文件: ./compressed_datasets/automake/v1.10.3.tar.lz4

文件 #56: v1.11b.tar
  原始大小: 6.87 MiB
  LZ4压缩大小: 2.22 MiB
  压缩率: 3.09x
  压缩时间: 0.02 秒
  压缩吞吐量: 317.541021 MiB/s
  解压时间: 0.01 秒
  解压吞吐量: 868.01 MiB/s
  LZ4文件: ./compressed_datasets/automake/v1.11b.tar.lz4

文件 #57: v1.11d.tar
  原始大小: 6.89 MiB
  LZ4压缩大小: 2.23 MiB
  压缩率: 3.08x
  压缩时间: 0.02 秒
  压缩吞吐量: 319.528822 MiB/s
  解压时间: 0.01 秒
  解压吞吐量: 869.50 MiB/s
  LZ4文件: ./compressed_datasets/automake/v1.11d.tar.lz4

文件 #58: v1.11.1b.tar
  原始大小: 5.63 MiB
  LZ4压缩大小: 1.86 MiB
  压缩率: 3.01x
  压缩时间: 0.02 秒
  压缩吞吐量: 310.517897 MiB/s
  解压时间: 0.01 秒
  解压吞吐量: 819.09 MiB/s
  LZ4文件: ./compressed_datasets/automake/v1.11.1b.tar.lz4

文件 #59: v1.11.1.tar
  原始大小: 4.87 MiB
  LZ4压缩大小: 1.65 MiB
  压缩率: 2.95x
  压缩时间: 0.02 秒
  压缩吞吐量: 291.931423 MiB/s
  解压时间: 0.01 秒
  解压吞吐量: 770.95 MiB/s
  LZ4文件: ./compressed_datasets/automake/v1.11.1.tar.lz4

文件 #60: v1.11.2b.tar
  原始大小: 5.42 MiB
  LZ4压缩大小: 1.80 MiB
  压缩率: 3.00x
  压缩时间: 0.02 秒
  压缩吞吐量: 313.457868 MiB/s
  解压时间: 0.01 秒
  解压吞吐量: 691.91 MiB/s
  LZ4文件: ./compressed_datasets/automake/v1.11.2b.tar.lz4

文件 #61: v1.11.2.tar
  原始大小: 5.63 MiB
  LZ4压缩大小: 1.87 MiB
  压缩率: 3.01x
  压缩时间: 0.02 秒
  压缩吞吐量: 312.638827 MiB/s
  解压时间: 0.01 秒
  解压吞吐量: 705.33 MiB/s
  LZ4文件: ./compressed_datasets/automake/v1.11.2.tar.lz4

文件 #62: v1.11.3b.tar
  原始大小: 5.47 MiB
  LZ4压缩大小: 1.81 MiB
  压缩率: 3.01x
  压缩时间: 0.02 秒
  压缩吞吐量: 310.407445 MiB/s
  解压时间: 0.01 秒
  解压吞吐量: 807.83 MiB/s
  LZ4文件: ./compressed_datasets/automake/v1.11.3b.tar.lz4

文件 #63: v1.11.3.tar
  原始大小: 5.42 MiB
  LZ4压缩大小: 1.80 MiB
  压缩率: 3.00x
  压缩时间: 0.02 秒
  压缩吞吐量: 308.112102 MiB/s
  解压时间: 0.01 秒
  解压吞吐量: 808.08 MiB/s
  LZ4文件: ./compressed_datasets/automake/v1.11.3.tar.lz4

文件 #64: v1.11.4.tar
  原始大小: 5.47 MiB
  LZ4压缩大小: 1.82 MiB
  压缩率: 3.00x
  压缩时间: 0.02 秒
  压缩吞吐量: 305.740316 MiB/s
  解压时间: 0.01 秒
  解压吞吐量: 811.27 MiB/s
  LZ4文件: ./compressed_datasets/automake/v1.11.4.tar.lz4

文件 #65: v1.11.5.tar
  原始大小: 5.48 MiB
  LZ4压缩大小: 1.82 MiB
  压缩率: 3.01x
  压缩时间: 0.02 秒
  压缩吞吐量: 309.185285 MiB/s
  解压时间: 0.01 秒
  解压吞吐量: 794.87 MiB/s
  LZ4文件: ./compressed_datasets/automake/v1.11.5.tar.lz4

文件 #66: v1.11.6.tar
  原始大小: 5.48 MiB
  LZ4压缩大小: 1.82 MiB
  压缩率: 3.01x
  压缩时间: 0.02 秒
  压缩吞吐量: 309.289987 MiB/s
  解压时间: 0.01 秒
  解压吞吐量: 698.52 MiB/s
  LZ4文件: ./compressed_datasets/automake/v1.11.6.tar.lz4

文件 #67: v1.11.tar
  原始大小: 4.83 MiB
  LZ4压缩大小: 1.63 MiB
  压缩率: 2.95x
  压缩时间: 0.02 秒
  压缩吞吐量: 295.087976 MiB/s
  解压时间: 0.01 秒
  解压吞吐量: 771.98 MiB/s
  LZ4文件: ./compressed_datasets/automake/v1.11.tar.lz4

文件 #68: v1.12b.tar
  原始大小: 7.01 MiB
  LZ4压缩大小: 2.28 MiB
  压缩率: 3.06x
  压缩时间: 0.02 秒
  压缩吞吐量: 319.391288 MiB/s
  解压时间: 0.01 秒
  解压吞吐量: 868.62 MiB/s
  LZ4文件: ./compressed_datasets/automake/v1.12b.tar.lz4

文件 #69: v1.12.0b.tar
  原始大小: 6.96 MiB
  LZ4压缩大小: 2.25 MiB
  压缩率: 3.09x
  压缩时间: 0.02 秒
  压缩吞吐量: 322.266981 MiB/s
  解压时间: 0.01 秒
  解压吞吐量: 872.08 MiB/s
  LZ4文件: ./compressed_datasets/automake/v1.12.0b.tar.lz4

文件 #70: v1.12.1.tar
  原始大小: 6.96 MiB
  LZ4压缩大小: 2.25 MiB
  压缩率: 3.09x
  压缩时间: 0.02 秒
  压缩吞吐量: 320.796460 MiB/s
  解压时间: 0.01 秒
  解压吞吐量: 748.13 MiB/s
  LZ4文件: ./compressed_datasets/automake/v1.12.1.tar.lz4

文件 #71: v1.12.2.tar
  原始大小: 6.99 MiB
  LZ4压缩大小: 2.26 MiB
  压缩率: 3.09x
  压缩时间: 0.02 秒
  压缩吞吐量: 322.238613 MiB/s
  解压时间: 0.01 秒
  解压吞吐量: 869.57 MiB/s
  LZ4文件: ./compressed_datasets/automake/v1.12.2.tar.lz4

文件 #72: v1.12.3.tar
  原始大小: 6.98 MiB
  LZ4压缩大小: 2.26 MiB
  压缩率: 3.08x
  压缩时间: 0.02 秒
  压缩吞吐量: 322.327407 MiB/s
  解压时间: 0.01 秒
  解压吞吐量: 853.37 MiB/s
  LZ4文件: ./compressed_datasets/automake/v1.12.3.tar.lz4

文件 #73: v1.12.4.tar
  原始大小: 6.99 MiB
  LZ4压缩大小: 2.26 MiB
  压缩率: 3.08x
  压缩时间: 0.02 秒
  压缩吞吐量: 322.893569 MiB/s
  解压时间: 0.01 秒
  解压吞吐量: 735.76 MiB/s
  LZ4文件: ./compressed_datasets/automake/v1.12.4.tar.lz4

文件 #74: v1.12.5.tar
  原始大小: 6.99 MiB
  LZ4压缩大小: 2.27 MiB
  压缩率: 3.07x
  压缩时间: 0.02 秒
  压缩吞吐量: 319.134365 MiB/s
  解压时间: 0.01 秒
  解压吞吐量: 868.31 MiB/s
  LZ4文件: ./compressed_datasets/automake/v1.12.5.tar.lz4

文件 #75: v1.12.6.tar
  原始大小: 7.03 MiB
  LZ4压缩大小: 2.28 MiB
  压缩率: 3.07x
  压缩时间: 0.02 秒
  压缩吞吐量: 322.373549 MiB/s
  解压时间: 0.01 秒
  解压吞吐量: 847.41 MiB/s
  LZ4文件: ./compressed_datasets/automake/v1.12.6.tar.lz4

文件 #76: v1.12.tar
  原始大小: 6.90 MiB
  LZ4压缩大小: 2.23 MiB
  压缩率: 3.08x
  压缩时间: 0.02 秒
  压缩吞吐量: 322.761717 MiB/s
  解压时间: 0.01 秒
  解压吞吐量: 860.13 MiB/s
  LZ4文件: ./compressed_datasets/automake/v1.12.tar.lz4

文件 #77: v1.13b.tar
  原始大小: 7.17 MiB
  LZ4压缩大小: 2.34 MiB
  压缩率: 3.06x
  压缩时间: 0.02 秒
  压缩吞吐量: 322.682268 MiB/s
  解压时间: 0.01 秒
  解压吞吐量: 742.92 MiB/s
  LZ4文件: ./compressed_datasets/automake/v1.13b.tar.lz4

文件 #78: v1.13.1b.tar
  原始大小: 7.03 MiB
  LZ4压缩大小: 2.29 MiB
  压缩率: 3.06x
  压缩时间: 0.02 秒
  压缩吞吐量: 302.378596 MiB/s
  解压时间: 0.01 秒
  解压吞吐量: 874.10 MiB/s
  LZ4文件: ./compressed_datasets/automake/v1.13.1b.tar.lz4

文件 #79: v1.13.1d.tar
  原始大小: 7.07 MiB
  LZ4压缩大小: 2.30 MiB
  压缩率: 3.06x
  压缩时间: 0.02 秒
  压缩吞吐量: 317.909977 MiB/s
  解压时间: 0.01 秒
  解压吞吐量: 890.94 MiB/s
  LZ4文件: ./compressed_datasets/automake/v1.13.1d.tar.lz4

文件 #80: v1.13.1.tar
  原始大小: 7.03 MiB
  LZ4压缩大小: 2.29 MiB
  压缩率: 3.06x
  压缩时间: 0.02 秒
  压缩吞吐量: 323.620126 MiB/s
  解压时间: 0.01 秒
  解压吞吐量: 867.23 MiB/s
  LZ4文件: ./compressed_datasets/automake/v1.13.1.tar.lz4

文件 #81: v1.13.2b.tar
  原始大小: 7.07 MiB
  LZ4压缩大小: 2.31 MiB
  压缩率: 3.05x
  压缩时间: 0.02 秒
  压缩吞吐量: 321.685321 MiB/s
  解压时间: 0.01 秒
  解压吞吐量: 880.81 MiB/s
  LZ4文件: ./compressed_datasets/automake/v1.13.2b.tar.lz4

文件 #82: v1.13.2.tar
  原始大小: 7.07 MiB
  LZ4压缩大小: 2.30 MiB
  压缩率: 3.06x
  压缩时间: 0.02 秒
  压缩吞吐量: 322.816309 MiB/s
  解压时间: 0.01 秒
  解压吞吐量: 874.52 MiB/s
  LZ4文件: ./compressed_datasets/automake/v1.13.2.tar.lz4

文件 #83: v1.13.3.tar
  原始大小: 7.07 MiB
  LZ4压缩大小: 2.31 MiB
  压缩率: 3.05x
  压缩时间: 0.02 秒
  压缩吞吐量: 318.597629 MiB/s
  解压时间: 0.01 秒
  解压吞吐量: 842.71 MiB/s
  LZ4文件: ./compressed_datasets/automake/v1.13.3.tar.lz4

文件 #84: v1.13.4.tar
  原始大小: 7.08 MiB
  LZ4压缩大小: 2.31 MiB
  压缩率: 3.06x
  压缩时间: 0.02 秒
  压缩吞吐量: 319.048262 MiB/s
  解压时间: 0.01 秒
  解压吞吐量: 876.24 MiB/s
  LZ4文件: ./compressed_datasets/automake/v1.13.4.tar.lz4

文件 #85: v1.13.tar
  原始大小: 7.02 MiB
  LZ4压缩大小: 2.28 MiB
  压缩率: 3.06x
  压缩时间: 0.02 秒
  压缩吞吐量: 318.772136 MiB/s
  解压时间: 0.01 秒
  解压吞吐量: 860.54 MiB/s
  LZ4文件: ./compressed_datasets/automake/v1.13.tar.lz4

文件 #86: v1.14.1.tar
  原始大小: 7.19 MiB
  LZ4压缩大小: 2.34 MiB
  压缩率: 3.06x
  压缩时间: 0.02 秒
  压缩吞吐量: 322.118184 MiB/s
  解压时间: 0.01 秒
  解压吞吐量: 883.32 MiB/s
  LZ4文件: ./compressed_datasets/automake/v1.14.1.tar.lz4

文件 #87: v1.14.tar
  原始大小: 7.19 MiB
  LZ4压缩大小: 2.34 MiB
  压缩率: 3.06x
  压缩时间: 0.02 秒
  压缩吞吐量: 320.695807 MiB/s
  解压时间: 0.01 秒
  解压吞吐量: 871.31 MiB/s
  LZ4文件: ./compressed_datasets/automake/v1.14.tar.lz4

文件 #88: v1.15.1.tar
  原始大小: 7.28 MiB
  LZ4压缩大小: 2.37 MiB
  压缩率: 3.06x
  压缩时间: 0.02 秒
  压缩吞吐量: 319.116293 MiB/s
  解压时间: 0.01 秒
  解压吞吐量: 867.35 MiB/s
  LZ4文件: ./compressed_datasets/automake/v1.15.1.tar.lz4

文件 #89: v1.15.tar
  原始大小: 7.21 MiB
  LZ4压缩大小: 2.35 MiB
  压缩率: 3.06x
  压缩时间: 0.02 秒
  压缩吞吐量: 325.302292 MiB/s
  解压时间: 0.01 秒
  解压吞吐量: 886.11 MiB/s
  LZ4文件: ./compressed_datasets/automake/v1.15.tar.lz4

文件 #90: v1.16i.tar
  原始大小: 7.55 MiB
  LZ4压缩大小: 2.48 MiB
  压缩率: 3.04x
  压缩时间: 0.02 秒
  压缩吞吐量: 320.390409 MiB/s
  解压时间: 0.01 秒
  解压吞吐量: 890.69 MiB/s
  LZ4文件: ./compressed_datasets/automake/v1.16i.tar.lz4

文件 #91: v1.16.1.tar
  原始大小: 7.31 MiB
  LZ4压缩大小: 2.38 MiB
  压缩率: 3.06x
  压缩时间: 0.02 秒
  压缩吞吐量: 321.121068 MiB/s
  解压时间: 0.01 秒
  解压吞吐量: 851.15 MiB/s
  LZ4文件: ./compressed_datasets/automake/v1.16.1.tar.lz4

文件 #92: v1.16.2.tar
  原始大小: 7.32 MiB
  LZ4压缩大小: 2.39 MiB
  压缩率: 3.05x
  压缩时间: 0.02 秒
  压缩吞吐量: 319.023752 MiB/s
  解压时间: 0.01 秒
  解压吞吐量: 866.49 MiB/s
  LZ4文件: ./compressed_datasets/automake/v1.16.2.tar.lz4

文件 #93: v1.16.3.tar
  原始大小: 7.46 MiB
  LZ4压缩大小: 2.45 MiB
  压缩率: 3.04x
  压缩时间: 0.02 秒
  压缩吞吐量: 320.254142 MiB/s
  解压时间: 0.01 秒
  解压吞吐量: 882.17 MiB/s
  LZ4文件: ./compressed_datasets/automake/v1.16.3.tar.lz4

文件 #94: v1.16.4.tar
  原始大小: 7.50 MiB
  LZ4压缩大小: 2.46 MiB
  压缩率: 3.04x
  压缩时间: 0.02 秒
  压缩吞吐量: 322.747224 MiB/s
  解压时间: 0.01 秒
  解压吞吐量: 758.15 MiB/s
  LZ4文件: ./compressed_datasets/automake/v1.16.4.tar.lz4

文件 #95: v1.16.5.tar
  原始大小: 7.50 MiB
  LZ4压缩大小: 2.46 MiB
  压缩率: 3.03x
  压缩时间: 0.02 秒
  压缩吞吐量: 318.877551 MiB/s
  解压时间: 0.01 秒
  解压吞吐量: 883.11 MiB/s
  LZ4文件: ./compressed_datasets/automake/v1.16.5.tar.lz4

文件 #96: v1.16.90.tar
  原始大小: 7.58 MiB
  LZ4压缩大小: 2.49 MiB
  压缩率: 3.03x
  压缩时间: 0.02 秒
  压缩吞吐量: 318.607876 MiB/s
  解压时间: 0.01 秒
  解压吞吐量: 889.83 MiB/s
  LZ4文件: ./compressed_datasets/automake/v1.16.90.tar.lz4

文件 #97: v1.16.92.tar
  原始大小: 7.59 MiB
  LZ4压缩大小: 2.50 MiB
  压缩率: 3.03x
  压缩时间: 0.02 秒
  压缩吞吐量: 322.690361 MiB/s
  解压时间: 0.01 秒
  解压吞吐量: 873.54 MiB/s
  LZ4文件: ./compressed_datasets/automake/v1.16.92.tar.lz4

文件 #98: v1.16.tar
  原始大小: 7.31 MiB
  LZ4压缩大小: 2.38 MiB
  压缩率: 3.06x
  压缩时间: 0.02 秒
  压缩吞吐量: 323.108203 MiB/s
  解压时间: 0.01 秒
  解压吞吐量: 754.99 MiB/s
  LZ4文件: ./compressed_datasets/automake/v1.16.tar.lz4

文件 #99: v1.17.tar
  原始大小: 7.60 MiB
  LZ4压缩大小: 2.50 MiB
  压缩率: 3.03x
  压缩时间: 0.02 秒
  压缩吞吐量: 320.742772 MiB/s
  解压时间: 0.01 秒
  解压吞吐量: 884.06 MiB/s
  LZ4文件: ./compressed_datasets/automake/v1.17.tar.lz4

文件 #100: ylwrap-refactor-abandoned-branch.tar
  原始大小: 5.47 MiB
  LZ4压缩大小: 1.80 MiB
  压缩率: 3.02x
  压缩时间: 0.02 秒
  压缩吞吐量: 307.199820 MiB/s
  解压时间: 0.01 秒
  解压吞吐量: 806.64 MiB/s
  LZ4文件: ./compressed_datasets/automake/ylwrap-refactor-abandoned-branch.tar.lz4

=== automake LZ4总体统计 ===
实际处理文件数量: 100
预期文件数量: 100
总原始大小: 480.73 MiB
总LZ4压缩大小: 158.62 MiB
总体压缩率: 3.03x
总压缩时间: 1.56 秒
总解压时间: 0.63 秒
压缩总体吞吐量: 308.33 MiB/s
解压总体吞吐量: 768.97 MiB/s
LZ4文件保存目录: ./compressed_datasets/automake/
完成时间: 2025年 07月 31日 星期四 22:16:21 CST
