=== coreutils LZ4压缩报告 ===
开始时间: 2025年 07月 31日 星期四 22:16:21 CST
源路径: /mnt/dataset2/coreutils_tarballs
预期文件数量: 28
压缩算法: LZ4

文件处理顺序:
  1. 0.0.1.1.tar
  2. 0.0.1.tar
  3. 0.0.2.tar
  4. 0.0.3.tar
  5. 0.0.4.tar
  6. 0.0.5.tar
  7. 0.0.6.tar
  8. 0.0.7.tar
  9. 0.0.8.tar
  10. 0.0.9.tar
  11. 0.0.12.tar
  12. 0.0.13.tar
  13. 0.0.14.tar
  14. 0.0.15.tar
  15. 0.0.16.tar
  16. 0.0.17.tar
  17. 0.0.18.tar
  18. 0.0.19.tar
  19. 0.0.20.tar
  20. 0.0.21.tar
  21. 0.0.22.tar
  22. 0.0.23.tar
  23. 0.0.24.tar
  24. 0.0.25.tar
  25. 0.0.26.tar
  26. 0.0.27.tar
  27. 0.0.28.tar
  28. 0.0.29.tar

文件 #1: 0.0.1.1.tar
  原始大小: 2.36 MiB
  LZ4压缩大小: 0.60 MiB
  压缩率: 3.90x
  压缩时间: 0.01 秒
  压缩吞吐量: 329.516894 MiB/s
  解压时间: 0.00 秒
  解压吞吐量: 648.00 MiB/s
  LZ4文件: ./compressed_datasets/coreutils/0.0.1.1.tar.lz4

文件 #2: 0.0.1.tar
  原始大小: 2.05 MiB
  LZ4压缩大小: 0.55 MiB
  压缩率: 3.68x
  压缩时间: 0.01 秒
  压缩吞吐量: 316.455696 MiB/s
  解压时间: 0.00 秒
  解压吞吐量: 642.94 MiB/s
  LZ4文件: ./compressed_datasets/coreutils/0.0.1.tar.lz4

文件 #3: 0.0.2.tar
  原始大小: 2.71 MiB
  LZ4压缩大小: 0.69 MiB
  压缩率: 3.93x
  压缩时间: 0.01 秒
  压缩吞吐量: 327.097163 MiB/s
  解压时间: 0.00 秒
  解压吞吐量: 604.86 MiB/s
  LZ4文件: ./compressed_datasets/coreutils/0.0.2.tar.lz4

文件 #4: 0.0.3.tar
  原始大小: 2.72 MiB
  LZ4压缩大小: 0.69 MiB
  压缩率: 3.92x
  压缩时间: 0.01 秒
  压缩吞吐量: 329.657011 MiB/s
  解压时间: 0.00 秒
  解压吞吐量: 680.64 MiB/s
  LZ4文件: ./compressed_datasets/coreutils/0.0.3.tar.lz4

文件 #5: 0.0.4.tar
  原始大小: 2.77 MiB
  LZ4压缩大小: 0.71 MiB
  压缩率: 3.90x
  压缩时间: 0.01 秒
  压缩吞吐量: 328.237942 MiB/s
  解压时间: 0.00 秒
  解压吞吐量: 688.76 MiB/s
  LZ4文件: ./compressed_datasets/coreutils/0.0.4.tar.lz4

文件 #6: 0.0.5.tar
  原始大小: 3.01 MiB
  LZ4压缩大小: 0.79 MiB
  压缩率: 3.80x
  压缩时间: 0.01 秒
  压缩吞吐量: 321.925133 MiB/s
  解压时间: 0.00 秒
  解压吞吐量: 693.89 MiB/s
  LZ4文件: ./compressed_datasets/coreutils/0.0.5.tar.lz4

文件 #7: 0.0.6.tar
  原始大小: 3.01 MiB
  LZ4压缩大小: 0.79 MiB
  压缩率: 3.81x
  压缩时间: 0.01 秒
  压缩吞吐量: 318.923500 MiB/s
  解压时间: 0.00 秒
  解压吞吐量: 614.23 MiB/s
  LZ4文件: ./compressed_datasets/coreutils/0.0.6.tar.lz4

文件 #8: 0.0.7.tar
  原始大小: 7.95 MiB
  LZ4压缩大小: 2.63 MiB
  压缩率: 3.01x
  压缩时间: 0.02 秒
  压缩吞吐量: 338.860236 MiB/s
  解压时间: 0.01 秒
  解压吞吐量: 866.81 MiB/s
  LZ4文件: ./compressed_datasets/coreutils/0.0.7.tar.lz4

文件 #9: 0.0.8.tar
  原始大小: 10.39 MiB
  LZ4压缩大小: 3.01 MiB
  压缩率: 3.44x
  压缩时间: 0.02 秒
  压缩吞吐量: 550.842964 MiB/s
  解压时间: 0.01 秒
  解压吞吐量: 987.37 MiB/s
  LZ4文件: ./compressed_datasets/coreutils/0.0.8.tar.lz4

文件 #10: 0.0.9.tar
  原始大小: 10.51 MiB
  LZ4压缩大小: 3.05 MiB
  压缩率: 3.44x
  压缩时间: 0.03 秒
  压缩吞吐量: 384.025138 MiB/s
  解压时间: 0.01 秒
  解压吞吐量: 991.90 MiB/s
  LZ4文件: ./compressed_datasets/coreutils/0.0.9.tar.lz4

文件 #11: 0.0.12.tar
  原始大小: 10.52 MiB
  LZ4压缩大小: 3.05 MiB
  压缩率: 3.44x
  压缩时间: 0.03 秒
  压缩吞吐量: 381.837319 MiB/s
  解压时间: 0.01 秒
  解压吞吐量: 977.05 MiB/s
  LZ4文件: ./compressed_datasets/coreutils/0.0.12.tar.lz4

文件 #12: 0.0.13.tar
  原始大小: 11.06 MiB
  LZ4压缩大小: 3.31 MiB
  压缩率: 3.34x
  压缩时间: 0.03 秒
  压缩吞吐量: 384.615384 MiB/s
  解压时间: 0.01 秒
  解压吞吐量: 848.36 MiB/s
  LZ4文件: ./compressed_datasets/coreutils/0.0.13.tar.lz4

文件 #13: 0.0.14.tar
  原始大小: 8.88 MiB
  LZ4压缩大小: 2.67 MiB
  压缩率: 3.32x
  压缩时间: 0.02 秒
  压缩吞吐量: 381.590821 MiB/s
  解压时间: 0.01 秒
  解压吞吐量: 810.76 MiB/s
  LZ4文件: ./compressed_datasets/coreutils/0.0.14.tar.lz4

文件 #14: 0.0.15.tar
  原始大小: 9.19 MiB
  LZ4压缩大小: 2.76 MiB
  压缩率: 3.32x
  压缩时间: 0.02 秒
  压缩吞吐量: 379.830543 MiB/s
  解压时间: 0.01 秒
  解压吞吐量: 815.08 MiB/s
  LZ4文件: ./compressed_datasets/coreutils/0.0.15.tar.lz4

文件 #15: 0.0.16.tar
  原始大小: 9.31 MiB
  LZ4压缩大小: 2.78 MiB
  压缩率: 3.34x
  压缩时间: 0.02 秒
  压缩吞吐量: 382.168219 MiB/s
  解压时间: 0.01 秒
  解压吞吐量: 973.47 MiB/s
  LZ4文件: ./compressed_datasets/coreutils/0.0.16.tar.lz4

文件 #16: 0.0.17.tar
  原始大小: 9.34 MiB
  LZ4压缩大小: 2.69 MiB
  压缩率: 3.46x
  压缩时间: 0.02 秒
  压缩吞吐量: 376.612903 MiB/s
  解压时间: 0.01 秒
  解压吞吐量: 961.32 MiB/s
  LZ4文件: ./compressed_datasets/coreutils/0.0.17.tar.lz4

文件 #17: 0.0.18.tar
  原始大小: 9.54 MiB
  LZ4压缩大小: 2.73 MiB
  压缩率: 3.48x
  压缩时间: 0.02 秒
  压缩吞吐量: 384.104360 MiB/s
  解压时间: 0.01 秒
  解压吞吐量: 985.90 MiB/s
  LZ4文件: ./compressed_datasets/coreutils/0.0.18.tar.lz4

文件 #18: 0.0.19.tar
  原始大小: 9.78 MiB
  LZ4压缩大小: 2.79 MiB
  压缩率: 3.50x
  压缩时间: 0.03 秒
  压缩吞吐量: 386.989553 MiB/s
  解压时间: 0.01 秒
  解压吞吐量: 980.60 MiB/s
  LZ4文件: ./compressed_datasets/coreutils/0.0.19.tar.lz4

文件 #19: 0.0.20.tar
  原始大小: 9.81 MiB
  LZ4压缩大小: 2.80 MiB
  压缩率: 3.50x
  压缩时间: 0.03 秒
  压缩吞吐量: 387.104411 MiB/s
  解压时间: 0.01 秒
  解压吞吐量: 990.99 MiB/s
  LZ4文件: ./compressed_datasets/coreutils/0.0.20.tar.lz4

文件 #20: 0.0.21.tar
  原始大小: 9.86 MiB
  LZ4压缩大小: 2.80 MiB
  压缩率: 3.51x
  压缩时间: 0.03 秒
  压缩吞吐量: 387.289367 MiB/s
  解压时间: 0.01 秒
  解压吞吐量: 828.70 MiB/s
  LZ4文件: ./compressed_datasets/coreutils/0.0.21.tar.lz4

文件 #21: 0.0.22.tar
  原始大小: 9.95 MiB
  LZ4压缩大小: 2.83 MiB
  压缩率: 3.51x
  压缩时间: 0.03 秒
  压缩吞吐量: 387.642200 MiB/s
  解压时间: 0.01 秒
  解压吞吐量: 985.76 MiB/s
  LZ4文件: ./compressed_datasets/coreutils/0.0.22.tar.lz4

文件 #22: 0.0.23.tar
  原始大小: 10.00 MiB
  LZ4压缩大小: 2.85 MiB
  压缩率: 3.50x
  压缩时间: 0.03 秒
  压缩吞吐量: 387.687059 MiB/s
  解压时间: 0.01 秒
  解压吞吐量: 932.44 MiB/s
  LZ4文件: ./compressed_datasets/coreutils/0.0.23.tar.lz4

文件 #23: 0.0.24.tar
  原始大小: 10.14 MiB
  LZ4压缩大小: 2.88 MiB
  压缩率: 3.51x
  压缩时间: 0.03 秒
  压缩吞吐量: 389.311218 MiB/s
  解压时间: 0.01 秒
  解压吞吐量: 998.28 MiB/s
  LZ4文件: ./compressed_datasets/coreutils/0.0.24.tar.lz4

文件 #24: 0.0.25.tar
  原始大小: 10.67 MiB
  LZ4压缩大小: 3.15 MiB
  压缩率: 3.38x
  压缩时间: 0.03 秒
  压缩吞吐量: 384.199913 MiB/s
  解压时间: 0.01 秒
  解压吞吐量: 1016.61 MiB/s
  LZ4文件: ./compressed_datasets/coreutils/0.0.25.tar.lz4

文件 #25: 0.0.26.tar
  原始大小: 10.77 MiB
  LZ4压缩大小: 3.16 MiB
  压缩率: 3.40x
  压缩时间: 0.03 秒
  压缩吞吐量: 386.770092 MiB/s
  解压时间: 0.01 秒
  解压吞吐量: 852.94 MiB/s
  LZ4文件: ./compressed_datasets/coreutils/0.0.26.tar.lz4

文件 #26: 0.0.27.tar
  原始大小: 10.86 MiB
  LZ4压缩大小: 3.19 MiB
  压缩率: 3.39x
  压缩时间: 0.03 秒
  压缩吞吐量: 382.031167 MiB/s
  解压时间: 0.01 秒
  解压吞吐量: 1003.62 MiB/s
  LZ4文件: ./compressed_datasets/coreutils/0.0.27.tar.lz4

文件 #27: 0.0.28.tar
  原始大小: 11.16 MiB
  LZ4压缩大小: 3.29 MiB
  压缩率: 3.38x
  压缩时间: 0.03 秒
  压缩吞吐量: 377.601082 MiB/s
  解压时间: 0.01 秒
  解压吞吐量: 1011.48 MiB/s
  LZ4文件: ./compressed_datasets/coreutils/0.0.28.tar.lz4

文件 #28: 0.0.29.tar
  原始大小: 11.31 MiB
  LZ4压缩大小: 3.36 MiB
  压缩率: 3.36x
  压缩时间: 0.03 秒
  压缩吞吐量: 373.353580 MiB/s
  解压时间: 0.01 秒
  解压吞吐量: 1016.89 MiB/s
  LZ4文件: ./compressed_datasets/coreutils/0.0.29.tar.lz4

=== coreutils LZ4总体统计 ===
实际处理文件数量: 28
预期文件数量: 28
总原始大小: 229.77 MiB
总LZ4压缩大小: 66.71 MiB
总体压缩率: 3.44x
总压缩时间: 0.60 秒
总解压时间: 0.25 秒
压缩总体吞吐量: 381.46 MiB/s
解压总体吞吐量: 909.29 MiB/s
LZ4文件保存目录: ./compressed_datasets/coreutils/
完成时间: 2025年 07月 31日 星期四 22:16:24 CST
