filename,original_bytes,compressed_bytes,compression_ratio,throughput_MiB_s
br-1-4.tar,1423360,334538,4.2547,15.6384
br-1-5.tar,2048000,450458,4.5464,53.6897
br-1-6.tar,2396160,519341,4.6138,89.7918
br-1-7.tar,3246080,630021,5.1523,73.1288
br-1-8.tar,3819520,746724,5.1150,79.5788
br-1-9.tar,4126720,819532,5.0354,101.3819
branchpoint-1-10.tar,4444160,893071,4.9762,116.0937
branchpoint-1-5.tar,1730560,315114,5.4918,84.1017
branchpoint-1-6.tar,2344960,507133,4.6239,82.8619
branchpoint-1-7.tar,2949120,566053,5.2099,67.6191
branchpoint-1-8.tar,3706880,720491,5.1449,105.3405
branchpoint-1-9.tar,3921920,766779,5.1147,95.2731
branchpoint-real-1-5.tar,2037760,449945,4.5289,84.0010
handle-languages.tar,2304000,414879,5.5534,87.9373
last-merge-into-user-dep-gen-branch.tar,1812480,329460,5.5013,79.0552
merging-into-user-dep-gen.tar,1843200,334027,5.5181,51.3263
ng-0.5a.tar,7127040,1430068,4.9837,88.8036
pre-depend-change.tar,1484800,271140,5.4761,52.4848
pre-ian-conditionals.tar,1372160,247386,5.5466,47.7530
Release-1-10-1.tar,4556800,918959,4.9586,40.6631
Release-1-10.tar,4444160,893177,4.9756,77.1110
Release-1-7-8.tar,3235840,629258,5.1423,72.2251
Release-1-7-9.tar,3235840,629692,5.1387,67.0950
Release-1-7b.tar,3645440,708346,5.1464,69.9336
Release-1-7d.tar,3665920,712392,5.1459,96.3493
Release-1-7f.tar,3676160,713126,5.1549,75.6250
Release-1-7h.tar,3686400,717111,5.1406,74.1614
Release-1-7.tar,2949120,565998,5.2104,71.2406
Release-1-8-0b.tar,3737600,726079,5.1476,98.4496
Release-1-8-1.tar,3747840,728388,5.1453,95.3748
Release-1-8-2b.tar,3809280,743999,5.1200,114.3521
Release-1-8-2.tar,3747840,729191,5.1397,102.5252
Release-1-8-3b.tar,3819520,745781,5.1215,79.8833
Release-1-8-3.tar,3809280,744067,5.1195,75.7243
Release-1-8-4.tar,3809280,745558,5.1093,96.2330
Release-1-8-5.tar,3819520,746299,5.1179,138.9115
Release-1-8b.tar,3911680,763457,5.1236,104.6144
Release-1-8d.tar,3942400,768880,5.1274,80.6638
Release-1-8.tar,3706880,720535,5.1446,104.6738
Release-1-9-1.tar,3932160,768135,5.1191,104.0348
Release-1-9-2.tar,3993600,787324,5.0723,111.8418
Release-1-9-3.tar,4003840,791791,5.0566,102.0168
Release-1-9-4.tar,4055040,803116,5.0491,110.3797
Release-1-9-5b.tar,4126720,819383,5.0363,105.1570
Release-1-9-5.tar,4075520,808846,5.0386,81.9646
Release-1-9-6.tar,4126720,819116,5.0380,82.1191
Release-1-9b.tar,4423680,889042,4.9757,74.9946
Release-1-9.tar,3921920,766618,5.1158,68.1358
user-dep-gen-abandoned-branch.tar,1454080,333320,4.3624,119.4626
user-dep-gen-branchpoint.tar,1771520,321470,5.5106,76.8560
user-dep-gen-merge-abandoned-branch.tar,1464320,335600,4.3632,122.8262
user-dep-gen-merge-branchpoint.tar,1433600,330595,4.3364,46.8363
v1.10.2.tar,4628480,933240,4.9595,68.8097
v1.10.3.tar,4700160,948888,4.9533,82.2299
v1.10b.tar,5007360,1018576,4.9160,111.9081
v1.11.1b.tar,5908480,1179552,5.0090,73.5312
v1.11.1.tar,5109760,1038398,4.9208,97.3652
v1.11.2b.tar,5693440,1165098,4.8866,105.9709
v1.11.2.tar,5908480,1180951,5.0031,71.1840
v1.11.3b.tar,5744640,1176674,4.8820,84.7494
v1.11.3.tar,5693440,1166583,4.8804,70.6629
v1.11.4.tar,5744640,1177604,4.8782,100.8682
v1.11.5.tar,5754880,1178216,4.8844,97.7191
v1.11.6.tar,5754880,1178455,4.8834,80.1158
v1.11b.tar,7208960,1441912,4.9995,86.7829
v1.11d.tar,7229440,1450063,4.9856,108.9416
v1.11.tar,5068800,1028694,4.9274,108.6581
v1.12.0b.tar,7301120,1462134,4.9934,107.1492
v1.12.1.tar,7301120,1462575,4.9919,109.1668
v1.12.2.tar,7331840,1467179,4.9972,78.6861
v1.12.3.tar,7321600,1468457,4.9859,101.8028
v1.12.4.tar,7331840,1469595,4.9890,88.5563
v1.12.5.tar,7331840,1474054,4.9739,110.6014
v1.12.6.tar,7372800,1483868,4.9686,117.6098
v1.12b.tar,7352320,1484715,4.9520,88.6631
v1.12.tar,7239680,1451736,4.9869,82.0376
v1.13.1b.tar,7372800,1489297,4.9505,89.4854
v1.13.1d.tar,7413760,1497013,4.9523,102.3046
v1.13.1.tar,7372800,1487564,4.9562,63.1687
v1.13.2b.tar,7413760,1500147,4.9420,83.0562
v1.13.2.tar,7413760,1497069,4.9521,94.2873
v1.13.3.tar,7413760,1500490,4.9408,94.1879
v1.13.4.tar,7434240,1501793,4.9502,112.8117
v1.13b.tar,7526400,1518586,4.9561,108.2579
v1.13.tar,7362560,1485411,4.9565,110.7433
v1.14.1.tar,7546880,1522286,4.9575,87.5579
v1.14.tar,7546880,1521355,4.9606,107.9526
v1.15.1.tar,7639040,1542397,4.9527,81.8903
v1.15.tar,7567360,1526309,4.9579,96.6800
v1.16.1.tar,7669760,1550959,4.9451,105.5569
v1.16.2.tar,7680000,1553179,4.9446,109.3141
v1.16.3.tar,7823360,1596052,4.9016,78.2091
v1.16.4.tar,7864320,1603842,4.9034,97.7103
v1.16.5.tar,7864320,1605340,4.8988,92.6517
v1.16.90.tar,7956480,1623901,4.8996,91.1934
v1.16.92.tar,7966720,1626919,4.8968,94.5073
v1.16i.tar,7925760,1620969,4.8895,89.7366
v1.16.tar,7669760,1550787,4.9457,92.5547
v1.17.tar,7976960,1629465,4.8954,90.1052
ylwrap-refactor-abandoned-branch.tar,5744640,1170033,4.9098,97.1919

Total_files: 100
Total_original_bytes: 504084480
Total_compressed_bytes: 101179189
Total_compression_ratio (orig/comp): 4.9820
Total_savings_percent: 80.00
Mean_throughput_MiB_s: 89.0318
Std_dev_MiB_s: 19.5424
95%_CI_MiB_s: [85.2015, 92.8621]
