filename,original_bytes,compressed_bytes,compression_ratio,throughput_MiB_s
0.0.1.1.tar,2478080,401541,6.1714,15.4569
0.0.12.tar,11038720,1928391,5.7243,111.2483
0.0.13.tar,11601920,2089723,5.5518,130.4757
0.0.14.tar,9318400,1705886,5.4624,112.3907
0.0.15.tar,9646080,1768680,5.4538,97.6225
0.0.16.tar,9768960,1776360,5.4994,125.5667
0.0.17.tar,9799680,1739223,5.6345,107.9394
0.0.18.tar,10004480,1772820,5.6432,125.1621
0.0.19.tar,10260480,1804673,5.6855,129.3576
0.0.1.tar,2150400,370210,5.8085,58.3589
0.0.20.tar,10291200,1809588,5.6870,110.3512
0.0.21.tar,10342400,1814502,5.6998,110.4711
0.0.22.tar,10434560,1836352,5.6822,110.2893
0.0.23.tar,10496000,1854015,5.6612,114.7252
0.0.24.tar,10639360,1870729,5.6872,131.0892
0.0.25.tar,11192320,2074617,5.3948,128.6606
0.0.26.tar,11294720,2078085,5.4351,116.3483
0.0.27.tar,11397120,2099285,5.4290,137.5284
0.0.28.tar,11704320,2165188,5.4056,133.2070
0.0.29.tar,11868160,2206166,5.3795,131.2733
0.0.2.tar,2846720,455728,6.2465,60.8211
0.0.3.tar,2856960,460820,6.1997,57.6053
0.0.4.tar,2908160,471134,6.1726,98.8138
0.0.5.tar,3164160,526136,6.0139,66.9162
0.0.6.tar,3164160,525698,6.0189,67.1108
0.0.7.tar,8345600,1727269,4.8316,93.9218
0.0.8.tar,10895360,1905539,5.7177,126.9743
0.0.9.tar,11028480,1927972,5.7202,136.4673

Total_files: 28
Total_original_bytes: 240936960
Total_compressed_bytes: 43166330
Total_compression_ratio (orig/comp): 5.5815
Total_savings_percent: 83.00
Mean_throughput_MiB_s: 105.2198
Std_dev_MiB_s: 30.5705
95%_CI_MiB_s: [93.8963, 116.5432]
