filename,compressed_bytes,restored_bytes,throughput_MiB_s
0.0.1.1.tar.zst,401541,2478080,195.0456
0.0.12.tar.zst,1928391,11038720,774.7583
0.0.13.tar.zst,2089723,11601920,788.3219
0.0.14.tar.zst,1705886,9318400,773.1190
0.0.15.tar.zst,1768680,9646080,778.0278
0.0.16.tar.zst,1776360,9768960,777.9623
0.0.17.tar.zst,1739223,9799680,772.6418
0.0.18.tar.zst,1772820,10004480,783.7754
0.0.19.tar.zst,1804673,10260480,782.6534
0.0.1.tar.zst,370210,2150400,471.1033
0.0.20.tar.zst,1809588,10291200,790.1158
0.0.21.tar.zst,1814502,10342400,793.9730
0.0.22.tar.zst,1836352,10434560,774.5610
0.0.23.tar.zst,1854015,10496000,781.7740
0.0.24.tar.zst,1870729,10639360,782.3897
0.0.25.tar.zst,2074617,11192320,789.6368
0.0.26.tar.zst,2078085,11294720,791.1736
0.0.27.tar.zst,2099285,11397120,798.0721
0.0.28.tar.zst,2165188,11704320,775.5915
0.0.29.tar.zst,2206166,11868160,790.1179
0.0.2.tar.zst,455728,2846720,537.5304
0.0.3.tar.zst,460820,2856960,552.3236
0.0.4.tar.zst,471134,2908160,556.1498
0.0.5.tar.zst,526136,3164160,557.8702
0.0.6.tar.zst,525698,3164160,560.1344
0.0.7.tar.zst,1727269,8345600,684.3475
0.0.8.tar.zst,1905539,10895360,787.3995
0.0.9.tar.zst,1927972,11028480,794.1399

Total_decompressed_files: 28
Mean_throughput_MiB_s: 706.9539
Std_dev_MiB_s: 143.6613
95%_CI_MiB_s: [653.7410, 760.1668]
