filename,compressed_bytes,restored_bytes,throughput_MiB_s
v2.6.11.tar.zst,45206555,208250880,567.9362
v2.6.12-rc2.tar.zst,44985536,210882560,639.5825
v2.6.12-rc3.tar.zst,45147765,211527680,707.4388
v2.6.12-rc4.tar.zst,45295454,211978240,686.4239
v2.6.12-rc5.tar.zst,45339365,212111360,611.2826
v2.6.12-rc6.tar.zst,45484193,212705280,593.0296
v2.6.12.tar.zst,46109413,212725760,146.0201
v2.6.13-rc1.tar.zst,46191043,215951360,658.6804
v2.6.13-rc2.tar.zst,46166104,215869440,692.1550
v2.6.13-rc3.tar.zst,46312670,216565760,693.6334
v2.6.13-rc4.tar.zst,46647538,219248640,144.0043
v2.6.13-rc5.tar.zst,46670499,219361280,88.8225
v2.6.13-rc6.tar.zst,46685182,219402240,15.6233
v2.6.13-rc7.tar.zst,46689428,219432960,571.3776
v2.6.13.tar.zst,47454399,219432960,576.5336
v2.6.14-rc1.tar.zst,47556868,223098880,723.1923
v2.6.14-rc2.tar.zst,47609637,223334400,726.5213
v2.6.14-rc3.tar.zst,47757675,223825920,723.9491
v2.6.14-rc4.tar.zst,47843603,224071680,758.2080
v2.6.14-rc5.tar.zst,47849038,224081920,719.3126
v2.6.14.tar.zst,48505483,224092160,719.6814
v2.6.15-rc1.tar.zst,48636860,228259840,676.7344
v2.6.15-rc2.tar.zst,48623442,228147200,729.5410
v2.6.15-rc3.tar.zst,48638603,228167680,722.7016
v2.6.15-rc4.tar.zst,48640525,228188160,163.7760
v2.6.15-rc5.tar.zst,48634496,228167680,109.8419
v2.6.15-rc6.tar.zst,48633529,228147200,191.7208
v2.6.15-rc7.tar.zst,48636139,228157440,33.0353
v2.6.15.tar.zst,49295219,228157440,32.5154
v2.6.16-rc1.tar.zst,49637878,233103360,757.9732
v2.6.16-rc2.tar.zst,49752226,233676800,759.7911
v2.6.16-rc3.tar.zst,49828583,233871360,748.0624
v2.6.16-rc4.tar.zst,49853901,233932800,754.9529
v2.6.16-rc5.tar.zst,49843412,233912320,781.9014
v2.6.16-rc6.tar.zst,49853956,233932800,760.0267
v2.6.16.tar.zst,50559280,233953280,736.2330
v2.6.17-rc1.tar.zst,50624861,237701120,636.5015
v2.6.17-rc2.tar.zst,50398434,236298240,256.5942
v2.6.17-rc3.tar.zst,50415172,236359680,121.8793
v2.6.17-rc4.tar.zst,50432487,236451840,170.6537
v2.6.17-rc5.tar.zst,50476106,236584960,142.8271
v2.6.17-rc6.tar.zst,50477615,236595200,20.0725
v2.6.17.tar.zst,51119795,236605440,682.3391
v2.6.18-rc1.tar.zst,50951405,239411200,767.9806
v2.6.18-rc2.tar.zst,51000886,239656960,598.8904
v2.6.18-rc3.tar.zst,51007057,239667200,730.3634
v2.6.18-rc4.tar.zst,51014113,239728640,787.9069
v2.6.18-rc5.tar.zst,51101435,240056320,739.0471
v2.6.18-rc6.tar.zst,51117156,240107520,758.5921
v2.6.18-rc7.tar.zst,51121809,240117760,617.0916
v2.6.18.tar.zst,51856674,240138240,168.0944
v2.6.19-rc1.tar.zst,52110967,245381120,139.1406
v2.6.19-rc2.tar.zst,52169931,246159360,107.9447
v2.6.19-rc3.tar.zst,52213852,246384640,17.9230
v2.6.19-rc4.tar.zst,52215185,246425600,618.6580
v2.6.19-rc5.tar.zst,52219388,246425600,742.6085
v2.6.19-rc6.tar.zst,52225522,246446080,750.1205
v2.6.19.tar.zst,53106835,246466560,725.1526
v2.6.20-rc1.tar.zst,52936616,249989120,698.8314
v2.6.20-rc2.tar.zst,52943178,250019840,729.4714
v2.6.20-rc3.tar.zst,52939196,250030080,751.0410
v2.6.20-rc4.tar.zst,52945747,250091520,751.9668
v2.6.20-rc5.tar.zst,52949989,250132480,265.8441
v2.6.20-rc6.tar.zst,52957944,250286080,182.9505
v2.6.20-rc7.tar.zst,52962798,250306560,127.9875
v2.6.20.tar.zst,53831950,250316800,146.5878
v2.6.21-rc1.tar.zst,53605264,254126080,19.6035
v2.6.21-rc2.tar.zst,53661639,254361600,287.5458
v2.6.21-rc3.tar.zst,53668708,254382080,673.9129
v2.6.21-rc4.tar.zst,53661533,254361600,596.6425
v2.6.21-rc5.tar.zst,53685284,254402560,732.8840
v2.6.21-rc6.tar.zst,53672445,254371840,740.8824
v2.6.21-rc7.tar.zst,53679171,254392320,673.0956
v2.6.21.tar.zst,54696101,254402560,757.8248
v2.6.22.tar.zst,56022858,262922240,192.3205
v2.6.23.tar.zst,56613171,264704000,138.7785
v2.6.24.tar.zst,58147137,272834560,161.5249
v2.6.25.tar.zst,60466352,284651520,20.6771
v2.6.26.tar.zst,61441093,289576960,742.9757
v2.6.27.tar.zst,62554370,293826560,767.8419
v2.6.28.tar.zst,65508068,310261760,618.7660
v2.6.29.tar.zst,70389649,336179200,687.3475
v2.6.30.tar.zst,73886089,353146880,739.8350
v2.6.31.tar.zst,76402812,365711360,670.4964
v2.6.32.tar.zst,79843493,382392320,176.8870
v2.6.33.tar.zst,82345683,395100160,128.7042
v2.6.34.tar.zst,84175169,404674560,28.6282
v2.6.35.tar.zst,86418958,412897280,721.4562
v2.6.36.tar.zst,87811814,413655040,663.3606
v2.6.37.tar.zst,91807232,431349760,757.6260
v2.6.38.tar.zst,93460999,440494080,687.2738
v2.6.39.tar.zst,95275649,449597440,378.5579
v3.0.tar.zst,96085457,450979840,137.7330
v3.10.tar.zst,109421617,521564160,18.6654
v3.11.tar.zst,112227014,534128640,699.1219
v3.12.tar.zst,114312864,543969280,738.9893
v3.13.tar.zst,115516782,549816320,733.3143
v3.14.tar.zst,117509986,560056320,776.6358
v3.15.tar.zst,119558817,571514880,735.7389
v3.16.tar.zst,120925680,578662400,99.7187
v3.17.tar.zst,120564983,576604160,19.8329
v3.18.tar.zst,121430100,580423680,723.1015
v3.19.tar.zst,122251918,584458240,732.5042
v3.1.tar.zst,96725256,454471680,748.3411
v3.2.tar.zst,97749591,460912640,743.5208
v3.3.tar.zst,98904149,466083840,70.9286
v3.4.tar.zst,100186119,472565760,303.5790
v3.5.tar.zst,101383949,479723520,30.0931
v3.6.tar.zst,103074781,489205760,26.2644
v3.7.tar.zst,104750777,499025920,762.0946
v3.8.tar.zst,106123911,505661440,697.2467
v3.9.tar.zst,107891644,513832960,762.6346
v4.0.tar.zst,123386400,589998080,787.7492
v4.10.tar.zst,142055185,713103360,151.6464
v4.11.tar.zst,143831999,722278400,27.0110
v4.12.tar.zst,148959321,779735040,758.2033
v4.13.tar.zst,151927588,818032640,797.5107
v4.14.tar.zst,152235314,825057280,255.1762
v4.15.tar.zst,154110343,834355200,27.3760
v4.16.tar.zst,155418354,835942400,786.5763
v4.17.tar.zst,154577329,833812480,780.9935
v4.18.tar.zst,154117283,829931520,786.7189
v4.19.tar.zst,156158326,839464960,35.1722
v4.1.tar.zst,124588478,595927040,66.3873
v4.20.tar.zst,157950699,854773760,816.1708
v4.2.tar.zst,128522866,630958080,724.5722
v4.3.tar.zst,130387298,640839680,680.6500
v4.4.tar.zst,131269669,648355840,122.4231
v4.5.tar.zst,132739953,658053120,25.6360
v4.6.tar.zst,134457633,666204160,678.4793
v4.7.tar.zst,136069720,676976640,770.9505
v4.8.tar.zst,138216059,686970880,708.2163
v4.9.tar.zst,139943835,695582720,127.8851
v5.0.tar.zst,159404167,863303680,33.7180
v5.10-rc1.tar.zst,175586305,1019627520,845.5949
v5.10-rc2.tar.zst,175399350,1018900480,858.2911
v5.10-rc3.tar.zst,175402606,1018951680,31.1736
v5.10-rc4.tar.zst,175458504,1019064320,810.1644
v5.10-rc5.tar.zst,175467236,1019136000,826.9825
v5.10-rc6.tar.zst,175467380,1019207680,214.2918
v5.10-rc7.tar.zst,175463888,1019217920,34.6760
v5.10.tar.zst,175487759,1019238400,775.9844
v5.11-rc1.tar.zst,177872382,1063905280,836.2705
v5.11-rc2.tar.zst,177881034,1063905280,33.0929
v5.11-rc3.tar.zst,177891726,1063956480,843.8603
v5.11-rc4.tar.zst,177926077,1064048640,771.8255
v5.11-rc5.tar.zst,177936219,1064079360,184.2570
v5.11-rc6.tar.zst,177934113,1064130560,41.2887
v5.11-rc7.tar.zst,177950406,1064192000,811.1255
v5.11.tar.zst,177951426,1064212480,259.6737
v5.12-rc1-dontuse.tar.zst,178754164,1070069760,33.9493
v5.12-rc2.tar.zst,178773089,1070110720,805.8032
v5.12-rc3.tar.zst,178789079,1070172160,871.4209
v5.12-rc4.tar.zst,178801153,1070182400,32.9397
v5.12-rc5.tar.zst,178808564,1070254080,813.7100
v5.12-rc6.tar.zst,178792352,1070264320,819.6263
v5.12-rc7.tar.zst,178809223,1070305280,218.1843
v5.12-rc8.tar.zst,178795268,1070315520,35.6642
v5.12.tar.zst,178814727,1070315520,834.4555
v5.13-rc1.tar.zst,180794197,1091471360,855.2522
v5.13-rc2.tar.zst,180811473,1091502080,33.1803
v5.13-rc3.tar.zst,180810358,1091532800,815.6928
v5.13-rc4.tar.zst,180829756,1091655680,865.5025
v5.13-rc5.tar.zst,180841667,1091686400,143.4897
v5.13-rc6.tar.zst,180841846,1091717120,42.7676
v5.13-rc7.tar.zst,180866218,1091768320,846.7926
v5.13.tar.zst,180858215,1091778560,223.9641
v5.14-rc1.tar.zst,183360020,1126553600,42.8682
v5.14-rc2.tar.zst,183346628,1126553600,807.1380
v5.14-rc3.tar.zst,183331998,1126594560,194.0698
v5.14-rc4.tar.zst,183366757,1126656000,42.2402
v5.14-rc5.tar.zst,183377752,1126696960,805.8691
v5.14-rc6.tar.zst,183388535,1126717440,186.5575
v5.14-rc7.tar.zst,183397850,1126727680,42.4851
v5.14.tar.zst,183394320,1126737920,819.5411
v5.15-rc1.tar.zst,185247934,1136762880,187.1889
v5.15-rc2.tar.zst,185233271,1136803840,43.6442
v5.15-rc3.tar.zst,185237225,1136855040,814.8915
v5.15-rc4.tar.zst,185258492,1136906240,185.9414
v5.15-rc5.tar.zst,185245889,1136936960,41.5466
v5.15-rc6.tar.zst,185264258,1136977920,851.5005
v5.15-rc7.tar.zst,185263733,1137008640,189.2980
v5.15.tar.zst,185295872,1137018880,42.6488
v5.16-rc1.tar.zst,187357550,1151825920,811.6638
v5.16-rc2.tar.zst,187356867,1151877120,179.6267
v5.16-rc3.tar.zst,187348982,1151836160,42.9255
v5.16-rc4.tar.zst,187358012,1151887360,848.6915
v5.16-rc5.tar.zst,187380768,1151948800,164.5507
v5.16-rc6.tar.zst,187368018,1151979520,43.7860
v5.16-rc7.tar.zst,187375885,1152000000,871.5297
v5.16-rc8.tar.zst,187413604,1152020480,182.3858
v5.16.tar.zst,187405053,1152030720,42.9948
v5.17-rc1.tar.zst,188659452,1159598080,823.9807
v5.17-rc2.tar.zst,188692879,1159680000,139.4661
v5.17-rc3.tar.zst,188690274,1159751680,46.2541
v5.17-rc4.tar.zst,188726164,1159772160,856.2386
v5.17-rc5.tar.zst,188702842,1159792640,116.4110
v5.17-rc6.tar.zst,188713819,1159823360,48.1203
v5.17-rc7.tar.zst,188748261,1159854080,850.2556
v5.17-rc8.tar.zst,188739568,1159915520,88.8016
v5.17.tar.zst,188742672,1159915520,55.5693
v5.18-rc1.tar.zst,191680648,1215088640,898.1074
v5.18-rc2.tar.zst,191751961,1215119360,46.5410
v5.18-rc3.tar.zst,191728006,1215139840,39.8355
v5.18-rc4.tar.zst,191742857,1215160320,170.4537
v5.18-rc5.tar.zst,191726394,1215191040,777.0102
v5.18-rc6.tar.zst,191783760,1215221760,33.3952
v5.18-rc7.tar.zst,191752057,1215252480,128.7137
v5.18.tar.zst,191777235,1215283200,578.9446
v5.19-rc1.tar.zst,195198639,1268971520,36.6324
v5.19-rc2.tar.zst,195184160,1269022720,829.3790
v5.19-rc3.tar.zst,195179452,1269053440,46.7133
v5.19-rc4.tar.zst,195200043,1269114880,675.4196
v5.19-rc5.tar.zst,195187012,1269145600,65.8099
v5.19-rc6.tar.zst,195209714,1269186560,37.3362
v5.19-rc7.tar.zst,195261415,1269258240,246.3682
v5.19-rc8.tar.zst,195247459,1269299200,303.7276
v5.19.tar.zst,195245563,1269299200,24.7624
v5.1.tar.zst,160931668,871659520,56.4204
v5.2.tar.zst,162059575,871229440,780.4684
v5.3.tar.zst,164683432,913336320,593.4413
v5.4.tar.zst,166285765,938137600,58.7242
v5.5.tar.zst,168100867,947691520,824.8106
v5.6.tar.zst,169861242,957614080,835.2727
v5.7.tar.zst,171562556,965775360,43.9821
v5.8.tar.zst,174243526,983879680,801.4724
v5.9.tar.zst,173851521,1011015680,779.7209
v6.0-rc1.tar.zst,199119987,1340149760,317.7584
v6.0-rc2.tar.zst,199148595,1340262400,60.5291
v6.0-rc3.tar.zst,199136719,1340303360,916.2976
v6.0-rc4.tar.zst,199154930,1340344320,319.1349
v6.0-rc5.tar.zst,199162225,1340375040,45.4921
v6.0-rc6.tar.zst,199161691,1340375040,890.0611
v6.0-rc7.tar.zst,199187306,1340395520,298.1593
v6.0.tar.zst,199215714,1340416000,47.7278
v6.1-rc1.tar.zst,201486009,1357977600,831.8342
v6.1-rc2.tar.zst,201526945,1358008320,43.0488
v6.1-rc3.tar.zst,201540124,1358080000,109.3239
v6.1-rc4.tar.zst,201514275,1358151680,100.5344
v6.1-rc5.tar.zst,201533643,1358202880,847.5484
v6.1-rc6.tar.zst,201575676,1358243840,859.4039
v6.1-rc7.tar.zst,201573279,1358274560,42.9938
v6.1-rc8.tar.zst,201536184,1358295040,914.8582
v6.1.tar.zst,201559079,1358325760,234.4385
v6.2-rc1.tar.zst,203626487,1370839040,53.6561
v6.2-rc2.tar.zst,203614161,1370859520,900.3247
v6.2-rc3.tar.zst,203670721,1370992640,41.0026
v6.2-rc4.tar.zst,203685425,1371013120,889.7781
v6.2-rc5.tar.zst,203677200,1371054080,383.0402
v6.2-rc6.tar.zst,203737139,1371084800,41.5835
v6.2-rc7.tar.zst,203667004,1371125760,909.4908
v6.2-rc8.tar.zst,203656274,1371156480,252.2568
v6.2.tar.zst,203689337,1371176960,53.7929
v6.3-rc1.tar.zst,204351192,1376829440,901.3788
v6.3-rc2.tar.zst,203949571,1375375360,40.8502
v6.3-rc3.tar.zst,203987450,1375395840,879.5355
v6.3-rc4.tar.zst,204014644,1375488000,317.4260
v6.3-rc5.tar.zst,204028276,1375508480,42.9229
v6.3-rc6.tar.zst,204062325,1375539200,904.8836
v6.3-rc7.tar.zst,204018966,1375580160,232.5476
v6.3.tar.zst,204027987,1375590400,53.1541
v6.4-rc1.tar.zst,206015156,1397831680,892.9654
v6.4-rc2.tar.zst,205986389,1397852160,43.8809
v6.4-rc3.tar.zst,206062936,1397913600,895.4094
v6.4-rc4.tar.zst,205999957,1397964800,238.6333
v6.4-rc5.tar.zst,206017087,1398016000,53.3929
v6.4-rc6.tar.zst,206013639,1398056960,874.7604
v6.4-rc7.tar.zst,206053215,1398097920,42.6056
v6.4.tar.zst,206023696,1398149120,888.0454
v6.5-rc1.tar.zst,207954643,1410775040,229.4817

Total_decompressed_files: 270
Mean_throughput_MiB_s: 450.3076
Std_dev_MiB_s: 335.6704
95%_CI_MiB_s: [410.2682, 490.3469]
