filename,original_bytes,compressed_bytes,compression_ratio,throughput_MiB_s
v2.6.11.tar,208250880,45206555,4.6066,188.1267
v2.6.12-rc2.tar,210882560,44985536,4.6877,204.7895
v2.6.12-rc3.tar,211527680,45147765,4.6852,200.5828
v2.6.12-rc4.tar,211978240,45295454,4.6799,199.3807
v2.6.12-rc5.tar,212111360,45339365,4.6783,202.8664
v2.6.12-rc6.tar,212705280,45484193,4.6764,207.7700
v2.6.12.tar,212725760,46109413,4.6134,206.7555
v2.6.13-rc1.tar,215951360,46191043,4.6751,212.1525
v2.6.13-rc2.tar,215869440,46166104,4.6759,205.8002
v2.6.13-rc3.tar,216565760,46312670,4.6761,212.1957
v2.6.13-rc4.tar,219248640,46647538,4.7001,209.6970
v2.6.13-rc5.tar,219361280,46670499,4.7002,204.4904
v2.6.13-rc6.tar,219402240,46685182,4.6996,208.7174
v2.6.13-rc7.tar,219432960,46689428,4.6998,204.9747
v2.6.13.tar,219432960,47454399,4.6240,210.9144
v2.6.14-rc1.tar,223098880,47556868,4.6912,211.9447
v2.6.14-rc2.tar,223334400,47609637,4.6909,208.1965
v2.6.14-rc3.tar,223825920,47757675,4.6867,207.3734
v2.6.14-rc4.tar,224071680,47843603,4.6834,214.5913
v2.6.14-rc5.tar,224081920,47849038,4.6831,202.0333
v2.6.14.tar,224092160,48505483,4.6199,207.1539
v2.6.15-rc1.tar,228259840,48636860,4.6931,208.9159
v2.6.15-rc2.tar,228147200,48623442,4.6921,210.9950
v2.6.15-rc3.tar,228167680,48638603,4.6910,210.6458
v2.6.15-rc4.tar,228188160,48640525,4.6913,209.0398
v2.6.15-rc5.tar,228167680,48634496,4.6914,207.6414
v2.6.15-rc6.tar,228147200,48633529,4.6911,212.8112
v2.6.15-rc7.tar,228157440,48636139,4.6911,208.8650
v2.6.15.tar,228157440,49295219,4.6283,208.4400
v2.6.16-rc1.tar,233103360,49637878,4.6960,215.8328
v2.6.16-rc2.tar,233676800,49752226,4.6968,212.5130
v2.6.16-rc3.tar,233871360,49828583,4.6935,210.9959
v2.6.16-rc4.tar,233932800,49853901,4.6923,210.0852
v2.6.16-rc5.tar,233912320,49843412,4.6929,212.2255
v2.6.16-rc6.tar,233932800,49853956,4.6923,211.8483
v2.6.16.tar,233953280,50559280,4.6273,208.4844
v2.6.17-rc1.tar,237701120,50624861,4.6953,213.2750
v2.6.17-rc2.tar,236298240,50398434,4.6886,212.5796
v2.6.17-rc3.tar,236359680,50415172,4.6882,203.1754
v2.6.17-rc4.tar,236451840,50432487,4.6884,204.7798
v2.6.17-rc5.tar,236584960,50476106,4.6870,207.0753
v2.6.17-rc6.tar,236595200,50477615,4.6871,205.1002
v2.6.17.tar,236605440,51119795,4.6284,206.2532
v2.6.18-rc1.tar,239411200,50951405,4.6988,207.6389
v2.6.18-rc2.tar,239656960,51000886,4.6990,211.1567
v2.6.18-rc3.tar,239667200,51007057,4.6987,207.4068
v2.6.18-rc4.tar,239728640,51014113,4.6992,207.2665
v2.6.18-rc5.tar,240056320,51101435,4.6976,208.2282
v2.6.18-rc6.tar,240107520,51117156,4.6972,203.6520
v2.6.18-rc7.tar,240117760,51121809,4.6969,203.4783
v2.6.18.tar,240138240,51856674,4.6308,206.8019
v2.6.19-rc1.tar,245381120,52110967,4.7088,202.9098
v2.6.19-rc2.tar,246159360,52169931,4.7184,207.4496
v2.6.19-rc3.tar,246384640,52213852,4.7187,202.5801
v2.6.19-rc4.tar,246425600,52215185,4.7194,206.7810
v2.6.19-rc5.tar,246425600,52219388,4.7190,210.6174
v2.6.19-rc6.tar,246446080,52225522,4.7188,209.4090
v2.6.19.tar,246466560,53106835,4.6409,207.0204
v2.6.20-rc1.tar,249989120,52936616,4.7224,204.0165
v2.6.20-rc2.tar,250019840,52943178,4.7224,210.5147
v2.6.20-rc3.tar,250030080,52939196,4.7229,205.0353
v2.6.20-rc4.tar,250091520,52945747,4.7235,208.0287
v2.6.20-rc5.tar,250132480,52949989,4.7239,212.3649
v2.6.20-rc6.tar,250286080,52957944,4.7261,209.5315
v2.6.20-rc7.tar,250306560,52962798,4.7260,214.5840
v2.6.20.tar,250316800,53831950,4.6499,215.3354
v2.6.21-rc1.tar,254126080,53605264,4.7406,215.6995
v2.6.21-rc2.tar,254361600,53661639,4.7401,214.1479
v2.6.21-rc3.tar,254382080,53668708,4.7398,211.8980
v2.6.21-rc4.tar,254361600,53661533,4.7401,214.0636
v2.6.21-rc5.tar,254402560,53685284,4.7387,213.3398
v2.6.21-rc6.tar,254371840,53672445,4.7393,211.7097
v2.6.21-rc7.tar,254392320,53679171,4.7391,214.1650
v2.6.21.tar,254402560,54696101,4.6512,210.3459
v2.6.22.tar,262922240,56022858,4.6931,207.9498
v2.6.23.tar,264704000,56613171,4.6756,212.2302
v2.6.24.tar,272834560,58147137,4.6921,214.2086
v2.6.25.tar,284651520,60466352,4.7076,212.8763
v2.6.26.tar,289576960,61441093,4.7130,215.4091
v2.6.27.tar,293826560,62554370,4.6971,213.6509
v2.6.28.tar,310261760,65508068,4.7362,211.9429
v2.6.29.tar,336179200,70389649,4.7759,210.6423
v2.6.30.tar,353146880,73886089,4.7796,208.4114
v2.6.31.tar,365711360,76402812,4.7866,212.3285
v2.6.32.tar,382392320,79843493,4.7892,212.8593
v2.6.33.tar,395100160,82345683,4.7980,210.1904
v2.6.34.tar,404674560,84175169,4.8075,209.9874
v2.6.35.tar,412897280,86418958,4.7778,210.3245
v2.6.36.tar,413655040,87811814,4.7106,207.6771
v2.6.37.tar,431349760,91807232,4.6984,209.2597
v2.6.38.tar,440494080,93460999,4.7131,209.0330
v2.6.39.tar,449597440,95275649,4.7189,207.7624
v3.0.tar,450979840,96085457,4.6935,206.5945
v3.10.tar,521564160,109421617,4.7665,207.4754
v3.11.tar,534128640,112227014,4.7593,210.5063
v3.12.tar,543969280,114312864,4.7586,205.5789
v3.13.tar,549816320,115516782,4.7596,212.3509
v3.14.tar,560056320,117509986,4.7660,211.1272
v3.15.tar,571514880,119558817,4.7801,211.4364
v3.16.tar,578662400,120925680,4.7852,217.4895
v3.17.tar,576604160,120564983,4.7825,216.7965
v3.18.tar,580423680,121430100,4.7798,215.8285
v3.19.tar,584458240,122251918,4.7807,216.7379
v3.1.tar,454471680,96725256,4.6985,206.5302
v3.2.tar,460912640,97749591,4.7152,216.3709
v3.3.tar,466083840,98904149,4.7124,214.8253
v3.4.tar,472565760,100186119,4.7168,216.4503
v3.5.tar,479723520,101383949,4.7317,215.7414
v3.6.tar,489205760,103074781,4.7461,216.1346
v3.7.tar,499025920,104750777,4.7639,215.9976
v3.8.tar,505661440,106123911,4.7648,215.8106
v3.9.tar,513832960,107891644,4.7624,217.7614
v4.0.tar,589998080,123386400,4.7817,215.7657
v4.10.tar,713103360,142055185,5.0199,215.5911
v4.11.tar,722278400,143831999,5.0216,217.2380
v4.12.tar,779735040,148959321,5.2345,217.4248
v4.13.tar,818032640,151927588,5.3843,218.1148
v4.14.tar,825057280,152235314,5.4196,215.8047
v4.15.tar,834355200,154110343,5.4140,215.5493
v4.16.tar,835942400,155418354,5.3786,215.9143
v4.17.tar,833812480,154577329,5.3941,219.3178
v4.18.tar,829931520,154117283,5.3850,213.5040
v4.19.tar,839464960,156158326,5.3757,216.3019
v4.1.tar,595927040,124588478,4.7831,216.3668
v4.20.tar,854773760,157950699,5.4116,215.3257
v4.2.tar,630958080,128522866,4.9093,215.5831
v4.3.tar,640839680,130387298,4.9148,212.8803
v4.4.tar,648355840,131269669,4.9391,213.6104
v4.5.tar,658053120,132739953,4.9574,214.4658
v4.6.tar,666204160,134457633,4.9547,211.1657
v4.7.tar,676976640,136069720,4.9752,216.0618
v4.8.tar,686970880,138216059,4.9702,214.4694
v4.9.tar,695582720,139943835,4.9704,215.1435
v5.0.tar,863303680,159404167,5.4158,214.7907
v5.10-rc1.tar,1019627520,175586305,5.8069,209.7940
v5.10-rc2.tar,1018900480,175399350,5.8090,210.0056
v5.10-rc3.tar,1018951680,175402606,5.8092,207.1541
v5.10-rc4.tar,1019064320,175458504,5.8080,205.7524
v5.10-rc5.tar,1019136000,175467236,5.8081,204.6962
v5.10-rc6.tar,1019207680,175467380,5.8085,206.2492
v5.10-rc7.tar,1019217920,175463888,5.8087,211.1872
v5.10.tar,1019238400,175487759,5.8080,203.2572
v5.11-rc1.tar,1063905280,177872382,5.9812,214.1029
v5.11-rc2.tar,1063905280,177881034,5.9809,214.8634
v5.11-rc3.tar,1063956480,177891726,5.9809,209.9703
v5.11-rc4.tar,1064048640,177926077,5.9802,209.0200
v5.11-rc5.tar,1064079360,177936219,5.9801,210.0567
v5.11-rc6.tar,1064130560,177934113,5.9804,210.3245
v5.11-rc7.tar,1064192000,177950406,5.9802,213.8356
v5.11.tar,1064212480,177951426,5.9803,204.9387
v5.12-rc1-dontuse.tar,1070069760,178754164,5.9862,214.0603
v5.12-rc2.tar,1070110720,178773089,5.9858,216.6594
v5.12-rc3.tar,1070172160,178789079,5.9856,207.9798
v5.12-rc4.tar,1070182400,178801153,5.9853,208.2998
v5.12-rc5.tar,1070254080,178808564,5.9854,208.6091
v5.12-rc6.tar,1070264320,178792352,5.9860,207.6487
v5.12-rc7.tar,1070305280,178809223,5.9857,208.5858
v5.12-rc8.tar,1070315520,178795268,5.9862,212.7398
v5.12.tar,1070315520,178814727,5.9856,208.1697
v5.13-rc1.tar,1091471360,180794197,6.0370,214.1056
v5.13-rc2.tar,1091502080,180811473,6.0366,214.7369
v5.13-rc3.tar,1091532800,180810358,6.0368,197.2154
v5.13-rc4.tar,1091655680,180829756,6.0369,199.6542
v5.13-rc5.tar,1091686400,180841667,6.0366,199.4138
v5.13-rc6.tar,1091717120,180841846,6.0368,199.8383
v5.13-rc7.tar,1091768320,180866218,6.0363,207.6398
v5.13.tar,1091778560,180858215,6.0366,202.0068
v5.14-rc1.tar,1126553600,183360020,6.1439,212.2611
v5.14-rc2.tar,1126553600,183346628,6.1443,213.0476
v5.14-rc3.tar,1126594560,183331998,6.1451,214.3038
v5.14-rc4.tar,1126656000,183366757,6.1442,212.9834
v5.14-rc5.tar,1126696960,183377752,6.1441,212.4104
v5.14-rc6.tar,1126717440,183388535,6.1438,212.0073
v5.14-rc7.tar,1126727680,183397850,6.1436,210.0948
v5.14.tar,1126737920,183394320,6.1437,211.8613
v5.15-rc1.tar,1136762880,185247934,6.1364,211.9661
v5.15-rc2.tar,1136803840,185233271,6.1371,212.0283
v5.15-rc3.tar,1136855040,185237225,6.1372,211.0509
v5.15-rc4.tar,1136906240,185258492,6.1368,211.6126
v5.15-rc5.tar,1136936960,185245889,6.1374,211.4464
v5.15-rc6.tar,1136977920,185264258,6.1370,212.5567
v5.15-rc7.tar,1137008640,185263733,6.1372,211.5215
v5.15.tar,1137018880,185295872,6.1362,212.2222
v5.16-rc1.tar,1151825920,187357550,6.1477,214.0725
v5.16-rc2.tar,1151877120,187356867,6.1480,213.2238
v5.16-rc3.tar,1151836160,187348982,6.1480,213.3958
v5.16-rc4.tar,1151887360,187358012,6.1480,210.5561
v5.16-rc5.tar,1151948800,187380768,6.1476,208.8932
v5.16-rc6.tar,1151979520,187368018,6.1482,205.0123
v5.16-rc7.tar,1152000000,187375885,6.1480,202.8118
v5.16-rc8.tar,1152020480,187413604,6.1469,204.5853
v5.16.tar,1152030720,187405053,6.1472,203.0791
v5.17-rc1.tar,1159598080,188659452,6.1465,210.5520
v5.17-rc2.tar,1159680000,188692879,6.1458,213.4391
v5.17-rc3.tar,1159751680,188690274,6.1463,215.1739
v5.17-rc4.tar,1159772160,188726164,6.1452,214.4937
v5.17-rc5.tar,1159792640,188702842,6.1461,209.8957
v5.17-rc6.tar,1159823360,188713819,6.1459,209.7922
v5.17-rc7.tar,1159854080,188748261,6.1449,208.4154
v5.17-rc8.tar,1159915520,188739568,6.1455,211.2502
v5.17.tar,1159915520,188742672,6.1454,211.4447
v5.18-rc1.tar,1215088640,191680648,6.3391,211.2520
v5.18-rc2.tar,1215119360,191751961,6.3369,213.7716
v5.18-rc3.tar,1215139840,191728006,6.3378,214.1079
v5.18-rc4.tar,1215160320,191742857,6.3374,212.1584
v5.18-rc5.tar,1215191040,191726394,6.3381,212.6285
v5.18-rc6.tar,1215221760,191783760,6.3364,212.2059
v5.18-rc7.tar,1215252480,191752057,6.3376,212.3958
v5.18.tar,1215283200,191777235,6.3369,208.4143
v5.19-rc1.tar,1268971520,195198639,6.5009,210.4500
v5.19-rc2.tar,1269022720,195184160,6.5016,209.2736
v5.19-rc3.tar,1269053440,195179452,6.5019,208.0198
v5.19-rc4.tar,1269114880,195200043,6.5016,208.1172
v5.19-rc5.tar,1269145600,195187012,6.5022,198.1812
v5.19-rc6.tar,1269186560,195209714,6.5016,209.5958
v5.19-rc7.tar,1269258240,195261415,6.5003,213.3498
v5.19-rc8.tar,1269299200,195247459,6.5009,211.5308
v5.19.tar,1269299200,195245563,6.5010,209.3650
v5.1.tar,871659520,160931668,5.4163,216.7469
v5.2.tar,871229440,162059575,5.3759,217.6599
v5.3.tar,913336320,164683432,5.5460,216.1570
v5.4.tar,938137600,166285765,5.6417,217.0587
v5.5.tar,947691520,168100867,5.6376,216.4917
v5.6.tar,957614080,169861242,5.6376,217.6914
v5.7.tar,965775360,171562556,5.6292,216.0821
v5.8.tar,983879680,174243526,5.6465,215.3053
v5.9.tar,1011015680,173851521,5.8153,208.9742
v6.0-rc1.tar,1340149760,199119987,6.7303,214.2873
v6.0-rc2.tar,1340262400,199148595,6.7299,214.3879
v6.0-rc3.tar,1340303360,199136719,6.7305,212.8493
v6.0-rc4.tar,1340344320,199154930,6.7301,212.7367
v6.0-rc5.tar,1340375040,199162225,6.7300,212.8736
v6.0-rc6.tar,1340375040,199161691,6.7300,213.0095
v6.0-rc7.tar,1340395520,199187306,6.7293,213.2529
v6.0.tar,1340416000,199215714,6.7284,212.0816
v6.1-rc1.tar,1357977600,201486009,6.7398,212.1097
v6.1-rc2.tar,1358008320,201526945,6.7385,212.4487
v6.1-rc3.tar,1358080000,201540124,6.7385,210.6629
v6.1-rc4.tar,1358151680,201514275,6.7397,211.9889
v6.1-rc5.tar,1358202880,201533643,6.7393,213.5607
v6.1-rc6.tar,1358243840,201575676,6.7381,214.9381
v6.1-rc7.tar,1358274560,201573279,6.7383,217.6629
v6.1-rc8.tar,1358295040,201536184,6.7397,214.6963
v6.1.tar,1358325760,201559079,6.7390,214.9450
v6.2-rc1.tar,1370839040,203626487,6.7321,211.8012
v6.2-rc2.tar,1370859520,203614161,6.7326,214.6016
v6.2-rc3.tar,1370992640,203670721,6.7314,212.1015
v6.2-rc4.tar,1371013120,203685425,6.7310,206.7688
v6.2-rc5.tar,1371054080,203677200,6.7315,206.1425
v6.2-rc6.tar,1371084800,203737139,6.7296,207.4179
v6.2-rc7.tar,1371125760,203667004,6.7321,207.3901
v6.2-rc8.tar,1371156480,203656274,6.7326,207.5408
v6.2.tar,1371176960,203689337,6.7317,208.8728
v6.3-rc1.tar,1376829440,204351192,6.7375,210.6346
v6.3-rc2.tar,1375375360,203949571,6.7437,212.4654
v6.3-rc3.tar,1375395840,203987450,6.7425,211.9766
v6.3-rc4.tar,1375488000,204014644,6.7421,212.1650
v6.3-rc5.tar,1375508480,204028276,6.7417,211.1561
v6.3-rc6.tar,1375539200,204062325,6.7407,212.9076
v6.3-rc7.tar,1375580160,204018966,6.7424,211.7755
v6.3.tar,1375590400,204027987,6.7421,213.6844
v6.4-rc1.tar,1397831680,206015156,6.7850,210.3410
v6.4-rc2.tar,1397852160,205986389,6.7861,204.6561
v6.4-rc3.tar,1397913600,206062936,6.7839,207.7716
v6.4-rc4.tar,1397964800,205999957,6.7862,210.1803
v6.4-rc5.tar,1398016000,206017087,6.7859,213.5928
v6.4-rc6.tar,1398056960,206013639,6.7862,212.4542
v6.4-rc7.tar,1398097920,206053215,6.7851,211.5720
v6.4.tar,1398149120,206023696,6.7863,206.8319
v6.5-rc1.tar,1410775040,207954643,6.7840,204.4050

Total_files: 270
Total_original_bytes: 212796651520
Total_compressed_bytes: 36128062304
Total_compression_ratio (orig/comp): 5.8900
Total_savings_percent: 84.00
Mean_throughput_MiB_s: 210.6913
Std_dev_MiB_s: 4.3774
95%_CI_MiB_s: [210.1692, 211.2135]
