filename,compressed_bytes,restored_bytes,throughput_MiB_s
netty-4.1.100.Final.tar.zst,3046795,23521280,403.6742
netty-4.1.101.Final.tar.zst,3052150,23562240,906.8506
netty-4.1.102.Final.tar.zst,3080153,23664640,903.3875
netty-4.1.103.Final.tar.zst,3080386,23664640,912.0362
netty-4.1.104.Final.tar.zst,3079915,23664640,906.3299
netty-4.1.105.Final.tar.zst,3084013,23695360,919.4467
netty-4.1.106.Final.tar.zst,3085204,23695360,916.0299
netty-4.1.107.Final.tar.zst,3094136,23767040,908.7471
netty-4.1.108.Final.tar.zst,3106041,23838720,914.7486
netty-4.1.109.Final.tar.zst,3116688,23920640,853.2100
netty-4.1.110.Final.tar.zst,3132152,24043520,914.1222
netty-4.1.111.Final.tar.zst,3135573,24084480,918.9786
netty-4.1.112.Final.tar.zst,3140492,24115200,921.8901
netty-4.1.113.Final.tar.zst,3143648,24145920,906.2921
netty-4.1.114.Final.tar.zst,3156426,24238080,911.0176
netty-4.1.115.Final.tar.zst,3161570,24268800,924.8781
netty-4.1.116.Final.tar.zst,3170364,24340480,922.0391
netty-4.1.117.Final.tar.zst,3172846,24350720,925.4400
netty-4.1.118.Final.tar.zst,3174958,24371200,912.5333
netty-4.1.119.Final.tar.zst,3178529,24391680,927.6093
netty-4.1.120.Final.tar.zst,3182742,24412160,930.6780
netty-4.1.121.Final.tar.zst,3182916,24412160,916.6349
netty-4.1.122.Final.tar.zst,3186876,24524800,928.5583
netty-4.1.123.Final.tar.zst,3188595,24514560,915.4093
netty-4.1.45.Final.tar.zst,2566636,19886080,892.8764
netty-4.1.46.Final.tar.zst,2577862,19957760,895.4759
netty-4.1.47.Final.tar.zst,2579454,19998720,900.4218
netty-4.1.48.Final.tar.zst,2582104,20019200,909.8317
netty-4.1.49.Final.tar.zst,2635078,20346880,900.9333
netty-4.1.50.Final.tar.zst,2644660,20428800,911.4379
netty-4.1.51.Final.tar.zst,2655282,20510720,909.3901
netty-4.1.52.Final.tar.zst,2688104,20725760,900.8067
netty-4.1.53.Final.tar.zst,2724330,20879360,909.5895
netty-4.1.54.Final.tar.zst,2738363,21002240,910.3857
netty-4.1.55.Final.tar.zst,2748147,21084160,910.8257
netty-4.1.56.Final.tar.zst,2749253,21094400,905.6498
netty-4.1.57.Final.tar.zst,2759233,21166080,911.2999
netty-4.1.58.Final.tar.zst,2757382,21145600,897.1252
netty-4.1.59.Final.tar.zst,2768655,21227520,913.8346
netty-4.1.60.Final.tar.zst,2793071,21360640,917.1583
netty-4.1.61.Final.tar.zst,2799143,21401600,903.9816
netty-4.1.62.Final.tar.zst,2798448,21401600,910.2253
netty-4.1.63.Final.tar.zst,2799701,21411840,901.9065
netty-4.1.64.Final.tar.zst,2853520,21678080,904.4350
netty-4.1.65.Final.tar.zst,2856039,21708800,912.2018
netty-4.1.66.Final.tar.zst,2854477,22097920,613.9123
netty-4.1.67.Final.tar.zst,2861724,22159360,908.3710
netty-4.1.68.Final.tar.zst,2872906,22200320,907.0366
netty-4.1.69.Final.tar.zst,2876905,22220800,920.2544
netty-4.1.70.Final.tar.zst,2880105,22251520,925.3952
netty-4.1.71.Final.tar.zst,2881434,22282240,915.4006
netty-4.1.72.Final.tar.zst,2881764,22292480,918.7470
netty-4.1.73.Final.tar.zst,2886434,22333440,914.5085
netty-4.1.74.Final.tar.zst,2899599,22425600,913.1577
netty-4.1.75.Final.tar.zst,2901276,22435840,907.5463
netty-4.1.76.Final.tar.zst,2907771,22507520,920.7287
netty-4.1.77.Final.tar.zst,2910022,22507520,923.4645
netty-4.1.78.Final.tar.zst,2914481,22528000,908.5882
netty-4.1.79.Final.tar.zst,2921148,22568960,919.9136
netty-4.1.80.Final.tar.zst,2945405,22702080,919.8034
netty-4.1.81.Final.tar.zst,2946850,22712320,921.5307
netty-4.1.82.Final.tar.zst,2946958,22712320,914.4575
netty-4.1.83.Final.tar.zst,2967833,22947840,925.9153
netty-4.1.84.Final.tar.zst,2968333,22947840,923.7071
netty-4.1.85.Final.tar.zst,2973953,22999040,914.7912
netty-4.1.86.Final.tar.zst,2987937,23101440,913.5688
netty-4.1.87.Final.tar.zst,2992573,23121920,909.6294
netty-4.1.88.Final.tar.zst,3004340,23234560,909.3535
netty-4.1.89.Final.tar.zst,3004982,23234560,931.1134
netty-4.1.90.Final.tar.zst,3008276,23255040,928.5080
netty-4.1.91.Final.tar.zst,3013121,23285760,912.8142
netty-4.1.92.Final.tar.zst,3018360,23326720,926.0175
netty-4.1.93.Final.tar.zst,3022882,23357440,914.7450
netty-4.1.94.Final.tar.zst,3025992,23388160,929.2281
netty-4.1.95.Final.tar.zst,3030596,23429120,909.0348
netty-4.1.96.Final.tar.zst,3031699,23429120,917.7978
netty-4.1.97.Final.tar.zst,3039046,23459840,908.9599
netty-4.1.98.Final.tar.zst,3042971,23490560,914.6991
netty-4.1.99.Final.tar.zst,3045975,23500800,914.4076
netty-4.2.0.Alpha1.tar.zst,3220888,25108480,924.5428
netty-4.2.0.Alpha2.tar.zst,3226488,25159680,936.7991
netty-4.2.0.Alpha3.tar.zst,3234670,25251840,939.9201
netty-4.2.0.Alpha4.tar.zst,3257863,25477120,926.1833
netty-4.2.0.Alpha5.tar.zst,3270680,25630720,933.8509
netty-4.2.0.Alpha6.tar.zst,3273214,25640960,939.2745
netty-4.2.0.Beta1.tar.zst,3273236,25640960,923.0411
netty-4.2.0.Final.tar.zst,3366741,26275840,942.9624
netty-4.2.0.RC1.tar.zst,3302714,25825280,935.2626
netty-4.2.0.RC2.tar.zst,3320839,26040320,946.0240
netty-4.2.0.RC3.tar.zst,3343792,26132480,953.3147
netty-4.2.0.RC4.tar.zst,3357992,26224640,929.2281
netty-4.2.1.Final.tar.zst,3542077,27187200,915.1284
netty-4.2.2.Final.tar.zst,3683083,28467200,940.0001
netty-4.2.3.Final.tar.zst,3708630,28631040,931.1819
netty-5.0.0.Alpha1.tar.zst,2517132,19066880,899.8902
netty-5.0.0.Alpha2.tar.zst,2360326,17489920,888.1560
netty-5.0.0.Alpha3.tar.zst,2300893,16936960,673.0789
netty-5.0.0.Alpha4.tar.zst,2346420,17162240,873.2645
netty-5.0.0.Alpha5.tar.zst,2329019,17090560,870.4394

Total_decompressed_files: 99
Mean_throughput_MiB_s: 904.5352
Std_dev_MiB_s: 65.5292
95%_CI_MiB_s: [891.6268, 917.4436]
