filename,original_bytes,compressed_bytes,compression_ratio,throughput_MiB_s
netty-4.1.100.Final.tar,23521280,3046795,7.7200,88.4311
netty-4.1.101.Final.tar,23562240,3052150,7.7198,173.6435
netty-4.1.102.Final.tar,23664640,3080153,7.6829,170.6660
netty-4.1.103.Final.tar,23664640,3080386,7.6823,195.7168
netty-4.1.104.Final.tar,23664640,3079915,7.6835,195.6378
netty-4.1.105.Final.tar,23695360,3084013,7.6832,183.1149
netty-4.1.106.Final.tar,23695360,3085204,7.6803,182.4237
netty-4.1.107.Final.tar,23767040,3094136,7.6813,195.8856
netty-4.1.108.Final.tar,23838720,3106041,7.6749,196.2753
netty-4.1.109.Final.tar,23920640,3116688,7.6750,197.4796
netty-4.1.110.Final.tar,24043520,3132152,7.6763,186.4689
netty-4.1.111.Final.tar,24084480,3135573,7.6810,189.7184
netty-4.1.112.Final.tar,24115200,3140492,7.6787,178.4571
netty-4.1.113.Final.tar,24145920,3143648,7.6808,201.2021
netty-4.1.114.Final.tar,24238080,3156426,7.6789,198.8211
netty-4.1.115.Final.tar,24268800,3161570,7.6761,190.4530
netty-4.1.116.Final.tar,24340480,3170364,7.6775,190.2465
netty-4.1.117.Final.tar,24350720,3172846,7.6747,181.6096
netty-4.1.118.Final.tar,24371200,3174958,7.6760,201.5034
netty-4.1.119.Final.tar,24391680,3178529,7.6738,201.8274
netty-4.1.120.Final.tar,24412160,3182742,7.6701,192.9927
netty-4.1.121.Final.tar,24412160,3182916,7.6697,190.3980
netty-4.1.122.Final.tar,24524800,3186876,7.6955,177.8628
netty-4.1.123.Final.tar,24514560,3188595,7.6882,180.9526
netty-4.1.45.Final.tar,19886080,2566636,7.7479,204.6934
netty-4.1.46.Final.tar,19957760,2577862,7.7419,176.9244
netty-4.1.47.Final.tar,19998720,2579454,7.7530,191.1188
netty-4.1.48.Final.tar,20019200,2582104,7.7530,178.1916
netty-4.1.49.Final.tar,20346880,2635078,7.7215,176.3828
netty-4.1.50.Final.tar,20428800,2644660,7.7245,199.7027
netty-4.1.51.Final.tar,20510720,2655282,7.7244,197.9099
netty-4.1.52.Final.tar,20725760,2688104,7.7101,196.8711
netty-4.1.53.Final.tar,20879360,2724330,7.6640,202.8561
netty-4.1.54.Final.tar,21002240,2738363,7.6696,193.1116
netty-4.1.55.Final.tar,21084160,2748147,7.6721,185.3377
netty-4.1.56.Final.tar,21094400,2749253,7.6727,203.9677
netty-4.1.57.Final.tar,21166080,2759233,7.6710,204.7483
netty-4.1.58.Final.tar,21145600,2757382,7.6687,203.8521
netty-4.1.59.Final.tar,21227520,2768655,7.6670,204.9140
netty-4.1.60.Final.tar,21360640,2793071,7.6477,175.3564
netty-4.1.61.Final.tar,21401600,2799143,7.6457,177.9744
netty-4.1.62.Final.tar,21401600,2798448,7.6476,205.9438
netty-4.1.63.Final.tar,21411840,2799701,7.6479,177.1876
netty-4.1.64.Final.tar,21678080,2853520,7.5969,178.9236
netty-4.1.65.Final.tar,21708800,2856039,7.6010,168.5616
netty-4.1.66.Final.tar,22097920,2854477,7.7414,190.3382
netty-4.1.67.Final.tar,22159360,2861724,7.7433,196.8437
netty-4.1.68.Final.tar,22200320,2872906,7.7274,198.0253
netty-4.1.69.Final.tar,22220800,2876905,7.7238,197.7943
netty-4.1.70.Final.tar,22251520,2880105,7.7259,185.3026
netty-4.1.71.Final.tar,22282240,2881434,7.7330,185.6892
netty-4.1.72.Final.tar,22292480,2881764,7.7357,187.1012
netty-4.1.73.Final.tar,22333440,2886434,7.7373,204.0669
netty-4.1.74.Final.tar,22425600,2899599,7.7340,198.7902
netty-4.1.75.Final.tar,22435840,2901276,7.7330,200.2352
netty-4.1.76.Final.tar,22507520,2907771,7.7404,163.1472
netty-4.1.77.Final.tar,22507520,2910022,7.7344,185.5723
netty-4.1.78.Final.tar,22528000,2914481,7.7296,185.6819
netty-4.1.79.Final.tar,22568960,2921148,7.7260,201.2536
netty-4.1.80.Final.tar,22702080,2945405,7.7076,202.1506
netty-4.1.81.Final.tar,22712320,2946850,7.7073,190.0038
netty-4.1.82.Final.tar,22712320,2946958,7.7070,175.6024
netty-4.1.83.Final.tar,22947840,2967833,7.7321,198.6589
netty-4.1.84.Final.tar,22947840,2968333,7.7308,176.9047
netty-4.1.85.Final.tar,22999040,2973953,7.7334,178.2042
netty-4.1.86.Final.tar,23101440,2987937,7.7315,177.5942
netty-4.1.87.Final.tar,23121920,2992573,7.7264,178.2472
netty-4.1.88.Final.tar,23234560,3004340,7.7336,178.2631
netty-4.1.89.Final.tar,23234560,3004982,7.7320,178.5857
netty-4.1.90.Final.tar,23255040,3008276,7.7303,179.8931
netty-4.1.91.Final.tar,23285760,3013121,7.7281,173.6310
netty-4.1.92.Final.tar,23326720,3018360,7.7282,187.5090
netty-4.1.93.Final.tar,23357440,3022882,7.7268,179.0479
netty-4.1.94.Final.tar,23388160,3025992,7.7290,180.3690
netty-4.1.95.Final.tar,23429120,3030596,7.7308,180.2223
netty-4.1.96.Final.tar,23429120,3031699,7.7280,181.1064
netty-4.1.97.Final.tar,23459840,3039046,7.7194,171.5452
netty-4.1.98.Final.tar,23490560,3042971,7.7196,203.5327
netty-4.1.99.Final.tar,23500800,3045975,7.7153,197.2002
netty-4.2.0.Alpha1.tar,25108480,3220888,7.7955,179.7975
netty-4.2.0.Alpha2.tar,25159680,3226488,7.7978,208.9822
netty-4.2.0.Alpha3.tar,25251840,3234670,7.8066,208.8935
netty-4.2.0.Alpha4.tar,25477120,3257863,7.8201,183.6954
netty-4.2.0.Alpha5.tar,25630720,3270680,7.8365,198.0738
netty-4.2.0.Alpha6.tar,25640960,3273214,7.8335,186.8268
netty-4.2.0.Beta1.tar,25640960,3273236,7.8335,183.5690
netty-4.2.0.Final.tar,26275840,3366741,7.8045,190.0225
netty-4.2.0.RC1.tar,25825280,3302714,7.8194,199.3037
netty-4.2.0.RC2.tar,26040320,3320839,7.8414,202.1817
netty-4.2.0.RC3.tar,26132480,3343792,7.8152,189.5048
netty-4.2.0.RC4.tar,26224640,3357992,7.8096,202.3799
netty-4.2.1.Final.tar,27187200,3542077,7.6754,191.0673
netty-4.2.2.Final.tar,28467200,3683083,7.7291,217.1729
netty-4.2.3.Final.tar,28631040,3708630,7.7201,190.2997
netty-5.0.0.Alpha1.tar,19066880,2517132,7.5748,194.5316
netty-5.0.0.Alpha2.tar,17489920,2360326,7.4099,159.3850
netty-5.0.0.Alpha3.tar,16936960,2300893,7.3610,165.0309
netty-5.0.0.Alpha4.tar,17162240,2346420,7.3142,165.0961
netty-5.0.0.Alpha5.tar,17090560,2329019,7.3380,165.0555

Total_files: 99
Total_original_bytes: 2272532480
Total_compressed_bytes: 294912458
Total_compression_ratio (orig/comp): 7.7057
Total_savings_percent: 88.00
Mean_throughput_MiB_s: 187.6293
Std_dev_MiB_s: 15.6451
95%_CI_MiB_s: [184.5474, 190.7112]
