=== automake LZ4压缩报告 ===
开始时间: 2025年 08月 17日 星期日 17:18:42 CST
源路径: /mnt/dataset2/automake_tarballs
预期文件数量: 100
压缩算法: LZ4

文件处理顺序:
  1. Release-1-7b.tar
  2. Release-1-7d.tar
  3. Release-1-7f.tar
  4. Release-1-7h.tar
  5. Release-1-7-8.tar
  6. Release-1-7-9.tar
  7. Release-1-7.tar
  8. Release-1-8b.tar
  9. Release-1-8d.tar
  10. Release-1-8-0b.tar
  11. Release-1-8-1.tar
  12. Release-1-8-2b.tar
  13. Release-1-8-2.tar
  14. Release-1-8-3b.tar
  15. Release-1-8-3.tar
  16. Release-1-8-4.tar
  17. Release-1-8-5.tar
  18. Release-1-8.tar
  19. Release-1-9b.tar
  20. Release-1-9-1.tar
  21. Release-1-9-2.tar
  22. Release-1-9-3.tar
  23. Release-1-9-4.tar
  24. Release-1-9-5b.tar
  25. Release-1-9-5.tar
  26. Release-1-9-6.tar
  27. Release-1-9.tar
  28. Release-1-10-1.tar
  29. Release-1-10.tar
  30. branchpoint-1-5.tar
  31. branchpoint-1-6.tar
  32. branchpoint-1-7.tar
  33. branchpoint-1-8.tar
  34. branchpoint-1-9.tar
  35. branchpoint-1-10.tar
  36. branchpoint-real-1-5.tar
  37. br-1-4.tar
  38. br-1-5.tar
  39. br-1-6.tar
  40. br-1-7.tar
  41. br-1-8.tar
  42. br-1-9.tar
  43. handle-languages.tar
  44. last-merge-into-user-dep-gen-branch.tar
  45. merging-into-user-dep-gen.tar
  46. ng-0.5a.tar
  47. pre-depend-change.tar
  48. pre-ian-conditionals.tar
  49. user-dep-gen-abandoned-branch.tar
  50. user-dep-gen-branchpoint.tar
  51. user-dep-gen-merge-abandoned-branch.tar
  52. user-dep-gen-merge-branchpoint.tar
  53. v1.10b.tar
  54. v1.10.2.tar
  55. v1.10.3.tar
  56. v1.11b.tar
  57. v1.11d.tar
  58. v1.11.1b.tar
  59. v1.11.1.tar
  60. v1.11.2b.tar
  61. v1.11.2.tar
  62. v1.11.3b.tar
  63. v1.11.3.tar
  64. v1.11.4.tar
  65. v1.11.5.tar
  66. v1.11.6.tar
  67. v1.11.tar
  68. v1.12b.tar
  69. v1.12.0b.tar
  70. v1.12.1.tar
  71. v1.12.2.tar
  72. v1.12.3.tar
  73. v1.12.4.tar
  74. v1.12.5.tar
  75. v1.12.6.tar
  76. v1.12.tar
  77. v1.13b.tar
  78. v1.13.1b.tar
  79. v1.13.1d.tar
  80. v1.13.1.tar
  81. v1.13.2b.tar
  82. v1.13.2.tar
  83. v1.13.3.tar
  84. v1.13.4.tar
  85. v1.13.tar
  86. v1.14.1.tar
  87. v1.14.tar
  88. v1.15.1.tar
  89. v1.15.tar
  90. v1.16i.tar
  91. v1.16.1.tar
  92. v1.16.2.tar
  93. v1.16.3.tar
  94. v1.16.4.tar
  95. v1.16.5.tar
  96. v1.16.90.tar
  97. v1.16.92.tar
  98. v1.16.tar
  99. v1.17.tar
  100. ylwrap-refactor-abandoned-branch.tar

文件 #1: Release-1-7b.tar
  原始大小: 3.47 MiB
  LZ4压缩大小: 1.12 MiB
  压缩率: 3.09x
  压缩时间: 0.01 秒
  压缩吞吐量: 315.454545 MiB/s
  解压时间: 0.00 秒
  解压吞吐量: 867.500000 MiB/s
  LZ4文件: ./compressed_datasets/automake/Release-1-7b.tar.lz4

文件 #2: Release-1-7d.tar
  原始大小: 3.49 MiB
  LZ4压缩大小: 1.13 MiB
  压缩率: 3.09x
  压缩时间: 0.01 秒
  压缩吞吐量: 290.833333 MiB/s
  解压时间: 0.00 秒
  解压吞吐量: 698.000000 MiB/s
  LZ4文件: ./compressed_datasets/automake/Release-1-7d.tar.lz4

文件 #3: Release-1-7f.tar
  原始大小: 3.50 MiB
  LZ4压缩大小: 1.13 MiB
  压缩率: 3.09x
  压缩时间: 0.04 秒
  压缩吞吐量: 83.333333 MiB/s
  解压时间: 0.01 秒
  解压吞吐量: 500.000000 MiB/s
  LZ4文件: ./compressed_datasets/automake/Release-1-7f.tar.lz4

文件 #4: Release-1-7h.tar
  原始大小: 3.51 MiB
  LZ4压缩大小: 1.13 MiB
  压缩率: 3.08x
  压缩时间: 0.01 秒
  压缩吞吐量: 319.090909 MiB/s
  解压时间: 0.00 秒
  解压吞吐量: 877.500000 MiB/s
  LZ4文件: ./compressed_datasets/automake/Release-1-7h.tar.lz4

文件 #5: Release-1-7-8.tar
  原始大小: 3.08 MiB
  LZ4压缩大小: 0.99 MiB
  压缩率: 3.10x
  压缩时间: 0.01 秒
  压缩吞吐量: 342.222222 MiB/s
  解压时间: 0.00 秒
  解压吞吐量: 770.000000 MiB/s
  LZ4文件: ./compressed_datasets/automake/Release-1-7-8.tar.lz4

文件 #6: Release-1-7-9.tar
  原始大小: 3.08 MiB
  LZ4压缩大小: 0.99 MiB
  压缩率: 3.09x
  压缩时间: 0.01 秒
  压缩吞吐量: 308.000000 MiB/s
  解压时间: 0.00 秒
  解压吞吐量: 616.000000 MiB/s
  LZ4文件: ./compressed_datasets/automake/Release-1-7-9.tar.lz4

文件 #7: Release-1-7.tar
  原始大小: 2.81 MiB
  LZ4压缩大小: 0.89 MiB
  压缩率: 3.13x
  压缩时间: 0.01 秒
  压缩吞吐量: 351.250000 MiB/s
  解压时间: 0.00 秒
  解压吞吐量: 936.666666 MiB/s
  LZ4文件: ./compressed_datasets/automake/Release-1-7.tar.lz4

文件 #8: Release-1-8b.tar
  原始大小: 3.73 MiB
  LZ4压缩大小: 1.21 MiB
  压缩率: 3.07x
  压缩时间: 0.02 秒
  压缩吞吐量: 233.125000 MiB/s
  解压时间: 0.01 秒
  解压吞吐量: 621.666666 MiB/s
  LZ4文件: ./compressed_datasets/automake/Release-1-8b.tar.lz4

文件 #9: Release-1-8d.tar
  原始大小: 3.75 MiB
  LZ4压缩大小: 1.22 MiB
  压缩率: 3.07x
  压缩时间: 0.01 秒
  压缩吞吐量: 312.500000 MiB/s
  解压时间: 0.00 秒
  解压吞吐量: 750.000000 MiB/s
  LZ4文件: ./compressed_datasets/automake/Release-1-8d.tar.lz4

文件 #10: Release-1-8-0b.tar
  原始大小: 3.56 MiB
  LZ4压缩大小: 1.15 MiB
  压缩率: 3.08x
  压缩时间: 0.02 秒
  压缩吞吐量: 209.411764 MiB/s
  解压时间: 0.00 秒
  解压吞吐量: 890.000000 MiB/s
  LZ4文件: ./compressed_datasets/automake/Release-1-8-0b.tar.lz4

文件 #11: Release-1-8-1.tar
  原始大小: 3.57 MiB
  LZ4压缩大小: 1.16 MiB
  压缩率: 3.08x
  压缩时间: 0.02 秒
  压缩吞吐量: 198.333333 MiB/s
  解压时间: 0.00 秒
  解压吞吐量: 714.000000 MiB/s
  LZ4文件: ./compressed_datasets/automake/Release-1-8-1.tar.lz4

文件 #12: Release-1-8-2b.tar
  原始大小: 3.63 MiB
  LZ4压缩大小: 1.18 MiB
  压缩率: 3.06x
  压缩时间: 0.02 秒
  压缩吞吐量: 201.666666 MiB/s
  解压时间: 0.00 秒
  解压吞吐量: 726.000000 MiB/s
  LZ4文件: ./compressed_datasets/automake/Release-1-8-2b.tar.lz4

文件 #13: Release-1-8-2.tar
  原始大小: 3.57 MiB
  LZ4压缩大小: 1.16 MiB
  压缩率: 3.07x
  压缩时间: 0.01 秒
  压缩吞吐量: 324.545454 MiB/s
  解压时间: 0.01 秒
  解压吞吐量: 595.000000 MiB/s
  LZ4文件: ./compressed_datasets/automake/Release-1-8-2.tar.lz4

文件 #14: Release-1-8-3b.tar
  原始大小: 3.64 MiB
  LZ4压缩大小: 1.18 MiB
  压缩率: 3.06x
  压缩时间: 0.01 秒
  压缩吞吐量: 330.909090 MiB/s
  解压时间: 0.00 秒
  解压吞吐量: 910.000000 MiB/s
  LZ4文件: ./compressed_datasets/automake/Release-1-8-3b.tar.lz4

文件 #15: Release-1-8-3.tar
  原始大小: 3.63 MiB
  LZ4压缩大小: 1.18 MiB
  压缩率: 3.06x
  压缩时间: 0.01 秒
  压缩吞吐量: 330.000000 MiB/s
  解压时间: 0.01 秒
  解压吞吐量: 605.000000 MiB/s
  LZ4文件: ./compressed_datasets/automake/Release-1-8-3.tar.lz4

文件 #16: Release-1-8-4.tar
  原始大小: 3.63 MiB
  LZ4压缩大小: 1.18 MiB
  压缩率: 3.06x
  压缩时间: 0.01 秒
  压缩吞吐量: 330.000000 MiB/s
  解压时间: 0.00 秒
  解压吞吐量: 726.000000 MiB/s
  LZ4文件: ./compressed_datasets/automake/Release-1-8-4.tar.lz4

文件 #17: Release-1-8-5.tar
  原始大小: 3.64 MiB
  LZ4压缩大小: 1.18 MiB
  压缩率: 3.06x
  压缩时间: 0.05 秒
  压缩吞吐量: 68.679245 MiB/s
  解压时间: 0.01 秒
  解压吞吐量: 455.000000 MiB/s
  LZ4文件: ./compressed_datasets/automake/Release-1-8-5.tar.lz4

文件 #18: Release-1-8.tar
  原始大小: 3.53 MiB
  LZ4压缩大小: 1.14 MiB
  压缩率: 3.08x
  压缩时间: 0.01 秒
  压缩吞吐量: 320.909090 MiB/s
  解压时间: 0.00 秒
  解压吞吐量: 706.000000 MiB/s
  LZ4文件: ./compressed_datasets/automake/Release-1-8.tar.lz4

文件 #19: Release-1-9b.tar
  原始大小: 4.21 MiB
  LZ4压缩大小: 1.40 MiB
  压缩率: 3.00x
  压缩时间: 0.05 秒
  压缩吞吐量: 77.962962 MiB/s
  解压时间: 0.01 秒
  解压吞吐量: 526.250000 MiB/s
  LZ4文件: ./compressed_datasets/automake/Release-1-9b.tar.lz4

文件 #20: Release-1-9-1.tar
  原始大小: 3.75 MiB
  LZ4压缩大小: 1.22 MiB
  压缩率: 3.06x
  压缩时间: 0.02 秒
  压缩吞吐量: 156.250000 MiB/s
  解压时间: 0.00 秒
  解压吞吐量: 750.000000 MiB/s
  LZ4文件: ./compressed_datasets/automake/Release-1-9-1.tar.lz4

文件 #21: Release-1-9-2.tar
  原始大小: 3.80 MiB
  LZ4压缩大小: 1.25 MiB
  压缩率: 3.04x
  压缩时间: 0.01 秒
  压缩吞吐量: 316.666666 MiB/s
  解压时间: 0.00 秒
  解压吞吐量: 760.000000 MiB/s
  LZ4文件: ./compressed_datasets/automake/Release-1-9-2.tar.lz4

文件 #22: Release-1-9-3.tar
  原始大小: 3.81 MiB
  LZ4压缩大小: 1.25 MiB
  压缩率: 3.03x
  压缩时间: 0.01 秒
  压缩吞吐量: 317.500000 MiB/s
  解压时间: 0.00 秒
  解压吞吐量: 762.000000 MiB/s
  LZ4文件: ./compressed_datasets/automake/Release-1-9-3.tar.lz4

文件 #23: Release-1-9-4.tar
  原始大小: 3.86 MiB
  LZ4压缩大小: 1.27 MiB
  压缩率: 3.03x
  压缩时间: 0.01 秒
  压缩吞吐量: 321.666666 MiB/s
  解压时间: 0.00 秒
  解压吞吐量: 772.000000 MiB/s
  LZ4文件: ./compressed_datasets/automake/Release-1-9-4.tar.lz4

文件 #24: Release-1-9-5b.tar
  原始大小: 3.93 MiB
  LZ4压缩大小: 1.30 MiB
  压缩率: 3.01x
  压缩时间: 0.01 秒
  压缩吞吐量: 262.000000 MiB/s
  解压时间: 0.00 秒
  解压吞吐量: 786.000000 MiB/s
  LZ4文件: ./compressed_datasets/automake/Release-1-9-5b.tar.lz4

文件 #25: Release-1-9-5.tar
  原始大小: 3.88 MiB
  LZ4压缩大小: 1.28 MiB
  压缩率: 3.02x
  压缩时间: 0.01 秒
  压缩吞吐量: 323.333333 MiB/s
  解压时间: 0.00 秒
  解压吞吐量: 776.000000 MiB/s
  LZ4文件: ./compressed_datasets/automake/Release-1-9-5.tar.lz4

文件 #26: Release-1-9-6.tar
  原始大小: 3.93 MiB
  LZ4压缩大小: 1.30 MiB
  压缩率: 3.01x
  压缩时间: 0.01 秒
  压缩吞吐量: 327.500000 MiB/s
  解压时间: 0.01 秒
  解压吞吐量: 655.000000 MiB/s
  LZ4文件: ./compressed_datasets/automake/Release-1-9-6.tar.lz4

文件 #27: Release-1-9.tar
  原始大小: 3.74 MiB
  LZ4压缩大小: 1.22 MiB
  压缩率: 3.06x
  压缩时间: 0.01 秒
  压缩吞吐量: 340.000000 MiB/s
  解压时间: 0.00 秒
  解压吞吐量: 748.000000 MiB/s
  LZ4文件: ./compressed_datasets/automake/Release-1-9.tar.lz4

文件 #28: Release-1-10-1.tar
  原始大小: 4.34 MiB
  LZ4压缩大小: 1.44 MiB
  压缩率: 2.99x
  压缩时间: 0.01 秒
  压缩吞吐量: 310.000000 MiB/s
  解压时间: 0.00 秒
  解压吞吐量: 868.000000 MiB/s
  LZ4文件: ./compressed_datasets/automake/Release-1-10-1.tar.lz4

文件 #29: Release-1-10.tar
  原始大小: 4.23 MiB
  LZ4压缩大小: 1.41 MiB
  压缩率: 3.00x
  压缩时间: 0.01 秒
  压缩吞吐量: 325.384615 MiB/s
  解压时间: 0.01 秒
  解压吞吐量: 705.000000 MiB/s
  LZ4文件: ./compressed_datasets/automake/Release-1-10.tar.lz4

文件 #30: branchpoint-1-5.tar
  原始大小: 1.65 MiB
  LZ4压缩大小: 0.62 MiB
  压缩率: 2.62x
  压缩时间: 0.00 秒
  压缩吞吐量: 330.000000 MiB/s
  解压时间: 0.00 秒
  解压吞吐量: 825.000000 MiB/s
  LZ4文件: ./compressed_datasets/automake/branchpoint-1-5.tar.lz4

文件 #31: branchpoint-1-6.tar
  原始大小: 2.23 MiB
  LZ4压缩大小: 0.80 MiB
  压缩率: 2.76x
  压缩时间: 0.01 秒
  压缩吞吐量: 318.571428 MiB/s
  解压时间: 0.00 秒
  解压吞吐量: 743.333333 MiB/s
  LZ4文件: ./compressed_datasets/automake/branchpoint-1-6.tar.lz4

文件 #32: branchpoint-1-7.tar
  原始大小: 2.81 MiB
  LZ4压缩大小: 0.89 MiB
  压缩率: 3.13x
  压缩时间: 0.01 秒
  压缩吞吐量: 200.714285 MiB/s
  解压时间: 0.00 秒
  解压吞吐量: 702.500000 MiB/s
  LZ4文件: ./compressed_datasets/automake/branchpoint-1-7.tar.lz4

文件 #33: branchpoint-1-8.tar
  原始大小: 3.53 MiB
  LZ4压缩大小: 1.14 MiB
  压缩率: 3.08x
  压缩时间: 0.05 秒
  压缩吞吐量: 66.603773 MiB/s
  解压时间: 0.01 秒
  解压吞吐量: 504.285714 MiB/s
  LZ4文件: ./compressed_datasets/automake/branchpoint-1-8.tar.lz4

文件 #34: branchpoint-1-9.tar
  原始大小: 3.74 MiB
  LZ4压缩大小: 1.22 MiB
  压缩率: 3.06x
  压缩时间: 0.01 秒
  压缩吞吐量: 340.000000 MiB/s
  解压时间: 0.00 秒
  解压吞吐量: 748.000000 MiB/s
  LZ4文件: ./compressed_datasets/automake/branchpoint-1-9.tar.lz4

文件 #35: branchpoint-1-10.tar
  原始大小: 4.23 MiB
  LZ4压缩大小: 1.41 MiB
  压缩率: 3.00x
  压缩时间: 0.05 秒
  压缩吞吐量: 86.326530 MiB/s
  解压时间: 0.01 秒
  解压吞吐量: 528.750000 MiB/s
  LZ4文件: ./compressed_datasets/automake/branchpoint-1-10.tar.lz4

文件 #36: branchpoint-real-1-5.tar
  原始大小: 1.94 MiB
  LZ4压缩大小: 0.71 MiB
  压缩率: 2.72x
  压缩时间: 0.03 秒
  压缩吞吐量: 64.666666 MiB/s
  解压时间: 0.01 秒
  解压吞吐量: 138.571428 MiB/s
  LZ4文件: ./compressed_datasets/automake/branchpoint-real-1-5.tar.lz4

文件 #37: br-1-4.tar
  原始大小: 1.35 MiB
  LZ4压缩大小: 0.50 MiB
  压缩率: 2.67x
  压缩时间: 0.00 秒
  压缩吞吐量: 337.500000 MiB/s
  解压时间: 0.00 秒
  解压吞吐量: 675.000000 MiB/s
  LZ4文件: ./compressed_datasets/automake/br-1-4.tar.lz4

文件 #38: br-1-5.tar
  原始大小: 1.95 MiB
  LZ4压缩大小: 0.71 MiB
  压缩率: 2.72x
  压缩时间: 0.01 秒
  压缩吞吐量: 325.000000 MiB/s
  解压时间: 0.00 秒
  解压吞吐量: 650.000000 MiB/s
  LZ4文件: ./compressed_datasets/automake/br-1-5.tar.lz4

文件 #39: br-1-6.tar
  原始大小: 2.28 MiB
  LZ4压缩大小: 0.82 MiB
  压缩率: 2.75x
  压缩时间: 0.01 秒
  压缩吞吐量: 325.714285 MiB/s
  解压时间: 0.00 秒
  解压吞吐量: 760.000000 MiB/s
  LZ4文件: ./compressed_datasets/automake/br-1-6.tar.lz4

文件 #40: br-1-7.tar
  原始大小: 3.09 MiB
  LZ4压缩大小: 0.99 MiB
  压缩率: 3.10x
  压缩时间: 0.01 秒
  压缩吞吐量: 343.333333 MiB/s
  解压时间: 0.00 秒
  解压吞吐量: 772.500000 MiB/s
  LZ4文件: ./compressed_datasets/automake/br-1-7.tar.lz4

文件 #41: br-1-8.tar
  原始大小: 3.64 MiB
  LZ4压缩大小: 1.18 MiB
  压缩率: 3.06x
  压缩时间: 0.01 秒
  压缩吞吐量: 330.909090 MiB/s
  解压时间: 0.00 秒
  解压吞吐量: 910.000000 MiB/s
  LZ4文件: ./compressed_datasets/automake/br-1-8.tar.lz4

文件 #42: br-1-9.tar
  原始大小: 3.93 MiB
  LZ4压缩大小: 1.30 MiB
  压缩率: 3.01x
  压缩时间: 0.01 秒
  压缩吞吐量: 327.500000 MiB/s
  解压时间: 0.00 秒
  解压吞吐量: 786.000000 MiB/s
  LZ4文件: ./compressed_datasets/automake/br-1-9.tar.lz4

文件 #43: handle-languages.tar
  原始大小: 2.19 MiB
  LZ4压缩大小: 0.82 MiB
  压缩率: 2.65x
  压缩时间: 0.01 秒
  压缩吞吐量: 312.857142 MiB/s
  解压时间: 0.00 秒
  解压吞吐量: 730.000000 MiB/s
  LZ4文件: ./compressed_datasets/automake/handle-languages.tar.lz4

文件 #44: last-merge-into-user-dep-gen-branch.tar
  原始大小: 1.72 MiB
  LZ4压缩大小: 0.65 MiB
  压缩率: 2.64x
  压缩时间: 0.00 秒
  压缩吞吐量: 344.000000 MiB/s
  解压时间: 0.00 秒
  解压吞吐量: 860.000000 MiB/s
  LZ4文件: ./compressed_datasets/automake/last-merge-into-user-dep-gen-branch.tar.lz4

文件 #45: merging-into-user-dep-gen.tar
  原始大小: 1.75 MiB
  LZ4压缩大小: 0.66 MiB
  压缩率: 2.66x
  压缩时间: 0.00 秒
  压缩吞吐量: 350.000000 MiB/s
  解压时间: 0.00 秒
  解压吞吐量: 583.333333 MiB/s
  LZ4文件: ./compressed_datasets/automake/merging-into-user-dep-gen.tar.lz4

文件 #46: ng-0.5a.tar
  原始大小: 6.79 MiB
  LZ4压缩大小: 2.20 MiB
  压缩率: 3.07x
  压缩时间: 0.03 秒
  压缩吞吐量: 261.153846 MiB/s
  解压时间: 0.01 秒
  解压吞吐量: 970.000000 MiB/s
  LZ4文件: ./compressed_datasets/automake/ng-0.5a.tar.lz4

文件 #47: pre-depend-change.tar
  原始大小: 1.41 MiB
  LZ4压缩大小: 0.54 MiB
  压缩率: 2.58x
  压缩时间: 0.00 秒
  压缩吞吐量: 282.000000 MiB/s
  解压时间: 0.00 秒
  解压吞吐量: 705.000000 MiB/s
  LZ4文件: ./compressed_datasets/automake/pre-depend-change.tar.lz4

文件 #48: pre-ian-conditionals.tar
  原始大小: 1.30 MiB
  LZ4压缩大小: 0.50 MiB
  压缩率: 2.59x
  压缩时间: 0.00 秒
  压缩吞吐量: 325.000000 MiB/s
  解压时间: 0.00 秒
  解压吞吐量: 650.000000 MiB/s
  LZ4文件: ./compressed_datasets/automake/pre-ian-conditionals.tar.lz4

文件 #49: user-dep-gen-abandoned-branch.tar
  原始大小: 1.38 MiB
  LZ4压缩大小: 0.50 MiB
  压缩率: 2.72x
  压缩时间: 0.00 秒
  压缩吞吐量: 345.000000 MiB/s
  解压时间: 0.00 秒
  解压吞吐量: 690.000000 MiB/s
  LZ4文件: ./compressed_datasets/automake/user-dep-gen-abandoned-branch.tar.lz4

文件 #50: user-dep-gen-branchpoint.tar
  原始大小: 1.68 MiB
  LZ4压缩大小: 0.63 MiB
  压缩率: 2.64x
  压缩时间: 0.00 秒
  压缩吞吐量: 336.000000 MiB/s
  解压时间: 0.00 秒
  解压吞吐量: 840.000000 MiB/s
  LZ4文件: ./compressed_datasets/automake/user-dep-gen-branchpoint.tar.lz4

文件 #51: user-dep-gen-merge-abandoned-branch.tar
  原始大小: 1.39 MiB
  LZ4压缩大小: 0.51 MiB
  压缩率: 2.73x
  压缩时间: 0.00 秒
  压缩吞吐量: 347.500000 MiB/s
  解压时间: 0.00 秒
  解压吞吐量: 695.000000 MiB/s
  LZ4文件: ./compressed_datasets/automake/user-dep-gen-merge-abandoned-branch.tar.lz4

文件 #52: user-dep-gen-merge-branchpoint.tar
  原始大小: 1.36 MiB
  LZ4压缩大小: 0.50 MiB
  压缩率: 2.71x
  压缩时间: 0.00 秒
  压缩吞吐量: 340.000000 MiB/s
  解压时间: 0.00 秒
  解压吞吐量: 680.000000 MiB/s
  LZ4文件: ./compressed_datasets/automake/user-dep-gen-merge-branchpoint.tar.lz4

文件 #53: v1.10b.tar
  原始大小: 4.77 MiB
  LZ4压缩大小: 1.61 MiB
  压缩率: 2.95x
  压缩时间: 0.01 秒
  压缩吞吐量: 318.000000 MiB/s
  解压时间: 0.01 秒
  解压吞吐量: 795.000000 MiB/s
  LZ4文件: ./compressed_datasets/automake/v1.10b.tar.lz4

文件 #54: v1.10.2.tar
  原始大小: 4.41 MiB
  LZ4压缩大小: 1.47 MiB
  压缩率: 2.99x
  压缩时间: 0.01 秒
  压缩吞吐量: 315.000000 MiB/s
  解压时间: 0.00 秒
  解压吞吐量: 882.000000 MiB/s
  LZ4文件: ./compressed_datasets/automake/v1.10.2.tar.lz4

文件 #55: v1.10.3.tar
  原始大小: 4.48 MiB
  LZ4压缩大小: 1.50 MiB
  压缩率: 2.98x
  压缩时间: 0.01 秒
  压缩吞吐量: 320.000000 MiB/s
  解压时间: 0.00 秒
  解压吞吐量: 896.000000 MiB/s
  LZ4文件: ./compressed_datasets/automake/v1.10.3.tar.lz4

文件 #56: v1.11b.tar
  原始大小: 6.87 MiB
  LZ4压缩大小: 2.22 MiB
  压缩率: 3.09x
  压缩时间: 0.02 秒
  压缩吞吐量: 343.500000 MiB/s
  解压时间: 0.01 秒
  解压吞吐量: 981.428571 MiB/s
  LZ4文件: ./compressed_datasets/automake/v1.11b.tar.lz4

文件 #57: v1.11d.tar
  原始大小: 6.89 MiB
  LZ4压缩大小: 2.23 MiB
  压缩率: 3.08x
  压缩时间: 0.02 秒
  压缩吞吐量: 344.500000 MiB/s
  解压时间: 0.01 秒
  解压吞吐量: 984.285714 MiB/s
  LZ4文件: ./compressed_datasets/automake/v1.11d.tar.lz4

文件 #58: v1.11.1b.tar
  原始大小: 5.63 MiB
  LZ4压缩大小: 1.86 MiB
  压缩率: 3.01x
  压缩时间: 0.02 秒
  压缩吞吐量: 331.176470 MiB/s
  解压时间: 0.01 秒
  解压吞吐量: 938.333333 MiB/s
  LZ4文件: ./compressed_datasets/automake/v1.11.1b.tar.lz4

文件 #59: v1.11.1.tar
  原始大小: 4.87 MiB
  LZ4压缩大小: 1.65 MiB
  压缩率: 2.95x
  压缩时间: 0.02 秒
  压缩吞吐量: 304.375000 MiB/s
  解压时间: 0.01 秒
  解压吞吐量: 811.666666 MiB/s
  LZ4文件: ./compressed_datasets/automake/v1.11.1.tar.lz4

文件 #60: v1.11.2b.tar
  原始大小: 5.42 MiB
  LZ4压缩大小: 1.80 MiB
  压缩率: 3.00x
  压缩时间: 0.02 秒
  压缩吞吐量: 338.750000 MiB/s
  解压时间: 0.01 秒
  解压吞吐量: 903.333333 MiB/s
  LZ4文件: ./compressed_datasets/automake/v1.11.2b.tar.lz4

文件 #61: v1.11.2.tar
  原始大小: 5.63 MiB
  LZ4压缩大小: 1.87 MiB
  压缩率: 3.01x
  压缩时间: 0.02 秒
  压缩吞吐量: 331.176470 MiB/s
  解压时间: 0.01 秒
  解压吞吐量: 938.333333 MiB/s
  LZ4文件: ./compressed_datasets/automake/v1.11.2.tar.lz4

文件 #62: v1.11.3b.tar
  原始大小: 5.47 MiB
  LZ4压缩大小: 1.81 MiB
  压缩率: 3.01x
  压缩时间: 0.02 秒
  压缩吞吐量: 341.875000 MiB/s
  解压时间: 0.01 秒
  解压吞吐量: 911.666666 MiB/s
  LZ4文件: ./compressed_datasets/automake/v1.11.3b.tar.lz4

文件 #63: v1.11.3.tar
  原始大小: 5.42 MiB
  LZ4压缩大小: 1.80 MiB
  压缩率: 3.00x
  压缩时间: 0.02 秒
  压缩吞吐量: 338.750000 MiB/s
  解压时间: 0.01 秒
  解压吞吐量: 903.333333 MiB/s
  LZ4文件: ./compressed_datasets/automake/v1.11.3.tar.lz4

文件 #64: v1.11.4.tar
  原始大小: 5.47 MiB
  LZ4压缩大小: 1.82 MiB
  压缩率: 3.00x
  压缩时间: 0.02 秒
  压缩吞吐量: 341.875000 MiB/s
  解压时间: 0.01 秒
  解压吞吐量: 911.666666 MiB/s
  LZ4文件: ./compressed_datasets/automake/v1.11.4.tar.lz4

文件 #65: v1.11.5.tar
  原始大小: 5.48 MiB
  LZ4压缩大小: 1.82 MiB
  压缩率: 3.01x
  压缩时间: 0.02 秒
  压缩吞吐量: 342.500000 MiB/s
  解压时间: 0.01 秒
  解压吞吐量: 913.333333 MiB/s
  LZ4文件: ./compressed_datasets/automake/v1.11.5.tar.lz4

文件 #66: v1.11.6.tar
  原始大小: 5.48 MiB
  LZ4压缩大小: 1.82 MiB
  压缩率: 3.01x
  压缩时间: 0.02 秒
  压缩吞吐量: 322.352941 MiB/s
  解压时间: 0.01 秒
  解压吞吐量: 913.333333 MiB/s
  LZ4文件: ./compressed_datasets/automake/v1.11.6.tar.lz4

文件 #67: v1.11.tar
  原始大小: 4.83 MiB
  LZ4压缩大小: 1.63 MiB
  压缩率: 2.95x
  压缩时间: 0.01 秒
  压缩吞吐量: 322.000000 MiB/s
  解压时间: 0.00 秒
  解压吞吐量: 966.000000 MiB/s
  LZ4文件: ./compressed_datasets/automake/v1.11.tar.lz4

文件 #68: v1.12b.tar
  原始大小: 7.01 MiB
  LZ4压缩大小: 2.28 MiB
  压缩率: 3.06x
  压缩时间: 0.02 秒
  压缩吞吐量: 333.809523 MiB/s
  解压时间: 0.01 秒
  解压吞吐量: 1001.428571 MiB/s
  LZ4文件: ./compressed_datasets/automake/v1.12b.tar.lz4

文件 #69: v1.12.0b.tar
  原始大小: 6.96 MiB
  LZ4压缩大小: 2.25 MiB
  压缩率: 3.09x
  压缩时间: 0.02 秒
  压缩吞吐量: 348.000000 MiB/s
  解压时间: 0.01 秒
  解压吞吐量: 994.285714 MiB/s
  LZ4文件: ./compressed_datasets/automake/v1.12.0b.tar.lz4

文件 #70: v1.12.1.tar
  原始大小: 6.96 MiB
  LZ4压缩大小: 2.25 MiB
  压缩率: 3.09x
  压缩时间: 0.02 秒
  压缩吞吐量: 348.000000 MiB/s
  解压时间: 0.01 秒
  解压吞吐量: 994.285714 MiB/s
  LZ4文件: ./compressed_datasets/automake/v1.12.1.tar.lz4

文件 #71: v1.12.2.tar
  原始大小: 6.99 MiB
  LZ4压缩大小: 2.26 MiB
  压缩率: 3.09x
  压缩时间: 0.02 秒
  压缩吞吐量: 332.857142 MiB/s
  解压时间: 0.01 秒
  解压吞吐量: 998.571428 MiB/s
  LZ4文件: ./compressed_datasets/automake/v1.12.2.tar.lz4

文件 #72: v1.12.3.tar
  原始大小: 6.98 MiB
  LZ4压缩大小: 2.26 MiB
  压缩率: 3.08x
  压缩时间: 0.02 秒
  压缩吞吐量: 332.380952 MiB/s
  解压时间: 0.01 秒
  解压吞吐量: 872.500000 MiB/s
  LZ4文件: ./compressed_datasets/automake/v1.12.3.tar.lz4

文件 #73: v1.12.4.tar
  原始大小: 6.99 MiB
  LZ4压缩大小: 2.26 MiB
  压缩率: 3.08x
  压缩时间: 0.02 秒
  压缩吞吐量: 332.857142 MiB/s
  解压时间: 0.01 秒
  解压吞吐量: 998.571428 MiB/s
  LZ4文件: ./compressed_datasets/automake/v1.12.4.tar.lz4

文件 #74: v1.12.5.tar
  原始大小: 6.99 MiB
  LZ4压缩大小: 2.27 MiB
  压缩率: 3.07x
  压缩时间: 0.02 秒
  压缩吞吐量: 332.857142 MiB/s
  解压时间: 0.01 秒
  解压吞吐量: 998.571428 MiB/s
  LZ4文件: ./compressed_datasets/automake/v1.12.5.tar.lz4

文件 #75: v1.12.6.tar
  原始大小: 7.03 MiB
  LZ4压缩大小: 2.28 MiB
  压缩率: 3.07x
  压缩时间: 0.02 秒
  压缩吞吐量: 334.761904 MiB/s
  解压时间: 0.01 秒
  解压吞吐量: 1004.285714 MiB/s
  LZ4文件: ./compressed_datasets/automake/v1.12.6.tar.lz4

文件 #76: v1.12.tar
  原始大小: 6.90 MiB
  LZ4压缩大小: 2.23 MiB
  压缩率: 3.08x
  压缩时间: 0.02 秒
  压缩吞吐量: 345.000000 MiB/s
  解压时间: 0.01 秒
  解压吞吐量: 985.714285 MiB/s
  LZ4文件: ./compressed_datasets/automake/v1.12.tar.lz4

文件 #77: v1.13b.tar
  原始大小: 7.17 MiB
  LZ4压缩大小: 2.34 MiB
  压缩率: 3.06x
  压缩时间: 0.02 秒
  压缩吞吐量: 341.428571 MiB/s
  解压时间: 0.01 秒
  解压吞吐量: 1024.285714 MiB/s
  LZ4文件: ./compressed_datasets/automake/v1.13b.tar.lz4

文件 #78: v1.13.1b.tar
  原始大小: 7.03 MiB
  LZ4压缩大小: 2.29 MiB
  压缩率: 3.06x
  压缩时间: 0.02 秒
  压缩吞吐量: 334.761904 MiB/s
  解压时间: 0.01 秒
  解压吞吐量: 1004.285714 MiB/s
  LZ4文件: ./compressed_datasets/automake/v1.13.1b.tar.lz4

文件 #79: v1.13.1d.tar
  原始大小: 7.07 MiB
  LZ4压缩大小: 2.30 MiB
  压缩率: 3.06x
  压缩时间: 0.02 秒
  压缩吞吐量: 336.666666 MiB/s
  解压时间: 0.01 秒
  解压吞吐量: 1010.000000 MiB/s
  LZ4文件: ./compressed_datasets/automake/v1.13.1d.tar.lz4

文件 #80: v1.13.1.tar
  原始大小: 7.03 MiB
  LZ4压缩大小: 2.29 MiB
  压缩率: 3.06x
  压缩时间: 0.02 秒
  压缩吞吐量: 334.761904 MiB/s
  解压时间: 0.01 秒
  解压吞吐量: 1004.285714 MiB/s
  LZ4文件: ./compressed_datasets/automake/v1.13.1.tar.lz4

文件 #81: v1.13.2b.tar
  原始大小: 7.07 MiB
  LZ4压缩大小: 2.31 MiB
  压缩率: 3.05x
  压缩时间: 0.02 秒
  压缩吞吐量: 336.666666 MiB/s
  解压时间: 0.01 秒
  解压吞吐量: 1010.000000 MiB/s
  LZ4文件: ./compressed_datasets/automake/v1.13.2b.tar.lz4

文件 #82: v1.13.2.tar
  原始大小: 7.07 MiB
  LZ4压缩大小: 2.30 MiB
  压缩率: 3.06x
  压缩时间: 0.02 秒
  压缩吞吐量: 336.666666 MiB/s
  解压时间: 0.01 秒
  解压吞吐量: 1010.000000 MiB/s
  LZ4文件: ./compressed_datasets/automake/v1.13.2.tar.lz4

文件 #83: v1.13.3.tar
  原始大小: 7.07 MiB
  LZ4压缩大小: 2.31 MiB
  压缩率: 3.05x
  压缩时间: 0.02 秒
  压缩吞吐量: 336.666666 MiB/s
  解压时间: 0.01 秒
  解压吞吐量: 1010.000000 MiB/s
  LZ4文件: ./compressed_datasets/automake/v1.13.3.tar.lz4

文件 #84: v1.13.4.tar
  原始大小: 7.08 MiB
  LZ4压缩大小: 2.31 MiB
  压缩率: 3.06x
  压缩时间: 0.02 秒
  压缩吞吐量: 337.142857 MiB/s
  解压时间: 0.01 秒
  解压吞吐量: 1011.428571 MiB/s
  LZ4文件: ./compressed_datasets/automake/v1.13.4.tar.lz4

文件 #85: v1.13.tar
  原始大小: 7.02 MiB
  LZ4压缩大小: 2.28 MiB
  压缩率: 3.06x
  压缩时间: 0.02 秒
  压缩吞吐量: 334.285714 MiB/s
  解压时间: 0.01 秒
  解压吞吐量: 1002.857142 MiB/s
  LZ4文件: ./compressed_datasets/automake/v1.13.tar.lz4

文件 #86: v1.14.1.tar
  原始大小: 7.19 MiB
  LZ4压缩大小: 2.34 MiB
  压缩率: 3.06x
  压缩时间: 0.02 秒
  压缩吞吐量: 342.380952 MiB/s
  解压时间: 0.01 秒
  解压吞吐量: 1027.142857 MiB/s
  LZ4文件: ./compressed_datasets/automake/v1.14.1.tar.lz4

文件 #87: v1.14.tar
  原始大小: 7.19 MiB
  LZ4压缩大小: 2.34 MiB
  压缩率: 3.06x
  压缩时间: 0.02 秒
  压缩吞吐量: 342.380952 MiB/s
  解压时间: 0.01 秒
  解压吞吐量: 1027.142857 MiB/s
  LZ4文件: ./compressed_datasets/automake/v1.14.tar.lz4

文件 #88: v1.15.1.tar
  原始大小: 7.28 MiB
  LZ4压缩大小: 2.37 MiB
  压缩率: 3.06x
  压缩时间: 0.02 秒
  压缩吞吐量: 330.909090 MiB/s
  解压时间: 0.01 秒
  解压吞吐量: 1040.000000 MiB/s
  LZ4文件: ./compressed_datasets/automake/v1.15.1.tar.lz4

文件 #89: v1.15.tar
  原始大小: 7.21 MiB
  LZ4压缩大小: 2.35 MiB
  压缩率: 3.06x
  压缩时间: 0.02 秒
  压缩吞吐量: 343.333333 MiB/s
  解压时间: 0.01 秒
  解压吞吐量: 1030.000000 MiB/s
  LZ4文件: ./compressed_datasets/automake/v1.15.tar.lz4

文件 #90: v1.16i.tar
  原始大小: 7.55 MiB
  LZ4压缩大小: 2.48 MiB
  压缩率: 3.04x
  压缩时间: 0.02 秒
  压缩吞吐量: 314.583333 MiB/s
  解压时间: 0.01 秒
  解压吞吐量: 943.750000 MiB/s
  LZ4文件: ./compressed_datasets/automake/v1.16i.tar.lz4

文件 #91: v1.16.1.tar
  原始大小: 7.31 MiB
  LZ4压缩大小: 2.38 MiB
  压缩率: 3.06x
  压缩时间: 0.02 秒
  压缩吞吐量: 348.095238 MiB/s
  解压时间: 0.01 秒
  解压吞吐量: 1044.285714 MiB/s
  LZ4文件: ./compressed_datasets/automake/v1.16.1.tar.lz4

文件 #92: v1.16.2.tar
  原始大小: 7.32 MiB
  LZ4压缩大小: 2.39 MiB
  压缩率: 3.05x
  压缩时间: 0.02 秒
  压缩吞吐量: 348.571428 MiB/s
  解压时间: 0.01 秒
  解压吞吐量: 1045.714285 MiB/s
  LZ4文件: ./compressed_datasets/automake/v1.16.2.tar.lz4

文件 #93: v1.16.3.tar
  原始大小: 7.46 MiB
  LZ4压缩大小: 2.45 MiB
  压缩率: 3.04x
  压缩时间: 0.02 秒
  压缩吞吐量: 339.090909 MiB/s
  解压时间: 0.01 秒
  解压吞吐量: 932.500000 MiB/s
  LZ4文件: ./compressed_datasets/automake/v1.16.3.tar.lz4

文件 #94: v1.16.4.tar
  原始大小: 7.50 MiB
  LZ4压缩大小: 2.46 MiB
  压缩率: 3.04x
  压缩时间: 0.02 秒
  压缩吞吐量: 340.909090 MiB/s
  解压时间: 0.01 秒
  解压吞吐量: 937.500000 MiB/s
  LZ4文件: ./compressed_datasets/automake/v1.16.4.tar.lz4

文件 #95: v1.16.5.tar
  原始大小: 7.50 MiB
  LZ4压缩大小: 2.46 MiB
  压缩率: 3.03x
  压缩时间: 0.02 秒
  压缩吞吐量: 340.909090 MiB/s
  解压时间: 0.01 秒
  解压吞吐量: 1071.428571 MiB/s
  LZ4文件: ./compressed_datasets/automake/v1.16.5.tar.lz4

文件 #96: v1.16.90.tar
  原始大小: 7.58 MiB
  LZ4压缩大小: 2.49 MiB
  压缩率: 3.03x
  压缩时间: 0.02 秒
  压缩吞吐量: 344.545454 MiB/s
  解压时间: 0.01 秒
  解压吞吐量: 947.500000 MiB/s
  LZ4文件: ./compressed_datasets/automake/v1.16.90.tar.lz4

文件 #97: v1.16.92.tar
  原始大小: 7.59 MiB
  LZ4压缩大小: 2.50 MiB
  压缩率: 3.03x
  压缩时间: 0.02 秒
  压缩吞吐量: 345.000000 MiB/s
  解压时间: 0.01 秒
  解压吞吐量: 948.750000 MiB/s
  LZ4文件: ./compressed_datasets/automake/v1.16.92.tar.lz4

文件 #98: v1.16.tar
  原始大小: 7.31 MiB
  LZ4压缩大小: 2.38 MiB
  压缩率: 3.06x
  压缩时间: 0.02 秒
  压缩吞吐量: 348.095238 MiB/s
  解压时间: 0.01 秒
  解压吞吐量: 1044.285714 MiB/s
  LZ4文件: ./compressed_datasets/automake/v1.16.tar.lz4

文件 #99: v1.17.tar
  原始大小: 7.60 MiB
  LZ4压缩大小: 2.50 MiB
  压缩率: 3.03x
  压缩时间: 0.02 秒
  压缩吞吐量: 345.454545 MiB/s
  解压时间: 0.01 秒
  解压吞吐量: 950.000000 MiB/s
  LZ4文件: ./compressed_datasets/automake/v1.17.tar.lz4

文件 #100: ylwrap-refactor-abandoned-branch.tar
  原始大小: 5.47 MiB
  LZ4压缩大小: 1.80 MiB
  压缩率: 3.02x
  压缩时间: 0.02 秒
  压缩吞吐量: 341.875000 MiB/s
  解压时间: 0.01 秒
  解压吞吐量: 911.666666 MiB/s
  LZ4文件: ./compressed_datasets/automake/ylwrap-refactor-abandoned-branch.tar.lz4

=== automake LZ4总体统计 ===
实际处理文件数量: 100
预期文件数量: 100
总原始大小: 480.73 MiB
总LZ4压缩大小: 158.62 MiB
总体压缩率: 3.03x
总压缩时间: 1.71 秒
总解压时间: 0.57 秒
压缩总体吞吐量: 281.12 MiB/s
解压总体吞吐量: 846.35 MiB/s
LZ4文件保存目录: ./compressed_datasets/automake/
完成时间: 2025年 08月 17日 星期日 17:18:56 CST
