=== react LZ4压缩报告 ===
开始时间: 2025年 08月 17日 星期日 17:15:11 CST
源路径: /mnt/dataset2/react
预期文件数量: 100
压缩算法: LZ4

文件处理顺序:
  1. v0.13.3.tar
  2. v0.14.0-beta1.tar
  3. v0.14.0-beta2.tar
  4. v0.14.0-beta3.tar
  5. v0.14.0-rc1.tar
  6. v0.14.0.tar
  7. v0.14.1.tar
  8. v0.14.2.tar
  9. v0.14.3.tar
  10. v0.14.4.tar
  11. v0.14.5.tar
  12. v0.14.6.tar
  13. v0.14.7.tar
  14. v0.14.8.tar
  15. v15.0.0-rc.1.tar
  16. v15.0.0-rc.2.tar
  17. v15.0.0.tar
  18. v15.0.1.tar
  19. v15.0.2.tar
  20. v15.1.0.tar
  21. v15.2.0.tar
  22. v15.2.1.tar
  23. v15.3.0.tar
  24. v15.3.1.tar
  25. v15.3.2.tar
  26. v15.4.0-rc.3.tar
  27. v15.4.0.tar
  28. v15.4.1.tar
  29. v15.4.2.tar
  30. v15.5.0.tar
  31. v15.5.1.tar
  32. v15.5.2.tar
  33. v15.5.3.tar
  34. v15.5.4.tar
  35. v15.6.0.tar
  36. v15.6.1.tar
  37. v15.6.2.tar
  38. v15.7.0.tar
  39. v16.0.0-alpha.3.tar
  40. v16.0.0-alpha.4.tar
  41. v16.0.0-rc.1.tar
  42. v16.0.0-rc.2.tar
  43. v16.0.0.tar
  44. v16.1.0.tar
  45. v16.1.1.tar
  46. v16.2.0.tar
  47. v16.3.0-alpha.0.tar
  48. v16.3.0-alpha.1.tar
  49. v16.3.0-alpha.2.tar
  50. v16.3.0-alpha.3.tar
  51. v16.3.0-rc.0.tar
  52. v16.3.0.tar
  53. v16.3.1.tar
  54. v16.3.2.tar
  55. v16.4.0-alpha.5a25959.tar
  56. v16.4.0-alpha.16.4.0-alpha.7926752.tar
  57. v16.4.0-alpha.94a255d.tar
  58. v16.4.0.tar
  59. v16.4.1.tar
  60. v16.4.2.tar
  61. v16.5.0.tar
  62. v16.5.1.tar
  63. v16.5.2.tar
  64. v16.6.0-alpha.0.tar
  65. v16.6.0-alpha.8af6728.tar
  66. v16.6.0-alpha.400d197.tar
  67. v16.6.0.tar
  68. v16.6.1.tar
  69. v16.6.3.tar
  70. v16.7.0-alpha.1.tar
  71. v16.7.0.tar
  72. v16.8.0-alpha.1.tar
  73. v16.8.0.tar
  74. v16.8.1.tar
  75. v16.8.2.tar
  76. v16.8.3.tar
  77. v16.8.4.tar
  78. v16.8.5.tar
  79. v16.8.6.tar
  80. v16.9.0-alpha.0.tar
  81. v16.9.0-rc.0.tar
  82. v16.9.0.tar
  83. v16.10.0.tar
  84. v16.10.1.tar
  85. v16.10.2.tar
  86. v16.11.0.tar
  87. v16.12.0.tar
  88. v16.13.0.tar
  89. v16.13.1.tar
  90. v16.14.0.tar
  91. v17.0.0.tar
  92. v17.0.1.tar
  93. v17.0.2.tar
  94. v18.0.0.tar
  95. v18.1.0.tar
  96. v18.2.0.tar
  97. v18.3.0.tar
  98. v18.3.1.tar
  99. v19.0.0.tar
  100. v19.1.0.tar

文件 #1: v0.13.3.tar
  原始大小: 33.23 MiB
  LZ4压缩大小: 29.47 MiB
  压缩率: 1.12x
  压缩时间: 0.12 秒
  压缩吞吐量: 270.162601 MiB/s
  解压时间: 0.03 秒
  解压吞吐量: 1006.969696 MiB/s
  LZ4文件: ./compressed_datasets/react/v0.13.3.tar.lz4

文件 #2: v0.14.0-beta1.tar
  原始大小: 34.26 MiB
  LZ4压缩大小: 30.37 MiB
  压缩率: 1.12x
  压缩时间: 0.07 秒
  压缩吞吐量: 462.972972 MiB/s
  解压时间: 0.03 秒
  解压吞吐量: 1268.888888 MiB/s
  LZ4文件: ./compressed_datasets/react/v0.14.0-beta1.tar.lz4

文件 #3: v0.14.0-beta2.tar
  原始大小: 34.06 MiB
  LZ4压缩大小: 30.31 MiB
  压缩率: 1.12x
  压缩时间: 0.13 秒
  压缩吞吐量: 266.093750 MiB/s
  解压时间: 0.03 秒
  解压吞吐量: 1261.481481 MiB/s
  LZ4文件: ./compressed_datasets/react/v0.14.0-beta2.tar.lz4

文件 #4: v0.14.0-beta3.tar
  原始大小: 34.06 MiB
  LZ4压缩大小: 30.32 MiB
  压缩率: 1.12x
  压缩时间: 0.08 秒
  压缩吞吐量: 420.493827 MiB/s
  解压时间: 0.03 秒
  解压吞吐量: 1261.481481 MiB/s
  LZ4文件: ./compressed_datasets/react/v0.14.0-beta3.tar.lz4

文件 #5: v0.14.0-rc1.tar
  原始大小: 37.01 MiB
  LZ4压缩大小: 32.80 MiB
  压缩率: 1.12x
  压缩时间: 0.08 秒
  压缩吞吐量: 456.913580 MiB/s
  解压时间: 0.03 秒
  解压吞吐量: 1276.206896 MiB/s
  LZ4文件: ./compressed_datasets/react/v0.14.0-rc1.tar.lz4

文件 #6: v0.14.0.tar
  原始大小: 37.00 MiB
  LZ4压缩大小: 32.93 MiB
  压缩率: 1.12x
  压缩时间: 0.08 秒
  压缩吞吐量: 462.500000 MiB/s
  解压时间: 0.03 秒
  解压吞吐量: 1321.428571 MiB/s
  LZ4文件: ./compressed_datasets/react/v0.14.0.tar.lz4

文件 #7: v0.14.1.tar
  原始大小: 37.56 MiB
  LZ4压缩大小: 33.45 MiB
  压缩率: 1.12x
  压缩时间: 0.08 秒
  压缩吞吐量: 463.703703 MiB/s
  解压时间: 0.03 秒
  解压吞吐量: 1295.172413 MiB/s
  LZ4文件: ./compressed_datasets/react/v0.14.1.tar.lz4

文件 #8: v0.14.2.tar
  原始大小: 38.05 MiB
  LZ4压缩大小: 33.94 MiB
  压缩率: 1.12x
  压缩时间: 0.08 秒
  压缩吞吐量: 469.753086 MiB/s
  解压时间: 0.03 秒
  解压吞吐量: 1312.068965 MiB/s
  LZ4文件: ./compressed_datasets/react/v0.14.2.tar.lz4

文件 #9: v0.14.3.tar
  原始大小: 38.79 MiB
  LZ4压缩大小: 34.50 MiB
  压缩率: 1.12x
  压缩时间: 0.08 秒
  压缩吞吐量: 467.349397 MiB/s
  解压时间: 0.04 秒
  解压吞吐量: 1048.378378 MiB/s
  LZ4文件: ./compressed_datasets/react/v0.14.3.tar.lz4

文件 #10: v0.14.4.tar
  原始大小: 39.35 MiB
  LZ4压缩大小: 35.05 MiB
  压缩率: 1.12x
  压缩时间: 0.15 秒
  压缩吞吐量: 269.520547 MiB/s
  解压时间: 0.03 秒
  解压吞吐量: 1311.666666 MiB/s
  LZ4文件: ./compressed_datasets/react/v0.14.4.tar.lz4

文件 #11: v0.14.5.tar
  原始大小: 39.89 MiB
  LZ4压缩大小: 35.59 MiB
  压缩率: 1.12x
  压缩时间: 0.12 秒
  压缩吞吐量: 324.308943 MiB/s
  解压时间: 0.03 秒
  解压吞吐量: 1286.774193 MiB/s
  LZ4文件: ./compressed_datasets/react/v0.14.5.tar.lz4

文件 #12: v0.14.6.tar
  原始大小: 40.42 MiB
  LZ4压缩大小: 36.11 MiB
  压缩率: 1.11x
  压缩时间: 0.09 秒
  压缩吞吐量: 459.318181 MiB/s
  解压时间: 0.03 秒
  解压吞吐量: 1303.870967 MiB/s
  LZ4文件: ./compressed_datasets/react/v0.14.6.tar.lz4

文件 #13: v0.14.7.tar
  原始大小: 41.04 MiB
  LZ4压缩大小: 36.66 MiB
  压缩率: 1.11x
  压缩时间: 0.09 秒
  压缩吞吐量: 461.123595 MiB/s
  解压时间: 0.03 秒
  解压吞吐量: 1323.870967 MiB/s
  LZ4文件: ./compressed_datasets/react/v0.14.7.tar.lz4

文件 #14: v0.14.8.tar
  原始大小: 41.95 MiB
  LZ4压缩大小: 37.50 MiB
  压缩率: 1.11x
  压缩时间: 0.09 秒
  压缩吞吐量: 471.348314 MiB/s
  解压时间: 0.03 秒
  解压吞吐量: 1353.225806 MiB/s
  LZ4文件: ./compressed_datasets/react/v0.14.8.tar.lz4

文件 #15: v15.0.0-rc.1.tar
  原始大小: 41.98 MiB
  LZ4压缩大小: 37.48 MiB
  压缩率: 1.12x
  压缩时间: 0.09 秒
  压缩吞吐量: 466.444444 MiB/s
  解压时间: 0.03 秒
  解压吞吐量: 1311.875000 MiB/s
  LZ4文件: ./compressed_datasets/react/v15.0.0-rc.1.tar.lz4

文件 #16: v15.0.0-rc.2.tar
  原始大小: 42.55 MiB
  LZ4压缩大小: 38.03 MiB
  压缩率: 1.11x
  压缩时间: 0.09 秒
  压缩吞吐量: 467.582417 MiB/s
  解压时间: 0.03 秒
  解压吞吐量: 1329.687500 MiB/s
  LZ4文件: ./compressed_datasets/react/v15.0.0-rc.2.tar.lz4

文件 #17: v15.0.0.tar
  原始大小: 43.65 MiB
  LZ4压缩大小: 38.66 MiB
  压缩率: 1.12x
  压缩时间: 0.09 秒
  压缩吞吐量: 469.354838 MiB/s
  解压时间: 0.03 秒
  解压吞吐量: 1322.727272 MiB/s
  LZ4文件: ./compressed_datasets/react/v15.0.0.tar.lz4

文件 #18: v15.0.1.tar
  原始大小: 44.74 MiB
  LZ4压缩大小: 39.71 MiB
  压缩率: 1.12x
  压缩时间: 0.10 秒
  压缩吞吐量: 466.041666 MiB/s
  解压时间: 0.03 秒
  解压吞吐量: 1315.882352 MiB/s
  LZ4文件: ./compressed_datasets/react/v15.0.1.tar.lz4

文件 #19: v15.0.2.tar
  原始大小: 45.34 MiB
  LZ4压缩大小: 40.24 MiB
  压缩率: 1.12x
  压缩时间: 0.10 秒
  压缩吞吐量: 472.291666 MiB/s
  解压时间: 0.04 秒
  解压吞吐量: 1054.418604 MiB/s
  LZ4文件: ./compressed_datasets/react/v15.0.2.tar.lz4

文件 #20: v15.1.0.tar
  原始大小: 45.98 MiB
  LZ4压缩大小: 40.76 MiB
  压缩率: 1.12x
  压缩时间: 0.10 秒
  压缩吞吐量: 469.183673 MiB/s
  解压时间: 0.03 秒
  解压吞吐量: 1352.352941 MiB/s
  LZ4文件: ./compressed_datasets/react/v15.1.0.tar.lz4

文件 #21: v15.2.0.tar
  原始大小: 46.93 MiB
  LZ4压缩大小: 41.43 MiB
  压缩率: 1.13x
  压缩时间: 0.10 秒
  压缩吞吐量: 464.653465 MiB/s
  解压时间: 0.04 秒
  解压吞吐量: 1066.590909 MiB/s
  LZ4文件: ./compressed_datasets/react/v15.2.0.tar.lz4

文件 #22: v15.2.1.tar
  原始大小: 47.57 MiB
  LZ4压缩大小: 41.99 MiB
  压缩率: 1.13x
  压缩时间: 0.10 秒
  压缩吞吐量: 461.844660 MiB/s
  解压时间: 0.04 秒
  解压吞吐量: 1321.388888 MiB/s
  LZ4文件: ./compressed_datasets/react/v15.2.1.tar.lz4

文件 #23: v15.3.0.tar
  原始大小: 49.11 MiB
  LZ4压缩大小: 43.36 MiB
  压缩率: 1.13x
  压缩时间: 0.15 秒
  压缩吞吐量: 323.092105 MiB/s
  解压时间: 0.04 秒
  解压吞吐量: 1327.297297 MiB/s
  LZ4文件: ./compressed_datasets/react/v15.3.0.tar.lz4

文件 #24: v15.3.1.tar
  原始大小: 49.66 MiB
  LZ4压缩大小: 43.88 MiB
  压缩率: 1.13x
  压缩时间: 0.11 秒
  压缩吞吐量: 443.392857 MiB/s
  解压时间: 0.04 秒
  解压吞吐量: 1306.842105 MiB/s
  LZ4文件: ./compressed_datasets/react/v15.3.1.tar.lz4

文件 #25: v15.3.2.tar
  原始大小: 50.23 MiB
  LZ4压缩大小: 44.42 MiB
  压缩率: 1.13x
  压缩时间: 0.11 秒
  压缩吞吐量: 444.513274 MiB/s
  解压时间: 0.04 秒
  解压吞吐量: 1287.948717 MiB/s
  LZ4文件: ./compressed_datasets/react/v15.3.2.tar.lz4

文件 #26: v15.4.0-rc.3.tar
  原始大小: 51.77 MiB
  LZ4压缩大小: 45.85 MiB
  压缩率: 1.12x
  压缩时间: 0.14 秒
  压缩吞吐量: 372.446043 MiB/s
  解压时间: 0.04 秒
  解压吞吐量: 1327.435897 MiB/s
  LZ4文件: ./compressed_datasets/react/v15.4.0-rc.3.tar.lz4

文件 #27: v15.4.0.tar
  原始大小: 51.24 MiB
  LZ4压缩大小: 46.24 MiB
  压缩率: 1.10x
  压缩时间: 0.11 秒
  压缩吞吐量: 474.444444 MiB/s
  解压时间: 0.04 秒
  解压吞吐量: 1313.846153 MiB/s
  LZ4文件: ./compressed_datasets/react/v15.4.0.tar.lz4

文件 #28: v15.4.1.tar
  原始大小: 51.97 MiB
  LZ4压缩大小: 46.92 MiB
  压缩率: 1.10x
  压缩时间: 0.11 秒
  压缩吞吐量: 468.198198 MiB/s
  解压时间: 0.04 秒
  解压吞吐量: 1332.564102 MiB/s
  LZ4文件: ./compressed_datasets/react/v15.4.1.tar.lz4

文件 #29: v15.4.2.tar
  原始大小: 52.59 MiB
  LZ4压缩大小: 47.49 MiB
  压缩率: 1.10x
  压缩时间: 0.14 秒
  压缩吞吐量: 372.978723 MiB/s
  解压时间: 0.04 秒
  解压吞吐量: 1348.461538 MiB/s
  LZ4文件: ./compressed_datasets/react/v15.4.2.tar.lz4

文件 #30: v15.5.0.tar
  原始大小: 53.79 MiB
  LZ4压缩大小: 47.93 MiB
  压缩率: 1.12x
  压缩时间: 0.11 秒
  压缩吞吐量: 471.842105 MiB/s
  解压时间: 0.04 秒
  解压吞吐量: 1344.750000 MiB/s
  LZ4文件: ./compressed_datasets/react/v15.5.0.tar.lz4

文件 #31: v15.5.1.tar
  原始大小: 53.83 MiB
  LZ4压缩大小: 47.94 MiB
  压缩率: 1.12x
  压缩时间: 0.12 秒
  压缩吞吐量: 468.086956 MiB/s
  解压时间: 0.04 秒
  解压吞吐量: 1345.750000 MiB/s
  LZ4文件: ./compressed_datasets/react/v15.5.1.tar.lz4

文件 #32: v15.5.2.tar
  原始大小: 53.83 MiB
  LZ4压缩大小: 47.94 MiB
  压缩率: 1.12x
  压缩时间: 0.12 秒
  压缩吞吐量: 464.051724 MiB/s
  解压时间: 0.04 秒
  解压吞吐量: 1345.750000 MiB/s
  LZ4文件: ./compressed_datasets/react/v15.5.2.tar.lz4

文件 #33: v15.5.3.tar
  原始大小: 53.83 MiB
  LZ4压缩大小: 47.94 MiB
  压缩率: 1.12x
  压缩时间: 0.12 秒
  压缩吞吐量: 452.352941 MiB/s
  解压时间: 0.04 秒
  解压吞吐量: 1345.750000 MiB/s
  LZ4文件: ./compressed_datasets/react/v15.5.3.tar.lz4

文件 #34: v15.5.4.tar
  原始大小: 53.63 MiB
  LZ4压缩大小: 47.87 MiB
  压缩率: 1.12x
  压缩时间: 0.11 秒
  压缩吞吐量: 470.438596 MiB/s
  解压时间: 0.04 秒
  解压吞吐量: 1340.750000 MiB/s
  LZ4文件: ./compressed_datasets/react/v15.5.4.tar.lz4

文件 #35: v15.6.0.tar
  原始大小: 58.30 MiB
  LZ4压缩大小: 50.91 MiB
  压缩率: 1.14x
  压缩时间: 0.12 秒
  压缩吞吐量: 489.915966 MiB/s
  解压时间: 0.05 秒
  解压吞吐量: 1121.153846 MiB/s
  LZ4文件: ./compressed_datasets/react/v15.6.0.tar.lz4

文件 #36: v15.6.1.tar
  原始大小: 58.35 MiB
  LZ4压缩大小: 50.98 MiB
  压缩率: 1.14x
  压缩时间: 0.16 秒
  压缩吞吐量: 369.303797 MiB/s
  解压时间: 0.04 秒
  解压吞吐量: 1356.976744 MiB/s
  LZ4文件: ./compressed_datasets/react/v15.6.1.tar.lz4

文件 #37: v15.6.2.tar
  原始大小: 56.62 MiB
  LZ4压缩大小: 49.50 MiB
  压缩率: 1.14x
  压缩时间: 0.12 秒
  压缩吞吐量: 479.830508 MiB/s
  解压时间: 0.04 秒
  解压吞吐量: 1348.095238 MiB/s
  LZ4文件: ./compressed_datasets/react/v15.6.2.tar.lz4

文件 #38: v15.7.0.tar
  原始大小: 30.24 MiB
  LZ4压缩大小: 10.89 MiB
  压缩率: 2.77x
  压缩时间: 0.09 秒
  压缩吞吐量: 347.586206 MiB/s
  解压时间: 0.03 秒
  解压吞吐量: 1209.600000 MiB/s
  LZ4文件: ./compressed_datasets/react/v15.7.0.tar.lz4

文件 #39: v16.0.0-alpha.3.tar
  原始大小: 53.82 MiB
  LZ4压缩大小: 47.94 MiB
  压缩率: 1.12x
  压缩时间: 0.12 秒
  压缩吞吐量: 468.000000 MiB/s
  解压时间: 0.04 秒
  解压吞吐量: 1345.500000 MiB/s
  LZ4文件: ./compressed_datasets/react/v16.0.0-alpha.3.tar.lz4

文件 #40: v16.0.0-alpha.4.tar
  原始大小: 53.79 MiB
  LZ4压缩大小: 47.82 MiB
  压缩率: 1.12x
  压缩时间: 0.11 秒
  压缩吞吐量: 471.842105 MiB/s
  解压时间: 0.04 秒
  解压吞吐量: 1344.750000 MiB/s
  LZ4文件: ./compressed_datasets/react/v16.0.0-alpha.4.tar.lz4

文件 #41: v16.0.0-rc.1.tar
  原始大小: 58.51 MiB
  LZ4压缩大小: 49.96 MiB
  压缩率: 1.17x
  压缩时间: 0.14 秒
  压缩吞吐量: 423.985507 MiB/s
  解压时间: 0.04 秒
  解压吞吐量: 1329.772727 MiB/s
  LZ4文件: ./compressed_datasets/react/v16.0.0-rc.1.tar.lz4

文件 #42: v16.0.0-rc.2.tar
  原始大小: 58.51 MiB
  LZ4压缩大小: 49.96 MiB
  压缩率: 1.17x
  压缩时间: 0.12 秒
  压缩吞吐量: 479.590163 MiB/s
  解压时间: 0.04 秒
  解压吞吐量: 1360.697674 MiB/s
  LZ4文件: ./compressed_datasets/react/v16.0.0-rc.2.tar.lz4

文件 #43: v16.0.0.tar
  原始大小: 58.50 MiB
  LZ4压缩大小: 49.97 MiB
  压缩率: 1.17x
  压缩时间: 0.18 秒
  压缩吞吐量: 325.000000 MiB/s
  解压时间: 0.04 秒
  解压吞吐量: 1329.545454 MiB/s
  LZ4文件: ./compressed_datasets/react/v16.0.0.tar.lz4

文件 #44: v16.1.0.tar
  原始大小: 6.38 MiB
  LZ4压缩大小: 1.83 MiB
  压缩率: 3.48x
  压缩时间: 0.02 秒
  压缩吞吐量: 265.833333 MiB/s
  解压时间: 0.01 秒
  解压吞吐量: 911.428571 MiB/s
  LZ4文件: ./compressed_datasets/react/v16.1.0.tar.lz4

文件 #45: v16.1.1.tar
  原始大小: 6.39 MiB
  LZ4压缩大小: 1.83 MiB
  压缩率: 3.48x
  压缩时间: 0.02 秒
  压缩吞吐量: 355.000000 MiB/s
  解压时间: 0.01 秒
  解压吞吐量: 912.857142 MiB/s
  LZ4文件: ./compressed_datasets/react/v16.1.1.tar.lz4

文件 #46: v16.2.0.tar
  原始大小: 6.67 MiB
  LZ4压缩大小: 1.94 MiB
  压缩率: 3.43x
  压缩时间: 0.02 秒
  压缩吞吐量: 370.555555 MiB/s
  解压时间: 0.01 秒
  解压吞吐量: 952.857142 MiB/s
  LZ4文件: ./compressed_datasets/react/v16.2.0.tar.lz4

文件 #47: v16.3.0-alpha.0.tar
  原始大小: 8.60 MiB
  LZ4压缩大小: 3.77 MiB
  压缩率: 2.27x
  压缩时间: 0.02 秒
  压缩吞吐量: 373.913043 MiB/s
  解压时间: 0.01 秒
  解压吞吐量: 955.555555 MiB/s
  LZ4文件: ./compressed_datasets/react/v16.3.0-alpha.0.tar.lz4

文件 #48: v16.3.0-alpha.1.tar
  原始大小: 8.64 MiB
  LZ4压缩大小: 3.78 MiB
  压缩率: 2.28x
  压缩时间: 0.14 秒
  压缩吞吐量: 64.000000 MiB/s
  解压时间: 0.01 秒
  解压吞吐量: 960.000000 MiB/s
  LZ4文件: ./compressed_datasets/react/v16.3.0-alpha.1.tar.lz4

文件 #49: v16.3.0-alpha.2.tar
  原始大小: 8.76 MiB
  LZ4压缩大小: 3.81 MiB
  压缩率: 2.30x
  压缩时间: 0.03 秒
  压缩吞吐量: 302.068965 MiB/s
  解压时间: 0.01 秒
  解压吞吐量: 973.333333 MiB/s
  LZ4文件: ./compressed_datasets/react/v16.3.0-alpha.2.tar.lz4

文件 #50: v16.3.0-alpha.3.tar
  原始大小: 8.77 MiB
  LZ4压缩大小: 3.81 MiB
  压缩率: 2.30x
  压缩时间: 0.06 秒
  压缩吞吐量: 137.031250 MiB/s
  解压时间: 0.01 秒
  解压吞吐量: 974.444444 MiB/s
  LZ4文件: ./compressed_datasets/react/v16.3.0-alpha.3.tar.lz4

文件 #51: v16.3.0-rc.0.tar
  原始大小: 8.79 MiB
  LZ4压缩大小: 3.81 MiB
  压缩率: 2.30x
  压缩时间: 0.12 秒
  压缩吞吐量: 75.775862 MiB/s
  解压时间: 0.01 秒
  解压吞吐量: 976.666666 MiB/s
  LZ4文件: ./compressed_datasets/react/v16.3.0-rc.0.tar.lz4

文件 #52: v16.3.0.tar
  原始大小: 8.81 MiB
  LZ4压缩大小: 3.82 MiB
  压缩率: 2.30x
  压缩时间: 0.02 秒
  压缩吞吐量: 383.043478 MiB/s
  解压时间: 0.01 秒
  解压吞吐量: 881.000000 MiB/s
  LZ4文件: ./compressed_datasets/react/v16.3.0.tar.lz4

文件 #53: v16.3.1.tar
  原始大小: 8.83 MiB
  LZ4压缩大小: 3.83 MiB
  压缩率: 2.30x
  压缩时间: 0.07 秒
  压缩吞吐量: 119.324324 MiB/s
  解压时间: 0.01 秒
  解压吞吐量: 981.111111 MiB/s
  LZ4文件: ./compressed_datasets/react/v16.3.1.tar.lz4

文件 #54: v16.3.2.tar
  原始大小: 8.82 MiB
  LZ4压缩大小: 3.83 MiB
  压缩率: 2.30x
  压缩时间: 0.02 秒
  压缩吞吐量: 383.478260 MiB/s
  解压时间: 0.01 秒
  解压吞吐量: 980.000000 MiB/s
  LZ4文件: ./compressed_datasets/react/v16.3.2.tar.lz4

文件 #55: v16.4.0-alpha.5a25959.tar
  原始大小: 8.75 MiB
  LZ4压缩大小: 3.81 MiB
  压缩率: 2.29x
  压缩时间: 0.07 秒
  压缩吞吐量: 132.575757 MiB/s
  解压时间: 0.01 秒
  解压吞吐量: 972.222222 MiB/s
  LZ4文件: ./compressed_datasets/react/v16.4.0-alpha.5a25959.tar.lz4

文件 #56: v16.4.0-alpha.16.4.0-alpha.7926752.tar
  原始大小: 9.07 MiB
  LZ4压缩大小: 3.97 MiB
  压缩率: 2.28x
  压缩时间: 0.02 秒
  压缩吞吐量: 377.916666 MiB/s
  解压时间: 0.01 秒
  解压吞吐量: 1007.777777 MiB/s
  LZ4文件: ./compressed_datasets/react/v16.4.0-alpha.16.4.0-alpha.7926752.tar.lz4

文件 #57: v16.4.0-alpha.94a255d.tar
  原始大小: 8.76 MiB
  LZ4压缩大小: 3.81 MiB
  压缩率: 2.29x
  压缩时间: 0.08 秒
  压缩吞吐量: 106.829268 MiB/s
  解压时间: 0.01 秒
  解压吞吐量: 973.333333 MiB/s
  LZ4文件: ./compressed_datasets/react/v16.4.0-alpha.94a255d.tar.lz4

文件 #58: v16.4.0.tar
  原始大小: 9.08 MiB
  LZ4压缩大小: 3.90 MiB
  压缩率: 2.32x
  压缩时间: 0.12 秒
  压缩吞吐量: 75.041322 MiB/s
  解压时间: 0.01 秒
  解压吞吐量: 1008.888888 MiB/s
  LZ4文件: ./compressed_datasets/react/v16.4.0.tar.lz4

文件 #59: v16.4.1.tar
  原始大小: 9.14 MiB
  LZ4压缩大小: 3.91 MiB
  压缩率: 2.33x
  压缩时间: 0.03 秒
  压缩吞吐量: 365.600000 MiB/s
  解压时间: 0.01 秒
  解压吞吐量: 1015.555555 MiB/s
  LZ4文件: ./compressed_datasets/react/v16.4.1.tar.lz4

文件 #60: v16.4.2.tar
  原始大小: 9.15 MiB
  LZ4压缩大小: 3.91 MiB
  压缩率: 2.33x
  压缩时间: 0.03 秒
  压缩吞吐量: 295.161290 MiB/s
  解压时间: 0.01 秒
  解压吞吐量: 1016.666666 MiB/s
  LZ4文件: ./compressed_datasets/react/v16.4.2.tar.lz4

文件 #61: v16.5.0.tar
  原始大小: 10.30 MiB
  LZ4压缩大小: 4.42 MiB
  压缩率: 2.32x
  压缩时间: 0.07 秒
  压缩吞吐量: 151.470588 MiB/s
  解压时间: 0.01 秒
  解压吞吐量: 1030.000000 MiB/s
  LZ4文件: ./compressed_datasets/react/v16.5.0.tar.lz4

文件 #62: v16.5.1.tar
  原始大小: 10.35 MiB
  LZ4压缩大小: 4.45 MiB
  压缩率: 2.32x
  压缩时间: 0.07 秒
  压缩吞吐量: 145.774647 MiB/s
  解压时间: 0.01 秒
  解压吞吐量: 1035.000000 MiB/s
  LZ4文件: ./compressed_datasets/react/v16.5.1.tar.lz4

文件 #63: v16.5.2.tar
  原始大小: 10.36 MiB
  LZ4压缩大小: 4.43 MiB
  压缩率: 2.33x
  压缩时间: 0.16 秒
  压缩吞吐量: 63.558282 MiB/s
  解压时间: 0.01 秒
  解压吞吐量: 1036.000000 MiB/s
  LZ4文件: ./compressed_datasets/react/v16.5.2.tar.lz4

文件 #64: v16.6.0-alpha.0.tar
  原始大小: 10.36 MiB
  LZ4压缩大小: 4.43 MiB
  压缩率: 2.33x
  压缩时间: 0.07 秒
  压缩吞吐量: 156.969696 MiB/s
  解压时间: 0.01 秒
  解压吞吐量: 1036.000000 MiB/s
  LZ4文件: ./compressed_datasets/react/v16.6.0-alpha.0.tar.lz4

文件 #65: v16.6.0-alpha.8af6728.tar
  原始大小: 10.53 MiB
  LZ4压缩大小: 4.47 MiB
  压缩率: 2.35x
  压缩时间: 0.08 秒
  压缩吞吐量: 125.357142 MiB/s
  解压时间: 0.01 秒
  解压吞吐量: 1053.000000 MiB/s
  LZ4文件: ./compressed_datasets/react/v16.6.0-alpha.8af6728.tar.lz4

文件 #66: v16.6.0-alpha.400d197.tar
  原始大小: 10.65 MiB
  LZ4压缩大小: 4.50 MiB
  压缩率: 2.36x
  压缩时间: 0.03 秒
  压缩吞吐量: 394.444444 MiB/s
  解压时间: 0.01 秒
  解压吞吐量: 1065.000000 MiB/s
  LZ4文件: ./compressed_datasets/react/v16.6.0-alpha.400d197.tar.lz4

文件 #67: v16.6.0.tar
  原始大小: 10.64 MiB
  LZ4压缩大小: 4.49 MiB
  压缩率: 2.36x
  压缩时间: 0.03 秒
  压缩吞吐量: 394.074074 MiB/s
  解压时间: 0.01 秒
  解压吞吐量: 1064.000000 MiB/s
  LZ4文件: ./compressed_datasets/react/v16.6.0.tar.lz4

文件 #68: v16.6.1.tar
  原始大小: 10.88 MiB
  LZ4压缩大小: 4.56 MiB
  压缩率: 2.38x
  压缩时间: 0.03 秒
  压缩吞吐量: 320.000000 MiB/s
  解压时间: 0.01 秒
  解压吞吐量: 1088.000000 MiB/s
  LZ4文件: ./compressed_datasets/react/v16.6.1.tar.lz4

文件 #69: v16.6.3.tar
  原始大小: 10.92 MiB
  LZ4压缩大小: 4.58 MiB
  压缩率: 2.38x
  压缩时间: 0.22 秒
  压缩吞吐量: 48.750000 MiB/s
  解压时间: 0.01 秒
  解压吞吐量: 1092.000000 MiB/s
  LZ4文件: ./compressed_datasets/react/v16.6.3.tar.lz4

文件 #70: v16.7.0-alpha.1.tar
  原始大小: 10.94 MiB
  LZ4压缩大小: 4.58 MiB
  压缩率: 2.38x
  压缩时间: 0.03 秒
  压缩吞吐量: 390.714285 MiB/s
  解压时间: 0.01 秒
  解压吞吐量: 1094.000000 MiB/s
  LZ4文件: ./compressed_datasets/react/v16.7.0-alpha.1.tar.lz4

文件 #71: v16.7.0.tar
  原始大小: 11.21 MiB
  LZ4压缩大小: 4.65 MiB
  压缩率: 2.40x
  压缩时间: 0.04 秒
  压缩吞吐量: 320.285714 MiB/s
  解压时间: 0.01 秒
  解压吞吐量: 1019.090909 MiB/s
  LZ4文件: ./compressed_datasets/react/v16.7.0.tar.lz4

文件 #72: v16.8.0-alpha.1.tar
  原始大小: 11.23 MiB
  LZ4压缩大小: 4.66 MiB
  压缩率: 2.40x
  压缩时间: 0.04 秒
  压缩吞吐量: 295.526315 MiB/s
  解压时间: 0.01 秒
  解压吞吐量: 1020.909090 MiB/s
  LZ4文件: ./compressed_datasets/react/v16.8.0-alpha.1.tar.lz4

文件 #73: v16.8.0.tar
  原始大小: 11.40 MiB
  LZ4压缩大小: 4.71 MiB
  压缩率: 2.41x
  压缩时间: 0.06 秒
  压缩吞吐量: 200.000000 MiB/s
  解压时间: 0.01 秒
  解压吞吐量: 1036.363636 MiB/s
  LZ4文件: ./compressed_datasets/react/v16.8.0.tar.lz4

文件 #74: v16.8.1.tar
  原始大小: 11.40 MiB
  LZ4压缩大小: 4.71 MiB
  压缩率: 2.41x
  压缩时间: 0.04 秒
  压缩吞吐量: 285.000000 MiB/s
  解压时间: 0.01 秒
  解压吞吐量: 1036.363636 MiB/s
  LZ4文件: ./compressed_datasets/react/v16.8.1.tar.lz4

文件 #75: v16.8.2.tar
  原始大小: 11.46 MiB
  LZ4压缩大小: 4.73 MiB
  压缩率: 2.42x
  压缩时间: 0.03 秒
  压缩吞吐量: 395.172413 MiB/s
  解压时间: 0.01 秒
  解压吞吐量: 1041.818181 MiB/s
  LZ4文件: ./compressed_datasets/react/v16.8.2.tar.lz4

文件 #76: v16.8.3.tar
  原始大小: 11.47 MiB
  LZ4压缩大小: 4.73 MiB
  压缩率: 2.42x
  压缩时间: 0.03 秒
  压缩吞吐量: 395.517241 MiB/s
  解压时间: 0.01 秒
  解压吞吐量: 1042.727272 MiB/s
  LZ4文件: ./compressed_datasets/react/v16.8.3.tar.lz4

文件 #77: v16.8.4.tar
  原始大小: 11.48 MiB
  LZ4压缩大小: 4.73 MiB
  压缩率: 2.42x
  压缩时间: 0.07 秒
  压缩吞吐量: 159.444444 MiB/s
  解压时间: 0.01 秒
  解压吞吐量: 1043.636363 MiB/s
  LZ4文件: ./compressed_datasets/react/v16.8.4.tar.lz4

文件 #78: v16.8.5.tar
  原始大小: 11.55 MiB
  LZ4压缩大小: 4.74 MiB
  压缩率: 2.43x
  压缩时间: 0.04 秒
  压缩吞吐量: 330.000000 MiB/s
  解压时间: 0.01 秒
  解压吞吐量: 888.461538 MiB/s
  LZ4文件: ./compressed_datasets/react/v16.8.5.tar.lz4

文件 #79: v16.8.6.tar
  原始大小: 11.56 MiB
  LZ4压缩大小: 4.75 MiB
  压缩率: 2.43x
  压缩时间: 0.06 秒
  压缩吞吐量: 189.508196 MiB/s
  解压时间: 0.01 秒
  解压吞吐量: 1050.909090 MiB/s
  LZ4文件: ./compressed_datasets/react/v16.8.6.tar.lz4

文件 #80: v16.9.0-alpha.0.tar
  原始大小: 11.67 MiB
  LZ4压缩大小: 4.57 MiB
  压缩率: 2.55x
  压缩时间: 0.03 秒
  压缩吞吐量: 389.000000 MiB/s
  解压时间: 0.01 秒
  解压吞吐量: 1060.909090 MiB/s
  LZ4文件: ./compressed_datasets/react/v16.9.0-alpha.0.tar.lz4

文件 #81: v16.9.0-rc.0.tar
  原始大小: 12.42 MiB
  LZ4压缩大小: 4.76 MiB
  压缩率: 2.60x
  压缩时间: 0.06 秒
  压缩吞吐量: 194.062500 MiB/s
  解压时间: 0.01 秒
  解压吞吐量: 887.142857 MiB/s
  LZ4文件: ./compressed_datasets/react/v16.9.0-rc.0.tar.lz4

文件 #82: v16.9.0.tar
  原始大小: 12.42 MiB
  LZ4压缩大小: 4.76 MiB
  压缩率: 2.60x
  压缩时间: 0.04 秒
  压缩吞吐量: 310.500000 MiB/s
  解压时间: 0.01 秒
  解压吞吐量: 1035.000000 MiB/s
  LZ4文件: ./compressed_datasets/react/v16.9.0.tar.lz4

文件 #83: v16.10.0.tar
  原始大小: 15.22 MiB
  LZ4压缩大小: 5.61 MiB
  压缩率: 2.71x
  压缩时间: 0.04 秒
  压缩吞吐量: 390.256410 MiB/s
  解压时间: 0.01 秒
  解压吞吐量: 1087.142857 MiB/s
  LZ4文件: ./compressed_datasets/react/v16.10.0.tar.lz4

文件 #84: v16.10.1.tar
  原始大小: 15.22 MiB
  LZ4压缩大小: 5.61 MiB
  压缩率: 2.71x
  压缩时间: 0.04 秒
  压缩吞吐量: 390.256410 MiB/s
  解压时间: 0.01 秒
  解压吞吐量: 1087.142857 MiB/s
  LZ4文件: ./compressed_datasets/react/v16.10.1.tar.lz4

文件 #85: v16.10.2.tar
  原始大小: 15.22 MiB
  LZ4压缩大小: 5.61 MiB
  压缩率: 2.71x
  压缩时间: 0.04 秒
  压缩吞吐量: 380.500000 MiB/s
  解压时间: 0.01 秒
  解压吞吐量: 1014.666666 MiB/s
  LZ4文件: ./compressed_datasets/react/v16.10.2.tar.lz4

文件 #86: v16.11.0.tar
  原始大小: 15.30 MiB
  LZ4压缩大小: 5.63 MiB
  压缩率: 2.71x
  压缩时间: 0.05 秒
  压缩吞吐量: 340.000000 MiB/s
  解压时间: 0.01 秒
  解压吞吐量: 1092.857142 MiB/s
  LZ4文件: ./compressed_datasets/react/v16.11.0.tar.lz4

文件 #87: v16.12.0.tar
  原始大小: 15.74 MiB
  LZ4压缩大小: 5.79 MiB
  压缩率: 2.71x
  压缩时间: 0.04 秒
  压缩吞吐量: 393.500000 MiB/s
  解压时间: 0.01 秒
  解压吞吐量: 1124.285714 MiB/s
  LZ4文件: ./compressed_datasets/react/v16.12.0.tar.lz4

文件 #88: v16.13.0.tar
  原始大小: 15.95 MiB
  LZ4压缩大小: 5.85 MiB
  压缩率: 2.72x
  压缩时间: 0.04 秒
  压缩吞吐量: 389.024390 MiB/s
  解压时间: 0.01 秒
  解压吞吐量: 1139.285714 MiB/s
  LZ4文件: ./compressed_datasets/react/v16.13.0.tar.lz4

文件 #89: v16.13.1.tar
  原始大小: 15.94 MiB
  LZ4压缩大小: 5.84 MiB
  压缩率: 2.72x
  压缩时间: 0.08 秒
  压缩吞吐量: 192.048192 MiB/s
  解压时间: 0.01 秒
  解压吞吐量: 1138.571428 MiB/s
  LZ4文件: ./compressed_datasets/react/v16.13.1.tar.lz4

文件 #90: v16.14.0.tar
  原始大小: 30.24 MiB
  LZ4压缩大小: 10.87 MiB
  压缩率: 2.78x
  压缩时间: 0.09 秒
  压缩吞吐量: 351.627906 MiB/s
  解压时间: 0.03 秒
  解压吞吐量: 1209.600000 MiB/s
  LZ4文件: ./compressed_datasets/react/v16.14.0.tar.lz4

文件 #91: v17.0.0.tar
  原始大小: 18.55 MiB
  LZ4压缩大小: 6.65 MiB
  压缩率: 2.78x
  压缩时间: 0.05 秒
  压缩吞吐量: 371.000000 MiB/s
  解压时间: 0.02 秒
  解压吞吐量: 1091.176470 MiB/s
  LZ4文件: ./compressed_datasets/react/v17.0.0.tar.lz4

文件 #92: v17.0.1.tar
  原始大小: 18.55 MiB
  LZ4压缩大小: 6.65 MiB
  压缩率: 2.78x
  压缩时间: 0.06 秒
  压缩吞吐量: 319.827586 MiB/s
  解压时间: 0.02 秒
  解压吞吐量: 1159.375000 MiB/s
  LZ4文件: ./compressed_datasets/react/v17.0.1.tar.lz4

文件 #93: v17.0.2.tar
  原始大小: 18.55 MiB
  LZ4压缩大小: 6.65 MiB
  压缩率: 2.78x
  压缩时间: 0.09 秒
  压缩吞吐量: 203.846153 MiB/s
  解压时间: 0.02 秒
  解压吞吐量: 1091.176470 MiB/s
  LZ4文件: ./compressed_datasets/react/v17.0.2.tar.lz4

文件 #94: v18.0.0.tar
  原始大小: 23.32 MiB
  LZ4压缩大小: 8.03 MiB
  压缩率: 2.90x
  压缩时间: 0.06 秒
  压缩吞吐量: 370.158730 MiB/s
  解压时间: 0.02 秒
  解压吞吐量: 1166.000000 MiB/s
  LZ4文件: ./compressed_datasets/react/v18.0.0.tar.lz4

文件 #95: v18.1.0.tar
  原始大小: 23.52 MiB
  LZ4压缩大小: 8.18 MiB
  压缩率: 2.87x
  压缩时间: 0.08 秒
  压缩吞吐量: 305.454545 MiB/s
  解压时间: 0.02 秒
  解压吞吐量: 1176.000000 MiB/s
  LZ4文件: ./compressed_datasets/react/v18.1.0.tar.lz4

文件 #96: v18.2.0.tar
  原始大小: 23.69 MiB
  LZ4压缩大小: 8.22 MiB
  压缩率: 2.88x
  压缩时间: 0.06 秒
  压缩吞吐量: 370.156250 MiB/s
  解压时间: 0.02 秒
  解压吞吐量: 1128.095238 MiB/s
  LZ4文件: ./compressed_datasets/react/v18.2.0.tar.lz4

文件 #97: v18.3.0.tar
  原始大小: 23.72 MiB
  LZ4压缩大小: 8.23 MiB
  压缩率: 2.88x
  压缩时间: 0.06 秒
  压缩吞吐量: 370.625000 MiB/s
  解压时间: 0.02 秒
  解压吞吐量: 1186.000000 MiB/s
  LZ4文件: ./compressed_datasets/react/v18.3.0.tar.lz4

文件 #98: v18.3.1.tar
  原始大小: 23.72 MiB
  LZ4压缩大小: 8.23 MiB
  压缩率: 2.88x
  压缩时间: 0.08 秒
  压缩吞吐量: 308.051948 MiB/s
  解压时间: 0.02 秒
  解压吞吐量: 1186.000000 MiB/s
  LZ4文件: ./compressed_datasets/react/v18.3.1.tar.lz4

文件 #99: v19.0.0.tar
  原始大小: 39.46 MiB
  LZ4压缩大小: 11.36 MiB
  压缩率: 3.47x
  压缩时间: 0.10 秒
  压缩吞吐量: 394.600000 MiB/s
  解压时间: 0.03 秒
  解压吞吐量: 1233.125000 MiB/s
  LZ4文件: ./compressed_datasets/react/v19.0.0.tar.lz4

文件 #100: v19.1.0.tar
  原始大小: 35.35 MiB
  LZ4压缩大小: 11.45 MiB
  压缩率: 3.08x
  压缩时间: 0.09 秒
  压缩吞吐量: 376.063829 MiB/s
  解压时间: 0.03 秒
  解压吞吐量: 1262.500000 MiB/s
  LZ4文件: ./compressed_datasets/react/v19.1.0.tar.lz4

=== react LZ4总体统计 ===
实际处理文件数量: 100
预期文件数量: 100
总原始大小: 2773.88 MiB
总LZ4压缩大小: 2048.72 MiB
总体压缩率: 1.35x
总压缩时间: 8.09 秒
总解压时间: 2.27 秒
压缩总体吞吐量: 342.92 MiB/s
解压总体吞吐量: 1220.89 MiB/s
LZ4文件保存目录: ./compressed_datasets/react/
完成时间: 2025年 08月 17日 星期日 17:16:08 CST
