=== linux LZ4压缩报告 ===
开始时间: 2025年 08月 17日 星期日 17:27:30 CST
源路径: /mnt/dataset2/linux
预期文件数量: 270
压缩算法: LZ4

文件处理顺序:
  1. v2.6.11.tar
  2. v2.6.12-rc2.tar
  3. v2.6.12-rc3.tar
  4. v2.6.12-rc4.tar
  5. v2.6.12-rc5.tar
  6. v2.6.12-rc6.tar
  7. v2.6.12.tar
  8. v2.6.13-rc1.tar
  9. v2.6.13-rc2.tar
  10. v2.6.13-rc3.tar
  11. v2.6.13-rc4.tar
  12. v2.6.13-rc5.tar
  13. v2.6.13-rc6.tar
  14. v2.6.13-rc7.tar
  15. v2.6.13.tar
  16. v2.6.14-rc1.tar
  17. v2.6.14-rc2.tar
  18. v2.6.14-rc3.tar
  19. v2.6.14-rc4.tar
  20. v2.6.14-rc5.tar
  21. v2.6.14.tar
  22. v2.6.15-rc1.tar
  23. v2.6.15-rc2.tar
  24. v2.6.15-rc3.tar
  25. v2.6.15-rc4.tar
  26. v2.6.15-rc5.tar
  27. v2.6.15-rc6.tar
  28. v2.6.15-rc7.tar
  29. v2.6.15.tar
  30. v2.6.16-rc1.tar
  31. v2.6.16-rc2.tar
  32. v2.6.16-rc3.tar
  33. v2.6.16-rc4.tar
  34. v2.6.16-rc5.tar
  35. v2.6.16-rc6.tar
  36. v2.6.16.tar
  37. v2.6.17-rc1.tar
  38. v2.6.17-rc2.tar
  39. v2.6.17-rc3.tar
  40. v2.6.17-rc4.tar
  41. v2.6.17-rc5.tar
  42. v2.6.17-rc6.tar
  43. v2.6.17.tar
  44. v2.6.18-rc1.tar
  45. v2.6.18-rc2.tar
  46. v2.6.18-rc3.tar
  47. v2.6.18-rc4.tar
  48. v2.6.18-rc5.tar
  49. v2.6.18-rc6.tar
  50. v2.6.18-rc7.tar
  51. v2.6.18.tar
  52. v2.6.19-rc1.tar
  53. v2.6.19-rc2.tar
  54. v2.6.19-rc3.tar
  55. v2.6.19-rc4.tar
  56. v2.6.19-rc5.tar
  57. v2.6.19-rc6.tar
  58. v2.6.19.tar
  59. v2.6.20-rc1.tar
  60. v2.6.20-rc2.tar
  61. v2.6.20-rc3.tar
  62. v2.6.20-rc4.tar
  63. v2.6.20-rc5.tar
  64. v2.6.20-rc6.tar
  65. v2.6.20-rc7.tar
  66. v2.6.20.tar
  67. v2.6.21-rc1.tar
  68. v2.6.21-rc2.tar
  69. v2.6.21-rc3.tar
  70. v2.6.21-rc4.tar
  71. v2.6.21-rc5.tar
  72. v2.6.21-rc6.tar
  73. v2.6.21-rc7.tar
  74. v2.6.21.tar
  75. v2.6.22.tar
  76. v2.6.23.tar
  77. v2.6.24.tar
  78. v2.6.25.tar
  79. v2.6.26.tar
  80. v2.6.27.tar
  81. v2.6.28.tar
  82. v2.6.29.tar
  83. v2.6.30.tar
  84. v2.6.31.tar
  85. v2.6.32.tar
  86. v2.6.33.tar
  87. v2.6.34.tar
  88. v2.6.35.tar
  89. v2.6.36.tar
  90. v2.6.37.tar
  91. v2.6.38.tar
  92. v2.6.39.tar
  93. v3.0.tar
  94. v3.1.tar
  95. v3.2.tar
  96. v3.3.tar
  97. v3.4.tar
  98. v3.5.tar
  99. v3.6.tar
  100. v3.7.tar
  101. v3.8.tar
  102. v3.9.tar
  103. v3.10.tar
  104. v3.11.tar
  105. v3.12.tar
  106. v3.13.tar
  107. v3.14.tar
  108. v3.15.tar
  109. v3.16.tar
  110. v3.17.tar
  111. v3.18.tar
  112. v3.19.tar
  113. v4.0.tar
  114. v4.1.tar
  115. v4.2.tar
  116. v4.3.tar
  117. v4.4.tar
  118. v4.5.tar
  119. v4.6.tar
  120. v4.7.tar
  121. v4.8.tar
  122. v4.9.tar
  123. v4.10.tar
  124. v4.11.tar
  125. v4.12.tar
  126. v4.13.tar
  127. v4.14.tar
  128. v4.15.tar
  129. v4.16.tar
  130. v4.17.tar
  131. v4.18.tar
  132. v4.19.tar
  133. v4.20.tar
  134. v5.0.tar
  135. v5.1.tar
  136. v5.2.tar
  137. v5.3.tar
  138. v5.4.tar
  139. v5.5.tar
  140. v5.6.tar
  141. v5.7.tar
  142. v5.8.tar
  143. v5.9.tar
  144. v5.10-rc1.tar
  145. v5.10-rc2.tar
  146. v5.10-rc3.tar
  147. v5.10-rc4.tar
  148. v5.10-rc5.tar
  149. v5.10-rc6.tar
  150. v5.10-rc7.tar
  151. v5.10.tar
  152. v5.11-rc1.tar
  153. v5.11-rc2.tar
  154. v5.11-rc3.tar
  155. v5.11-rc4.tar
  156. v5.11-rc5.tar
  157. v5.11-rc6.tar
  158. v5.11-rc7.tar
  159. v5.11.tar
  160. v5.12-rc1-dontuse.tar
  161. v5.12-rc2.tar
  162. v5.12-rc3.tar
  163. v5.12-rc4.tar
  164. v5.12-rc5.tar
  165. v5.12-rc6.tar
  166. v5.12-rc7.tar
  167. v5.12-rc8.tar
  168. v5.12.tar
  169. v5.13-rc1.tar
  170. v5.13-rc2.tar
  171. v5.13-rc3.tar
  172. v5.13-rc4.tar
  173. v5.13-rc5.tar
  174. v5.13-rc6.tar
  175. v5.13-rc7.tar
  176. v5.13.tar
  177. v5.14-rc1.tar
  178. v5.14-rc2.tar
  179. v5.14-rc3.tar
  180. v5.14-rc4.tar
  181. v5.14-rc5.tar
  182. v5.14-rc6.tar
  183. v5.14-rc7.tar
  184. v5.14.tar
  185. v5.15-rc1.tar
  186. v5.15-rc2.tar
  187. v5.15-rc3.tar
  188. v5.15-rc4.tar
  189. v5.15-rc5.tar
  190. v5.15-rc6.tar
  191. v5.15-rc7.tar
  192. v5.15.tar
  193. v5.16-rc1.tar
  194. v5.16-rc2.tar
  195. v5.16-rc3.tar
  196. v5.16-rc4.tar
  197. v5.16-rc5.tar
  198. v5.16-rc6.tar
  199. v5.16-rc7.tar
  200. v5.16-rc8.tar
  201. v5.16.tar
  202. v5.17-rc1.tar
  203. v5.17-rc2.tar
  204. v5.17-rc3.tar
  205. v5.17-rc4.tar
  206. v5.17-rc5.tar
  207. v5.17-rc6.tar
  208. v5.17-rc7.tar
  209. v5.17-rc8.tar
  210. v5.17.tar
  211. v5.18-rc1.tar
  212. v5.18-rc2.tar
  213. v5.18-rc3.tar
  214. v5.18-rc4.tar
  215. v5.18-rc5.tar
  216. v5.18-rc6.tar
  217. v5.18-rc7.tar
  218. v5.18.tar
  219. v5.19-rc1.tar
  220. v5.19-rc2.tar
  221. v5.19-rc3.tar
  222. v5.19-rc4.tar
  223. v5.19-rc5.tar
  224. v5.19-rc6.tar
  225. v5.19-rc7.tar
  226. v5.19-rc8.tar
  227. v5.19.tar
  228. v6.0-rc1.tar
  229. v6.0-rc2.tar
  230. v6.0-rc3.tar
  231. v6.0-rc4.tar
  232. v6.0-rc5.tar
  233. v6.0-rc6.tar
  234. v6.0-rc7.tar
  235. v6.0.tar
  236. v6.1-rc1.tar
  237. v6.1-rc2.tar
  238. v6.1-rc3.tar
  239. v6.1-rc4.tar
  240. v6.1-rc5.tar
  241. v6.1-rc6.tar
  242. v6.1-rc7.tar
  243. v6.1-rc8.tar
  244. v6.1.tar
  245. v6.2-rc1.tar
  246. v6.2-rc2.tar
  247. v6.2-rc3.tar
  248. v6.2-rc4.tar
  249. v6.2-rc5.tar
  250. v6.2-rc6.tar
  251. v6.2-rc7.tar
  252. v6.2-rc8.tar
  253. v6.2.tar
  254. v6.3-rc1.tar
  255. v6.3-rc2.tar
  256. v6.3-rc3.tar
  257. v6.3-rc4.tar
  258. v6.3-rc5.tar
  259. v6.3-rc6.tar
  260. v6.3-rc7.tar
  261. v6.3.tar
  262. v6.4-rc1.tar
  263. v6.4-rc2.tar
  264. v6.4-rc3.tar
  265. v6.4-rc4.tar
  266. v6.4-rc5.tar
  267. v6.4-rc6.tar
  268. v6.4-rc7.tar
  269. v6.4.tar
  270. v6.5-rc1.tar

文件 #1: v2.6.11.tar
  原始大小: 198.60 MiB
  LZ4压缩大小: 71.61 MiB
  压缩率: 2.77x
  压缩时间: 0.62 秒
  压缩吞吐量: 320.322580 MiB/s
  解压时间: 0.16 秒
  解压吞吐量: 1233.540372 MiB/s
  LZ4文件: ./compressed_datasets/linux/v2.6.11.tar.lz4

文件 #2: v2.6.12-rc2.tar
  原始大小: 201.11 MiB
  LZ4压缩大小: 71.33 MiB
  压缩率: 2.81x
  压缩时间: 0.62 秒
  压缩吞吐量: 324.894991 MiB/s
  解压时间: 0.16 秒
  解压吞吐量: 1256.937500 MiB/s
  LZ4文件: ./compressed_datasets/linux/v2.6.12-rc2.tar.lz4

文件 #3: v2.6.12-rc3.tar
  原始大小: 201.72 MiB
  LZ4压缩大小: 71.55 MiB
  压缩率: 2.81x
  压缩时间: 0.61 秒
  压缩吞吐量: 328.534201 MiB/s
  解压时间: 0.16 秒
  解压吞吐量: 1252.919254 MiB/s
  LZ4文件: ./compressed_datasets/linux/v2.6.12-rc3.tar.lz4

文件 #4: v2.6.12-rc4.tar
  原始大小: 202.15 MiB
  LZ4压缩大小: 71.73 MiB
  压缩率: 2.81x
  压缩时间: 0.63 秒
  压缩吞吐量: 318.346456 MiB/s
  解压时间: 0.16 秒
  解压吞吐量: 1263.437500 MiB/s
  LZ4文件: ./compressed_datasets/linux/v2.6.12-rc4.tar.lz4

文件 #5: v2.6.12-rc5.tar
  原始大小: 202.28 MiB
  LZ4压缩大小: 71.78 MiB
  压缩率: 2.81x
  压缩时间: 0.62 秒
  压缩吞吐量: 328.376623 MiB/s
  解压时间: 0.16 秒
  解压吞吐量: 1256.397515 MiB/s
  LZ4文件: ./compressed_datasets/linux/v2.6.12-rc5.tar.lz4

文件 #6: v2.6.12-rc6.tar
  原始大小: 202.85 MiB
  LZ4压缩大小: 71.97 MiB
  压缩率: 2.81x
  压缩时间: 0.67 秒
  压缩吞吐量: 305.037593 MiB/s
  解压时间: 0.16 秒
  解压吞吐量: 1275.786163 MiB/s
  LZ4文件: ./compressed_datasets/linux/v2.6.12-rc6.tar.lz4

文件 #7: v2.6.12.tar
  原始大小: 202.87 MiB
  LZ4压缩大小: 73.14 MiB
  压缩率: 2.77x
  压缩时间: 0.64 秒
  压缩吞吐量: 318.977987 MiB/s
  解压时间: 0.16 秒
  解压吞吐量: 1267.937500 MiB/s
  LZ4文件: ./compressed_datasets/linux/v2.6.12.tar.lz4

文件 #8: v2.6.13-rc1.tar
  原始大小: 205.94 MiB
  LZ4压缩大小: 73.12 MiB
  压缩率: 2.81x
  压缩时间: 0.63 秒
  压缩吞吐量: 328.977635 MiB/s
  解压时间: 0.16 秒
  解压吞吐量: 1279.130434 MiB/s
  LZ4文件: ./compressed_datasets/linux/v2.6.13-rc1.tar.lz4

文件 #9: v2.6.13-rc2.tar
  原始大小: 205.86 MiB
  LZ4压缩大小: 73.08 MiB
  压缩率: 2.81x
  压缩时间: 0.63 秒
  压缩吞吐量: 325.213270 MiB/s
  解压时间: 0.16 秒
  解压吞吐量: 1262.944785 MiB/s
  LZ4文件: ./compressed_datasets/linux/v2.6.13-rc2.tar.lz4

文件 #10: v2.6.13-rc3.tar
  原始大小: 206.53 MiB
  LZ4压缩大小: 73.28 MiB
  压缩率: 2.81x
  压缩时间: 0.64 秒
  压缩吞吐量: 321.197511 MiB/s
  解压时间: 0.16 秒
  解压吞吐量: 1267.055214 MiB/s
  LZ4文件: ./compressed_datasets/linux/v2.6.13-rc3.tar.lz4

文件 #11: v2.6.13-rc4.tar
  原始大小: 209.09 MiB
  LZ4压缩大小: 73.93 MiB
  压缩率: 2.82x
  压缩时间: 0.68 秒
  压缩吞吐量: 307.938144 MiB/s
  解压时间: 0.17 秒
  解压吞吐量: 1267.212121 MiB/s
  LZ4文件: ./compressed_datasets/linux/v2.6.13-rc4.tar.lz4

文件 #12: v2.6.13-rc5.tar
  原始大小: 209.19 MiB
  LZ4压缩大小: 73.97 MiB
  压缩率: 2.82x
  压缩时间: 0.64 秒
  压缩吞吐量: 327.884012 MiB/s
  解压时间: 0.17 秒
  解压吞吐量: 1260.180722 MiB/s
  LZ4文件: ./compressed_datasets/linux/v2.6.13-rc5.tar.lz4

文件 #13: v2.6.13-rc6.tar
  原始大小: 209.23 MiB
  LZ4压缩大小: 73.99 MiB
  压缩率: 2.82x
  压缩时间: 0.71 秒
  压缩吞吐量: 295.940594 MiB/s
  解压时间: 0.17 秒
  解压吞吐量: 1268.060606 MiB/s
  LZ4文件: ./compressed_datasets/linux/v2.6.13-rc6.tar.lz4

文件 #14: v2.6.13-rc7.tar
  原始大小: 209.26 MiB
  LZ4压缩大小: 74.00 MiB
  压缩率: 2.82x
  压缩时间: 0.67 秒
  压缩吞吐量: 310.936106 MiB/s
  解压时间: 0.17 秒
  解压吞吐量: 1260.602409 MiB/s
  LZ4文件: ./compressed_datasets/linux/v2.6.13-rc7.tar.lz4

文件 #15: v2.6.13.tar
  原始大小: 209.26 MiB
  LZ4压缩大小: 75.16 MiB
  压缩率: 2.78x
  压缩时间: 0.68 秒
  压缩吞吐量: 310.014814 MiB/s
  解压时间: 0.17 秒
  解压吞吐量: 1260.602409 MiB/s
  LZ4文件: ./compressed_datasets/linux/v2.6.13.tar.lz4

文件 #16: v2.6.14-rc1.tar
  原始大小: 212.76 MiB
  LZ4压缩大小: 75.30 MiB
  压缩率: 2.82x
  压缩时间: 0.71 秒
  压缩吞吐量: 298.820224 MiB/s
  解压时间: 0.17 秒
  解压吞吐量: 1251.529411 MiB/s
  LZ4文件: ./compressed_datasets/linux/v2.6.14-rc1.tar.lz4

文件 #17: v2.6.14-rc2.tar
  原始大小: 212.98 MiB
  LZ4压缩大小: 75.38 MiB
  压缩率: 2.82x
  压缩时间: 0.69 秒
  压缩吞吐量: 310.919708 MiB/s
  解压时间: 0.19 秒
  解压吞吐量: 1151.243243 MiB/s
  LZ4文件: ./compressed_datasets/linux/v2.6.14-rc2.tar.lz4

文件 #18: v2.6.14-rc3.tar
  原始大小: 213.45 MiB
  LZ4压缩大小: 75.55 MiB
  压缩率: 2.82x
  压缩时间: 0.65 秒
  压缩吞吐量: 326.875957 MiB/s
  解压时间: 0.18 秒
  解压吞吐量: 1166.393442 MiB/s
  LZ4文件: ./compressed_datasets/linux/v2.6.14-rc3.tar.lz4

文件 #19: v2.6.14-rc4.tar
  原始大小: 213.69 MiB
  LZ4压缩大小: 75.62 MiB
  压缩率: 2.82x
  压缩时间: 0.65 秒
  压缩吞吐量: 330.278207 MiB/s
  解压时间: 0.17 秒
  解压吞吐量: 1257.000000 MiB/s
  LZ4文件: ./compressed_datasets/linux/v2.6.14-rc4.tar.lz4

文件 #20: v2.6.14-rc5.tar
  原始大小: 213.70 MiB
  LZ4压缩大小: 75.62 MiB
  压缩率: 2.82x
  压缩时间: 0.65 秒
  压缩吞吐量: 329.275808 MiB/s
  解压时间: 0.17 秒
  解压吞吐量: 1272.023809 MiB/s
  LZ4文件: ./compressed_datasets/linux/v2.6.14-rc5.tar.lz4

文件 #21: v2.6.14.tar
  原始大小: 213.71 MiB
  LZ4压缩大小: 76.82 MiB
  压缩率: 2.78x
  压缩时间: 0.65 秒
  压缩吞吐量: 329.291217 MiB/s
  解压时间: 0.17 秒
  解压吞吐量: 1264.556213 MiB/s
  LZ4文件: ./compressed_datasets/linux/v2.6.14.tar.lz4

文件 #22: v2.6.15-rc1.tar
  原始大小: 217.68 MiB
  LZ4压缩大小: 76.92 MiB
  压缩率: 2.82x
  压缩时间: 0.66 秒
  压缩吞吐量: 328.325791 MiB/s
  解压时间: 0.17 秒
  解压吞吐量: 1258.265895 MiB/s
  LZ4文件: ./compressed_datasets/linux/v2.6.15-rc1.tar.lz4

文件 #23: v2.6.15-rc2.tar
  原始大小: 217.57 MiB
  LZ4压缩大小: 76.89 MiB
  压缩率: 2.82x
  压缩时间: 0.72 秒
  压缩吞吐量: 301.343490 MiB/s
  解压时间: 0.17 秒
  解压吞吐量: 1243.257142 MiB/s
  LZ4文件: ./compressed_datasets/linux/v2.6.15-rc2.tar.lz4

文件 #24: v2.6.15-rc3.tar
  原始大小: 217.59 MiB
  LZ4压缩大小: 76.89 MiB
  压缩率: 2.82x
  压缩时间: 0.68 秒
  压缩吞吐量: 321.403249 MiB/s
  解压时间: 0.18 秒
  解压吞吐量: 1236.306818 MiB/s
  LZ4文件: ./compressed_datasets/linux/v2.6.15-rc3.tar.lz4

文件 #25: v2.6.15-rc4.tar
  原始大小: 217.61 MiB
  LZ4压缩大小: 76.90 MiB
  压缩率: 2.82x
  压缩时间: 0.75 秒
  压缩吞吐量: 289.375000 MiB/s
  解压时间: 0.17 秒
  解压吞吐量: 1250.632183 MiB/s
  LZ4文件: ./compressed_datasets/linux/v2.6.15-rc4.tar.lz4

文件 #26: v2.6.15-rc5.tar
  原始大小: 217.59 MiB
  LZ4压缩大小: 76.90 MiB
  压缩率: 2.82x
  压缩时间: 0.68 秒
  压缩吞吐量: 321.403249 MiB/s
  解压时间: 0.17 秒
  解压吞吐量: 1257.745664 MiB/s
  LZ4文件: ./compressed_datasets/linux/v2.6.15-rc5.tar.lz4

文件 #27: v2.6.15-rc6.tar
  原始大小: 217.57 MiB
  LZ4压缩大小: 76.91 MiB
  压缩率: 2.82x
  压缩时间: 0.66 秒
  压缩吞吐量: 328.655589 MiB/s
  解压时间: 0.17 秒
  解压吞吐量: 1264.941860 MiB/s
  LZ4文件: ./compressed_datasets/linux/v2.6.15-rc6.tar.lz4

文件 #28: v2.6.15-rc7.tar
  原始大小: 217.58 MiB
  LZ4压缩大小: 76.91 MiB
  压缩率: 2.82x
  压缩时间: 0.67 秒
  压缩吞吐量: 324.262295 MiB/s
  解压时间: 0.17 秒
  解压吞吐量: 1265.000000 MiB/s
  LZ4文件: ./compressed_datasets/linux/v2.6.15-rc7.tar.lz4

文件 #29: v2.6.15.tar
  原始大小: 217.58 MiB
  LZ4压缩大小: 78.13 MiB
  压缩率: 2.78x
  压缩时间: 0.66 秒
  压缩吞吐量: 329.167927 MiB/s
  解压时间: 0.17 秒
  解压吞吐量: 1272.397660 MiB/s
  LZ4文件: ./compressed_datasets/linux/v2.6.15.tar.lz4

文件 #30: v2.6.16-rc1.tar
  原始大小: 222.30 MiB
  LZ4压缩大小: 78.53 MiB
  压缩率: 2.83x
  压缩时间: 0.67 秒
  压缩吞吐量: 330.803571 MiB/s
  解压时间: 0.17 秒
  解压吞吐量: 1270.285714 MiB/s
  LZ4文件: ./compressed_datasets/linux/v2.6.16-rc1.tar.lz4

文件 #31: v2.6.16-rc2.tar
  原始大小: 222.85 MiB
  LZ4压缩大小: 78.74 MiB
  压缩率: 2.83x
  压缩时间: 0.68 秒
  压缩吞吐量: 329.172821 MiB/s
  解压时间: 0.18 秒
  解压吞吐量: 1259.039548 MiB/s
  LZ4文件: ./compressed_datasets/linux/v2.6.16-rc2.tar.lz4

文件 #32: v2.6.16-rc3.tar
  原始大小: 223.03 MiB
  LZ4压缩大小: 78.83 MiB
  压缩率: 2.82x
  压缩时间: 0.69 秒
  压缩吞吐量: 323.701015 MiB/s
  解压时间: 0.28 秒
  解压吞吐量: 802.266187 MiB/s
  LZ4文件: ./compressed_datasets/linux/v2.6.16-rc3.tar.lz4

文件 #33: v2.6.16-rc4.tar
  原始大小: 223.09 MiB
  LZ4压缩大小: 78.85 MiB
  压缩率: 2.82x
  压缩时间: 0.69 秒
  压缩吞吐量: 321.455331 MiB/s
  解压时间: 0.18 秒
  解压吞吐量: 1260.395480 MiB/s
  LZ4文件: ./compressed_datasets/linux/v2.6.16-rc4.tar.lz4

文件 #34: v2.6.16-rc5.tar
  原始大小: 223.07 MiB
  LZ4压缩大小: 78.84 MiB
  压缩率: 2.82x
  压缩时间: 0.69 秒
  压缩吞吐量: 325.174927 MiB/s
  解压时间: 0.18 秒
  解压吞吐量: 1246.201117 MiB/s
  LZ4文件: ./compressed_datasets/linux/v2.6.16-rc5.tar.lz4

文件 #35: v2.6.16-rc6.tar
  原始大小: 223.09 MiB
  LZ4压缩大小: 78.85 MiB
  压缩率: 2.82x
  压缩时间: 0.68 秒
  压缩吞吐量: 330.014792 MiB/s
  解压时间: 0.18 秒
  解压吞吐量: 1260.395480 MiB/s
  LZ4文件: ./compressed_datasets/linux/v2.6.16-rc6.tar.lz4

文件 #36: v2.6.16.tar
  原始大小: 223.11 MiB
  LZ4压缩大小: 80.11 MiB
  压缩率: 2.78x
  压缩时间: 0.68 秒
  压缩吞吐量: 329.556868 MiB/s
  解压时间: 0.17 秒
  解压吞吐量: 1274.914285 MiB/s
  LZ4文件: ./compressed_datasets/linux/v2.6.16.tar.lz4

文件 #37: v2.6.17-rc1.tar
  原始大小: 226.68 MiB
  LZ4压缩大小: 80.04 MiB
  压缩率: 2.83x
  压缩时间: 0.69 秒
  压缩吞吐量: 330.919708 MiB/s
  解压时间: 0.18 秒
  解压吞吐量: 1273.483146 MiB/s
  LZ4文件: ./compressed_datasets/linux/v2.6.17-rc1.tar.lz4

文件 #38: v2.6.17-rc2.tar
  原始大小: 225.35 MiB
  LZ4压缩大小: 79.56 MiB
  压缩率: 2.83x
  压缩时间: 0.68 秒
  压缩吞吐量: 330.425219 MiB/s
  解压时间: 0.18 秒
  解压吞吐量: 1266.011235 MiB/s
  LZ4文件: ./compressed_datasets/linux/v2.6.17-rc2.tar.lz4

文件 #39: v2.6.17-rc3.tar
  原始大小: 225.41 MiB
  LZ4压缩大小: 79.59 MiB
  压缩率: 2.83x
  压缩时间: 0.69 秒
  压缩吞吐量: 328.586005 MiB/s
  解压时间: 0.18 秒
  解压吞吐量: 1273.502824 MiB/s
  LZ4文件: ./compressed_datasets/linux/v2.6.17-rc3.tar.lz4

文件 #40: v2.6.17-rc4.tar
  原始大小: 225.49 MiB
  LZ4压缩大小: 79.63 MiB
  压缩率: 2.83x
  压缩时间: 0.70 秒
  压缩吞吐量: 322.128571 MiB/s
  解压时间: 0.18 秒
  解压吞吐量: 1266.797752 MiB/s
  LZ4文件: ./compressed_datasets/linux/v2.6.17-rc4.tar.lz4

文件 #41: v2.6.17-rc5.tar
  原始大小: 225.62 MiB
  LZ4压缩大小: 79.68 MiB
  压缩率: 2.83x
  压缩时间: 0.68 秒
  压缩吞吐量: 329.853801 MiB/s
  解压时间: 0.18 秒
  解压吞吐量: 1239.670329 MiB/s
  LZ4文件: ./compressed_datasets/linux/v2.6.17-rc5.tar.lz4

文件 #42: v2.6.17-rc6.tar
  原始大小: 225.63 MiB
  LZ4压缩大小: 79.69 MiB
  压缩率: 2.83x
  压缩时间: 0.70 秒
  压缩吞吐量: 323.715925 MiB/s
  解压时间: 0.19 秒
  解压吞吐量: 1193.809523 MiB/s
  LZ4文件: ./compressed_datasets/linux/v2.6.17-rc6.tar.lz4

文件 #43: v2.6.17.tar
  原始大小: 225.64 MiB
  LZ4压缩大小: 80.97 MiB
  压缩率: 2.78x
  压缩时间: 0.76 秒
  压缩吞吐量: 297.285902 MiB/s
  解压时间: 0.18 秒
  解压吞吐量: 1246.629834 MiB/s
  LZ4文件: ./compressed_datasets/linux/v2.6.17.tar.lz4

文件 #44: v2.6.18-rc1.tar
  原始大小: 228.32 MiB
  LZ4压缩大小: 80.45 MiB
  压缩率: 2.83x
  压缩时间: 0.72 秒
  压缩吞吐量: 318.437935 MiB/s
  解压时间: 0.20 秒
  解压吞吐量: 1164.897959 MiB/s
  LZ4文件: ./compressed_datasets/linux/v2.6.18-rc1.tar.lz4

文件 #45: v2.6.18-rc2.tar
  原始大小: 228.55 MiB
  LZ4压缩大小: 80.53 MiB
  压缩率: 2.83x
  压缩时间: 0.72 秒
  压缩吞吐量: 315.676795 MiB/s
  解压时间: 0.18 秒
  解压吞吐量: 1269.722222 MiB/s
  LZ4文件: ./compressed_datasets/linux/v2.6.18-rc2.tar.lz4

文件 #46: v2.6.18-rc3.tar
  原始大小: 228.56 MiB
  LZ4压缩大小: 80.54 MiB
  压缩率: 2.83x
  压缩时间: 0.70 秒
  压缩吞吐量: 327.919655 MiB/s
  解压时间: 0.18 秒
  解压吞吐量: 1255.824175 MiB/s
  LZ4文件: ./compressed_datasets/linux/v2.6.18-rc3.tar.lz4

文件 #47: v2.6.18-rc4.tar
  原始大小: 228.62 MiB
  LZ4压缩大小: 80.57 MiB
  压缩率: 2.83x
  压缩时间: 0.69 秒
  压缩吞吐量: 329.423631 MiB/s
  解压时间: 0.20 秒
  解压吞吐量: 1115.219512 MiB/s
  LZ4文件: ./compressed_datasets/linux/v2.6.18-rc4.tar.lz4

文件 #48: v2.6.18-rc5.tar
  原始大小: 228.93 MiB
  LZ4压缩大小: 80.67 MiB
  压缩率: 2.83x
  压缩时间: 0.69 秒
  压缩吞吐量: 329.395683 MiB/s
  解压时间: 0.18 秒
  解压吞吐量: 1271.833333 MiB/s
  LZ4文件: ./compressed_datasets/linux/v2.6.18-rc5.tar.lz4

文件 #49: v2.6.18-rc6.tar
  原始大小: 228.98 MiB
  LZ4压缩大小: 80.70 MiB
  压缩率: 2.83x
  压缩时间: 0.70 秒
  压缩吞吐量: 327.582260 MiB/s
  解压时间: 0.19 秒
  解压吞吐量: 1237.729729 MiB/s
  LZ4文件: ./compressed_datasets/linux/v2.6.18-rc6.tar.lz4

文件 #50: v2.6.18-rc7.tar
  原始大小: 228.99 MiB
  LZ4压缩大小: 80.69 MiB
  压缩率: 2.83x
  压缩时间: 0.70 秒
  压缩吞吐量: 328.536585 MiB/s
  解压时间: 0.18 秒
  解压吞吐量: 1251.311475 MiB/s
  LZ4文件: ./compressed_datasets/linux/v2.6.18-rc7.tar.lz4

文件 #51: v2.6.18.tar
  原始大小: 229.01 MiB
  LZ4压缩大小: 81.99 MiB
  压缩率: 2.79x
  压缩时间: 0.71 秒
  压缩吞吐量: 321.192145 MiB/s
  解压时间: 0.19 秒
  解压吞吐量: 1237.891891 MiB/s
  LZ4文件: ./compressed_datasets/linux/v2.6.18.tar.lz4

文件 #52: v2.6.19-rc1.tar
  原始大小: 234.01 MiB
  LZ4压缩大小: 82.29 MiB
  压缩率: 2.84x
  压缩时间: 0.76 秒
  压缩吞吐量: 306.697247 MiB/s
  解压时间: 0.18 秒
  解压吞吐量: 1271.793478 MiB/s
  LZ4文件: ./compressed_datasets/linux/v2.6.19-rc1.tar.lz4

文件 #53: v2.6.19-rc2.tar
  原始大小: 234.75 MiB
  LZ4压缩大小: 82.57 MiB
  压缩率: 2.84x
  压缩时间: 0.72 秒
  压缩吞吐量: 326.949860 MiB/s
  解压时间: 0.19 秒
  解压吞吐量: 1268.918918 MiB/s
  LZ4文件: ./compressed_datasets/linux/v2.6.19-rc2.tar.lz4

文件 #54: v2.6.19-rc3.tar
  原始大小: 234.97 MiB
  LZ4压缩大小: 82.65 MiB
  压缩率: 2.84x
  压缩时间: 0.72 秒
  压缩吞吐量: 324.544198 MiB/s
  解压时间: 0.19 秒
  解压吞吐量: 1263.279569 MiB/s
  LZ4文件: ./compressed_datasets/linux/v2.6.19-rc3.tar.lz4

文件 #55: v2.6.19-rc4.tar
  原始大小: 235.00 MiB
  LZ4压缩大小: 82.66 MiB
  压缩率: 2.84x
  压缩时间: 0.71 秒
  压缩吞吐量: 330.056179 MiB/s
  解压时间: 0.19 秒
  解压吞吐量: 1256.684491 MiB/s
  LZ4文件: ./compressed_datasets/linux/v2.6.19-rc4.tar.lz4

文件 #56: v2.6.19-rc5.tar
  原始大小: 235.00 MiB
  LZ4压缩大小: 82.67 MiB
  压缩率: 2.84x
  压缩时间: 0.71 秒
  压缩吞吐量: 328.671328 MiB/s
  解压时间: 0.19 秒
  解压吞吐量: 1256.684491 MiB/s
  LZ4文件: ./compressed_datasets/linux/v2.6.19-rc5.tar.lz4

文件 #57: v2.6.19-rc6.tar
  原始大小: 235.02 MiB
  LZ4压缩大小: 82.68 MiB
  压缩率: 2.84x
  压缩时间: 0.72 秒
  压缩吞吐量: 327.782426 MiB/s
  解压时间: 0.18 秒
  解压吞吐量: 1277.282608 MiB/s
  LZ4文件: ./compressed_datasets/linux/v2.6.19-rc6.tar.lz4

文件 #58: v2.6.19.tar
  原始大小: 235.04 MiB
  LZ4压缩大小: 84.04 MiB
  压缩率: 2.79x
  压缩时间: 0.73 秒
  压缩吞吐量: 322.414266 MiB/s
  解压时间: 0.19 秒
  解压吞吐量: 1256.898395 MiB/s
  LZ4文件: ./compressed_datasets/linux/v2.6.19.tar.lz4

文件 #59: v2.6.20-rc1.tar
  原始大小: 238.40 MiB
  LZ4压缩大小: 83.78 MiB
  压缩率: 2.84x
  压缩时间: 0.73 秒
  压缩吞吐量: 326.575342 MiB/s
  解压时间: 0.19 秒
  解压吞吐量: 1228.865979 MiB/s
  LZ4文件: ./compressed_datasets/linux/v2.6.20-rc1.tar.lz4

文件 #60: v2.6.20-rc2.tar
  原始大小: 238.43 MiB
  LZ4压缩大小: 83.79 MiB
  压缩率: 2.84x
  压缩时间: 0.76 秒
  压缩吞吐量: 313.723684 MiB/s
  解压时间: 0.19 秒
  解压吞吐量: 1254.894736 MiB/s
  LZ4文件: ./compressed_datasets/linux/v2.6.20-rc2.tar.lz4

文件 #61: v2.6.20-rc3.tar
  原始大小: 238.44 MiB
  LZ4压缩大小: 83.80 MiB
  压缩率: 2.84x
  压缩时间: 0.73 秒
  压缩吞吐量: 326.630136 MiB/s
  解压时间: 0.19 秒
  解压吞吐量: 1254.947368 MiB/s
  LZ4文件: ./compressed_datasets/linux/v2.6.20-rc3.tar.lz4

文件 #62: v2.6.20-rc4.tar
  原始大小: 238.50 MiB
  LZ4压缩大小: 83.82 MiB
  压缩率: 2.84x
  压缩时间: 0.73 秒
  压缩吞吐量: 325.819672 MiB/s
  解压时间: 0.19 秒
  解压吞吐量: 1248.691099 MiB/s
  LZ4文件: ./compressed_datasets/linux/v2.6.20-rc4.tar.lz4

文件 #63: v2.6.20-rc5.tar
  原始大小: 238.54 MiB
  LZ4压缩大小: 83.83 MiB
  压缩率: 2.84x
  压缩时间: 0.73 秒
  压缩吞吐量: 326.320109 MiB/s
  解压时间: 0.22 秒
  解压吞吐量: 1094.220183 MiB/s
  LZ4文件: ./compressed_datasets/linux/v2.6.20-rc5.tar.lz4

文件 #64: v2.6.20-rc6.tar
  原始大小: 238.69 MiB
  LZ4压缩大小: 83.88 MiB
  压缩率: 2.84x
  压缩时间: 0.74 秒
  压缩吞吐量: 321.684636 MiB/s
  解压时间: 0.19 秒
  解压吞吐量: 1256.263157 MiB/s
  LZ4文件: ./compressed_datasets/linux/v2.6.20-rc6.tar.lz4

文件 #65: v2.6.20-rc7.tar
  原始大小: 238.71 MiB
  LZ4压缩大小: 83.88 MiB
  压缩率: 2.84x
  压缩时间: 0.72 秒
  压缩吞吐量: 330.165975 MiB/s
  解压时间: 0.19 秒
  解压吞吐量: 1263.015873 MiB/s
  LZ4文件: ./compressed_datasets/linux/v2.6.20-rc7.tar.lz4

文件 #66: v2.6.20.tar
  原始大小: 238.72 MiB
  LZ4压缩大小: 85.30 MiB
  压缩率: 2.79x
  压缩时间: 0.73 秒
  压缩吞吐量: 325.675306 MiB/s
  解压时间: 0.19 秒
  解压吞吐量: 1276.577540 MiB/s
  LZ4文件: ./compressed_datasets/linux/v2.6.20.tar.lz4

文件 #67: v2.6.21-rc1.tar
  原始大小: 242.35 MiB
  LZ4压缩大小: 84.96 MiB
  压缩率: 2.85x
  压缩时间: 0.74 秒
  压缩吞吐量: 328.387533 MiB/s
  解压时间: 0.19 秒
  解压吞吐量: 1275.526315 MiB/s
  LZ4文件: ./compressed_datasets/linux/v2.6.21-rc1.tar.lz4

文件 #68: v2.6.21-rc2.tar
  原始大小: 242.57 MiB
  LZ4压缩大小: 85.04 MiB
  压缩率: 2.85x
  压缩时间: 0.75 秒
  压缩吞吐量: 323.426666 MiB/s
  解压时间: 0.19 秒
  解压吞吐量: 1250.360824 MiB/s
  LZ4文件: ./compressed_datasets/linux/v2.6.21-rc2.tar.lz4

文件 #69: v2.6.21-rc3.tar
  原始大小: 242.59 MiB
  LZ4压缩大小: 85.05 MiB
  压缩率: 2.85x
  压缩时间: 0.74 秒
  压缩吞吐量: 328.712737 MiB/s
  解压时间: 0.19 秒
  解压吞吐量: 1256.943005 MiB/s
  LZ4文件: ./compressed_datasets/linux/v2.6.21-rc3.tar.lz4

文件 #70: v2.6.21-rc4.tar
  原始大小: 242.57 MiB
  LZ4压缩大小: 85.04 MiB
  压缩率: 2.85x
  压缩时间: 0.83 秒
  压缩吞吐量: 291.200480 MiB/s
  解压时间: 0.19 秒
  解压吞吐量: 1256.839378 MiB/s
  LZ4文件: ./compressed_datasets/linux/v2.6.21-rc4.tar.lz4

文件 #71: v2.6.21-rc5.tar
  原始大小: 242.61 MiB
  LZ4压缩大小: 85.06 MiB
  压缩率: 2.85x
  压缩时间: 0.77 秒
  压缩吞吐量: 316.310299 MiB/s
  解压时间: 0.19 秒
  解压吞吐量: 1270.209424 MiB/s
  LZ4文件: ./compressed_datasets/linux/v2.6.21-rc5.tar.lz4

文件 #72: v2.6.21-rc6.tar
  原始大小: 242.58 MiB
  LZ4压缩大小: 85.04 MiB
  压缩率: 2.85x
  压缩时间: 0.77 秒
  压缩吞吐量: 315.448634 MiB/s
  解压时间: 0.19 秒
  解压吞吐量: 1276.736842 MiB/s
  LZ4文件: ./compressed_datasets/linux/v2.6.21-rc6.tar.lz4

文件 #73: v2.6.21-rc7.tar
  原始大小: 242.60 MiB
  LZ4压缩大小: 85.06 MiB
  压缩率: 2.85x
  压缩时间: 0.73 秒
  压缩吞吐量: 330.968622 MiB/s
  解压时间: 0.19 秒
  解压吞吐量: 1270.157068 MiB/s
  LZ4文件: ./compressed_datasets/linux/v2.6.21-rc7.tar.lz4

文件 #74: v2.6.21.tar
  原始大小: 242.61 MiB
  LZ4压缩大小: 86.49 MiB
  压缩率: 2.80x
  压缩时间: 0.75 秒
  压缩吞吐量: 321.763925 MiB/s
  解压时间: 0.19 秒
  解压吞吐量: 1276.894736 MiB/s
  LZ4文件: ./compressed_datasets/linux/v2.6.21.tar.lz4

文件 #75: v2.6.22.tar
  原始大小: 250.74 MiB
  LZ4压缩大小: 89.01 MiB
  压缩率: 2.81x
  压缩时间: 0.76 秒
  压缩吞吐量: 328.623853 MiB/s
  解压时间: 0.20 秒
  解压吞吐量: 1272.791878 MiB/s
  LZ4文件: ./compressed_datasets/linux/v2.6.22.tar.lz4

文件 #76: v2.6.23.tar
  原始大小: 252.44 MiB
  LZ4压缩大小: 89.75 MiB
  压缩率: 2.81x
  压缩时间: 0.90 秒
  压缩吞吐量: 281.113585 MiB/s
  解压时间: 0.24 秒
  解压吞吐量: 1043.140495 MiB/s
  LZ4文件: ./compressed_datasets/linux/v2.6.23.tar.lz4

文件 #77: v2.6.24.tar
  原始大小: 260.19 MiB
  LZ4压缩大小: 92.47 MiB
  压缩率: 2.81x
  压缩时间: 0.80 秒
  压缩吞吐量: 326.871859 MiB/s
  解压时间: 0.21 秒
  解压吞吐量: 1244.928229 MiB/s
  LZ4文件: ./compressed_datasets/linux/v2.6.24.tar.lz4

文件 #78: v2.6.25.tar
  原始大小: 271.46 MiB
  LZ4压缩大小: 96.24 MiB
  压缩率: 2.82x
  压缩时间: 0.88 秒
  压缩吞吐量: 308.477272 MiB/s
  解压时间: 0.22 秒
  解压吞吐量: 1250.967741 MiB/s
  LZ4文件: ./compressed_datasets/linux/v2.6.25.tar.lz4

文件 #79: v2.6.26.tar
  原始大小: 276.16 MiB
  LZ4压缩大小: 97.80 MiB
  压缩率: 2.82x
  压缩时间: 0.87 秒
  压缩吞吐量: 316.334478 MiB/s
  解压时间: 0.22 秒
  解压吞吐量: 1266.788990 MiB/s
  LZ4文件: ./compressed_datasets/linux/v2.6.26.tar.lz4

文件 #80: v2.6.27.tar
  原始大小: 280.21 MiB
  LZ4压缩大小: 99.35 MiB
  压缩率: 2.82x
  压缩时间: 0.87 秒
  压缩吞吐量: 322.451093 MiB/s
  解压时间: 0.23 秒
  解压吞吐量: 1234.405286 MiB/s
  LZ4文件: ./compressed_datasets/linux/v2.6.27.tar.lz4

文件 #81: v2.6.28.tar
  原始大小: 295.88 MiB
  LZ4压缩大小: 104.33 MiB
  压缩率: 2.83x
  压缩时间: 0.90 秒
  压缩吞吐量: 329.487750 MiB/s
  解压时间: 0.23 秒
  解压吞吐量: 1280.865800 MiB/s
  LZ4文件: ./compressed_datasets/linux/v2.6.28.tar.lz4

文件 #82: v2.6.29.tar
  原始大小: 320.60 MiB
  LZ4压缩大小: 112.38 MiB
  压缩率: 2.85x
  压缩时间: 0.98 秒
  压缩吞吐量: 328.820512 MiB/s
  解压时间: 0.25 秒
  解压吞吐量: 1272.222222 MiB/s
  LZ4文件: ./compressed_datasets/linux/v2.6.29.tar.lz4

文件 #83: v2.6.30.tar
  原始大小: 336.78 MiB
  LZ4压缩大小: 117.95 MiB
  压缩率: 2.85x
  压缩时间: 1.02 秒
  压缩吞吐量: 329.530332 MiB/s
  解压时间: 0.26 秒
  解压吞吐量: 1285.419847 MiB/s
  LZ4文件: ./compressed_datasets/linux/v2.6.30.tar.lz4

文件 #84: v2.6.31.tar
  原始大小: 348.76 MiB
  LZ4压缩大小: 122.11 MiB
  压缩率: 2.85x
  压缩时间: 1.12 秒
  压缩吞吐量: 312.229185 MiB/s
  解压时间: 0.28 秒
  解压吞吐量: 1259.061371 MiB/s
  LZ4文件: ./compressed_datasets/linux/v2.6.31.tar.lz4

文件 #85: v2.6.32.tar
  原始大小: 364.67 MiB
  LZ4压缩大小: 127.49 MiB
  压缩率: 2.86x
  压缩时间: 1.11 秒
  压缩吞吐量: 328.235823 MiB/s
  解压时间: 0.29 秒
  解压吞吐量: 1261.833910 MiB/s
  LZ4文件: ./compressed_datasets/linux/v2.6.32.tar.lz4

文件 #86: v2.6.33.tar
  原始大小: 376.79 MiB
  LZ4压缩大小: 131.61 MiB
  压缩率: 2.86x
  压缩时间: 1.15 秒
  压缩吞吐量: 326.790980 MiB/s
  解压时间: 0.30 秒
  解压吞吐量: 1268.653198 MiB/s
  LZ4文件: ./compressed_datasets/linux/v2.6.33.tar.lz4

文件 #87: v2.6.34.tar
  原始大小: 385.92 MiB
  LZ4压缩大小: 134.65 MiB
  压缩率: 2.86x
  压缩时间: 1.17 秒
  压缩吞吐量: 329.283276 MiB/s
  解压时间: 0.30 秒
  解压吞吐量: 1269.473684 MiB/s
  LZ4文件: ./compressed_datasets/linux/v2.6.34.tar.lz4

文件 #88: v2.6.35.tar
  原始大小: 393.76 MiB
  LZ4压缩大小: 137.55 MiB
  压缩率: 2.86x
  压缩时间: 1.19 秒
  压缩吞吐量: 330.335570 MiB/s
  解压时间: 0.31 秒
  解压吞吐量: 1274.304207 MiB/s
  LZ4文件: ./compressed_datasets/linux/v2.6.35.tar.lz4

文件 #89: v2.6.36.tar
  原始大小: 394.49 MiB
  LZ4压缩大小: 138.83 MiB
  压缩率: 2.84x
  压缩时间: 1.58 秒
  压缩吞吐量: 249.993662 MiB/s
  解压时间: 0.31 秒
  解压吞吐量: 1256.337579 MiB/s
  LZ4文件: ./compressed_datasets/linux/v2.6.36.tar.lz4

文件 #90: v2.6.37.tar
  原始大小: 411.36 MiB
  LZ4压缩大小: 144.61 MiB
  压缩率: 2.84x
  压缩时间: 1.34 秒
  压缩吞吐量: 306.756152 MiB/s
  解压时间: 0.32 秒
  解压吞吐量: 1265.723076 MiB/s
  LZ4文件: ./compressed_datasets/linux/v2.6.37.tar.lz4

文件 #91: v2.6.38.tar
  原始大小: 420.08 MiB
  LZ4压缩大小: 147.25 MiB
  压缩率: 2.85x
  压缩时间: 1.27 秒
  压缩吞吐量: 331.032308 MiB/s
  解压时间: 0.42 秒
  解压吞吐量: 1000.190476 MiB/s
  LZ4文件: ./compressed_datasets/linux/v2.6.38.tar.lz4

文件 #92: v2.6.39.tar
  原始大小: 428.76 MiB
  LZ4压缩大小: 150.07 MiB
  压缩率: 2.85x
  压缩时间: 1.32 秒
  压缩吞吐量: 326.053231 MiB/s
  解压时间: 0.34 秒
  解压吞吐量: 1276.071428 MiB/s
  LZ4文件: ./compressed_datasets/linux/v2.6.39.tar.lz4

文件 #93: v3.0.tar
  原始大小: 430.08 MiB
  LZ4压缩大小: 151.14 MiB
  压缩率: 2.84x
  压缩时间: 1.32 秒
  压缩吞吐量: 325.325264 MiB/s
  解压时间: 0.33 秒
  解压吞吐量: 1287.664670 MiB/s
  LZ4文件: ./compressed_datasets/linux/v3.0.tar.lz4

文件 #94: v3.1.tar
  原始大小: 433.41 MiB
  LZ4压缩大小: 152.25 MiB
  压缩率: 2.84x
  压缩时间: 1.31 秒
  压缩吞吐量: 329.840182 MiB/s
  解压时间: 0.34 秒
  解压吞吐量: 1259.912790 MiB/s
  LZ4文件: ./compressed_datasets/linux/v3.1.tar.lz4

文件 #95: v3.2.tar
  原始大小: 439.56 MiB
  LZ4压缩大小: 154.29 MiB
  压缩率: 2.84x
  压缩时间: 1.35 秒
  压缩吞吐量: 324.638109 MiB/s
  解压时间: 0.35 秒
  解压吞吐量: 1248.750000 MiB/s
  LZ4文件: ./compressed_datasets/linux/v3.2.tar.lz4

文件 #96: v3.3.tar
  原始大小: 444.49 MiB
  LZ4压缩大小: 156.00 MiB
  压缩率: 2.84x
  压缩时间: 1.42 秒
  压缩吞吐量: 312.800844 MiB/s
  解压时间: 0.35 秒
  解压吞吐量: 1259.178470 MiB/s
  LZ4文件: ./compressed_datasets/linux/v3.3.tar.lz4

文件 #97: v3.4.tar
  原始大小: 450.67 MiB
  LZ4压缩大小: 158.13 MiB
  压缩率: 2.85x
  压缩时间: 1.38 秒
  压缩吞吐量: 327.283950 MiB/s
  解压时间: 0.36 秒
  解压吞吐量: 1248.393351 MiB/s
  LZ4文件: ./compressed_datasets/linux/v3.4.tar.lz4

文件 #98: v3.5.tar
  原始大小: 457.50 MiB
  LZ4压缩大小: 160.11 MiB
  压缩率: 2.85x
  压缩时间: 1.40 秒
  压缩吞吐量: 327.722063 MiB/s
  解压时间: 0.36 秒
  解压吞吐量: 1277.932960 MiB/s
  LZ4文件: ./compressed_datasets/linux/v3.5.tar.lz4

文件 #99: v3.6.tar
  原始大小: 466.54 MiB
  LZ4压缩大小: 162.74 MiB
  压缩率: 2.86x
  压缩时间: 1.42 秒
  压缩吞吐量: 327.856640 MiB/s
  解压时间: 0.37 秒
  解压吞吐量: 1247.433155 MiB/s
  LZ4文件: ./compressed_datasets/linux/v3.6.tar.lz4

文件 #100: v3.7.tar
  原始大小: 475.90 MiB
  LZ4压缩大小: 165.42 MiB
  压缩率: 2.87x
  压缩时间: 1.56 秒
  压缩吞吐量: 305.848329 MiB/s
  解压时间: 0.38 秒
  解压吞吐量: 1255.672823 MiB/s
  LZ4文件: ./compressed_datasets/linux/v3.7.tar.lz4

文件 #101: v3.8.tar
  原始大小: 482.23 MiB
  LZ4压缩大小: 167.59 MiB
  压缩率: 2.87x
  压缩时间: 1.67 秒
  压缩吞吐量: 288.587672 MiB/s
  解压时间: 0.38 秒
  解压吞吐量: 1265.695538 MiB/s
  LZ4文件: ./compressed_datasets/linux/v3.8.tar.lz4

文件 #102: v3.9.tar
  原始大小: 490.02 MiB
  LZ4压缩大小: 170.21 MiB
  压缩率: 2.87x
  压缩时间: 1.48 秒
  压缩吞吐量: 331.991869 MiB/s
  解压时间: 0.38 秒
  解压吞吐量: 1279.425587 MiB/s
  LZ4文件: ./compressed_datasets/linux/v3.9.tar.lz4

文件 #103: v3.10.tar
  原始大小: 497.40 MiB
  LZ4压缩大小: 172.77 MiB
  压缩率: 2.87x
  压缩时间: 1.49 秒
  压缩吞吐量: 332.931726 MiB/s
  解压时间: 0.39 秒
  解压吞吐量: 1288.601036 MiB/s
  LZ4文件: ./compressed_datasets/linux/v3.10.tar.lz4

文件 #104: v3.11.tar
  原始大小: 509.38 MiB
  LZ4压缩大小: 177.25 MiB
  压缩率: 2.87x
  压缩时间: 1.55 秒
  压缩吞吐量: 327.575562 MiB/s
  解压时间: 0.40 秒
  解压吞吐量: 1283.073047 MiB/s
  LZ4文件: ./compressed_datasets/linux/v3.11.tar.lz4

文件 #105: v3.12.tar
  原始大小: 518.76 MiB
  LZ4压缩大小: 180.54 MiB
  压缩率: 2.87x
  压缩时间: 1.69 秒
  压缩吞吐量: 306.414648 MiB/s
  解压时间: 0.41 秒
  解压吞吐量: 1277.733990 MiB/s
  LZ4文件: ./compressed_datasets/linux/v3.12.tar.lz4

文件 #106: v3.13.tar
  原始大小: 524.34 MiB
  LZ4压缩大小: 182.41 MiB
  压缩率: 2.87x
  压缩时间: 1.61 秒
  压缩吞吐量: 325.677018 MiB/s
  解压时间: 0.41 秒
  解压吞吐量: 1272.669902 MiB/s
  LZ4文件: ./compressed_datasets/linux/v3.13.tar.lz4

文件 #107: v3.14.tar
  原始大小: 534.11 MiB
  LZ4压缩大小: 185.38 MiB
  压缩率: 2.88x
  压缩时间: 1.63 秒
  压缩吞吐量: 328.480934 MiB/s
  解压时间: 0.41 秒
  解压吞吐量: 1287.012048 MiB/s
  LZ4文件: ./compressed_datasets/linux/v3.14.tar.lz4

文件 #108: v3.15.tar
  原始大小: 545.03 MiB
  LZ4压缩大小: 188.78 MiB
  压缩率: 2.88x
  压缩时间: 1.73 秒
  压缩吞吐量: 314.319492 MiB/s
  解压时间: 0.44 秒
  解压吞吐量: 1244.360730 MiB/s
  LZ4文件: ./compressed_datasets/linux/v3.15.tar.lz4

文件 #109: v3.16.tar
  原始大小: 551.85 MiB
  LZ4压缩大小: 190.93 MiB
  压缩率: 2.89x
  压缩时间: 1.72 秒
  压缩吞吐量: 320.098607 MiB/s
  解压时间: 0.44 秒
  解压吞吐量: 1251.360544 MiB/s
  LZ4文件: ./compressed_datasets/linux/v3.16.tar.lz4

文件 #110: v3.17.tar
  原始大小: 549.89 MiB
  LZ4压缩大小: 190.28 MiB
  压缩率: 2.88x
  压缩时间: 1.71 秒
  压缩吞吐量: 321.573099 MiB/s
  解压时间: 0.43 秒
  解压吞吐量: 1275.846867 MiB/s
  LZ4文件: ./compressed_datasets/linux/v3.17.tar.lz4

文件 #111: v3.18.tar
  原始大小: 553.53 MiB
  LZ4压缩大小: 191.70 MiB
  压缩率: 2.88x
  压缩时间: 1.68 秒
  压缩吞吐量: 328.894830 MiB/s
  解压时间: 0.44 秒
  解压吞吐量: 1266.659038 MiB/s
  LZ4文件: ./compressed_datasets/linux/v3.18.tar.lz4

文件 #112: v3.19.tar
  原始大小: 557.38 MiB
  LZ4压缩大小: 193.10 MiB
  压缩率: 2.88x
  压缩时间: 1.68 秒
  压缩吞吐量: 330.985748 MiB/s
  解压时间: 0.43 秒
  解压吞吐量: 1284.285714 MiB/s
  LZ4文件: ./compressed_datasets/linux/v3.19.tar.lz4

文件 #113: v4.0.tar
  原始大小: 562.66 MiB
  LZ4压缩大小: 194.78 MiB
  压缩率: 2.88x
  压缩时间: 1.73 秒
  压缩吞吐量: 325.049104 MiB/s
  解压时间: 0.45 秒
  解压吞吐量: 1261.569506 MiB/s
  LZ4文件: ./compressed_datasets/linux/v4.0.tar.lz4

文件 #114: v4.1.tar
  原始大小: 568.32 MiB
  LZ4压缩大小: 196.61 MiB
  压缩率: 2.89x
  压缩时间: 1.79 秒
  压缩吞吐量: 316.965978 MiB/s
  解压时间: 0.45 秒
  解压吞吐量: 1274.260089 MiB/s
  LZ4文件: ./compressed_datasets/linux/v4.1.tar.lz4

文件 #115: v4.2.tar
  原始大小: 601.72 MiB
  LZ4压缩大小: 204.83 MiB
  压缩率: 2.93x
  压缩时间: 1.84 秒
  压缩吞吐量: 327.555797 MiB/s
  解压时间: 0.47 秒
  解压吞吐量: 1277.537154 MiB/s
  LZ4文件: ./compressed_datasets/linux/v4.2.tar.lz4

文件 #116: v4.3.tar
  原始大小: 611.15 MiB
  LZ4压缩大小: 207.76 MiB
  压缩率: 2.94x
  压缩时间: 1.85 秒
  压缩吞吐量: 330.887926 MiB/s
  解压时间: 0.48 秒
  解压吞吐量: 1270.582120 MiB/s
  LZ4文件: ./compressed_datasets/linux/v4.3.tar.lz4

文件 #117: v4.4.tar
  原始大小: 618.32 MiB
  LZ4压缩大小: 209.60 MiB
  压缩率: 2.94x
  压缩时间: 1.89 秒
  压缩吞吐量: 327.500000 MiB/s
  解压时间: 0.49 秒
  解压吞吐量: 1251.659919 MiB/s
  LZ4文件: ./compressed_datasets/linux/v4.4.tar.lz4

文件 #118: v4.5.tar
  原始大小: 627.56 MiB
  LZ4压缩大小: 212.20 MiB
  压缩率: 2.95x
  压缩时间: 1.92 秒
  压缩吞吐量: 327.365675 MiB/s
  解压时间: 0.49 秒
  解压吞吐量: 1275.528455 MiB/s
  LZ4文件: ./compressed_datasets/linux/v4.5.tar.lz4

文件 #119: v4.6.tar
  原始大小: 635.34 MiB
  LZ4压缩大小: 214.80 MiB
  压缩率: 2.95x
  压缩时间: 1.98 秒
  压缩吞吐量: 320.393343 MiB/s
  解压时间: 0.49 秒
  解压吞吐量: 1293.971486 MiB/s
  LZ4文件: ./compressed_datasets/linux/v4.6.tar.lz4

文件 #120: v4.7.tar
  原始大小: 645.61 MiB
  LZ4压缩大小: 217.46 MiB
  压缩率: 2.96x
  压缩时间: 1.95 秒
  压缩吞吐量: 330.404298 MiB/s
  解压时间: 0.51 秒
  解压吞吐量: 1273.392504 MiB/s
  LZ4文件: ./compressed_datasets/linux/v4.7.tar.lz4

文件 #121: v4.8.tar
  原始大小: 655.14 MiB
  LZ4压缩大小: 220.76 MiB
  压缩率: 2.96x
  压缩时间: 2.05 秒
  压缩吞吐量: 319.113492 MiB/s
  解压时间: 0.53 秒
  解压吞吐量: 1245.513307 MiB/s
  LZ4文件: ./compressed_datasets/linux/v4.8.tar.lz4

文件 #122: v4.9.tar
  原始大小: 663.35 MiB
  LZ4压缩大小: 223.41 MiB
  压缩率: 2.96x
  压缩时间: 2.04 秒
  压缩吞吐量: 325.171568 MiB/s
  解压时间: 0.52 秒
  解压吞吐量: 1270.785440 MiB/s
  LZ4文件: ./compressed_datasets/linux/v4.9.tar.lz4

文件 #123: v4.10.tar
  原始大小: 680.06 MiB
  LZ4压缩大小: 227.46 MiB
  压缩率: 2.98x
  压缩时间: 2.04 秒
  压缩吞吐量: 333.199412 MiB/s
  解压时间: 0.53 秒
  解压吞吐量: 1287.992424 MiB/s
  LZ4文件: ./compressed_datasets/linux/v4.10.tar.lz4

文件 #124: v4.11.tar
  原始大小: 688.81 MiB
  LZ4压缩大小: 230.28 MiB
  压缩率: 2.99x
  压缩时间: 2.10 秒
  压缩吞吐量: 328.161029 MiB/s
  解压时间: 0.54 秒
  解压吞吐量: 1266.194852 MiB/s
  LZ4文件: ./compressed_datasets/linux/v4.11.tar.lz4

文件 #125: v4.12.tar
  原始大小: 743.61 MiB
  LZ4压缩大小: 241.00 MiB
  压缩率: 3.08x
  压缩时间: 2.19 秒
  压缩吞吐量: 339.703060 MiB/s
  解压时间: 0.57 秒
  解压吞吐量: 1302.294220 MiB/s
  LZ4文件: ./compressed_datasets/linux/v4.12.tar.lz4

文件 #126: v4.13.tar
  原始大小: 780.13 MiB
  LZ4压缩大小: 247.64 MiB
  压缩率: 3.15x
  压缩时间: 2.29 秒
  压缩吞吐量: 341.413566 MiB/s
  解压时间: 0.60 秒
  解压吞吐量: 1291.605960 MiB/s
  LZ4文件: ./compressed_datasets/linux/v4.13.tar.lz4

文件 #127: v4.14.tar
  原始大小: 786.83 MiB
  LZ4压缩大小: 248.06 MiB
  压缩率: 3.17x
  压缩时间: 2.29 秒
  压缩吞吐量: 343.144352 MiB/s
  解压时间: 0.61 秒
  解压吞吐量: 1296.260296 MiB/s
  LZ4文件: ./compressed_datasets/linux/v4.14.tar.lz4

文件 #128: v4.15.tar
  原始大小: 795.70 MiB
  LZ4压缩大小: 251.05 MiB
  压缩率: 3.16x
  压缩时间: 2.32 秒
  压缩吞吐量: 343.270060 MiB/s
  解压时间: 0.61 秒
  解压吞吐量: 1300.163398 MiB/s
  LZ4文件: ./compressed_datasets/linux/v4.15.tar.lz4

文件 #129: v4.16.tar
  原始大小: 797.21 MiB
  LZ4压缩大小: 252.89 MiB
  压缩率: 3.15x
  压缩时间: 2.42 秒
  压缩吞吐量: 329.971026 MiB/s
  解压时间: 0.62 秒
  解压吞吐量: 1296.276422 MiB/s
  LZ4文件: ./compressed_datasets/linux/v4.16.tar.lz4

文件 #130: v4.17.tar
  原始大小: 795.18 MiB
  LZ4压缩大小: 251.33 MiB
  压缩率: 3.16x
  压缩时间: 2.66 秒
  压缩吞吐量: 298.939849 MiB/s
  解压时间: 0.62 秒
  解压吞吐量: 1278.424437 MiB/s
  LZ4文件: ./compressed_datasets/linux/v4.17.tar.lz4

文件 #131: v4.18.tar
  原始大小: 791.48 MiB
  LZ4压缩大小: 250.50 MiB
  压缩率: 3.15x
  压缩时间: 2.38 秒
  压缩吞吐量: 332.414951 MiB/s
  解压时间: 0.61 秒
  解压吞吐量: 1293.267973 MiB/s
  LZ4文件: ./compressed_datasets/linux/v4.18.tar.lz4

文件 #132: v4.19.tar
  原始大小: 800.57 MiB
  LZ4压缩大小: 253.63 MiB
  压缩率: 3.15x
  压缩时间: 3.43 秒
  压缩吞吐量: 233.334304 MiB/s
  解压时间: 0.62 秒
  解压吞吐量: 1293.327948 MiB/s
  LZ4文件: ./compressed_datasets/linux/v4.19.tar.lz4

文件 #133: v4.20.tar
  原始大小: 815.17 MiB
  LZ4压缩大小: 257.12 MiB
  压缩率: 3.17x
  压缩时间: 2.41 秒
  压缩吞吐量: 338.666389 MiB/s
  解压时间: 0.63 秒
  解压吞吐量: 1287.788309 MiB/s
  LZ4文件: ./compressed_datasets/linux/v4.20.tar.lz4

文件 #134: v5.0.tar
  原始大小: 823.31 MiB
  LZ4压缩大小: 259.44 MiB
  压缩率: 3.17x
  压缩时间: 2.37 秒
  压缩吞吐量: 346.802864 MiB/s
  解压时间: 0.64 秒
  解压吞吐量: 1280.419906 MiB/s
  LZ4文件: ./compressed_datasets/linux/v5.0.tar.lz4

文件 #135: v5.1.tar
  原始大小: 831.27 MiB
  LZ4压缩大小: 261.88 MiB
  压缩率: 3.17x
  压缩时间: 2.95 秒
  压缩吞吐量: 281.881993 MiB/s
  解压时间: 0.64 秒
  解压吞吐量: 1298.859375 MiB/s
  LZ4文件: ./compressed_datasets/linux/v5.1.tar.lz4

文件 #136: v5.2.tar
  原始大小: 830.86 MiB
  LZ4压缩大小: 262.63 MiB
  压缩率: 3.16x
  压缩时间: 2.40 秒
  压缩吞吐量: 346.769616 MiB/s
  解压时间: 0.66 秒
  解压吞吐量: 1255.075528 MiB/s
  LZ4文件: ./compressed_datasets/linux/v5.2.tar.lz4

文件 #137: v5.3.tar
  原始大小: 871.02 MiB
  LZ4压缩大小: 269.44 MiB
  压缩率: 3.23x
  压缩时间: 2.55 秒
  压缩吞吐量: 341.041503 MiB/s
  解压时间: 0.68 秒
  解压吞吐量: 1286.587887 MiB/s
  LZ4文件: ./compressed_datasets/linux/v5.3.tar.lz4

文件 #138: v5.4.tar
  原始大小: 894.67 MiB
  LZ4压缩大小: 273.63 MiB
  压缩率: 3.26x
  压缩时间: 2.60 秒
  压缩吞吐量: 343.839354 MiB/s
  解压时间: 0.70 秒
  解压吞吐量: 1281.762177 MiB/s
  LZ4文件: ./compressed_datasets/linux/v5.4.tar.lz4

文件 #139: v5.5.tar
  原始大小: 903.78 MiB
  LZ4压缩大小: 276.56 MiB
  压缩率: 3.26x
  压缩时间: 2.66 秒
  压缩吞吐量: 339.894697 MiB/s
  解压时间: 0.69 秒
  解压吞吐量: 1304.155844 MiB/s
  LZ4文件: ./compressed_datasets/linux/v5.5.tar.lz4

文件 #140: v5.6.tar
  原始大小: 913.25 MiB
  LZ4压缩大小: 279.42 MiB
  压缩率: 3.26x
  压缩时间: 2.68 秒
  压缩吞吐量: 340.383898 MiB/s
  解压时间: 0.71 秒
  解压吞吐量: 1288.081805 MiB/s
  LZ4文件: ./compressed_datasets/linux/v5.6.tar.lz4

文件 #141: v5.7.tar
  原始大小: 921.03 MiB
  LZ4压缩大小: 281.92 MiB
  压缩率: 3.26x
  压缩时间: 2.66 秒
  压缩吞吐量: 346.773343 MiB/s
  解压时间: 0.70 秒
  解压吞吐量: 1312.008547 MiB/s
  LZ4文件: ./compressed_datasets/linux/v5.7.tar.lz4

文件 #142: v5.8.tar
  原始大小: 938.30 MiB
  LZ4压缩大小: 286.66 MiB
  压缩率: 3.27x
  压缩时间: 2.70 秒
  压缩吞吐量: 347.389855 MiB/s
  解压时间: 0.76 秒
  解压吞吐量: 1237.862796 MiB/s
  LZ4文件: ./compressed_datasets/linux/v5.8.tar.lz4

文件 #143: v5.9.tar
  原始大小: 964.17 MiB
  LZ4压缩大小: 286.06 MiB
  压缩率: 3.37x
  压缩时间: 3.41 秒
  压缩吞吐量: 282.499267 MiB/s
  解压时间: 0.81 秒
  解压吞吐量: 1196.240694 MiB/s
  LZ4文件: ./compressed_datasets/linux/v5.9.tar.lz4

文件 #144: v5.10-rc1.tar
  原始大小: 972.39 MiB
  LZ4压缩大小: 288.74 MiB
  压缩率: 3.36x
  压缩时间: 2.85 秒
  压缩吞吐量: 341.429073 MiB/s
  解压时间: 0.74 秒
  解压吞吐量: 1315.818673 MiB/s
  LZ4文件: ./compressed_datasets/linux/v5.10-rc1.tar.lz4

文件 #145: v5.10-rc2.tar
  原始大小: 971.69 MiB
  LZ4压缩大小: 288.54 MiB
  压缩率: 3.36x
  压缩时间: 2.87 秒
  压缩吞吐量: 338.096729 MiB/s
  解压时间: 0.77 秒
  解压吞吐量: 1258.665803 MiB/s
  LZ4文件: ./compressed_datasets/linux/v5.10-rc2.tar.lz4

文件 #146: v5.10-rc3.tar
  原始大小: 971.74 MiB
  LZ4压缩大小: 288.54 MiB
  压缩率: 3.36x
  压缩时间: 6.70 秒
  压缩吞吐量: 145.079128 MiB/s
  解压时间: 0.87 秒
  解压吞吐量: 1120.807381 MiB/s
  LZ4文件: ./compressed_datasets/linux/v5.10-rc3.tar.lz4

文件 #147: v5.10-rc4.tar
  原始大小: 971.85 MiB
  LZ4压缩大小: 288.55 MiB
  压缩率: 3.36x
  压缩时间: 2.77 秒
  压缩吞吐量: 350.721761 MiB/s
  解压时间: 0.75 秒
  解压吞吐量: 1301.004016 MiB/s
  LZ4文件: ./compressed_datasets/linux/v5.10-rc4.tar.lz4

文件 #148: v5.10-rc5.tar
  原始大小: 971.92 MiB
  LZ4压缩大小: 288.58 MiB
  压缩率: 3.36x
  压缩时间: 2.76 秒
  压缩吞吐量: 351.889934 MiB/s
  解压时间: 0.74 秒
  解压吞吐量: 1311.632928 MiB/s
  LZ4文件: ./compressed_datasets/linux/v5.10-rc5.tar.lz4

文件 #149: v5.10-rc6.tar
  原始大小: 971.99 MiB
  LZ4压缩大小: 288.62 MiB
  压缩率: 3.36x
  压缩时间: 2.77 秒
  压缩吞吐量: 351.152456 MiB/s
  解压时间: 0.75 秒
  解压吞吐量: 1302.935656 MiB/s
  LZ4文件: ./compressed_datasets/linux/v5.10-rc6.tar.lz4

文件 #150: v5.10-rc7.tar
  原始大小: 972.00 MiB
  LZ4压缩大小: 288.61 MiB
  压缩率: 3.36x
  压缩时间: 2.75 秒
  压缩吞吐量: 353.583121 MiB/s
  解压时间: 0.74 秒
  解压吞吐量: 1313.513513 MiB/s
  LZ4文件: ./compressed_datasets/linux/v5.10-rc7.tar.lz4

文件 #151: v5.10.tar
  原始大小: 972.02 MiB
  LZ4压缩大小: 288.60 MiB
  压缩率: 3.36x
  压缩时间: 2.86 秒
  压缩吞吐量: 339.629629 MiB/s
  解压时间: 0.75 秒
  解压吞吐量: 1290.863213 MiB/s
  LZ4文件: ./compressed_datasets/linux/v5.10.tar.lz4

文件 #152: v5.11-rc1.tar
  原始大小: 1014.61 MiB
  LZ4压缩大小: 295.64 MiB
  压缩率: 3.43x
  压缩时间: 2.87 秒
  压缩吞吐量: 353.030619 MiB/s
  解压时间: 0.77 秒
  解压吞吐量: 1317.675324 MiB/s
  LZ4文件: ./compressed_datasets/linux/v5.11-rc1.tar.lz4

文件 #153: v5.11-rc2.tar
  原始大小: 1014.61 MiB
  LZ4压缩大小: 295.62 MiB
  压缩率: 3.43x
  压缩时间: 2.90 秒
  压缩吞吐量: 349.865517 MiB/s
  解压时间: 0.77 秒
  解压吞吐量: 1309.174193 MiB/s
  LZ4文件: ./compressed_datasets/linux/v5.11-rc2.tar.lz4

文件 #154: v5.11-rc3.tar
  原始大小: 1014.66 MiB
  LZ4压缩大小: 295.65 MiB
  压缩率: 3.43x
  压缩时间: 2.79 秒
  压缩吞吐量: 363.156764 MiB/s
  解压时间: 0.77 秒
  解压吞吐量: 1309.238709 MiB/s
  LZ4文件: ./compressed_datasets/linux/v5.11-rc3.tar.lz4

文件 #155: v5.11-rc4.tar
  原始大小: 1014.75 MiB
  LZ4压缩大小: 295.69 MiB
  压缩率: 3.43x
  压缩时间: 2.93 秒
  压缩吞吐量: 345.976815 MiB/s
  解压时间: 0.78 秒
  解压吞吐量: 1304.305912 MiB/s
  LZ4文件: ./compressed_datasets/linux/v5.11-rc4.tar.lz4

文件 #156: v5.11-rc5.tar
  原始大小: 1014.78 MiB
  LZ4压缩大小: 295.70 MiB
  压缩率: 3.43x
  压缩时间: 2.87 秒
  压缩吞吐量: 354.198952 MiB/s
  解压时间: 0.83 秒
  解压吞吐量: 1227.061668 MiB/s
  LZ4文件: ./compressed_datasets/linux/v5.11-rc5.tar.lz4

文件 #157: v5.11-rc6.tar
  原始大小: 1014.83 MiB
  LZ4压缩大小: 295.72 MiB
  压缩率: 3.43x
  压缩时间: 3.36 秒
  压缩吞吐量: 302.482861 MiB/s
  解压时间: 0.78 秒
  解压吞吐量: 1306.087516 MiB/s
  LZ4文件: ./compressed_datasets/linux/v5.11-rc6.tar.lz4

文件 #158: v5.11-rc7.tar
  原始大小: 1014.89 MiB
  LZ4压缩大小: 295.73 MiB
  压缩率: 3.43x
  压缩时间: 2.94 秒
  压缩吞吐量: 345.318135 MiB/s
  解压时间: 0.78 秒
  解压吞吐量: 1294.502551 MiB/s
  LZ4文件: ./compressed_datasets/linux/v5.11-rc7.tar.lz4

文件 #159: v5.11.tar
  原始大小: 1014.91 MiB
  LZ4压缩大小: 295.73 MiB
  压缩率: 3.43x
  压缩时间: 2.84 秒
  压缩吞吐量: 357.614517 MiB/s
  解压时间: 0.77 秒
  解压吞吐量: 1316.355382 MiB/s
  LZ4文件: ./compressed_datasets/linux/v5.11.tar.lz4

文件 #160: v5.12-rc1-dontuse.tar
  原始大小: 1020.49 MiB
  LZ4压缩大小: 297.37 MiB
  压缩率: 3.43x
  压缩时间: 4.27 秒
  压缩吞吐量: 238.766963 MiB/s
  解压时间: 0.77 秒
  解压吞吐量: 1320.168175 MiB/s
  LZ4文件: ./compressed_datasets/linux/v5.12-rc1-dontuse.tar.lz4

文件 #161: v5.12-rc2.tar
  原始大小: 1020.53 MiB
  LZ4压缩大小: 297.34 MiB
  压缩率: 3.43x
  压缩时间: 2.86 秒
  压缩吞吐量: 357.078376 MiB/s
  解压时间: 0.79 秒
  解压吞吐量: 1300.038216 MiB/s
  LZ4文件: ./compressed_datasets/linux/v5.12-rc2.tar.lz4

文件 #162: v5.12-rc3.tar
  原始大小: 1020.59 MiB
  LZ4压缩大小: 297.36 MiB
  压缩率: 3.43x
  压缩时间: 2.86 秒
  压缩吞吐量: 357.474605 MiB/s
  解压时间: 0.79 秒
  解压吞吐量: 1300.114649 MiB/s
  LZ4文件: ./compressed_datasets/linux/v5.12-rc3.tar.lz4

文件 #163: v5.12-rc4.tar
  原始大小: 1020.60 MiB
  LZ4压缩大小: 297.38 MiB
  压缩率: 3.43x
  压缩时间: 3.73 秒
  压缩吞吐量: 273.545966 MiB/s
  解压时间: 0.84 秒
  解压吞吐量: 1209.241706 MiB/s
  LZ4文件: ./compressed_datasets/linux/v5.12-rc4.tar.lz4

文件 #164: v5.12-rc5.tar
  原始大小: 1020.67 MiB
  LZ4压缩大小: 297.39 MiB
  压缩率: 3.43x
  压缩时间: 3.23 秒
  压缩吞吐量: 315.703680 MiB/s
  解压时间: 0.79 秒
  解压吞吐量: 1293.624841 MiB/s
  LZ4文件: ./compressed_datasets/linux/v5.12-rc5.tar.lz4

文件 #165: v5.12-rc6.tar
  原始大小: 1020.68 MiB
  LZ4压缩大小: 297.40 MiB
  压缩率: 3.43x
  压缩时间: 2.87 秒
  压缩吞吐量: 356.258289 MiB/s
  解压时间: 0.77 秒
  解压吞吐量: 1318.708010 MiB/s
  LZ4文件: ./compressed_datasets/linux/v5.12-rc6.tar.lz4

文件 #166: v5.12-rc7.tar
  原始大小: 1020.72 MiB
  LZ4压缩大小: 297.42 MiB
  压缩率: 3.43x
  压缩时间: 2.93 秒
  压缩吞吐量: 348.487538 MiB/s
  解压时间: 0.79 秒
  解压吞吐量: 1288.787878 MiB/s
  LZ4文件: ./compressed_datasets/linux/v5.12-rc7.tar.lz4

文件 #167: v5.12-rc8.tar
  原始大小: 1020.73 MiB
  LZ4压缩大小: 297.41 MiB
  压缩率: 3.43x
  压缩时间: 2.86 秒
  压缩吞吐量: 357.273363 MiB/s
  解压时间: 0.77 秒
  解压吞吐量: 1322.189119 MiB/s
  LZ4文件: ./compressed_datasets/linux/v5.12-rc8.tar.lz4

文件 #168: v5.12.tar
  原始大小: 1020.73 MiB
  LZ4压缩大小: 297.39 MiB
  压缩率: 3.43x
  压缩时间: 3.21 秒
  压缩吞吐量: 317.885393 MiB/s
  解压时间: 0.78 秒
  解压吞吐量: 1303.614303 MiB/s
  LZ4文件: ./compressed_datasets/linux/v5.12.tar.lz4

文件 #169: v5.13-rc1.tar
  原始大小: 1040.90 MiB
  LZ4压缩大小: 301.27 MiB
  压缩率: 3.45x
  压缩时间: 3.54 秒
  压缩吞吐量: 294.205765 MiB/s
  解压时间: 0.80 秒
  解压吞吐量: 1301.125000 MiB/s
  LZ4文件: ./compressed_datasets/linux/v5.13-rc1.tar.lz4

文件 #170: v5.13-rc2.tar
  原始大小: 1040.93 MiB
  LZ4压缩大小: 301.30 MiB
  压缩率: 3.45x
  压缩时间: 3.10 秒
  压缩吞吐量: 335.351159 MiB/s
  解压时间: 0.81 秒
  解压吞吐量: 1289.876084 MiB/s
  LZ4文件: ./compressed_datasets/linux/v5.13-rc2.tar.lz4

文件 #171: v5.13-rc3.tar
  原始大小: 1040.96 MiB
  LZ4压缩大小: 301.31 MiB
  压缩率: 3.45x
  压缩时间: 4.66 秒
  压缩吞吐量: 223.477887 MiB/s
  解压时间: 0.80 秒
  解压吞吐量: 1306.097867 MiB/s
  LZ4文件: ./compressed_datasets/linux/v5.13-rc3.tar.lz4

文件 #172: v5.13-rc4.tar
  原始大小: 1041.08 MiB
  LZ4压缩大小: 301.36 MiB
  压缩率: 3.45x
  压缩时间: 3.12 秒
  压缩吞吐量: 333.679487 MiB/s
  解压时间: 0.80 秒
  解压吞吐量: 1309.534591 MiB/s
  LZ4文件: ./compressed_datasets/linux/v5.13-rc4.tar.lz4

文件 #173: v5.13-rc5.tar
  原始大小: 1041.11 MiB
  LZ4压缩大小: 301.35 MiB
  压缩率: 3.45x
  压缩时间: 3.13 秒
  压缩吞吐量: 332.835677 MiB/s
  解压时间: 0.79 秒
  解压吞吐量: 1312.875157 MiB/s
  LZ4文件: ./compressed_datasets/linux/v5.13-rc5.tar.lz4

文件 #174: v5.13-rc6.tar
  原始大小: 1041.14 MiB
  LZ4压缩大小: 301.37 MiB
  压缩率: 3.45x
  压缩时间: 5.01 秒
  压缩吞吐量: 207.895367 MiB/s
  解压时间: 0.80 秒
  解压吞吐量: 1304.686716 MiB/s
  LZ4文件: ./compressed_datasets/linux/v5.13-rc6.tar.lz4

文件 #175: v5.13-rc7.tar
  原始大小: 1041.19 MiB
  LZ4压缩大小: 301.37 MiB
  压缩率: 3.45x
  压缩时间: 3.10 秒
  压缩吞吐量: 335.651192 MiB/s
  解压时间: 0.80 秒
  解压吞吐量: 1298.241895 MiB/s
  LZ4文件: ./compressed_datasets/linux/v5.13-rc7.tar.lz4

文件 #176: v5.13.tar
  原始大小: 1041.20 MiB
  LZ4压缩大小: 301.37 MiB
  压缩率: 3.45x
  压缩时间: 3.08 秒
  压缩吞吐量: 337.722997 MiB/s
  解压时间: 0.79 秒
  解压吞吐量: 1322.998729 MiB/s
  LZ4文件: ./compressed_datasets/linux/v5.13.tar.lz4

文件 #177: v5.14-rc1.tar
  原始大小: 1074.36 MiB
  LZ4压缩大小: 307.38 MiB
  压缩率: 3.49x
  压缩时间: 3.20 秒
  压缩吞吐量: 335.318352 MiB/s
  解压时间: 0.82 秒
  解压吞吐量: 1308.599269 MiB/s
  LZ4文件: ./compressed_datasets/linux/v5.14-rc1.tar.lz4

文件 #178: v5.14-rc2.tar
  原始大小: 1074.36 MiB
  LZ4压缩大小: 307.41 MiB
  压缩率: 3.49x
  压缩时间: 3.14 秒
  压缩吞吐量: 341.826280 MiB/s
  解压时间: 0.83 秒
  解压吞吐量: 1295.971049 MiB/s
  LZ4文件: ./compressed_datasets/linux/v5.14-rc2.tar.lz4

文件 #179: v5.14-rc3.tar
  原始大小: 1074.40 MiB
  LZ4压缩大小: 307.43 MiB
  压缩率: 3.49x
  压缩时间: 3.55 秒
  压缩吞吐量: 302.392344 MiB/s
  解压时间: 0.82 秒
  解压吞吐量: 1313.447432 MiB/s
  LZ4文件: ./compressed_datasets/linux/v5.14-rc3.tar.lz4

文件 #180: v5.14-rc4.tar
  原始大小: 1074.46 MiB
  LZ4压缩大小: 307.45 MiB
  压缩率: 3.49x
  压缩时间: 3.18 秒
  压缩吞吐量: 337.880503 MiB/s
  解压时间: 0.81 秒
  解压吞吐量: 1318.355828 MiB/s
  LZ4文件: ./compressed_datasets/linux/v5.14-rc4.tar.lz4

文件 #181: v5.14-rc5.tar
  原始大小: 1074.50 MiB
  LZ4压缩大小: 307.46 MiB
  压缩率: 3.49x
  压缩时间: 4.68 秒
  压缩吞吐量: 229.790419 MiB/s
  解压时间: 0.82 秒
  解压吞吐量: 1307.177615 MiB/s
  LZ4文件: ./compressed_datasets/linux/v5.14-rc5.tar.lz4

文件 #182: v5.14-rc6.tar
  原始大小: 1074.52 MiB
  LZ4压缩大小: 307.45 MiB
  压缩率: 3.49x
  压缩时间: 3.24 秒
  压缩吞吐量: 331.437384 MiB/s
  解压时间: 0.83 秒
  解压吞吐量: 1300.871670 MiB/s
  LZ4文件: ./compressed_datasets/linux/v5.14-rc6.tar.lz4

文件 #183: v5.14-rc7.tar
  原始大小: 1074.53 MiB
  LZ4压缩大小: 307.47 MiB
  压缩率: 3.49x
  压缩时间: 3.18 秒
  压缩吞吐量: 337.478015 MiB/s
  解压时间: 0.82 秒
  解压吞吐量: 1310.402439 MiB/s
  LZ4文件: ./compressed_datasets/linux/v5.14-rc7.tar.lz4

文件 #184: v5.14.tar
  原始大小: 1074.54 MiB
  LZ4压缩大小: 307.43 MiB
  压缩率: 3.49x
  压缩时间: 5.97 秒
  压缩吞吐量: 180.110626 MiB/s
  解压时间: 0.83 秒
  解压吞吐量: 1300.895883 MiB/s
  LZ4文件: ./compressed_datasets/linux/v5.14.tar.lz4

文件 #185: v5.15-rc1.tar
  原始大小: 1084.10 MiB
  LZ4压缩大小: 310.52 MiB
  压缩率: 3.49x
  压缩时间: 3.22 秒
  压缩吞吐量: 336.259305 MiB/s
  解压时间: 0.83 秒
  解压吞吐量: 1309.299516 MiB/s
  LZ4文件: ./compressed_datasets/linux/v5.15-rc1.tar.lz4

文件 #186: v5.15-rc2.tar
  原始大小: 1084.14 MiB
  LZ4压缩大小: 310.53 MiB
  压缩率: 3.49x
  压缩时间: 3.23 秒
  压缩吞吐量: 335.231910 MiB/s
  解压时间: 0.82 秒
  解压吞吐量: 1320.511571 MiB/s
  LZ4文件: ./compressed_datasets/linux/v5.15-rc2.tar.lz4

文件 #187: v5.15-rc3.tar
  原始大小: 1084.18 MiB
  LZ4压缩大小: 310.55 MiB
  压缩率: 3.49x
  压缩时间: 3.75 秒
  压缩吞吐量: 288.883559 MiB/s
  解压时间: 0.82 秒
  解压吞吐量: 1317.351154 MiB/s
  LZ4文件: ./compressed_datasets/linux/v5.15-rc3.tar.lz4

文件 #188: v5.15-rc4.tar
  原始大小: 1084.23 MiB
  LZ4压缩大小: 310.57 MiB
  压缩率: 3.49x
  压缩时间: 3.24 秒
  压缩吞吐量: 334.845583 MiB/s
  解压时间: 0.82 秒
  解压吞吐量: 1317.411907 MiB/s
  LZ4文件: ./compressed_datasets/linux/v5.15-rc4.tar.lz4

文件 #189: v5.15-rc5.tar
  原始大小: 1084.26 MiB
  LZ4压缩大小: 310.59 MiB
  压缩率: 3.49x
  压缩时间: 5.74 秒
  压缩吞吐量: 188.862567 MiB/s
  解压时间: 0.88 秒
  解压吞吐量: 1226.538461 MiB/s
  LZ4文件: ./compressed_datasets/linux/v5.15-rc5.tar.lz4

文件 #190: v5.15-rc6.tar
  原始大小: 1084.30 MiB
  LZ4压缩大小: 310.61 MiB
  压缩率: 3.49x
  压缩时间: 3.27 秒
  压缩吞吐量: 331.387530 MiB/s
  解压时间: 0.83 秒
  解压吞吐量: 1312.711864 MiB/s
  LZ4文件: ./compressed_datasets/linux/v5.15-rc6.tar.lz4

文件 #191: v5.15-rc7.tar
  原始大小: 1084.33 MiB
  LZ4压缩大小: 310.62 MiB
  压缩率: 3.49x
  压缩时间: 3.23 秒
  压缩吞吐量: 336.122132 MiB/s
  解压时间: 0.82 秒
  解压吞吐量: 1328.835784 MiB/s
  LZ4文件: ./compressed_datasets/linux/v5.15-rc7.tar.lz4

文件 #192: v5.15.tar
  原始大小: 1084.34 MiB
  LZ4压缩大小: 310.60 MiB
  压缩率: 3.49x
  压缩时间: 3.24 秒
  压缩吞吐量: 334.983008 MiB/s
  解压时间: 0.83 秒
  解压吞吐量: 1303.293269 MiB/s
  LZ4文件: ./compressed_datasets/linux/v5.15.tar.lz4

文件 #193: v5.16-rc1.tar
  原始大小: 1098.46 MiB
  LZ4压缩大小: 314.11 MiB
  压缩率: 3.49x
  压缩时间: 3.24 秒
  压缩吞吐量: 338.612823 MiB/s
  解压时间: 0.89 秒
  解压吞吐量: 1234.224719 MiB/s
  LZ4文件: ./compressed_datasets/linux/v5.16-rc1.tar.lz4

文件 #194: v5.16-rc2.tar
  原始大小: 1098.51 MiB
  LZ4压缩大小: 314.12 MiB
  压缩率: 3.49x
  压缩时间: 3.83 秒
  压缩吞吐量: 287.042069 MiB/s
  解压时间: 0.83 秒
  解压吞吐量: 1318.739495 MiB/s
  LZ4文件: ./compressed_datasets/linux/v5.16-rc2.tar.lz4

文件 #195: v5.16-rc3.tar
  原始大小: 1098.47 MiB
  LZ4压缩大小: 314.13 MiB
  压缩率: 3.49x
  压缩时间: 3.53 秒
  压缩吞吐量: 311.269481 MiB/s
  解压时间: 0.84 秒
  解压吞吐量: 1306.147443 MiB/s
  LZ4文件: ./compressed_datasets/linux/v5.16-rc3.tar.lz4

文件 #196: v5.16-rc4.tar
  原始大小: 1098.52 MiB
  LZ4压缩大小: 314.12 MiB
  压缩率: 3.49x
  压缩时间: 3.25 秒
  压缩吞吐量: 337.694435 MiB/s
  解压时间: 0.83 秒
  解压吞吐量: 1315.592814 MiB/s
  LZ4文件: ./compressed_datasets/linux/v5.16-rc4.tar.lz4

文件 #197: v5.16-rc5.tar
  原始大小: 1098.58 MiB
  LZ4压缩大小: 314.15 MiB
  压缩率: 3.49x
  压缩时间: 3.27 秒
  压缩吞吐量: 336.162790 MiB/s
  解压时间: 0.83 秒
  解压吞吐量: 1318.823529 MiB/s
  LZ4文件: ./compressed_datasets/linux/v5.16-rc5.tar.lz4

文件 #198: v5.16-rc6.tar
  原始大小: 1098.61 MiB
  LZ4压缩大小: 314.15 MiB
  压缩率: 3.49x
  压缩时间: 3.24 秒
  压缩吞吐量: 339.391411 MiB/s
  解压时间: 0.83 秒
  解压吞吐量: 1322.033694 MiB/s
  LZ4文件: ./compressed_datasets/linux/v5.16-rc6.tar.lz4

文件 #199: v5.16-rc7.tar
  原始大小: 1098.63 MiB
  LZ4压缩大小: 314.15 MiB
  压缩率: 3.49x
  压缩时间: 4.11 秒
  压缩吞吐量: 267.436708 MiB/s
  解压时间: 0.84 秒
  解压吞吐量: 1311.014319 MiB/s
  LZ4文件: ./compressed_datasets/linux/v5.16-rc7.tar.lz4

文件 #200: v5.16-rc8.tar
  原始大小: 1098.65 MiB
  LZ4压缩大小: 314.16 MiB
  压缩率: 3.49x
  压缩时间: 3.33 秒
  压缩吞吐量: 330.321707 MiB/s
  解压时间: 0.83 秒
  解压吞吐量: 1317.326139 MiB/s
  LZ4文件: ./compressed_datasets/linux/v5.16-rc8.tar.lz4

文件 #201: v5.16.tar
  原始大小: 1098.66 MiB
  LZ4压缩大小: 314.16 MiB
  压缩率: 3.49x
  压缩时间: 3.28 秒
  压缩吞吐量: 334.651233 MiB/s
  解压时间: 0.83 秒
  解压吞吐量: 1325.283474 MiB/s
  LZ4文件: ./compressed_datasets/linux/v5.16.tar.lz4

文件 #202: v5.17-rc1.tar
  原始大小: 1105.87 MiB
  LZ4压缩大小: 316.32 MiB
  压缩率: 3.49x
  压缩时间: 6.07 秒
  压缩吞吐量: 182.066183 MiB/s
  解压时间: 0.85 秒
  解压吞吐量: 1308.721893 MiB/s
  LZ4文件: ./compressed_datasets/linux/v5.17-rc1.tar.lz4

文件 #203: v5.17-rc2.tar
  原始大小: 1105.95 MiB
  LZ4压缩大小: 316.35 MiB
  压缩率: 3.49x
  压缩时间: 3.29 秒
  压缩吞吐量: 336.564211 MiB/s
  解压时间: 0.84 秒
  解压吞吐量: 1319.749403 MiB/s
  LZ4文件: ./compressed_datasets/linux/v5.17-rc2.tar.lz4

文件 #204: v5.17-rc3.tar
  原始大小: 1106.02 MiB
  LZ4压缩大小: 316.38 MiB
  压缩率: 3.49x
  压缩时间: 3.27 秒
  压缩吞吐量: 338.129012 MiB/s
  解压时间: 0.93 秒
  解压吞吐量: 1187.991407 MiB/s
  LZ4文件: ./compressed_datasets/linux/v5.17-rc3.tar.lz4

文件 #205: v5.17-rc4.tar
  原始大小: 1106.04 MiB
  LZ4压缩大小: 316.36 MiB
  压缩率: 3.49x
  压缩时间: 3.34 秒
  压缩吞吐量: 331.646176 MiB/s
  解压时间: 0.85 秒
  解压吞吐量: 1298.169014 MiB/s
  LZ4文件: ./compressed_datasets/linux/v5.17-rc4.tar.lz4

文件 #206: v5.17-rc5.tar
  原始大小: 1106.06 MiB
  LZ4压缩大小: 316.36 MiB
  压缩率: 3.49x
  压缩时间: 3.33 秒
  压缩吞吐量: 331.851185 MiB/s
  解压时间: 0.84 秒
  解压吞吐量: 1310.497630 MiB/s
  LZ4文件: ./compressed_datasets/linux/v5.17-rc5.tar.lz4

文件 #207: v5.17-rc6.tar
  原始大小: 1106.09 MiB
  LZ4压缩大小: 316.39 MiB
  压缩率: 3.49x
  压缩时间: 5.02 秒
  压缩吞吐量: 220.468407 MiB/s
  解压时间: 0.84 秒
  解压吞吐量: 1321.493428 MiB/s
  LZ4文件: ./compressed_datasets/linux/v5.17-rc6.tar.lz4

文件 #208: v5.17-rc7.tar
  原始大小: 1106.12 MiB
  LZ4压缩大小: 316.42 MiB
  压缩率: 3.49x
  压缩时间: 3.28 秒
  压缩吞吐量: 336.820950 MiB/s
  解压时间: 0.85 秒
  解压吞吐量: 1305.926800 MiB/s
  LZ4文件: ./compressed_datasets/linux/v5.17-rc7.tar.lz4

文件 #209: v5.17-rc8.tar
  原始大小: 1106.18 MiB
  LZ4压缩大小: 316.42 MiB
  压缩率: 3.49x
  压缩时间: 3.26 秒
  压缩吞吐量: 338.903186 MiB/s
  解压时间: 0.84 秒
  解压吞吐量: 1320.023866 MiB/s
  LZ4文件: ./compressed_datasets/linux/v5.17-rc8.tar.lz4

文件 #210: v5.17.tar
  原始大小: 1106.18 MiB
  LZ4压缩大小: 316.40 MiB
  压缩率: 3.49x
  压缩时间: 3.32 秒
  压缩吞吐量: 333.689291 MiB/s
  解压时间: 0.85 秒
  解压吞吐量: 1298.333333 MiB/s
  LZ4文件: ./compressed_datasets/linux/v5.17.tar.lz4

文件 #211: v5.18-rc1.tar
  原始大小: 1158.79 MiB
  LZ4压缩大小: 325.18 MiB
  压缩率: 3.56x
  压缩时间: 3.39 秒
  压缩吞吐量: 341.423099 MiB/s
  解压时间: 0.88 秒
  解压吞吐量: 1316.806818 MiB/s
  LZ4文件: ./compressed_datasets/linux/v5.18-rc1.tar.lz4

文件 #212: v5.18-rc2.tar
  原始大小: 1158.82 MiB
  LZ4压缩大小: 325.18 MiB
  压缩率: 3.56x
  压缩时间: 3.43 秒
  压缩吞吐量: 337.946923 MiB/s
  解压时间: 0.88 秒
  解压吞吐量: 1315.346197 MiB/s
  LZ4文件: ./compressed_datasets/linux/v5.18-rc2.tar.lz4

文件 #213: v5.18-rc3.tar
  原始大小: 1158.84 MiB
  LZ4压缩大小: 325.20 MiB
  压缩率: 3.56x
  压缩时间: 3.42 秒
  压缩吞吐量: 338.743057 MiB/s
  解压时间: 0.87 秒
  解压吞吐量: 1327.422680 MiB/s
  LZ4文件: ./compressed_datasets/linux/v5.18-rc3.tar.lz4

文件 #214: v5.18-rc4.tar
  原始大小: 1158.86 MiB
  LZ4压缩大小: 325.21 MiB
  压缩率: 3.56x
  压缩时间: 4.70 秒
  压缩吞吐量: 246.618429 MiB/s
  解压时间: 0.88 秒
  解压吞吐量: 1312.412231 MiB/s
  LZ4文件: ./compressed_datasets/linux/v5.18-rc4.tar.lz4

文件 #215: v5.18-rc5.tar
  原始大小: 1158.89 MiB
  LZ4压缩大小: 325.22 MiB
  压缩率: 3.56x
  压缩时间: 4.08 秒
  压缩吞吐量: 284.041666 MiB/s
  解压时间: 0.87 秒
  解压吞吐量: 1327.479954 MiB/s
  LZ4文件: ./compressed_datasets/linux/v5.18-rc5.tar.lz4

文件 #216: v5.18-rc6.tar
  原始大小: 1158.92 MiB
  LZ4压缩大小: 325.24 MiB
  压缩率: 3.56x
  压缩时间: 3.55 秒
  压缩吞吐量: 326.732449 MiB/s
  解压时间: 0.87 秒
  解压吞吐量: 1333.624856 MiB/s
  LZ4文件: ./compressed_datasets/linux/v5.18-rc6.tar.lz4

文件 #217: v5.18-rc7.tar
  原始大小: 1158.95 MiB
  LZ4压缩大小: 325.26 MiB
  压缩率: 3.56x
  压缩时间: 3.53 秒
  压缩吞吐量: 328.314447 MiB/s
  解压时间: 1.10 秒
  解压吞吐量: 1057.436131 MiB/s
  LZ4文件: ./compressed_datasets/linux/v5.18-rc7.tar.lz4

文件 #218: v5.18.tar
  原始大小: 1158.98 MiB
  LZ4压缩大小: 325.23 MiB
  压缩率: 3.56x
  压缩时间: 5.50 秒
  压缩吞吐量: 210.723636 MiB/s
  解压时间: 1.27 秒
  解压吞吐量: 914.022082 MiB/s
  LZ4文件: ./compressed_datasets/linux/v5.18.tar.lz4

文件 #219: v5.19-rc1.tar
  原始大小: 1210.18 MiB
  LZ4压缩大小: 334.23 MiB
  压缩率: 3.62x
  压缩时间: 9.19 秒
  压缩吞吐量: 131.684439 MiB/s
  解压时间: 0.94 秒
  解压吞吐量: 1294.310160 MiB/s
  LZ4文件: ./compressed_datasets/linux/v5.19-rc1.tar.lz4

文件 #220: v5.19-rc2.tar
  原始大小: 1210.23 MiB
  LZ4压缩大小: 334.27 MiB
  压缩率: 3.62x
  压缩时间: 3.84 秒
  压缩吞吐量: 315.082009 MiB/s
  解压时间: 0.95 秒
  解压吞吐量: 1277.961985 MiB/s
  LZ4文件: ./compressed_datasets/linux/v5.19-rc2.tar.lz4

文件 #221: v5.19-rc3.tar
  原始大小: 1210.26 MiB
  LZ4压缩大小: 334.29 MiB
  压缩率: 3.62x
  压缩时间: 3.54 秒
  压缩吞吐量: 341.977959 MiB/s
  解压时间: 0.93 秒
  解压吞吐量: 1308.389189 MiB/s
  LZ4文件: ./compressed_datasets/linux/v5.19-rc3.tar.lz4

文件 #222: v5.19-rc4.tar
  原始大小: 1210.32 MiB
  LZ4压缩大小: 334.30 MiB
  压缩率: 3.62x
  压缩时间: 3.80 秒
  压缩吞吐量: 318.254009 MiB/s
  解压时间: 1.30 秒
  解压吞吐量: 931.732101 MiB/s
  LZ4文件: ./compressed_datasets/linux/v5.19-rc4.tar.lz4

文件 #223: v5.19-rc5.tar
  原始大小: 1210.35 MiB
  LZ4压缩大小: 334.30 MiB
  压缩率: 3.62x
  压缩时间: 5.28 秒
  压缩吞吐量: 229.232954 MiB/s
  解压时间: 1.20 秒
  解压吞吐量: 1011.152882 MiB/s
  LZ4文件: ./compressed_datasets/linux/v5.19-rc5.tar.lz4

文件 #224: v5.19-rc6.tar
  原始大小: 1210.39 MiB
  LZ4压缩大小: 334.30 MiB
  压缩率: 3.62x
  压缩时间: 4.06 秒
  压缩吞吐量: 298.272548 MiB/s
  解压时间: 1.15 秒
  解压吞吐量: 1048.864818 MiB/s
  LZ4文件: ./compressed_datasets/linux/v5.19-rc6.tar.lz4

文件 #225: v5.19-rc7.tar
  原始大小: 1210.45 MiB
  LZ4压缩大小: 334.34 MiB
  压缩率: 3.62x
  压缩时间: 3.58 秒
  压缩吞吐量: 338.587412 MiB/s
  解压时间: 0.92 秒
  解压吞吐量: 1317.138193 MiB/s
  LZ4文件: ./compressed_datasets/linux/v5.19-rc7.tar.lz4

文件 #226: v5.19-rc8.tar
  原始大小: 1210.49 MiB
  LZ4压缩大小: 334.35 MiB
  压缩率: 3.62x
  压缩时间: 9.40 秒
  压缩吞吐量: 128.830353 MiB/s
  解压时间: 0.93 秒
  解压吞吐量: 1305.814455 MiB/s
  LZ4文件: ./compressed_datasets/linux/v5.19-rc8.tar.lz4

文件 #227: v5.19.tar
  原始大小: 1210.49 MiB
  LZ4压缩大小: 334.34 MiB
  压缩率: 3.62x
  压缩时间: 3.54 秒
  压缩吞吐量: 341.656788 MiB/s
  解压时间: 0.93 秒
  解压吞吐量: 1301.602150 MiB/s
  LZ4文件: ./compressed_datasets/linux/v5.19.tar.lz4

文件 #228: v6.0-rc1.tar
  原始大小: 1278.06 MiB
  LZ4压缩大小: 345.27 MiB
  压缩率: 3.70x
  压缩时间: 3.75 秒
  压缩吞吐量: 340.452850 MiB/s
  解压时间: 0.97 秒
  解压吞吐量: 1317.587628 MiB/s
  LZ4文件: ./compressed_datasets/linux/v6.0-rc1.tar.lz4

文件 #229: v6.0-rc2.tar
  原始大小: 1278.17 MiB
  LZ4压缩大小: 345.26 MiB
  压缩率: 3.70x
  压缩时间: 3.80 秒
  压缩吞吐量: 336.803689 MiB/s
  解压时间: 1.06 秒
  解压吞吐量: 1209.243140 MiB/s
  LZ4文件: ./compressed_datasets/linux/v6.0-rc2.tar.lz4

文件 #230: v6.0-rc3.tar
  原始大小: 1278.21 MiB
  LZ4压缩大小: 345.29 MiB
  压缩率: 3.70x
  压缩时间: 3.71 秒
  压缩吞吐量: 344.809819 MiB/s
  解压时间: 0.98 秒
  解压吞吐量: 1306.963190 MiB/s
  LZ4文件: ./compressed_datasets/linux/v6.0-rc3.tar.lz4

文件 #231: v6.0-rc4.tar
  原始大小: 1278.25 MiB
  LZ4压缩大小: 345.29 MiB
  压缩率: 3.70x
  压缩时间: 3.85 秒
  压缩吞吐量: 332.185550 MiB/s
  解压时间: 0.97 秒
  解压吞吐量: 1320.506198 MiB/s
  LZ4文件: ./compressed_datasets/linux/v6.0-rc4.tar.lz4

文件 #232: v6.0-rc5.tar
  原始大小: 1278.28 MiB
  LZ4压缩大小: 345.31 MiB
  压缩率: 3.70x
  压缩时间: 5.52 秒
  压缩吞吐量: 231.530519 MiB/s
  解压时间: 0.97 秒
  解压吞吐量: 1323.271221 MiB/s
  LZ4文件: ./compressed_datasets/linux/v6.0-rc5.tar.lz4

文件 #233: v6.0-rc6.tar
  原始大小: 1278.28 MiB
  LZ4压缩大小: 345.30 MiB
  压缩率: 3.70x
  压缩时间: 3.81 秒
  压缩吞吐量: 335.506561 MiB/s
  解压时间: 0.99 秒
  解压吞吐量: 1292.497472 MiB/s
  LZ4文件: ./compressed_datasets/linux/v6.0-rc6.tar.lz4

文件 #234: v6.0-rc7.tar
  原始大小: 1278.30 MiB
  LZ4压缩大小: 345.32 MiB
  压缩率: 3.70x
  压缩时间: 3.71 秒
  压缩吞吐量: 344.091520 MiB/s
  解压时间: 0.96 秒
  解压吞吐量: 1327.414330 MiB/s
  LZ4文件: ./compressed_datasets/linux/v6.0-rc7.tar.lz4

文件 #235: v6.0.tar
  原始大小: 1278.32 MiB
  LZ4压缩大小: 345.29 MiB
  压缩率: 3.70x
  压缩时间: 3.72 秒
  压缩吞吐量: 343.265306 MiB/s
  解压时间: 0.98 秒
  解压吞吐量: 1299.105691 MiB/s
  LZ4文件: ./compressed_datasets/linux/v6.0.tar.lz4

文件 #236: v6.1-rc1.tar
  原始大小: 1295.06 MiB
  LZ4压缩大小: 349.16 MiB
  压缩率: 3.70x
  压缩时间: 4.04 秒
  压缩吞吐量: 320.877106 MiB/s
  解压时间: 1.31 秒
  解压吞吐量: 988.595419 MiB/s
  LZ4文件: ./compressed_datasets/linux/v6.1-rc1.tar.lz4

文件 #237: v6.1-rc2.tar
  原始大小: 1295.09 MiB
  LZ4压缩大小: 349.15 MiB
  压缩率: 3.70x
  压缩时间: 3.79 秒
  压缩吞吐量: 341.712401 MiB/s
  解压时间: 0.98 秒
  解压吞吐量: 1328.297435 MiB/s
  LZ4文件: ./compressed_datasets/linux/v6.1-rc2.tar.lz4

文件 #238: v6.1-rc3.tar
  原始大小: 1295.16 MiB
  LZ4压缩大小: 349.20 MiB
  压缩率: 3.70x
  压缩时间: 3.75 秒
  压缩吞吐量: 345.376000 MiB/s
  解压时间: 0.99 秒
  解压吞吐量: 1310.890688 MiB/s
  LZ4文件: ./compressed_datasets/linux/v6.1-rc3.tar.lz4

文件 #239: v6.1-rc4.tar
  原始大小: 1295.23 MiB
  LZ4压缩大小: 349.22 MiB
  压缩率: 3.70x
  压缩时间: 3.91 秒
  压缩吞吐量: 331.091513 MiB/s
  解压时间: 0.99 秒
  解压吞吐量: 1313.620689 MiB/s
  LZ4文件: ./compressed_datasets/linux/v6.1-rc4.tar.lz4

文件 #240: v6.1-rc5.tar
  原始大小: 1295.28 MiB
  LZ4压缩大小: 349.23 MiB
  压缩率: 3.70x
  压缩时间: 3.88 秒
  压缩吞吐量: 333.663060 MiB/s
  解压时间: 1.03 秒
  解压吞吐量: 1261.226874 MiB/s
  LZ4文件: ./compressed_datasets/linux/v6.1-rc5.tar.lz4

文件 #241: v6.1-rc6.tar
  原始大小: 1295.32 MiB
  LZ4压缩大小: 349.24 MiB
  压缩率: 3.70x
  压缩时间: 3.74 秒
  压缩吞吐量: 346.620283 MiB/s
  解压时间: 0.97 秒
  解压吞吐量: 1335.381443 MiB/s
  LZ4文件: ./compressed_datasets/linux/v6.1-rc6.tar.lz4

文件 #242: v6.1-rc7.tar
  原始大小: 1295.35 MiB
  LZ4压缩大小: 349.25 MiB
  压缩率: 3.70x
  压缩时间: 3.81 秒
  压缩吞吐量: 340.076135 MiB/s
  解压时间: 1.00 秒
  解压吞吐量: 1297.945891 MiB/s
  LZ4文件: ./compressed_datasets/linux/v6.1-rc7.tar.lz4

文件 #243: v6.1-rc8.tar
  原始大小: 1295.37 MiB
  LZ4压缩大小: 349.27 MiB
  压缩率: 3.70x
  压缩时间: 3.75 秒
  压缩吞吐量: 345.247867 MiB/s
  解压时间: 1.00 秒
  解压吞吐量: 1290.209163 MiB/s
  LZ4文件: ./compressed_datasets/linux/v6.1-rc8.tar.lz4

文件 #244: v6.1.tar
  原始大小: 1295.40 MiB
  LZ4压缩大小: 349.26 MiB
  压缩率: 3.70x
  压缩时间: 3.79 秒
  压缩吞吐量: 342.155309 MiB/s
  解压时间: 0.98 秒
  解压吞吐量: 1323.186925 MiB/s
  LZ4文件: ./compressed_datasets/linux/v6.1.tar.lz4

文件 #245: v6.2-rc1.tar
  原始大小: 1307.33 MiB
  LZ4压缩大小: 352.54 MiB
  压缩率: 3.70x
  压缩时间: 3.89 秒
  压缩吞吐量: 336.333933 MiB/s
  解压时间: 1.00 秒
  解压吞吐量: 1303.419740 MiB/s
  LZ4文件: ./compressed_datasets/linux/v6.2-rc1.tar.lz4

文件 #246: v6.2-rc2.tar
  原始大小: 1307.35 MiB
  LZ4压缩大小: 352.54 MiB
  压缩率: 3.70x
  压缩时间: 3.77 秒
  压缩吞吐量: 346.777188 MiB/s
  解压时间: 0.99 秒
  解压吞吐量: 1327.258883 MiB/s
  LZ4文件: ./compressed_datasets/linux/v6.2-rc2.tar.lz4

文件 #247: v6.2-rc3.tar
  原始大小: 1307.48 MiB
  LZ4压缩大小: 352.59 MiB
  压缩率: 3.70x
  压缩时间: 3.80 秒
  压缩吞吐量: 344.527009 MiB/s
  解压时间: 0.99 秒
  解压吞吐量: 1315.372233 MiB/s
  LZ4文件: ./compressed_datasets/linux/v6.2-rc3.tar.lz4

文件 #248: v6.2-rc4.tar
  原始大小: 1307.50 MiB
  LZ4压缩大小: 352.59 MiB
  压缩率: 3.70x
  压缩时间: 3.78 秒
  压缩吞吐量: 345.899470 MiB/s
  解压时间: 0.99 秒
  解压吞吐量: 1326.064908 MiB/s
  LZ4文件: ./compressed_datasets/linux/v6.2-rc4.tar.lz4

文件 #249: v6.2-rc5.tar
  原始大小: 1307.53 MiB
  LZ4压缩大小: 352.60 MiB
  压缩率: 3.70x
  压缩时间: 4.40 秒
  压缩吞吐量: 297.436305 MiB/s
  解压时间: 1.04 秒
  解压吞吐量: 1252.423371 MiB/s
  LZ4文件: ./compressed_datasets/linux/v6.2-rc5.tar.lz4

文件 #250: v6.2-rc6.tar
  原始大小: 1307.56 MiB
  LZ4压缩大小: 352.62 MiB
  压缩率: 3.70x
  压缩时间: 3.74 秒
  压缩吞吐量: 349.148197 MiB/s
  解压时间: 1.00 秒
  解压吞吐量: 1311.494483 MiB/s
  LZ4文件: ./compressed_datasets/linux/v6.2-rc6.tar.lz4

文件 #251: v6.2-rc7.tar
  原始大小: 1307.60 MiB
  LZ4压缩大小: 352.64 MiB
  压缩率: 3.70x
  压缩时间: 3.83 秒
  压缩吞吐量: 341.231732 MiB/s
  解压时间: 0.98 秒
  解压吞吐量: 1331.568228 MiB/s
  LZ4文件: ./compressed_datasets/linux/v6.2-rc7.tar.lz4

文件 #252: v6.2-rc8.tar
  原始大小: 1307.63 MiB
  LZ4压缩大小: 352.64 MiB
  压缩率: 3.70x
  压缩时间: 3.80 秒
  压缩吞吐量: 344.203737 MiB/s
  解压时间: 1.00 秒
  解压吞吐量: 1314.201005 MiB/s
  LZ4文件: ./compressed_datasets/linux/v6.2-rc8.tar.lz4

文件 #253: v6.2.tar
  原始大小: 1307.65 MiB
  LZ4压缩大小: 352.62 MiB
  压缩率: 3.70x
  压缩时间: 3.78 秒
  压缩吞吐量: 345.939153 MiB/s
  解压时间: 0.99 秒
  解压吞吐量: 1318.195564 MiB/s
  LZ4文件: ./compressed_datasets/linux/v6.2.tar.lz4

文件 #254: v6.3-rc1.tar
  原始大小: 1313.04 MiB
  LZ4压缩大小: 354.02 MiB
  压缩率: 3.70x
  压缩时间: 3.87 秒
  压缩吞吐量: 339.637868 MiB/s
  解压时间: 1.00 秒
  解压吞吐量: 1314.354354 MiB/s
  LZ4文件: ./compressed_datasets/linux/v6.3-rc1.tar.lz4

文件 #255: v6.3-rc2.tar
  原始大小: 1311.66 MiB
  LZ4压缩大小: 353.54 MiB
  压缩率: 3.71x
  压缩时间: 3.78 秒
  压缩吞吐量: 347.367584 MiB/s
  解压时间: 1.05 秒
  解压吞吐量: 1250.390848 MiB/s
  LZ4文件: ./compressed_datasets/linux/v6.3-rc2.tar.lz4

文件 #256: v6.3-rc3.tar
  原始大小: 1311.67 MiB
  LZ4压缩大小: 353.55 MiB
  压缩率: 3.70x
  压缩时间: 3.86 秒
  压缩吞吐量: 340.163381 MiB/s
  解压时间: 0.99 秒
  解压吞吐量: 1320.916414 MiB/s
  LZ4文件: ./compressed_datasets/linux/v6.3-rc3.tar.lz4

文件 #257: v6.3-rc4.tar
  原始大小: 1311.76 MiB
  LZ4压缩大小: 353.61 MiB
  压缩率: 3.70x
  压缩时间: 3.92 秒
  压缩吞吐量: 334.376752 MiB/s
  解压时间: 1.00 秒
  解压吞吐量: 1310.449550 MiB/s
  LZ4文件: ./compressed_datasets/linux/v6.3-rc4.tar.lz4

文件 #258: v6.3-rc5.tar
  原始大小: 1311.78 MiB
  LZ4压缩大小: 353.61 MiB
  压缩率: 3.70x
  压缩时间: 3.77 秒
  压缩吞吐量: 348.229360 MiB/s
  解压时间: 1.00 秒
  解压吞吐量: 1311.780000 MiB/s
  LZ4文件: ./compressed_datasets/linux/v6.3-rc5.tar.lz4

文件 #259: v6.3-rc6.tar
  原始大小: 1311.81 MiB
  LZ4压缩大小: 353.61 MiB
  压缩率: 3.70x
  压缩时间: 3.89 秒
  压缩吞吐量: 337.399691 MiB/s
  解压时间: 1.00 秒
  解压吞吐量: 1307.886340 MiB/s
  LZ4文件: ./compressed_datasets/linux/v6.3-rc6.tar.lz4

文件 #260: v6.3-rc7.tar
  原始大小: 1311.85 MiB
  LZ4压缩大小: 353.63 MiB
  压缩率: 3.70x
  压缩时间: 3.83 秒
  压缩吞吐量: 342.251500 MiB/s
  解压时间: 1.01 秒
  解压吞吐量: 1302.730883 MiB/s
  LZ4文件: ./compressed_datasets/linux/v6.3-rc7.tar.lz4

文件 #261: v6.3.tar
  原始大小: 1311.86 MiB
  LZ4压缩大小: 353.62 MiB
  压缩率: 3.70x
  压缩时间: 3.95 秒
  压缩吞吐量: 332.284701 MiB/s
  解压时间: 0.99 秒
  解压吞吐量: 1322.439516 MiB/s
  LZ4文件: ./compressed_datasets/linux/v6.3.tar.lz4

文件 #262: v6.4-rc1.tar
  原始大小: 1333.07 MiB
  LZ4压缩大小: 357.71 MiB
  压缩率: 3.72x
  压缩时间: 3.83 秒
  压缩吞吐量: 348.060052 MiB/s
  解压时间: 1.01 秒
  解压吞吐量: 1314.664694 MiB/s
  LZ4文件: ./compressed_datasets/linux/v6.4-rc1.tar.lz4

文件 #263: v6.4-rc2.tar
  原始大小: 1333.09 MiB
  LZ4压缩大小: 357.71 MiB
  压缩率: 3.72x
  压缩时间: 3.81 秒
  压缩吞吐量: 349.984247 MiB/s
  解压时间: 1.01 秒
  解压吞吐量: 1313.389162 MiB/s
  LZ4文件: ./compressed_datasets/linux/v6.4-rc2.tar.lz4

文件 #264: v6.4-rc3.tar
  原始大小: 1333.15 MiB
  LZ4压缩大小: 357.73 MiB
  压缩率: 3.72x
  压缩时间: 4.20 秒
  压缩吞吐量: 317.265587 MiB/s
  解压时间: 1.01 秒
  解压吞吐量: 1323.882820 MiB/s
  LZ4文件: ./compressed_datasets/linux/v6.4-rc3.tar.lz4

文件 #265: v6.4-rc4.tar
  原始大小: 1333.20 MiB
  LZ4压缩大小: 357.76 MiB
  压缩率: 3.72x
  压缩时间: 3.82 秒
  压缩吞吐量: 348.822605 MiB/s
  解压时间: 1.03 秒
  解压吞吐量: 1299.415204 MiB/s
  LZ4文件: ./compressed_datasets/linux/v6.4-rc4.tar.lz4

文件 #266: v6.4-rc5.tar
  原始大小: 1333.25 MiB
  LZ4压缩大小: 357.77 MiB
  压缩率: 3.72x
  压缩时间: 3.87 秒
  压缩吞吐量: 344.598087 MiB/s
  解压时间: 1.01 秒
  解压吞吐量: 1320.049504 MiB/s
  LZ4文件: ./compressed_datasets/linux/v6.4-rc5.tar.lz4

文件 #267: v6.4-rc6.tar
  原始大小: 1333.29 MiB
  LZ4压缩大小: 357.77 MiB
  压缩率: 3.72x
  压缩时间: 3.86 秒
  压缩吞吐量: 345.680580 MiB/s
  解压时间: 1.01 秒
  解压吞吐量: 1316.179664 MiB/s
  LZ4文件: ./compressed_datasets/linux/v6.4-rc6.tar.lz4

文件 #268: v6.4-rc7.tar
  原始大小: 1333.33 MiB
  LZ4压缩大小: 357.79 MiB
  压缩率: 3.72x
  压缩时间: 3.86 秒
  压缩吞吐量: 345.064699 MiB/s
  解压时间: 1.02 秒
  解压吞吐量: 1311.042281 MiB/s
  LZ4文件: ./compressed_datasets/linux/v6.4-rc7.tar.lz4

文件 #269: v6.4.tar
  原始大小: 1333.37 MiB
  LZ4压缩大小: 357.78 MiB
  压缩率: 3.72x
  压缩时间: 3.87 秒
  压缩吞吐量: 344.362086 MiB/s
  解压时间: 1.02 秒
  解压吞吐量: 1307.225490 MiB/s
  LZ4文件: ./compressed_datasets/linux/v6.4.tar.lz4

文件 #270: v6.5-rc1.tar
  原始大小: 1345.41 MiB
  LZ4压缩大小: 360.90 MiB
  压缩率: 3.72x
  压缩时间: 3.89 秒
  压缩吞吐量: 345.597225 MiB/s
  解压时间: 1.01 秒
  解压吞吐量: 1325.527093 MiB/s
  LZ4文件: ./compressed_datasets/linux/v6.5-rc1.tar.lz4

=== linux LZ4总体统计 ===
实际处理文件数量: 270
预期文件数量: 270
总原始大小: 202938.70 MiB
总LZ4压缩大小: 60113.76 MiB
总体压缩率: 3.37x
总压缩时间: 650.62 秒
总解压时间: 158.96 秒
压缩总体吞吐量: 311.91 MiB/s
解压总体吞吐量: 1276.64 MiB/s
LZ4文件保存目录: ./compressed_datasets/linux/
完成时间: 2025年 08月 17日 星期日 18:08:13 CST
