=== coreutils LZ4压缩报告 ===
开始时间: 2025年 08月 17日 星期日 17:18:57 CST
源路径: /mnt/dataset2/coreutils_tarballs
预期文件数量: 28
压缩算法: LZ4

文件处理顺序:
  1. 0.0.1.1.tar
  2. 0.0.1.tar
  3. 0.0.2.tar
  4. 0.0.3.tar
  5. 0.0.4.tar
  6. 0.0.5.tar
  7. 0.0.6.tar
  8. 0.0.7.tar
  9. 0.0.8.tar
  10. 0.0.9.tar
  11. 0.0.12.tar
  12. 0.0.13.tar
  13. 0.0.14.tar
  14. 0.0.15.tar
  15. 0.0.16.tar
  16. 0.0.17.tar
  17. 0.0.18.tar
  18. 0.0.19.tar
  19. 0.0.20.tar
  20. 0.0.21.tar
  21. 0.0.22.tar
  22. 0.0.23.tar
  23. 0.0.24.tar
  24. 0.0.25.tar
  25. 0.0.26.tar
  26. 0.0.27.tar
  27. 0.0.28.tar
  28. 0.0.29.tar

文件 #1: 0.0.1.1.tar
  原始大小: 2.36 MiB
  LZ4压缩大小: 0.60 MiB
  压缩率: 3.90x
  压缩时间: 0.01 秒
  压缩吞吐量: 393.333333 MiB/s
  解压时间: 0.00 秒
  解压吞吐量: 786.666666 MiB/s
  LZ4文件: ./compressed_datasets/coreutils/0.0.1.1.tar.lz4

文件 #2: 0.0.1.tar
  原始大小: 2.05 MiB
  LZ4压缩大小: 0.55 MiB
  压缩率: 3.68x
  压缩时间: 0.01 秒
  压缩吞吐量: 341.666666 MiB/s
  解压时间: 0.00 秒
  解压吞吐量: 683.333333 MiB/s
  LZ4文件: ./compressed_datasets/coreutils/0.0.1.tar.lz4

文件 #3: 0.0.2.tar
  原始大小: 2.71 MiB
  LZ4压缩大小: 0.69 MiB
  压缩率: 3.93x
  压缩时间: 0.01 秒
  压缩吞吐量: 338.750000 MiB/s
  解压时间: 0.00 秒
  解压吞吐量: 903.333333 MiB/s
  LZ4文件: ./compressed_datasets/coreutils/0.0.2.tar.lz4

文件 #4: 0.0.3.tar
  原始大小: 2.72 MiB
  LZ4压缩大小: 0.69 MiB
  压缩率: 3.92x
  压缩时间: 0.01 秒
  压缩吞吐量: 340.000000 MiB/s
  解压时间: 0.00 秒
  解压吞吐量: 680.000000 MiB/s
  LZ4文件: ./compressed_datasets/coreutils/0.0.3.tar.lz4

文件 #5: 0.0.4.tar
  原始大小: 2.77 MiB
  LZ4压缩大小: 0.71 MiB
  压缩率: 3.90x
  压缩时间: 0.01 秒
  压缩吞吐量: 346.250000 MiB/s
  解压时间: 0.00 秒
  解压吞吐量: 692.500000 MiB/s
  LZ4文件: ./compressed_datasets/coreutils/0.0.4.tar.lz4

文件 #6: 0.0.5.tar
  原始大小: 3.01 MiB
  LZ4压缩大小: 0.79 MiB
  压缩率: 3.80x
  压缩时间: 0.01 秒
  压缩吞吐量: 334.444444 MiB/s
  解压时间: 0.00 秒
  解压吞吐量: 752.500000 MiB/s
  LZ4文件: ./compressed_datasets/coreutils/0.0.5.tar.lz4

文件 #7: 0.0.6.tar
  原始大小: 3.01 MiB
  LZ4压缩大小: 0.79 MiB
  压缩率: 3.81x
  压缩时间: 0.01 秒
  压缩吞吐量: 334.444444 MiB/s
  解压时间: 0.00 秒
  解压吞吐量: 752.500000 MiB/s
  LZ4文件: ./compressed_datasets/coreutils/0.0.6.tar.lz4

文件 #8: 0.0.7.tar
  原始大小: 7.95 MiB
  LZ4压缩大小: 2.63 MiB
  压缩率: 3.01x
  压缩时间: 0.02 秒
  压缩吞吐量: 345.652173 MiB/s
  解压时间: 0.01 秒
  解压吞吐量: 883.333333 MiB/s
  LZ4文件: ./compressed_datasets/coreutils/0.0.7.tar.lz4

文件 #9: 0.0.8.tar
  原始大小: 10.39 MiB
  LZ4压缩大小: 3.01 MiB
  压缩率: 3.44x
  压缩时间: 0.03 秒
  压缩吞吐量: 399.615384 MiB/s
  解压时间: 0.01 秒
  解压吞吐量: 1039.000000 MiB/s
  LZ4文件: ./compressed_datasets/coreutils/0.0.8.tar.lz4

文件 #10: 0.0.9.tar
  原始大小: 10.51 MiB
  LZ4压缩大小: 3.05 MiB
  压缩率: 3.44x
  压缩时间: 0.03 秒
  压缩吞吐量: 404.230769 MiB/s
  解压时间: 0.01 秒
  解压吞吐量: 1051.000000 MiB/s
  LZ4文件: ./compressed_datasets/coreutils/0.0.9.tar.lz4

文件 #11: 0.0.12.tar
  原始大小: 10.52 MiB
  LZ4压缩大小: 3.05 MiB
  压缩率: 3.44x
  压缩时间: 0.03 秒
  压缩吞吐量: 404.615384 MiB/s
  解压时间: 0.01 秒
  解压吞吐量: 1052.000000 MiB/s
  LZ4文件: ./compressed_datasets/coreutils/0.0.12.tar.lz4

文件 #12: 0.0.13.tar
  原始大小: 11.06 MiB
  LZ4压缩大小: 3.31 MiB
  压缩率: 3.34x
  压缩时间: 0.03 秒
  压缩吞吐量: 395.000000 MiB/s
  解压时间: 0.01 秒
  解压吞吐量: 1106.000000 MiB/s
  LZ4文件: ./compressed_datasets/coreutils/0.0.13.tar.lz4

文件 #13: 0.0.14.tar
  原始大小: 8.88 MiB
  LZ4压缩大小: 2.67 MiB
  压缩率: 3.32x
  压缩时间: 0.03 秒
  压缩吞吐量: 306.206896 MiB/s
  解压时间: 0.01 秒
  解压吞吐量: 1110.000000 MiB/s
  LZ4文件: ./compressed_datasets/coreutils/0.0.14.tar.lz4

文件 #14: 0.0.15.tar
  原始大小: 9.19 MiB
  LZ4压缩大小: 2.76 MiB
  压缩率: 3.32x
  压缩时间: 0.02 秒
  压缩吞吐量: 382.916666 MiB/s
  解压时间: 0.01 秒
  解压吞吐量: 1021.111111 MiB/s
  LZ4文件: ./compressed_datasets/coreutils/0.0.15.tar.lz4

文件 #15: 0.0.16.tar
  原始大小: 9.31 MiB
  LZ4压缩大小: 2.78 MiB
  压缩率: 3.34x
  压缩时间: 0.02 秒
  压缩吞吐量: 404.782608 MiB/s
  解压时间: 0.01 秒
  解压吞吐量: 1034.444444 MiB/s
  LZ4文件: ./compressed_datasets/coreutils/0.0.16.tar.lz4

文件 #16: 0.0.17.tar
  原始大小: 9.34 MiB
  LZ4压缩大小: 2.69 MiB
  压缩率: 3.46x
  压缩时间: 0.02 秒
  压缩吞吐量: 389.166666 MiB/s
  解压时间: 0.01 秒
  解压吞吐量: 1037.777777 MiB/s
  LZ4文件: ./compressed_datasets/coreutils/0.0.17.tar.lz4

文件 #17: 0.0.18.tar
  原始大小: 9.54 MiB
  LZ4压缩大小: 2.73 MiB
  压缩率: 3.48x
  压缩时间: 0.04 秒
  压缩吞吐量: 221.860465 MiB/s
  解压时间: 0.01 秒
  解压吞吐量: 1060.000000 MiB/s
  LZ4文件: ./compressed_datasets/coreutils/0.0.18.tar.lz4

文件 #18: 0.0.19.tar
  原始大小: 9.78 MiB
  LZ4压缩大小: 2.79 MiB
  压缩率: 3.50x
  压缩时间: 0.03 秒
  压缩吞吐量: 391.200000 MiB/s
  解压时间: 0.01 秒
  解压吞吐量: 1086.666666 MiB/s
  LZ4文件: ./compressed_datasets/coreutils/0.0.19.tar.lz4

文件 #19: 0.0.20.tar
  原始大小: 9.81 MiB
  LZ4压缩大小: 2.80 MiB
  压缩率: 3.50x
  压缩时间: 0.02 秒
  压缩吞吐量: 408.750000 MiB/s
  解压时间: 0.01 秒
  解压吞吐量: 1090.000000 MiB/s
  LZ4文件: ./compressed_datasets/coreutils/0.0.20.tar.lz4

文件 #20: 0.0.21.tar
  原始大小: 9.86 MiB
  LZ4压缩大小: 2.80 MiB
  压缩率: 3.51x
  压缩时间: 0.03 秒
  压缩吞吐量: 394.400000 MiB/s
  解压时间: 0.01 秒
  解压吞吐量: 1095.555555 MiB/s
  LZ4文件: ./compressed_datasets/coreutils/0.0.21.tar.lz4

文件 #21: 0.0.22.tar
  原始大小: 9.95 MiB
  LZ4压缩大小: 2.83 MiB
  压缩率: 3.51x
  压缩时间: 0.03 秒
  压缩吞吐量: 382.692307 MiB/s
  解压时间: 0.01 秒
  解压吞吐量: 1105.555555 MiB/s
  LZ4文件: ./compressed_datasets/coreutils/0.0.22.tar.lz4

文件 #22: 0.0.23.tar
  原始大小: 10.00 MiB
  LZ4压缩大小: 2.85 MiB
  压缩率: 3.50x
  压缩时间: 0.03 秒
  压缩吞吐量: 400.000000 MiB/s
  解压时间: 0.01 秒
  解压吞吐量: 1111.111111 MiB/s
  LZ4文件: ./compressed_datasets/coreutils/0.0.23.tar.lz4

文件 #23: 0.0.24.tar
  原始大小: 10.14 MiB
  LZ4压缩大小: 2.88 MiB
  压缩率: 3.51x
  压缩时间: 0.03 秒
  压缩吞吐量: 405.600000 MiB/s
  解压时间: 0.01 秒
  解压吞吐量: 1126.666666 MiB/s
  LZ4文件: ./compressed_datasets/coreutils/0.0.24.tar.lz4

文件 #24: 0.0.25.tar
  原始大小: 10.67 MiB
  LZ4压缩大小: 3.15 MiB
  压缩率: 3.38x
  压缩时间: 0.03 秒
  压缩吞吐量: 395.185185 MiB/s
  解压时间: 0.01 秒
  解压吞吐量: 1067.000000 MiB/s
  LZ4文件: ./compressed_datasets/coreutils/0.0.25.tar.lz4

文件 #25: 0.0.26.tar
  原始大小: 10.77 MiB
  LZ4压缩大小: 3.16 MiB
  压缩率: 3.40x
  压缩时间: 0.07 秒
  压缩吞吐量: 151.690140 MiB/s
  解压时间: 0.01 秒
  解压吞吐量: 1077.000000 MiB/s
  LZ4文件: ./compressed_datasets/coreutils/0.0.26.tar.lz4

文件 #26: 0.0.27.tar
  原始大小: 10.86 MiB
  LZ4压缩大小: 3.19 MiB
  压缩率: 3.39x
  压缩时间: 0.03 秒
  压缩吞吐量: 402.222222 MiB/s
  解压时间: 0.01 秒
  解压吞吐量: 1086.000000 MiB/s
  LZ4文件: ./compressed_datasets/coreutils/0.0.27.tar.lz4

文件 #27: 0.0.28.tar
  原始大小: 11.16 MiB
  LZ4压缩大小: 3.29 MiB
  压缩率: 3.38x
  压缩时间: 0.03 秒
  压缩吞吐量: 398.571428 MiB/s
  解压时间: 0.01 秒
  解压吞吐量: 1116.000000 MiB/s
  LZ4文件: ./compressed_datasets/coreutils/0.0.28.tar.lz4

文件 #28: 0.0.29.tar
  原始大小: 11.31 MiB
  LZ4压缩大小: 3.36 MiB
  压缩率: 3.36x
  压缩时间: 0.03 秒
  压缩吞吐量: 390.000000 MiB/s
  解压时间: 0.01 秒
  解压吞吐量: 1131.000000 MiB/s
  LZ4文件: ./compressed_datasets/coreutils/0.0.29.tar.lz4

=== coreutils LZ4总体统计 ===
实际处理文件数量: 28
预期文件数量: 28
总原始大小: 229.77 MiB
总LZ4压缩大小: 66.71 MiB
总体压缩率: 3.44x
总压缩时间: 0.66 秒
总解压时间: 0.22 秒
压缩总体吞吐量: 349.19 MiB/s
解压总体吞吐量: 1035.00 MiB/s
LZ4文件保存目录: ./compressed_datasets/coreutils/
完成时间: 2025年 08月 17日 星期日 17:19:01 CST
