=== netty LZ4压缩报告 ===
开始时间: 2025年 08月 17日 星期日 17:16:08 CST
源路径: /mnt/dataset2/netty
预期文件数量: 99
压缩算法: LZ4

文件处理顺序:
  1. netty-4.1.45.Final.tar
  2. netty-4.1.46.Final.tar
  3. netty-4.1.47.Final.tar
  4. netty-4.1.48.Final.tar
  5. netty-4.1.49.Final.tar
  6. netty-4.1.50.Final.tar
  7. netty-4.1.51.Final.tar
  8. netty-4.1.52.Final.tar
  9. netty-4.1.53.Final.tar
  10. netty-4.1.54.Final.tar
  11. netty-4.1.55.Final.tar
  12. netty-4.1.56.Final.tar
  13. netty-4.1.57.Final.tar
  14. netty-4.1.58.Final.tar
  15. netty-4.1.59.Final.tar
  16. netty-4.1.60.Final.tar
  17. netty-4.1.61.Final.tar
  18. netty-4.1.62.Final.tar
  19. netty-4.1.63.Final.tar
  20. netty-4.1.64.Final.tar
  21. netty-4.1.65.Final.tar
  22. netty-4.1.66.Final.tar
  23. netty-4.1.67.Final.tar
  24. netty-4.1.68.Final.tar
  25. netty-4.1.69.Final.tar
  26. netty-4.1.70.Final.tar
  27. netty-4.1.71.Final.tar
  28. netty-4.1.72.Final.tar
  29. netty-4.1.73.Final.tar
  30. netty-4.1.74.Final.tar
  31. netty-4.1.75.Final.tar
  32. netty-4.1.76.Final.tar
  33. netty-4.1.77.Final.tar
  34. netty-4.1.78.Final.tar
  35. netty-4.1.79.Final.tar
  36. netty-4.1.80.Final.tar
  37. netty-4.1.81.Final.tar
  38. netty-4.1.82.Final.tar
  39. netty-4.1.83.Final.tar
  40. netty-4.1.84.Final.tar
  41. netty-4.1.85.Final.tar
  42. netty-4.1.86.Final.tar
  43. netty-4.1.87.Final.tar
  44. netty-4.1.88.Final.tar
  45. netty-4.1.89.Final.tar
  46. netty-4.1.90.Final.tar
  47. netty-4.1.91.Final.tar
  48. netty-4.1.92.Final.tar
  49. netty-4.1.93.Final.tar
  50. netty-4.1.94.Final.tar
  51. netty-4.1.95.Final.tar
  52. netty-4.1.96.Final.tar
  53. netty-4.1.97.Final.tar
  54. netty-4.1.98.Final.tar
  55. netty-4.1.99.Final.tar
  56. netty-4.1.100.Final.tar
  57. netty-4.1.101.Final.tar
  58. netty-4.1.102.Final.tar
  59. netty-4.1.103.Final.tar
  60. netty-4.1.104.Final.tar
  61. netty-4.1.105.Final.tar
  62. netty-4.1.106.Final.tar
  63. netty-4.1.107.Final.tar
  64. netty-4.1.108.Final.tar
  65. netty-4.1.109.Final.tar
  66. netty-4.1.110.Final.tar
  67. netty-4.1.111.Final.tar
  68. netty-4.1.112.Final.tar
  69. netty-4.1.113.Final.tar
  70. netty-4.1.114.Final.tar
  71. netty-4.1.115.Final.tar
  72. netty-4.1.116.Final.tar
  73. netty-4.1.117.Final.tar
  74. netty-4.1.118.Final.tar
  75. netty-4.1.119.Final.tar
  76. netty-4.1.120.Final.tar
  77. netty-4.1.121.Final.tar
  78. netty-4.1.122.Final.tar
  79. netty-4.1.123.Final.tar
  80. netty-4.2.0.Alpha1.tar
  81. netty-4.2.0.Alpha2.tar
  82. netty-4.2.0.Alpha3.tar
  83. netty-4.2.0.Alpha4.tar
  84. netty-4.2.0.Alpha5.tar
  85. netty-4.2.0.Alpha6.tar
  86. netty-4.2.0.Beta1.tar
  87. netty-4.2.0.Final.tar
  88. netty-4.2.0.RC1.tar
  89. netty-4.2.0.RC2.tar
  90. netty-4.2.0.RC3.tar
  91. netty-4.2.0.RC4.tar
  92. netty-4.2.1.Final.tar
  93. netty-4.2.2.Final.tar
  94. netty-4.2.3.Final.tar
  95. netty-5.0.0.Alpha1.tar
  96. netty-5.0.0.Alpha2.tar
  97. netty-5.0.0.Alpha3.tar
  98. netty-5.0.0.Alpha4.tar
  99. netty-5.0.0.Alpha5.tar

文件 #1: netty-4.1.45.Final.tar
  原始大小: 18.96 MiB
  LZ4压缩大小: 3.98 MiB
  压缩率: 4.75x
  压缩时间: 0.05 秒
  压缩吞吐量: 386.938775 MiB/s
  解压时间: 0.02 秒
  解压吞吐量: 1185.000000 MiB/s
  LZ4文件: ./compressed_datasets/netty/netty-4.1.45.Final.tar.lz4

文件 #2: netty-4.1.46.Final.tar
  原始大小: 19.03 MiB
  LZ4压缩大小: 4.00 MiB
  压缩率: 4.75x
  压缩时间: 0.05 秒
  压缩吞吐量: 373.137254 MiB/s
  解压时间: 0.02 秒
  解压吞吐量: 1189.375000 MiB/s
  LZ4文件: ./compressed_datasets/netty/netty-4.1.46.Final.tar.lz4

文件 #3: netty-4.1.47.Final.tar
  原始大小: 19.07 MiB
  LZ4压缩大小: 4.00 MiB
  压缩率: 4.75x
  压缩时间: 0.05 秒
  压缩吞吐量: 373.921568 MiB/s
  解压时间: 0.02 秒
  解压吞吐量: 1191.875000 MiB/s
  LZ4文件: ./compressed_datasets/netty/netty-4.1.47.Final.tar.lz4

文件 #4: netty-4.1.48.Final.tar
  原始大小: 19.09 MiB
  LZ4压缩大小: 4.01 MiB
  压缩率: 4.75x
  压缩时间: 0.05 秒
  压缩吞吐量: 381.800000 MiB/s
  解压时间: 0.02 秒
  解压吞吐量: 1193.125000 MiB/s
  LZ4文件: ./compressed_datasets/netty/netty-4.1.48.Final.tar.lz4

文件 #5: netty-4.1.49.Final.tar
  原始大小: 19.40 MiB
  LZ4压缩大小: 4.09 MiB
  压缩率: 4.74x
  压缩时间: 0.05 秒
  压缩吞吐量: 388.000000 MiB/s
  解压时间: 0.02 秒
  解压吞吐量: 1212.500000 MiB/s
  LZ4文件: ./compressed_datasets/netty/netty-4.1.49.Final.tar.lz4

文件 #6: netty-4.1.50.Final.tar
  原始大小: 19.48 MiB
  LZ4压缩大小: 4.10 MiB
  压缩率: 4.74x
  压缩时间: 0.05 秒
  压缩吞吐量: 367.547169 MiB/s
  解压时间: 0.02 秒
  解压吞吐量: 1145.882352 MiB/s
  LZ4文件: ./compressed_datasets/netty/netty-4.1.50.Final.tar.lz4

文件 #7: netty-4.1.51.Final.tar
  原始大小: 19.56 MiB
  LZ4压缩大小: 4.12 MiB
  压缩率: 4.74x
  压缩时间: 0.05 秒
  压缩吞吐量: 383.529411 MiB/s
  解压时间: 0.02 秒
  解压吞吐量: 1222.500000 MiB/s
  LZ4文件: ./compressed_datasets/netty/netty-4.1.51.Final.tar.lz4

文件 #8: netty-4.1.52.Final.tar
  原始大小: 19.76 MiB
  LZ4压缩大小: 4.17 MiB
  压缩率: 4.73x
  压缩时间: 0.05 秒
  压缩吞吐量: 387.450980 MiB/s
  解压时间: 0.02 秒
  解压吞吐量: 1235.000000 MiB/s
  LZ4文件: ./compressed_datasets/netty/netty-4.1.52.Final.tar.lz4

文件 #9: netty-4.1.53.Final.tar
  原始大小: 19.91 MiB
  LZ4压缩大小: 4.21 MiB
  压缩率: 4.72x
  压缩时间: 0.05 秒
  压缩吞吐量: 375.660377 MiB/s
  解压时间: 0.02 秒
  解压吞吐量: 1171.176470 MiB/s
  LZ4文件: ./compressed_datasets/netty/netty-4.1.53.Final.tar.lz4

文件 #10: netty-4.1.54.Final.tar
  原始大小: 20.02 MiB
  LZ4压缩大小: 4.24 MiB
  压缩率: 4.71x
  压缩时间: 0.05 秒
  压缩吞吐量: 385.000000 MiB/s
  解压时间: 0.02 秒
  解压吞吐量: 1177.647058 MiB/s
  LZ4文件: ./compressed_datasets/netty/netty-4.1.54.Final.tar.lz4

文件 #11: netty-4.1.55.Final.tar
  原始大小: 20.10 MiB
  LZ4压缩大小: 4.25 MiB
  压缩率: 4.72x
  压缩时间: 0.05 秒
  压缩吞吐量: 386.538461 MiB/s
  解压时间: 0.02 秒
  解压吞吐量: 1182.352941 MiB/s
  LZ4文件: ./compressed_datasets/netty/netty-4.1.55.Final.tar.lz4

文件 #12: netty-4.1.56.Final.tar
  原始大小: 20.11 MiB
  LZ4压缩大小: 4.26 MiB
  压缩率: 4.71x
  压缩时间: 0.09 秒
  压缩吞吐量: 220.989010 MiB/s
  解压时间: 0.02 秒
  解压吞吐量: 1182.941176 MiB/s
  LZ4文件: ./compressed_datasets/netty/netty-4.1.56.Final.tar.lz4

文件 #13: netty-4.1.57.Final.tar
  原始大小: 20.18 MiB
  LZ4压缩大小: 4.27 MiB
  压缩率: 4.72x
  压缩时间: 0.06 秒
  压缩吞吐量: 336.333333 MiB/s
  解压时间: 0.02 秒
  解压吞吐量: 1187.058823 MiB/s
  LZ4文件: ./compressed_datasets/netty/netty-4.1.57.Final.tar.lz4

文件 #14: netty-4.1.58.Final.tar
  原始大小: 20.16 MiB
  LZ4压缩大小: 4.27 MiB
  压缩率: 4.71x
  压缩时间: 0.05 秒
  压缩吞吐量: 380.377358 MiB/s
  解压时间: 0.02 秒
  解压吞吐量: 1185.882352 MiB/s
  LZ4文件: ./compressed_datasets/netty/netty-4.1.58.Final.tar.lz4

文件 #15: netty-4.1.59.Final.tar
  原始大小: 20.24 MiB
  LZ4压缩大小: 4.29 MiB
  压缩率: 4.71x
  压缩时间: 0.05 秒
  压缩吞吐量: 389.230769 MiB/s
  解压时间: 0.02 秒
  解压吞吐量: 1190.588235 MiB/s
  LZ4文件: ./compressed_datasets/netty/netty-4.1.59.Final.tar.lz4

文件 #16: netty-4.1.60.Final.tar
  原始大小: 20.37 MiB
  LZ4压缩大小: 4.32 MiB
  压缩率: 4.70x
  压缩时间: 0.05 秒
  压缩吞吐量: 377.222222 MiB/s
  解压时间: 0.02 秒
  解压吞吐量: 1198.235294 MiB/s
  LZ4文件: ./compressed_datasets/netty/netty-4.1.60.Final.tar.lz4

文件 #17: netty-4.1.61.Final.tar
  原始大小: 20.41 MiB
  LZ4压缩大小: 4.34 MiB
  压缩率: 4.70x
  压缩时间: 0.05 秒
  压缩吞吐量: 385.094339 MiB/s
  解压时间: 0.02 秒
  解压吞吐量: 1200.588235 MiB/s
  LZ4文件: ./compressed_datasets/netty/netty-4.1.61.Final.tar.lz4

文件 #18: netty-4.1.62.Final.tar
  原始大小: 20.41 MiB
  LZ4压缩大小: 4.34 MiB
  压缩率: 4.70x
  压缩时间: 0.05 秒
  压缩吞吐量: 385.094339 MiB/s
  解压时间: 0.02 秒
  解压吞吐量: 1200.588235 MiB/s
  LZ4文件: ./compressed_datasets/netty/netty-4.1.62.Final.tar.lz4

文件 #19: netty-4.1.63.Final.tar
  原始大小: 20.41 MiB
  LZ4压缩大小: 4.34 MiB
  压缩率: 4.70x
  压缩时间: 0.05 秒
  压缩吞吐量: 385.094339 MiB/s
  解压时间: 0.02 秒
  解压吞吐量: 1200.588235 MiB/s
  LZ4文件: ./compressed_datasets/netty/netty-4.1.63.Final.tar.lz4

文件 #20: netty-4.1.64.Final.tar
  原始大小: 20.67 MiB
  LZ4压缩大小: 4.41 MiB
  压缩率: 4.68x
  压缩时间: 0.05 秒
  压缩吞吐量: 382.777777 MiB/s
  解压时间: 0.02 秒
  解压吞吐量: 1215.882352 MiB/s
  LZ4文件: ./compressed_datasets/netty/netty-4.1.64.Final.tar.lz4

文件 #21: netty-4.1.65.Final.tar
  原始大小: 20.70 MiB
  LZ4压缩大小: 4.41 MiB
  压缩率: 4.68x
  压缩时间: 0.05 秒
  压缩吞吐量: 383.333333 MiB/s
  解压时间: 0.02 秒
  解压吞吐量: 1217.647058 MiB/s
  LZ4文件: ./compressed_datasets/netty/netty-4.1.65.Final.tar.lz4

文件 #22: netty-4.1.66.Final.tar
  原始大小: 21.07 MiB
  LZ4压缩大小: 4.43 MiB
  压缩率: 4.75x
  压缩时间: 0.05 秒
  压缩吞吐量: 383.090909 MiB/s
  解压时间: 0.02 秒
  解压吞吐量: 1170.555555 MiB/s
  LZ4文件: ./compressed_datasets/netty/netty-4.1.66.Final.tar.lz4

文件 #23: netty-4.1.67.Final.tar
  原始大小: 21.13 MiB
  LZ4压缩大小: 4.45 MiB
  压缩率: 4.74x
  压缩时间: 0.05 秒
  压缩吞吐量: 384.181818 MiB/s
  解压时间: 0.02 秒
  解压吞吐量: 1173.888888 MiB/s
  LZ4文件: ./compressed_datasets/netty/netty-4.1.67.Final.tar.lz4

文件 #24: netty-4.1.68.Final.tar
  原始大小: 21.17 MiB
  LZ4压缩大小: 4.46 MiB
  压缩率: 4.74x
  压缩时间: 0.05 秒
  压缩吞吐量: 384.909090 MiB/s
  解压时间: 0.02 秒
  解压吞吐量: 1176.111111 MiB/s
  LZ4文件: ./compressed_datasets/netty/netty-4.1.68.Final.tar.lz4

文件 #25: netty-4.1.69.Final.tar
  原始大小: 21.19 MiB
  LZ4压缩大小: 4.46 MiB
  压缩率: 4.74x
  压缩时间: 0.05 秒
  压缩吞吐量: 385.272727 MiB/s
  解压时间: 0.02 秒
  解压吞吐量: 1177.222222 MiB/s
  LZ4文件: ./compressed_datasets/netty/netty-4.1.69.Final.tar.lz4

文件 #26: netty-4.1.70.Final.tar
  原始大小: 21.22 MiB
  LZ4压缩大小: 4.47 MiB
  压缩率: 4.74x
  压缩时间: 0.05 秒
  压缩吞吐量: 385.818181 MiB/s
  解压时间: 0.02 秒
  解压吞吐量: 1178.888888 MiB/s
  LZ4文件: ./compressed_datasets/netty/netty-4.1.70.Final.tar.lz4

文件 #27: netty-4.1.71.Final.tar
  原始大小: 21.25 MiB
  LZ4压缩大小: 4.47 MiB
  压缩率: 4.74x
  压缩时间: 0.05 秒
  压缩吞吐量: 386.363636 MiB/s
  解压时间: 0.02 秒
  解压吞吐量: 1180.555555 MiB/s
  LZ4文件: ./compressed_datasets/netty/netty-4.1.71.Final.tar.lz4

文件 #28: netty-4.1.72.Final.tar
  原始大小: 21.25 MiB
  LZ4压缩大小: 4.47 MiB
  压缩率: 4.75x
  压缩时间: 0.05 秒
  压缩吞吐量: 386.363636 MiB/s
  解压时间: 0.02 秒
  解压吞吐量: 1180.555555 MiB/s
  LZ4文件: ./compressed_datasets/netty/netty-4.1.72.Final.tar.lz4

文件 #29: netty-4.1.73.Final.tar
  原始大小: 21.29 MiB
  LZ4压缩大小: 4.48 MiB
  压缩率: 4.75x
  压缩时间: 0.05 秒
  压缩吞吐量: 387.090909 MiB/s
  解压时间: 0.02 秒
  解压吞吐量: 1182.777777 MiB/s
  LZ4文件: ./compressed_datasets/netty/netty-4.1.73.Final.tar.lz4

文件 #30: netty-4.1.74.Final.tar
  原始大小: 21.38 MiB
  LZ4压缩大小: 4.50 MiB
  压缩率: 4.74x
  压缩时间: 0.05 秒
  压缩吞吐量: 388.727272 MiB/s
  解压时间: 0.02 秒
  解压吞吐量: 1187.777777 MiB/s
  LZ4文件: ./compressed_datasets/netty/netty-4.1.74.Final.tar.lz4

文件 #31: netty-4.1.75.Final.tar
  原始大小: 21.39 MiB
  LZ4压缩大小: 4.51 MiB
  压缩率: 4.74x
  压缩时间: 0.05 秒
  压缩吞吐量: 388.909090 MiB/s
  解压时间: 0.02 秒
  解压吞吐量: 1188.333333 MiB/s
  LZ4文件: ./compressed_datasets/netty/netty-4.1.75.Final.tar.lz4

文件 #32: netty-4.1.76.Final.tar
  原始大小: 21.46 MiB
  LZ4压缩大小: 4.52 MiB
  压缩率: 4.74x
  压缩时间: 0.05 秒
  压缩吞吐量: 390.181818 MiB/s
  解压时间: 0.02 秒
  解压吞吐量: 1192.222222 MiB/s
  LZ4文件: ./compressed_datasets/netty/netty-4.1.76.Final.tar.lz4

文件 #33: netty-4.1.77.Final.tar
  原始大小: 21.46 MiB
  LZ4压缩大小: 4.52 MiB
  压缩率: 4.74x
  压缩时间: 0.05 秒
  压缩吞吐量: 390.181818 MiB/s
  解压时间: 0.02 秒
  解压吞吐量: 1192.222222 MiB/s
  LZ4文件: ./compressed_datasets/netty/netty-4.1.77.Final.tar.lz4

文件 #34: netty-4.1.78.Final.tar
  原始大小: 21.48 MiB
  LZ4压缩大小: 4.53 MiB
  压缩率: 4.74x
  压缩时间: 0.06 秒
  压缩吞吐量: 383.571428 MiB/s
  解压时间: 0.02 秒
  解压吞吐量: 1193.333333 MiB/s
  LZ4文件: ./compressed_datasets/netty/netty-4.1.78.Final.tar.lz4

文件 #35: netty-4.1.79.Final.tar
  原始大小: 21.52 MiB
  LZ4压缩大小: 4.53 MiB
  压缩率: 4.74x
  压缩时间: 0.07 秒
  压缩吞吐量: 307.428571 MiB/s
  解压时间: 0.02 秒
  解压吞吐量: 1195.555555 MiB/s
  LZ4文件: ./compressed_datasets/netty/netty-4.1.79.Final.tar.lz4

文件 #36: netty-4.1.80.Final.tar
  原始大小: 21.65 MiB
  LZ4压缩大小: 4.57 MiB
  压缩率: 4.73x
  压缩时间: 0.06 秒
  压缩吞吐量: 386.607142 MiB/s
  解压时间: 0.02 秒
  解压吞吐量: 1202.777777 MiB/s
  LZ4文件: ./compressed_datasets/netty/netty-4.1.80.Final.tar.lz4

文件 #37: netty-4.1.81.Final.tar
  原始大小: 21.66 MiB
  LZ4压缩大小: 4.57 MiB
  压缩率: 4.73x
  压缩时间: 0.06 秒
  压缩吞吐量: 386.785714 MiB/s
  解压时间: 0.02 秒
  解压吞吐量: 1203.333333 MiB/s
  LZ4文件: ./compressed_datasets/netty/netty-4.1.81.Final.tar.lz4

文件 #38: netty-4.1.82.Final.tar
  原始大小: 21.66 MiB
  LZ4压缩大小: 4.57 MiB
  压缩率: 4.73x
  压缩时间: 0.05 秒
  压缩吞吐量: 393.818181 MiB/s
  解压时间: 0.02 秒
  解压吞吐量: 1203.333333 MiB/s
  LZ4文件: ./compressed_datasets/netty/netty-4.1.82.Final.tar.lz4

文件 #39: netty-4.1.83.Final.tar
  原始大小: 21.88 MiB
  LZ4压缩大小: 4.61 MiB
  压缩率: 4.74x
  压缩时间: 0.06 秒
  压缩吞吐量: 390.714285 MiB/s
  解压时间: 0.02 秒
  解压吞吐量: 1151.578947 MiB/s
  LZ4文件: ./compressed_datasets/netty/netty-4.1.83.Final.tar.lz4

文件 #40: netty-4.1.84.Final.tar
  原始大小: 21.88 MiB
  LZ4压缩大小: 4.61 MiB
  压缩率: 4.74x
  压缩时间: 0.06 秒
  压缩吞吐量: 390.714285 MiB/s
  解压时间: 0.02 秒
  解压吞吐量: 1215.555555 MiB/s
  LZ4文件: ./compressed_datasets/netty/netty-4.1.84.Final.tar.lz4

文件 #41: netty-4.1.85.Final.tar
  原始大小: 21.93 MiB
  LZ4压缩大小: 4.62 MiB
  压缩率: 4.74x
  压缩时间: 0.06 秒
  压缩吞吐量: 342.656250 MiB/s
  解压时间: 0.02 秒
  解压吞吐量: 1218.333333 MiB/s
  LZ4文件: ./compressed_datasets/netty/netty-4.1.85.Final.tar.lz4

文件 #42: netty-4.1.86.Final.tar
  原始大小: 22.03 MiB
  LZ4压缩大小: 4.64 MiB
  压缩率: 4.73x
  压缩时间: 0.06 秒
  压缩吞吐量: 393.392857 MiB/s
  解压时间: 0.02 秒
  解压吞吐量: 1223.888888 MiB/s
  LZ4文件: ./compressed_datasets/netty/netty-4.1.86.Final.tar.lz4

文件 #43: netty-4.1.87.Final.tar
  原始大小: 22.05 MiB
  LZ4压缩大小: 4.65 MiB
  压缩率: 4.74x
  压缩时间: 0.06 秒
  压缩吞吐量: 386.842105 MiB/s
  解压时间: 0.02 秒
  解压吞吐量: 1225.000000 MiB/s
  LZ4文件: ./compressed_datasets/netty/netty-4.1.87.Final.tar.lz4

文件 #44: netty-4.1.88.Final.tar
  原始大小: 22.15 MiB
  LZ4压缩大小: 4.66 MiB
  压缩率: 4.74x
  压缩时间: 0.06 秒
  压缩吞吐量: 388.596491 MiB/s
  解压时间: 0.02 秒
  解压吞吐量: 1230.555555 MiB/s
  LZ4文件: ./compressed_datasets/netty/netty-4.1.88.Final.tar.lz4

文件 #45: netty-4.1.89.Final.tar
  原始大小: 22.15 MiB
  LZ4压缩大小: 4.67 MiB
  压缩率: 4.74x
  压缩时间: 0.06 秒
  压缩吞吐量: 388.596491 MiB/s
  解压时间: 0.02 秒
  解压吞吐量: 1230.555555 MiB/s
  LZ4文件: ./compressed_datasets/netty/netty-4.1.89.Final.tar.lz4

文件 #46: netty-4.1.90.Final.tar
  原始大小: 22.17 MiB
  LZ4压缩大小: 4.67 MiB
  压缩率: 4.74x
  压缩时间: 0.06 秒
  压缩吞吐量: 388.947368 MiB/s
  解压时间: 0.02 秒
  解压吞吐量: 1231.666666 MiB/s
  LZ4文件: ./compressed_datasets/netty/netty-4.1.90.Final.tar.lz4

文件 #47: netty-4.1.91.Final.tar
  原始大小: 22.20 MiB
  LZ4压缩大小: 4.68 MiB
  压缩率: 4.74x
  压缩时间: 0.06 秒
  压缩吞吐量: 382.758620 MiB/s
  解压时间: 0.02 秒
  解压吞吐量: 1233.333333 MiB/s
  LZ4文件: ./compressed_datasets/netty/netty-4.1.91.Final.tar.lz4

文件 #48: netty-4.1.92.Final.tar
  原始大小: 22.24 MiB
  LZ4压缩大小: 4.69 MiB
  压缩率: 4.74x
  压缩时间: 0.06 秒
  压缩吞吐量: 390.175438 MiB/s
  解压时间: 0.02 秒
  解压吞吐量: 1235.555555 MiB/s
  LZ4文件: ./compressed_datasets/netty/netty-4.1.92.Final.tar.lz4

文件 #49: netty-4.1.93.Final.tar
  原始大小: 22.27 MiB
  LZ4压缩大小: 4.69 MiB
  压缩率: 4.74x
  压缩时间: 0.06 秒
  压缩吞吐量: 390.701754 MiB/s
  解压时间: 0.02 秒
  解压吞吐量: 1012.272727 MiB/s
  LZ4文件: ./compressed_datasets/netty/netty-4.1.93.Final.tar.lz4

文件 #50: netty-4.1.94.Final.tar
  原始大小: 22.30 MiB
  LZ4压缩大小: 4.70 MiB
  压缩率: 4.74x
  压缩时间: 0.06 秒
  压缩吞吐量: 391.228070 MiB/s
  解压时间: 0.02 秒
  解压吞吐量: 1238.888888 MiB/s
  LZ4文件: ./compressed_datasets/netty/netty-4.1.94.Final.tar.lz4

文件 #51: netty-4.1.95.Final.tar
  原始大小: 22.34 MiB
  LZ4压缩大小: 4.71 MiB
  压缩率: 4.74x
  压缩时间: 0.07 秒
  压缩吞吐量: 328.529411 MiB/s
  解压时间: 0.02 秒
  解压吞吐量: 1241.111111 MiB/s
  LZ4文件: ./compressed_datasets/netty/netty-4.1.95.Final.tar.lz4

文件 #52: netty-4.1.96.Final.tar
  原始大小: 22.34 MiB
  LZ4压缩大小: 4.71 MiB
  压缩率: 4.74x
  压缩时间: 0.06 秒
  压缩吞吐量: 385.172413 MiB/s
  解压时间: 0.02 秒
  解压吞吐量: 1241.111111 MiB/s
  LZ4文件: ./compressed_datasets/netty/netty-4.1.96.Final.tar.lz4

文件 #53: netty-4.1.97.Final.tar
  原始大小: 22.37 MiB
  LZ4压缩大小: 4.72 MiB
  压缩率: 4.73x
  压缩时间: 0.06 秒
  压缩吞吐量: 392.456140 MiB/s
  解压时间: 0.02 秒
  解压吞吐量: 1242.777777 MiB/s
  LZ4文件: ./compressed_datasets/netty/netty-4.1.97.Final.tar.lz4

文件 #54: netty-4.1.98.Final.tar
  原始大小: 22.40 MiB
  LZ4压缩大小: 4.72 MiB
  压缩率: 4.73x
  压缩时间: 0.06 秒
  压缩吞吐量: 392.982456 MiB/s
  解压时间: 0.02 秒
  解压吞吐量: 1244.444444 MiB/s
  LZ4文件: ./compressed_datasets/netty/netty-4.1.98.Final.tar.lz4

文件 #55: netty-4.1.99.Final.tar
  原始大小: 22.41 MiB
  LZ4压缩大小: 4.72 MiB
  压缩率: 4.73x
  压缩时间: 0.06 秒
  压缩吞吐量: 386.379310 MiB/s
  解压时间: 0.02 秒
  解压吞吐量: 1245.000000 MiB/s
  LZ4文件: ./compressed_datasets/netty/netty-4.1.99.Final.tar.lz4

文件 #56: netty-4.1.100.Final.tar
  原始大小: 22.43 MiB
  LZ4压缩大小: 4.73 MiB
  压缩率: 4.73x
  压缩时间: 0.06 秒
  压缩吞吐量: 393.508771 MiB/s
  解压时间: 0.02 秒
  解压吞吐量: 1246.111111 MiB/s
  LZ4文件: ./compressed_datasets/netty/netty-4.1.100.Final.tar.lz4

文件 #57: netty-4.1.101.Final.tar
  原始大小: 22.47 MiB
  LZ4压缩大小: 4.74 MiB
  压缩率: 4.73x
  压缩时间: 0.06 秒
  压缩吞吐量: 387.413793 MiB/s
  解压时间: 0.02 秒
  解压吞吐量: 1248.333333 MiB/s
  LZ4文件: ./compressed_datasets/netty/netty-4.1.101.Final.tar.lz4

文件 #58: netty-4.1.102.Final.tar
  原始大小: 22.56 MiB
  LZ4压缩大小: 4.77 MiB
  压缩率: 4.72x
  压缩时间: 0.06 秒
  压缩吞吐量: 382.372881 MiB/s
  解压时间: 0.02 秒
  解压吞吐量: 1187.368421 MiB/s
  LZ4文件: ./compressed_datasets/netty/netty-4.1.102.Final.tar.lz4

文件 #59: netty-4.1.103.Final.tar
  原始大小: 22.56 MiB
  LZ4压缩大小: 4.77 MiB
  压缩率: 4.72x
  压缩时间: 0.06 秒
  压缩吞吐量: 388.965517 MiB/s
  解压时间: 0.02 秒
  解压吞吐量: 1253.333333 MiB/s
  LZ4文件: ./compressed_datasets/netty/netty-4.1.103.Final.tar.lz4

文件 #60: netty-4.1.104.Final.tar
  原始大小: 22.56 MiB
  LZ4压缩大小: 4.77 MiB
  压缩率: 4.72x
  压缩时间: 0.06 秒
  压缩吞吐量: 388.965517 MiB/s
  解压时间: 0.02 秒
  解压吞吐量: 1253.333333 MiB/s
  LZ4文件: ./compressed_datasets/netty/netty-4.1.104.Final.tar.lz4

文件 #61: netty-4.1.105.Final.tar
  原始大小: 22.59 MiB
  LZ4压缩大小: 4.77 MiB
  压缩率: 4.72x
  压缩时间: 0.06 秒
  压缩吞吐量: 389.482758 MiB/s
  解压时间: 0.02 秒
  解压吞吐量: 1255.000000 MiB/s
  LZ4文件: ./compressed_datasets/netty/netty-4.1.105.Final.tar.lz4

文件 #62: netty-4.1.106.Final.tar
  原始大小: 22.59 MiB
  LZ4压缩大小: 4.77 MiB
  压缩率: 4.72x
  压缩时间: 0.06 秒
  压缩吞吐量: 389.482758 MiB/s
  解压时间: 0.02 秒
  解压吞吐量: 1255.000000 MiB/s
  LZ4文件: ./compressed_datasets/netty/netty-4.1.106.Final.tar.lz4

文件 #63: netty-4.1.107.Final.tar
  原始大小: 22.66 MiB
  LZ4压缩大小: 4.79 MiB
  压缩率: 4.72x
  压缩时间: 0.06 秒
  压缩吞吐量: 390.689655 MiB/s
  解压时间: 0.02 秒
  解压吞吐量: 1258.888888 MiB/s
  LZ4文件: ./compressed_datasets/netty/netty-4.1.107.Final.tar.lz4

文件 #64: netty-4.1.108.Final.tar
  原始大小: 22.73 MiB
  LZ4压缩大小: 4.80 MiB
  压缩率: 4.72x
  压缩时间: 0.06 秒
  压缩吞吐量: 391.896551 MiB/s
  解压时间: 0.02 秒
  解压吞吐量: 1196.315789 MiB/s
  LZ4文件: ./compressed_datasets/netty/netty-4.1.108.Final.tar.lz4

文件 #65: netty-4.1.109.Final.tar
  原始大小: 22.81 MiB
  LZ4压缩大小: 4.82 MiB
  压缩率: 4.72x
  压缩时间: 0.12 秒
  压缩吞吐量: 196.637931 MiB/s
  解压时间: 0.02 秒
  解压吞吐量: 1200.526315 MiB/s
  LZ4文件: ./compressed_datasets/netty/netty-4.1.109.Final.tar.lz4

文件 #66: netty-4.1.110.Final.tar
  原始大小: 22.92 MiB
  LZ4压缩大小: 4.84 MiB
  压缩率: 4.72x
  压缩时间: 0.06 秒
  压缩吞吐量: 352.615384 MiB/s
  解压时间: 0.02 秒
  解压吞吐量: 1206.315789 MiB/s
  LZ4文件: ./compressed_datasets/netty/netty-4.1.110.Final.tar.lz4

文件 #67: netty-4.1.111.Final.tar
  原始大小: 22.96 MiB
  LZ4压缩大小: 4.85 MiB
  压缩率: 4.73x
  压缩时间: 0.06 秒
  压缩吞吐量: 389.152542 MiB/s
  解压时间: 0.02 秒
  解压吞吐量: 1275.555555 MiB/s
  LZ4文件: ./compressed_datasets/netty/netty-4.1.111.Final.tar.lz4

文件 #68: netty-4.1.112.Final.tar
  原始大小: 22.99 MiB
  LZ4压缩大小: 4.86 MiB
  压缩率: 4.72x
  压缩时间: 0.06 秒
  压缩吞吐量: 389.661016 MiB/s
  解压时间: 0.02 秒
  解压吞吐量: 1210.000000 MiB/s
  LZ4文件: ./compressed_datasets/netty/netty-4.1.112.Final.tar.lz4

文件 #69: netty-4.1.113.Final.tar
  原始大小: 23.02 MiB
  LZ4压缩大小: 4.86 MiB
  压缩率: 4.73x
  压缩时间: 0.06 秒
  压缩吞吐量: 396.896551 MiB/s
  解压时间: 0.02 秒
  解压吞吐量: 1211.578947 MiB/s
  LZ4文件: ./compressed_datasets/netty/netty-4.1.113.Final.tar.lz4

文件 #70: netty-4.1.114.Final.tar
  原始大小: 23.11 MiB
  LZ4压缩大小: 4.89 MiB
  压缩率: 4.72x
  压缩时间: 0.06 秒
  压缩吞吐量: 391.694915 MiB/s
  解压时间: 0.02 秒
  解压吞吐量: 1216.315789 MiB/s
  LZ4文件: ./compressed_datasets/netty/netty-4.1.114.Final.tar.lz4

文件 #71: netty-4.1.115.Final.tar
  原始大小: 23.14 MiB
  LZ4压缩大小: 4.89 MiB
  压缩率: 4.72x
  压缩时间: 0.06 秒
  压缩吞吐量: 392.203389 MiB/s
  解压时间: 0.02 秒
  解压吞吐量: 1217.894736 MiB/s
  LZ4文件: ./compressed_datasets/netty/netty-4.1.115.Final.tar.lz4

文件 #72: netty-4.1.116.Final.tar
  原始大小: 23.21 MiB
  LZ4压缩大小: 4.91 MiB
  压缩率: 4.72x
  压缩时间: 0.11 秒
  压缩吞吐量: 207.232142 MiB/s
  解压时间: 0.02 秒
  解压吞吐量: 1221.578947 MiB/s
  LZ4文件: ./compressed_datasets/netty/netty-4.1.116.Final.tar.lz4

文件 #73: netty-4.1.117.Final.tar
  原始大小: 23.22 MiB
  LZ4压缩大小: 4.91 MiB
  压缩率: 4.72x
  压缩时间: 0.06 秒
  压缩吞吐量: 387.000000 MiB/s
  解压时间: 0.02 秒
  解压吞吐量: 1222.105263 MiB/s
  LZ4文件: ./compressed_datasets/netty/netty-4.1.117.Final.tar.lz4

文件 #74: netty-4.1.118.Final.tar
  原始大小: 23.24 MiB
  LZ4压缩大小: 4.91 MiB
  压缩率: 4.72x
  压缩时间: 0.06 秒
  压缩吞吐量: 357.538461 MiB/s
  解压时间: 0.02 秒
  解压吞吐量: 1223.157894 MiB/s
  LZ4文件: ./compressed_datasets/netty/netty-4.1.118.Final.tar.lz4

文件 #75: netty-4.1.119.Final.tar
  原始大小: 23.26 MiB
  LZ4压缩大小: 4.92 MiB
  压缩率: 4.72x
  压缩时间: 0.06 秒
  压缩吞吐量: 394.237288 MiB/s
  解压时间: 0.02 秒
  解压吞吐量: 1224.210526 MiB/s
  LZ4文件: ./compressed_datasets/netty/netty-4.1.119.Final.tar.lz4

文件 #76: netty-4.1.120.Final.tar
  原始大小: 23.28 MiB
  LZ4压缩大小: 4.93 MiB
  压缩率: 4.71x
  压缩时间: 0.06 秒
  压缩吞吐量: 388.000000 MiB/s
  解压时间: 0.04 秒
  解压吞吐量: 612.631578 MiB/s
  LZ4文件: ./compressed_datasets/netty/netty-4.1.120.Final.tar.lz4

文件 #77: netty-4.1.121.Final.tar
  原始大小: 23.28 MiB
  LZ4压缩大小: 4.93 MiB
  压缩率: 4.72x
  压缩时间: 0.06 秒
  压缩吞吐量: 388.000000 MiB/s
  解压时间: 0.02 秒
  解压吞吐量: 1225.263157 MiB/s
  LZ4文件: ./compressed_datasets/netty/netty-4.1.121.Final.tar.lz4

文件 #78: netty-4.1.122.Final.tar
  原始大小: 23.38 MiB
  LZ4压缩大小: 4.94 MiB
  压缩率: 4.73x
  压缩时间: 0.06 秒
  压缩吞吐量: 383.278688 MiB/s
  解压时间: 0.02 秒
  解压吞吐量: 1230.526315 MiB/s
  LZ4文件: ./compressed_datasets/netty/netty-4.1.122.Final.tar.lz4

文件 #79: netty-4.1.123.Final.tar
  原始大小: 23.37 MiB
  LZ4压缩大小: 4.94 MiB
  压缩率: 4.72x
  压缩时间: 0.06 秒
  压缩吞吐量: 389.500000 MiB/s
  解压时间: 0.02 秒
  解压吞吐量: 1230.000000 MiB/s
  LZ4文件: ./compressed_datasets/netty/netty-4.1.123.Final.tar.lz4

文件 #80: netty-4.2.0.Alpha1.tar
  原始大小: 23.94 MiB
  LZ4压缩大小: 5.00 MiB
  压缩率: 4.78x
  压缩时间: 0.06 秒
  压缩吞吐量: 392.459016 MiB/s
  解压时间: 0.02 秒
  解压吞吐量: 1260.000000 MiB/s
  LZ4文件: ./compressed_datasets/netty/netty-4.2.0.Alpha1.tar.lz4

文件 #81: netty-4.2.0.Alpha2.tar
  原始大小: 23.99 MiB
  LZ4压缩大小: 5.00 MiB
  压缩率: 4.79x
  压缩时间: 0.06 秒
  压缩吞吐量: 393.278688 MiB/s
  解压时间: 0.02 秒
  解压吞吐量: 1262.631578 MiB/s
  LZ4文件: ./compressed_datasets/netty/netty-4.2.0.Alpha2.tar.lz4

文件 #82: netty-4.2.0.Alpha3.tar
  原始大小: 24.08 MiB
  LZ4压缩大小: 5.03 MiB
  压缩率: 4.78x
  压缩时间: 0.06 秒
  压缩吞吐量: 388.387096 MiB/s
  解压时间: 0.02 秒
  解压吞吐量: 1267.368421 MiB/s
  LZ4文件: ./compressed_datasets/netty/netty-4.2.0.Alpha3.tar.lz4

文件 #83: netty-4.2.0.Alpha4.tar
  原始大小: 24.29 MiB
  LZ4压缩大小: 5.07 MiB
  压缩率: 4.79x
  压缩时间: 0.06 秒
  压缩吞吐量: 391.774193 MiB/s
  解压时间: 0.02 秒
  解压吞吐量: 1214.500000 MiB/s
  LZ4文件: ./compressed_datasets/netty/netty-4.2.0.Alpha4.tar.lz4

文件 #84: netty-4.2.0.Alpha5.tar
  原始大小: 24.44 MiB
  LZ4压缩大小: 5.09 MiB
  压缩率: 4.79x
  压缩时间: 0.06 秒
  压缩吞吐量: 387.936507 MiB/s
  解压时间: 0.02 秒
  解压吞吐量: 1222.000000 MiB/s
  LZ4文件: ./compressed_datasets/netty/netty-4.2.0.Alpha5.tar.lz4

文件 #85: netty-4.2.0.Alpha6.tar
  原始大小: 24.45 MiB
  LZ4压缩大小: 5.09 MiB
  压缩率: 4.80x
  压缩时间: 0.06 秒
  压缩吞吐量: 388.095238 MiB/s
  解压时间: 0.02 秒
  解压吞吐量: 1222.500000 MiB/s
  LZ4文件: ./compressed_datasets/netty/netty-4.2.0.Alpha6.tar.lz4

文件 #86: netty-4.2.0.Beta1.tar
  原始大小: 24.45 MiB
  LZ4压缩大小: 5.09 MiB
  压缩率: 4.79x
  压缩时间: 0.06 秒
  压缩吞吐量: 388.095238 MiB/s
  解压时间: 0.02 秒
  解压吞吐量: 1222.500000 MiB/s
  LZ4文件: ./compressed_datasets/netty/netty-4.2.0.Beta1.tar.lz4

文件 #87: netty-4.2.0.Final.tar
  原始大小: 25.05 MiB
  LZ4压缩大小: 5.23 MiB
  压缩率: 4.78x
  压缩时间: 0.06 秒
  压缩吞吐量: 385.384615 MiB/s
  解压时间: 0.02 秒
  解压吞吐量: 1252.500000 MiB/s
  LZ4文件: ./compressed_datasets/netty/netty-4.2.0.Final.tar.lz4

文件 #88: netty-4.2.0.RC1.tar
  原始大小: 24.62 MiB
  LZ4压缩大小: 5.14 MiB
  压缩率: 4.78x
  压缩时间: 0.06 秒
  压缩吞吐量: 384.687500 MiB/s
  解压时间: 0.02 秒
  解压吞吐量: 1231.000000 MiB/s
  LZ4文件: ./compressed_datasets/netty/netty-4.2.0.RC1.tar.lz4

文件 #89: netty-4.2.0.RC2.tar
  原始大小: 24.83 MiB
  LZ4压缩大小: 5.17 MiB
  压缩率: 4.80x
  压缩时间: 0.06 秒
  压缩吞吐量: 387.968750 MiB/s
  解压时间: 0.02 秒
  解压吞吐量: 1241.500000 MiB/s
  LZ4文件: ./compressed_datasets/netty/netty-4.2.0.RC2.tar.lz4

文件 #90: netty-4.2.0.RC3.tar
  原始大小: 24.92 MiB
  LZ4压缩大小: 5.20 MiB
  压缩率: 4.78x
  压缩时间: 0.06 秒
  压缩吞吐量: 389.375000 MiB/s
  解压时间: 0.02 秒
  解压吞吐量: 1246.000000 MiB/s
  LZ4文件: ./compressed_datasets/netty/netty-4.2.0.RC3.tar.lz4

文件 #91: netty-4.2.0.RC4.tar
  原始大小: 25.00 MiB
  LZ4压缩大小: 5.22 MiB
  压缩率: 4.78x
  压缩时间: 0.06 秒
  压缩吞吐量: 390.625000 MiB/s
  解压时间: 0.02 秒
  解压吞吐量: 1250.000000 MiB/s
  LZ4文件: ./compressed_datasets/netty/netty-4.2.0.RC4.tar.lz4

文件 #92: netty-4.2.1.Final.tar
  原始大小: 25.92 MiB
  LZ4压缩大小: 5.51 MiB
  压缩率: 4.70x
  压缩时间: 0.07 秒
  压缩吞吐量: 392.727272 MiB/s
  解压时间: 0.02 秒
  解压吞吐量: 1234.285714 MiB/s
  LZ4文件: ./compressed_datasets/netty/netty-4.2.1.Final.tar.lz4

文件 #93: netty-4.2.2.Final.tar
  原始大小: 27.14 MiB
  LZ4压缩大小: 5.75 MiB
  压缩率: 4.72x
  压缩时间: 0.07 秒
  压缩吞吐量: 393.333333 MiB/s
  解压时间: 0.02 秒
  解压吞吐量: 1233.636363 MiB/s
  LZ4文件: ./compressed_datasets/netty/netty-4.2.2.Final.tar.lz4

文件 #94: netty-4.2.3.Final.tar
  原始大小: 27.30 MiB
  LZ4压缩大小: 5.79 MiB
  压缩率: 4.71x
  压缩时间: 0.07 秒
  压缩吞吐量: 390.000000 MiB/s
  解压时间: 0.02 秒
  解压吞吐量: 1240.909090 MiB/s
  LZ4文件: ./compressed_datasets/netty/netty-4.2.3.Final.tar.lz4

文件 #95: netty-5.0.0.Alpha1.tar
  原始大小: 18.18 MiB
  LZ4压缩大小: 3.94 MiB
  压缩率: 4.60x
  压缩时间: 0.05 秒
  压缩吞吐量: 386.808510 MiB/s
  解压时间: 0.01 秒
  解压吞吐量: 1212.000000 MiB/s
  LZ4文件: ./compressed_datasets/netty/netty-5.0.0.Alpha1.tar.lz4

文件 #96: netty-5.0.0.Alpha2.tar
  原始大小: 16.67 MiB
  LZ4压缩大小: 3.65 MiB
  压缩率: 4.55x
  压缩时间: 0.04 秒
  压缩吞吐量: 378.863636 MiB/s
  解压时间: 0.01 秒
  解压吞吐量: 1190.714285 MiB/s
  LZ4文件: ./compressed_datasets/netty/netty-5.0.0.Alpha2.tar.lz4

文件 #97: netty-5.0.0.Alpha3.tar
  原始大小: 16.15 MiB
  LZ4压缩大小: 3.55 MiB
  压缩率: 4.53x
  压缩时间: 0.04 秒
  压缩吞吐量: 375.581395 MiB/s
  解压时间: 0.01 秒
  解压吞吐量: 1153.571428 MiB/s
  LZ4文件: ./compressed_datasets/netty/netty-5.0.0.Alpha3.tar.lz4

文件 #98: netty-5.0.0.Alpha4.tar
  原始大小: 16.36 MiB
  LZ4压缩大小: 3.62 MiB
  压缩率: 4.51x
  压缩时间: 0.04 秒
  压缩吞吐量: 371.818181 MiB/s
  解压时间: 0.01 秒
  解压吞吐量: 1168.571428 MiB/s
  LZ4文件: ./compressed_datasets/netty/netty-5.0.0.Alpha4.tar.lz4

文件 #99: netty-5.0.0.Alpha5.tar
  原始大小: 16.29 MiB
  LZ4压缩大小: 3.58 MiB
  压缩率: 4.54x
  压缩时间: 0.04 秒
  压缩吞吐量: 378.837209 MiB/s
  解压时间: 0.01 秒
  解压吞吐量: 1163.571428 MiB/s
  LZ4文件: ./compressed_datasets/netty/netty-5.0.0.Alpha5.tar.lz4

=== netty LZ4总体统计 ===
实际处理文件数量: 99
预期文件数量: 99
总原始大小: 2167.25 MiB
总LZ4压缩大小: 457.88 MiB
总体压缩率: 4.73x
总压缩时间: 5.80 秒
总解压时间: 1.81 秒
压缩总体吞吐量: 373.92 MiB/s
解压总体吞吐量: 1199.36 MiB/s
LZ4文件保存目录: ./compressed_datasets/netty/
完成时间: 2025年 08月 17日 星期日 17:16:37 CST
