=== Cpython LZ4压缩报告 ===
开始时间: 2025年 08月 17日 星期日 17:16:37 CST
源路径: /mnt/dataset2/Cpython
预期文件数量: 100
压缩算法: LZ4

文件处理顺序:
  1. v3.10.4.tar
  2. v3.10.5.tar
  3. v3.10.6.tar
  4. v3.10.7.tar
  5. v3.10.8.tar
  6. v3.10.9.tar
  7. v3.10.10.tar
  8. v3.10.11.tar
  9. v3.10.12.tar
  10. v3.10.13.tar
  11. v3.10.14.tar
  12. v3.10.15.tar
  13. v3.10.16.tar
  14. v3.10.17.tar
  15. v3.10.18.tar
  16. v3.11.0a1.tar
  17. v3.11.0a2.tar
  18. v3.11.0a3.tar
  19. v3.11.0a4.tar
  20. v3.11.0a5.tar
  21. v3.11.0a6.tar
  22. v3.11.0a7.tar
  23. v3.11.0b1.tar
  24. v3.11.0b2.tar
  25. v3.11.0b3.tar
  26. v3.11.0b4.tar
  27. v3.11.0b5.tar
  28. v3.11.0rc1.tar
  29. v3.11.0rc2.tar
  30. v3.11.0.tar
  31. v3.11.1.tar
  32. v3.11.2.tar
  33. v3.11.3.tar
  34. v3.11.4.tar
  35. v3.11.5.tar
  36. v3.11.6.tar
  37. v3.11.7.tar
  38. v3.11.8.tar
  39. v3.11.9.tar
  40. v3.11.10.tar
  41. v3.11.11.tar
  42. v3.11.12.tar
  43. v3.11.13.tar
  44. v3.12.0a1.tar
  45. v3.12.0a2.tar
  46. v3.12.0a3.tar
  47. v3.12.0a4.tar
  48. v3.12.0a5.tar
  49. v3.12.0a6.tar
  50. v3.12.0a7.tar
  51. v3.12.0b1.tar
  52. v3.12.0b2.tar
  53. v3.12.0b3.tar
  54. v3.12.0b4.tar
  55. v3.12.0rc1.tar
  56. v3.12.0rc2.tar
  57. v3.12.0rc3.tar
  58. v3.12.0.tar
  59. v3.12.1.tar
  60. v3.12.2.tar
  61. v3.12.3.tar
  62. v3.12.4.tar
  63. v3.12.5.tar
  64. v3.12.6.tar
  65. v3.12.7.tar
  66. v3.12.8.tar
  67. v3.12.9.tar
  68. v3.12.10.tar
  69. v3.12.11.tar
  70. v3.13.0a1.tar
  71. v3.13.0a2.tar
  72. v3.13.0a3.tar
  73. v3.13.0a4.tar
  74. v3.13.0a5.tar
  75. v3.13.0a6.tar
  76. v3.13.0b1.tar
  77. v3.13.0b2.tar
  78. v3.13.0b3.tar
  79. v3.13.0b4.tar
  80. v3.13.0rc1.tar
  81. v3.13.0rc2.tar
  82. v3.13.0rc3.tar
  83. v3.13.0.tar
  84. v3.13.1.tar
  85. v3.13.2.tar
  86. v3.13.3.tar
  87. v3.13.4.tar
  88. v3.13.5.tar
  89. v3.14.0a1.tar
  90. v3.14.0a2.tar
  91. v3.14.0a3.tar
  92. v3.14.0a4.tar
  93. v3.14.0a5.tar
  94. v3.14.0a6.tar
  95. v3.14.0a7.tar
  96. v3.14.0b1.tar
  97. v3.14.0b2.tar
  98. v3.14.0b3.tar
  99. v3.14.0b4.tar
  100. v3.14.0rc1.tar

文件 #1: v3.10.4.tar
  原始大小: 92.86 MiB
  LZ4压缩大小: 36.64 MiB
  压缩率: 2.53x
  压缩时间: 0.27 秒
  压缩吞吐量: 341.397058 MiB/s
  解压时间: 0.08 秒
  解压吞吐量: 1221.842105 MiB/s
  LZ4文件: ./compressed_datasets/Cpython/v3.10.4.tar.lz4

文件 #2: v3.10.5.tar
  原始大小: 92.95 MiB
  LZ4压缩大小: 36.68 MiB
  压缩率: 2.53x
  压缩时间: 0.27 秒
  压缩吞吐量: 340.476190 MiB/s
  解压时间: 0.08 秒
  解压吞吐量: 1223.026315 MiB/s
  LZ4文件: ./compressed_datasets/Cpython/v3.10.5.tar.lz4

文件 #3: v3.10.6.tar
  原始大小: 93.39 MiB
  LZ4压缩大小: 37.04 MiB
  压缩率: 2.52x
  压缩时间: 0.27 秒
  压缩吞吐量: 344.612546 MiB/s
  解压时间: 0.08 秒
  解压吞吐量: 1245.200000 MiB/s
  LZ4文件: ./compressed_datasets/Cpython/v3.10.6.tar.lz4

文件 #4: v3.10.7.tar
  原始大小: 93.46 MiB
  LZ4压缩大小: 37.07 MiB
  压缩率: 2.52x
  压缩时间: 0.27 秒
  压缩吞吐量: 344.870848 MiB/s
  解压时间: 0.08 秒
  解压吞吐量: 1229.736842 MiB/s
  LZ4文件: ./compressed_datasets/Cpython/v3.10.7.tar.lz4

文件 #5: v3.10.8.tar
  原始大小: 93.51 MiB
  LZ4压缩大小: 37.09 MiB
  压缩率: 2.52x
  压缩时间: 0.27 秒
  压缩吞吐量: 345.055350 MiB/s
  解压时间: 0.08 秒
  解压吞吐量: 1230.394736 MiB/s
  LZ4文件: ./compressed_datasets/Cpython/v3.10.8.tar.lz4

文件 #6: v3.10.9.tar
  原始大小: 93.61 MiB
  LZ4压缩大小: 37.14 MiB
  压缩率: 2.52x
  压缩时间: 0.31 秒
  压缩吞吐量: 300.996784 MiB/s
  解压时间: 0.08 秒
  解压吞吐量: 1248.133333 MiB/s
  LZ4文件: ./compressed_datasets/Cpython/v3.10.9.tar.lz4

文件 #7: v3.10.10.tar
  原始大小: 93.76 MiB
  LZ4压缩大小: 37.17 MiB
  压缩率: 2.52x
  压缩时间: 0.27 秒
  压缩吞吐量: 343.443223 MiB/s
  解压时间: 0.08 秒
  解压吞吐量: 1250.133333 MiB/s
  LZ4文件: ./compressed_datasets/Cpython/v3.10.10.tar.lz4

文件 #8: v3.10.11.tar
  原始大小: 93.81 MiB
  LZ4压缩大小: 37.19 MiB
  压缩率: 2.52x
  压缩时间: 0.27 秒
  压缩吞吐量: 343.626373 MiB/s
  解压时间: 0.08 秒
  解压吞吐量: 1250.800000 MiB/s
  LZ4文件: ./compressed_datasets/Cpython/v3.10.11.tar.lz4

文件 #9: v3.10.12.tar
  原始大小: 93.89 MiB
  LZ4压缩大小: 37.22 MiB
  压缩率: 2.52x
  压缩时间: 0.28 秒
  压缩吞吐量: 337.733812 MiB/s
  解压时间: 0.08 秒
  解压吞吐量: 1235.394736 MiB/s
  LZ4文件: ./compressed_datasets/Cpython/v3.10.12.tar.lz4

文件 #10: v3.10.13.tar
  原始大小: 93.91 MiB
  LZ4压缩大小: 37.23 MiB
  压缩率: 2.52x
  压缩时间: 0.29 秒
  压缩吞吐量: 324.948096 MiB/s
  解压时间: 0.08 秒
  解压吞吐量: 1235.657894 MiB/s
  LZ4文件: ./compressed_datasets/Cpython/v3.10.13.tar.lz4

文件 #11: v3.10.14.tar
  原始大小: 93.96 MiB
  LZ4压缩大小: 37.25 MiB
  压缩率: 2.52x
  压缩时间: 0.30 秒
  压缩吞吐量: 310.099009 MiB/s
  解压时间: 0.08 秒
  解压吞吐量: 1236.315789 MiB/s
  LZ4文件: ./compressed_datasets/Cpython/v3.10.14.tar.lz4

文件 #12: v3.10.15.tar
  原始大小: 94.01 MiB
  LZ4压缩大小: 37.26 MiB
  压缩率: 2.52x
  压缩时间: 0.27 秒
  压缩吞吐量: 345.625000 MiB/s
  解压时间: 0.08 秒
  解压吞吐量: 1253.466666 MiB/s
  LZ4文件: ./compressed_datasets/Cpython/v3.10.15.tar.lz4

文件 #13: v3.10.16.tar
  原始大小: 94.03 MiB
  LZ4压缩大小: 37.27 MiB
  压缩率: 2.52x
  压缩时间: 0.27 秒
  压缩吞吐量: 344.432234 MiB/s
  解压时间: 0.08 秒
  解压吞吐量: 1237.236842 MiB/s
  LZ4文件: ./compressed_datasets/Cpython/v3.10.16.tar.lz4

文件 #14: v3.10.17.tar
  原始大小: 93.90 MiB
  LZ4压缩大小: 37.26 MiB
  压缩率: 2.51x
  压缩时间: 0.27 秒
  压缩吞吐量: 345.220588 MiB/s
  解压时间: 0.08 秒
  解压吞吐量: 1252.000000 MiB/s
  LZ4文件: ./compressed_datasets/Cpython/v3.10.17.tar.lz4

文件 #15: v3.10.18.tar
  原始大小: 93.95 MiB
  LZ4压缩大小: 37.28 MiB
  压缩率: 2.52x
  压缩时间: 0.27 秒
  压缩吞吐量: 345.404411 MiB/s
  解压时间: 0.08 秒
  解压吞吐量: 1236.184210 MiB/s
  LZ4文件: ./compressed_datasets/Cpython/v3.10.18.tar.lz4

文件 #16: v3.11.0a1.tar
  原始大小: 90.54 MiB
  LZ4压缩大小: 35.88 MiB
  压缩率: 2.52x
  压缩时间: 0.27 秒
  压缩吞吐量: 339.101123 MiB/s
  解压时间: 0.07 秒
  解压吞吐量: 1240.273972 MiB/s
  LZ4文件: ./compressed_datasets/Cpython/v3.11.0a1.tar.lz4

文件 #17: v3.11.0a2.tar
  原始大小: 90.83 MiB
  LZ4压缩大小: 35.97 MiB
  压缩率: 2.52x
  压缩时间: 0.27 秒
  压缩吞吐量: 341.466165 MiB/s
  解压时间: 0.07 秒
  解压吞吐量: 1244.246575 MiB/s
  LZ4文件: ./compressed_datasets/Cpython/v3.11.0a2.tar.lz4

文件 #18: v3.11.0a3.tar
  原始大小: 91.21 MiB
  LZ4压缩大小: 36.06 MiB
  压缩率: 2.52x
  压缩时间: 0.29 秒
  压缩吞吐量: 318.916083 MiB/s
  解压时间: 0.07 秒
  解压吞吐量: 1249.452054 MiB/s
  LZ4文件: ./compressed_datasets/Cpython/v3.11.0a3.tar.lz4

文件 #19: v3.11.0a4.tar
  原始大小: 91.53 MiB
  LZ4压缩大小: 36.15 MiB
  压缩率: 2.53x
  压缩时间: 0.27 秒
  压缩吞吐量: 344.097744 MiB/s
  解压时间: 0.07 秒
  解压吞吐量: 1236.891891 MiB/s
  LZ4文件: ./compressed_datasets/Cpython/v3.11.0a4.tar.lz4

文件 #20: v3.11.0a5.tar
  原始大小: 91.70 MiB
  LZ4压缩大小: 36.22 MiB
  压缩率: 2.53x
  压缩时间: 0.27 秒
  压缩吞吐量: 340.892193 MiB/s
  解压时间: 0.07 秒
  解压吞吐量: 1239.189189 MiB/s
  LZ4文件: ./compressed_datasets/Cpython/v3.11.0a5.tar.lz4

文件 #21: v3.11.0a6.tar
  原始大小: 91.95 MiB
  LZ4压缩大小: 36.30 MiB
  压缩率: 2.53x
  压缩时间: 0.27 秒
  压缩吞吐量: 343.097014 MiB/s
  解压时间: 0.07 秒
  解压吞吐量: 1242.567567 MiB/s
  LZ4文件: ./compressed_datasets/Cpython/v3.11.0a6.tar.lz4

文件 #22: v3.11.0a7.tar
  原始大小: 92.32 MiB
  LZ4压缩大小: 36.68 MiB
  压缩率: 2.51x
  压缩时间: 0.27 秒
  压缩吞吐量: 341.925925 MiB/s
  解压时间: 0.07 秒
  解压吞吐量: 1247.567567 MiB/s
  LZ4文件: ./compressed_datasets/Cpython/v3.11.0a7.tar.lz4

文件 #23: v3.11.0b1.tar
  原始大小: 92.76 MiB
  LZ4压缩大小: 36.82 MiB
  压缩率: 2.51x
  压缩时间: 0.27 秒
  压缩吞吐量: 339.780219 MiB/s
  解压时间: 0.07 秒
  解压吞吐量: 1253.513513 MiB/s
  LZ4文件: ./compressed_datasets/Cpython/v3.11.0b1.tar.lz4

文件 #24: v3.11.0b2.tar
  原始大小: 94.32 MiB
  LZ4压缩大小: 37.02 MiB
  压缩率: 2.54x
  压缩时间: 0.28 秒
  压缩吞吐量: 333.286219 MiB/s
  解压时间: 0.08 秒
  解压吞吐量: 1241.052631 MiB/s
  LZ4文件: ./compressed_datasets/Cpython/v3.11.0b2.tar.lz4

文件 #25: v3.11.0b3.tar
  原始大小: 94.33 MiB
  LZ4压缩大小: 37.02 MiB
  压缩率: 2.54x
  压缩时间: 0.28 秒
  压缩吞吐量: 332.147887 MiB/s
  解压时间: 0.08 秒
  解压吞吐量: 1241.184210 MiB/s
  LZ4文件: ./compressed_datasets/Cpython/v3.11.0b3.tar.lz4

文件 #26: v3.11.0b4.tar
  原始大小: 94.55 MiB
  LZ4压缩大小: 37.12 MiB
  压缩率: 2.54x
  压缩时间: 0.30 秒
  压缩吞吐量: 315.166666 MiB/s
  解压时间: 0.08 秒
  解压吞吐量: 1244.078947 MiB/s
  LZ4文件: ./compressed_datasets/Cpython/v3.11.0b4.tar.lz4

文件 #27: v3.11.0b5.tar
  原始大小: 94.91 MiB
  LZ4压缩大小: 37.44 MiB
  压缩率: 2.53x
  压缩时间: 0.30 秒
  压缩吞吐量: 320.641891 MiB/s
  解压时间: 0.08 秒
  解压吞吐量: 1248.815789 MiB/s
  LZ4文件: ./compressed_datasets/Cpython/v3.11.0b5.tar.lz4

文件 #28: v3.11.0rc1.tar
  原始大小: 94.99 MiB
  LZ4压缩大小: 37.47 MiB
  压缩率: 2.53x
  压缩时间: 0.30 秒
  压缩吞吐量: 316.633333 MiB/s
  解压时间: 0.08 秒
  解压吞吐量: 1233.636363 MiB/s
  LZ4文件: ./compressed_datasets/Cpython/v3.11.0rc1.tar.lz4

文件 #29: v3.11.0rc2.tar
  原始大小: 95.07 MiB
  LZ4压缩大小: 37.51 MiB
  压缩率: 2.53x
  压缩时间: 0.31 秒
  压缩吞吐量: 304.711538 MiB/s
  解压时间: 0.09 秒
  解压吞吐量: 1011.382978 MiB/s
  LZ4文件: ./compressed_datasets/Cpython/v3.11.0rc2.tar.lz4

文件 #30: v3.11.0.tar
  原始大小: 95.14 MiB
  LZ4压缩大小: 37.54 MiB
  压缩率: 2.53x
  压缩时间: 0.32 秒
  压缩吞吐量: 300.126182 MiB/s
  解压时间: 0.08 秒
  解压吞吐量: 1235.584415 MiB/s
  LZ4文件: ./compressed_datasets/Cpython/v3.11.0.tar.lz4

文件 #31: v3.11.1.tar
  原始大小: 95.40 MiB
  LZ4压缩大小: 37.63 MiB
  压缩率: 2.53x
  压缩时间: 0.28 秒
  压缩吞吐量: 343.165467 MiB/s
  解压时间: 0.09 秒
  解压吞吐量: 1048.351648 MiB/s
  LZ4文件: ./compressed_datasets/Cpython/v3.11.1.tar.lz4

文件 #32: v3.11.2.tar
  原始大小: 95.61 MiB
  LZ4压缩大小: 37.70 MiB
  压缩率: 2.53x
  压缩时间: 0.28 秒
  压缩吞吐量: 343.920863 MiB/s
  解压时间: 0.08 秒
  解压吞吐量: 1225.769230 MiB/s
  LZ4文件: ./compressed_datasets/Cpython/v3.11.2.tar.lz4

文件 #33: v3.11.3.tar
  原始大小: 95.66 MiB
  LZ4压缩大小: 37.72 MiB
  压缩率: 2.53x
  压缩时间: 0.36 秒
  压缩吞吐量: 266.462395 MiB/s
  解压时间: 0.08 秒
  解压吞吐量: 1242.337662 MiB/s
  LZ4文件: ./compressed_datasets/Cpython/v3.11.3.tar.lz4

文件 #34: v3.11.4.tar
  原始大小: 95.96 MiB
  LZ4压缩大小: 37.82 MiB
  压缩率: 2.53x
  压缩时间: 0.28 秒
  压缩吞吐量: 345.179856 MiB/s
  解压时间: 0.09 秒
  解压吞吐量: 1078.202247 MiB/s
  LZ4文件: ./compressed_datasets/Cpython/v3.11.4.tar.lz4

文件 #35: v3.11.5.tar
  原始大小: 96.08 MiB
  LZ4压缩大小: 37.89 MiB
  压缩率: 2.53x
  压缩时间: 0.28 秒
  压缩吞吐量: 345.611510 MiB/s
  解压时间: 0.08 秒
  解压吞吐量: 1247.792207 MiB/s
  LZ4文件: ./compressed_datasets/Cpython/v3.11.5.tar.lz4

文件 #36: v3.11.6.tar
  原始大小: 96.19 MiB
  LZ4压缩大小: 37.92 MiB
  压缩率: 2.53x
  压缩时间: 0.28 秒
  压缩吞吐量: 344.767025 MiB/s
  解压时间: 0.08 秒
  解压吞吐量: 1249.220779 MiB/s
  LZ4文件: ./compressed_datasets/Cpython/v3.11.6.tar.lz4

文件 #37: v3.11.7.tar
  原始大小: 96.37 MiB
  LZ4压缩大小: 37.96 MiB
  压缩率: 2.53x
  压缩时间: 0.28 秒
  压缩吞吐量: 345.412186 MiB/s
  解压时间: 0.08 秒
  解压吞吐量: 1235.512820 MiB/s
  LZ4文件: ./compressed_datasets/Cpython/v3.11.7.tar.lz4

文件 #38: v3.11.8.tar
  原始大小: 96.58 MiB
  LZ4压缩大小: 38.04 MiB
  压缩率: 2.53x
  压缩时间: 0.28 秒
  压缩吞吐量: 343.701067 MiB/s
  解压时间: 0.08 秒
  解压吞吐量: 1238.205128 MiB/s
  LZ4文件: ./compressed_datasets/Cpython/v3.11.8.tar.lz4

文件 #39: v3.11.9.tar
  原始大小: 96.81 MiB
  LZ4压缩大小: 38.11 MiB
  压缩率: 2.53x
  压缩时间: 0.28 秒
  压缩吞吐量: 345.750000 MiB/s
  解压时间: 0.08 秒
  解压吞吐量: 1257.272727 MiB/s
  LZ4文件: ./compressed_datasets/Cpython/v3.11.9.tar.lz4

文件 #40: v3.11.10.tar
  原始大小: 96.87 MiB
  LZ4压缩大小: 38.14 MiB
  压缩率: 2.53x
  压缩时间: 0.28 秒
  压缩吞吐量: 343.510638 MiB/s
  解压时间: 0.08 秒
  解压吞吐量: 1258.051948 MiB/s
  LZ4文件: ./compressed_datasets/Cpython/v3.11.10.tar.lz4

文件 #41: v3.11.11.tar
  原始大小: 96.88 MiB
  LZ4压缩大小: 38.14 MiB
  压缩率: 2.54x
  压缩时间: 0.32 秒
  压缩吞吐量: 300.869565 MiB/s
  解压时间: 0.08 秒
  解压吞吐量: 1211.000000 MiB/s
  LZ4文件: ./compressed_datasets/Cpython/v3.11.11.tar.lz4

文件 #42: v3.11.12.tar
  原始大小: 97.23 MiB
  LZ4压缩大小: 38.19 MiB
  压缩率: 2.54x
  压缩时间: 0.28 秒
  压缩吞吐量: 346.014234 MiB/s
  解压时间: 0.08 秒
  解压吞吐量: 1230.759493 MiB/s
  LZ4文件: ./compressed_datasets/Cpython/v3.11.12.tar.lz4

文件 #43: v3.11.13.tar
  原始大小: 97.29 MiB
  LZ4压缩大小: 38.21 MiB
  压缩率: 2.54x
  压缩时间: 0.28 秒
  压缩吞吐量: 343.780918 MiB/s
  解压时间: 0.08 秒
  解压吞吐量: 1247.307692 MiB/s
  LZ4文件: ./compressed_datasets/Cpython/v3.11.13.tar.lz4

文件 #44: v3.12.0a1.tar
  原始大小: 94.70 MiB
  LZ4压缩大小: 37.54 MiB
  压缩率: 2.52x
  压缩时间: 0.28 秒
  压缩吞吐量: 344.363636 MiB/s
  解压时间: 0.08 秒
  解压吞吐量: 1262.666666 MiB/s
  LZ4文件: ./compressed_datasets/Cpython/v3.12.0a1.tar.lz4

文件 #45: v3.12.0a2.tar
  原始大小: 93.79 MiB
  LZ4压缩大小: 37.29 MiB
  压缩率: 2.51x
  压缩时间: 0.28 秒
  压缩吞吐量: 332.588652 MiB/s
  解压时间: 0.08 秒
  解压吞吐量: 1218.051948 MiB/s
  LZ4文件: ./compressed_datasets/Cpython/v3.12.0a2.tar.lz4

文件 #46: v3.12.0a3.tar
  原始大小: 94.17 MiB
  LZ4压缩大小: 37.41 MiB
  压缩率: 2.51x
  压缩时间: 0.36 秒
  压缩吞吐量: 262.311977 MiB/s
  解压时间: 0.08 秒
  解压吞吐量: 1222.987012 MiB/s
  LZ4文件: ./compressed_datasets/Cpython/v3.12.0a3.tar.lz4

文件 #47: v3.12.0a4.tar
  原始大小: 94.16 MiB
  LZ4压缩大小: 37.40 MiB
  压缩率: 2.51x
  压缩时间: 0.32 秒
  压缩吞吐量: 292.422360 MiB/s
  解压时间: 0.08 秒
  解压吞吐量: 1222.857142 MiB/s
  LZ4文件: ./compressed_datasets/Cpython/v3.12.0a4.tar.lz4

文件 #48: v3.12.0a5.tar
  原始大小: 94.42 MiB
  LZ4压缩大小: 37.50 MiB
  压缩率: 2.51x
  压缩时间: 0.30 秒
  压缩吞吐量: 315.785953 MiB/s
  解压时间: 0.08 秒
  解压吞吐量: 1226.233766 MiB/s
  LZ4文件: ./compressed_datasets/Cpython/v3.12.0a5.tar.lz4

文件 #49: v3.12.0a6.tar
  原始大小: 94.66 MiB
  LZ4压缩大小: 37.57 MiB
  压缩率: 2.51x
  压缩时间: 0.31 秒
  压缩吞吐量: 304.372990 MiB/s
  解压时间: 0.08 秒
  解压吞吐量: 1245.526315 MiB/s
  LZ4文件: ./compressed_datasets/Cpython/v3.12.0a6.tar.lz4

文件 #50: v3.12.0a7.tar
  原始大小: 94.99 MiB
  LZ4压缩大小: 37.66 MiB
  压缩率: 2.52x
  压缩时间: 0.33 秒
  压缩吞吐量: 285.255255 MiB/s
  解压时间: 0.08 秒
  解压吞吐量: 1233.636363 MiB/s
  LZ4文件: ./compressed_datasets/Cpython/v3.12.0a7.tar.lz4

文件 #51: v3.12.0b1.tar
  原始大小: 96.03 MiB
  LZ4压缩大小: 37.89 MiB
  压缩率: 2.53x
  压缩时间: 0.29 秒
  压缩吞吐量: 325.525423 MiB/s
  解压时间: 0.08 秒
  解压吞吐量: 1247.142857 MiB/s
  LZ4文件: ./compressed_datasets/Cpython/v3.12.0b1.tar.lz4

文件 #52: v3.12.0b2.tar
  原始大小: 98.70 MiB
  LZ4压缩大小: 38.29 MiB
  压缩率: 2.57x
  压缩时间: 0.30 秒
  压缩吞吐量: 324.671052 MiB/s
  解压时间: 0.08 秒
  解压吞吐量: 1233.750000 MiB/s
  LZ4文件: ./compressed_datasets/Cpython/v3.12.0b2.tar.lz4

文件 #53: v3.12.0b3.tar
  原始大小: 98.77 MiB
  LZ4压缩大小: 38.31 MiB
  压缩率: 2.57x
  压缩时间: 0.29 秒
  压缩吞吐量: 339.415807 MiB/s
  解压时间: 0.08 秒
  解压吞吐量: 1266.282051 MiB/s
  LZ4文件: ./compressed_datasets/Cpython/v3.12.0b3.tar.lz4

文件 #54: v3.12.0b4.tar
  原始大小: 98.84 MiB
  LZ4压缩大小: 38.35 MiB
  压缩率: 2.57x
  压缩时间: 0.50 秒
  压缩吞吐量: 198.473895 MiB/s
  解压时间: 0.09 秒
  解压吞吐量: 1086.153846 MiB/s
  LZ4文件: ./compressed_datasets/Cpython/v3.12.0b4.tar.lz4

文件 #55: v3.12.0rc1.tar
  原始大小: 99.01 MiB
  LZ4压缩大小: 38.41 MiB
  压缩率: 2.57x
  压缩时间: 0.37 秒
  压缩吞吐量: 266.873315 MiB/s
  解压时间: 0.08 秒
  解压吞吐量: 1253.291139 MiB/s
  LZ4文件: ./compressed_datasets/Cpython/v3.12.0rc1.tar.lz4

文件 #56: v3.12.0rc2.tar
  原始大小: 99.43 MiB
  LZ4压缩大小: 38.69 MiB
  压缩率: 2.56x
  压缩时间: 0.29 秒
  压缩吞吐量: 345.243055 MiB/s
  解压时间: 0.08 秒
  解压吞吐量: 1258.607594 MiB/s
  LZ4文件: ./compressed_datasets/Cpython/v3.12.0rc2.tar.lz4

文件 #57: v3.12.0rc3.tar
  原始大小: 99.49 MiB
  LZ4压缩大小: 38.72 MiB
  压缩率: 2.56x
  压缩时间: 0.29 秒
  压缩吞吐量: 345.451388 MiB/s
  解压时间: 0.08 秒
  解压吞吐量: 1259.367088 MiB/s
  LZ4文件: ./compressed_datasets/Cpython/v3.12.0rc3.tar.lz4

文件 #58: v3.12.0.tar
  原始大小: 99.52 MiB
  LZ4压缩大小: 38.72 MiB
  压缩率: 2.56x
  压缩时间: 0.29 秒
  压缩吞吐量: 347.972027 MiB/s
  解压时间: 0.08 秒
  解压吞吐量: 1259.746835 MiB/s
  LZ4文件: ./compressed_datasets/Cpython/v3.12.0.tar.lz4

文件 #59: v3.12.1.tar
  原始大小: 100.00 MiB
  LZ4压缩大小: 38.83 MiB
  压缩率: 2.57x
  压缩时间: 0.29 秒
  压缩吞吐量: 348.432055 MiB/s
  解压时间: 0.08 秒
  解压吞吐量: 1265.822784 MiB/s
  LZ4文件: ./compressed_datasets/Cpython/v3.12.1.tar.lz4

文件 #60: v3.12.2.tar
  原始大小: 100.28 MiB
  LZ4压缩大小: 38.93 MiB
  压缩率: 2.57x
  压缩时间: 0.29 秒
  压缩吞吐量: 345.793103 MiB/s
  解压时间: 0.08 秒
  解压吞吐量: 1269.367088 MiB/s
  LZ4文件: ./compressed_datasets/Cpython/v3.12.2.tar.lz4

文件 #61: v3.12.3.tar
  原始大小: 100.53 MiB
  LZ4压缩大小: 39.01 MiB
  压缩率: 2.57x
  压缩时间: 0.29 秒
  压缩吞吐量: 347.854671 MiB/s
  解压时间: 0.08 秒
  解压吞吐量: 1256.625000 MiB/s
  LZ4文件: ./compressed_datasets/Cpython/v3.12.3.tar.lz4

文件 #62: v3.12.4.tar
  原始大小: 100.74 MiB
  LZ4压缩大小: 39.08 MiB
  压缩率: 2.57x
  压缩时间: 0.29 秒
  压缩吞吐量: 341.491525 MiB/s
  解压时间: 0.08 秒
  解压吞吐量: 1259.250000 MiB/s
  LZ4文件: ./compressed_datasets/Cpython/v3.12.4.tar.lz4

文件 #63: v3.12.5.tar
  原始大小: 100.67 MiB
  LZ4压缩大小: 38.89 MiB
  压缩率: 2.58x
  压缩时间: 0.32 秒
  压缩吞吐量: 314.593750 MiB/s
  解压时间: 0.09 秒
  解压吞吐量: 1170.581395 MiB/s
  LZ4文件: ./compressed_datasets/Cpython/v3.12.5.tar.lz4

文件 #64: v3.12.6.tar
  原始大小: 100.79 MiB
  LZ4压缩大小: 38.92 MiB
  压缩率: 2.58x
  压缩时间: 0.29 秒
  压缩吞吐量: 346.357388 MiB/s
  解压时间: 0.08 秒
  解压吞吐量: 1244.320987 MiB/s
  LZ4文件: ./compressed_datasets/Cpython/v3.12.6.tar.lz4

文件 #65: v3.12.7.tar
  原始大小: 100.82 MiB
  LZ4压缩大小: 38.94 MiB
  压缩率: 2.58x
  压缩时间: 0.31 秒
  压缩吞吐量: 324.180064 MiB/s
  解压时间: 0.08 秒
  解压吞吐量: 1260.250000 MiB/s
  LZ4文件: ./compressed_datasets/Cpython/v3.12.7.tar.lz4

文件 #66: v3.12.8.tar
  原始大小: 101.07 MiB
  LZ4压缩大小: 39.03 MiB
  压缩率: 2.58x
  压缩时间: 0.31 秒
  压缩吞吐量: 324.983922 MiB/s
  解压时间: 0.08 秒
  解压吞吐量: 1217.710843 MiB/s
  LZ4文件: ./compressed_datasets/Cpython/v3.12.8.tar.lz4

文件 #67: v3.12.9.tar
  原始大小: 101.24 MiB
  LZ4压缩大小: 39.11 MiB
  压缩率: 2.58x
  压缩时间: 0.30 秒
  压缩吞吐量: 342.027027 MiB/s
  解压时间: 0.08 秒
  解压吞吐量: 1234.634146 MiB/s
  LZ4文件: ./compressed_datasets/Cpython/v3.12.9.tar.lz4

文件 #68: v3.12.10.tar
  原始大小: 101.09 MiB
  LZ4压缩大小: 39.09 MiB
  压缩率: 2.58x
  压缩时间: 0.30 秒
  压缩吞吐量: 336.966666 MiB/s
  解压时间: 0.08 秒
  解压吞吐量: 1232.804878 MiB/s
  LZ4文件: ./compressed_datasets/Cpython/v3.12.10.tar.lz4

文件 #69: v3.12.11.tar
  原始大小: 101.14 MiB
  LZ4压缩大小: 39.11 MiB
  压缩率: 2.58x
  压缩时间: 0.30 秒
  压缩吞吐量: 337.133333 MiB/s
  解压时间: 0.08 秒
  解压吞吐量: 1248.641975 MiB/s
  LZ4文件: ./compressed_datasets/Cpython/v3.12.11.tar.lz4

文件 #70: v3.13.0a1.tar
  原始大小: 96.33 MiB
  LZ4压缩大小: 38.05 MiB
  压缩率: 2.53x
  压缩时间: 0.38 秒
  压缩吞吐量: 252.172774 MiB/s
  解压时间: 0.08 秒
  解压吞吐量: 1235.000000 MiB/s
  LZ4文件: ./compressed_datasets/Cpython/v3.13.0a1.tar.lz4

文件 #71: v3.13.0a2.tar
  原始大小: 96.70 MiB
  LZ4压缩大小: 38.21 MiB
  压缩率: 2.53x
  压缩时间: 0.33 秒
  压缩吞吐量: 294.817073 MiB/s
  解压时间: 0.08 秒
  解压吞吐量: 1239.743589 MiB/s
  LZ4文件: ./compressed_datasets/Cpython/v3.13.0a2.tar.lz4

文件 #72: v3.13.0a3.tar
  原始大小: 97.24 MiB
  LZ4压缩大小: 38.39 MiB
  压缩率: 2.53x
  压缩时间: 0.28 秒
  压缩吞吐量: 343.604240 MiB/s
  解压时间: 0.08 秒
  解压吞吐量: 1246.666666 MiB/s
  LZ4文件: ./compressed_datasets/Cpython/v3.13.0a3.tar.lz4

文件 #73: v3.13.0a4.tar
  原始大小: 98.19 MiB
  LZ4压缩大小: 38.83 MiB
  压缩率: 2.52x
  压缩时间: 0.37 秒
  压缩吞吐量: 266.097560 MiB/s
  解压时间: 0.08 秒
  解压吞吐量: 1258.846153 MiB/s
  LZ4文件: ./compressed_datasets/Cpython/v3.13.0a4.tar.lz4

文件 #74: v3.13.0a5.tar
  原始大小: 98.92 MiB
  LZ4压缩大小: 39.02 MiB
  压缩率: 2.53x
  压缩时间: 0.31 秒
  压缩吞吐量: 320.129449 MiB/s
  解压时间: 0.08 秒
  解压吞吐量: 1236.500000 MiB/s
  LZ4文件: ./compressed_datasets/Cpython/v3.13.0a5.tar.lz4

文件 #75: v3.13.0a6.tar
  原始大小: 99.50 MiB
  LZ4压缩大小: 39.25 MiB
  压缩率: 2.53x
  压缩时间: 0.37 秒
  压缩吞吐量: 268.918918 MiB/s
  解压时间: 0.08 秒
  解压吞吐量: 1243.750000 MiB/s
  LZ4文件: ./compressed_datasets/Cpython/v3.13.0a6.tar.lz4

文件 #76: v3.13.0b1.tar
  原始大小: 100.63 MiB
  LZ4压缩大小: 39.60 MiB
  压缩率: 2.54x
  压缩时间: 0.31 秒
  压缩吞吐量: 319.460317 MiB/s
  解压时间: 0.08 秒
  解压吞吐量: 1257.875000 MiB/s
  LZ4文件: ./compressed_datasets/Cpython/v3.13.0b1.tar.lz4

文件 #77: v3.13.0b2.tar
  原始大小: 100.86 MiB
  LZ4压缩大小: 39.67 MiB
  压缩率: 2.54x
  压缩时间: 0.30 秒
  压缩吞吐量: 339.595959 MiB/s
  解压时间: 0.08 秒
  解压吞吐量: 1245.185185 MiB/s
  LZ4文件: ./compressed_datasets/Cpython/v3.13.0b2.tar.lz4

文件 #78: v3.13.0b3.tar
  原始大小: 100.80 MiB
  LZ4压缩大小: 39.46 MiB
  压缩率: 2.55x
  压缩时间: 0.30 秒
  压缩吞吐量: 340.540540 MiB/s
  解压时间: 0.09 秒
  解压吞吐量: 1095.652173 MiB/s
  LZ4文件: ./compressed_datasets/Cpython/v3.13.0b3.tar.lz4

文件 #79: v3.13.0b4.tar
  原始大小: 100.99 MiB
  LZ4压缩大小: 39.53 MiB
  压缩率: 2.55x
  压缩时间: 0.29 秒
  压缩吞吐量: 343.503401 MiB/s
  解压时间: 0.08 秒
  解压吞吐量: 1246.790123 MiB/s
  LZ4文件: ./compressed_datasets/Cpython/v3.13.0b4.tar.lz4

文件 #80: v3.13.0rc1.tar
  原始大小: 101.04 MiB
  LZ4压缩大小: 39.56 MiB
  压缩率: 2.55x
  压缩时间: 0.31 秒
  压缩吞吐量: 330.196078 MiB/s
  解压时间: 0.08 秒
  解压吞吐量: 1217.349397 MiB/s
  LZ4文件: ./compressed_datasets/Cpython/v3.13.0rc1.tar.lz4

文件 #81: v3.13.0rc2.tar
  原始大小: 103.57 MiB
  LZ4压缩大小: 39.90 MiB
  压缩率: 2.59x
  压缩时间: 0.30 秒
  压缩吞吐量: 346.387959 MiB/s
  解压时间: 0.08 秒
  解压吞吐量: 1247.831325 MiB/s
  LZ4文件: ./compressed_datasets/Cpython/v3.13.0rc2.tar.lz4

文件 #82: v3.13.0rc3.tar
  原始大小: 105.04 MiB
  LZ4压缩大小: 41.35 MiB
  压缩率: 2.54x
  压缩时间: 0.31 秒
  压缩吞吐量: 344.393442 MiB/s
  解压时间: 0.08 秒
  解压吞吐量: 1250.476190 MiB/s
  LZ4文件: ./compressed_datasets/Cpython/v3.13.0rc3.tar.lz4

文件 #83: v3.13.0.tar
  原始大小: 105.05 MiB
  LZ4压缩大小: 41.35 MiB
  压缩率: 2.54x
  压缩时间: 0.30 秒
  压缩吞吐量: 349.003322 MiB/s
  解压时间: 0.08 秒
  解压吞吐量: 1265.662650 MiB/s
  LZ4文件: ./compressed_datasets/Cpython/v3.13.0.tar.lz4

文件 #84: v3.13.1.tar
  原始大小: 105.55 MiB
  LZ4压缩大小: 41.49 MiB
  压缩率: 2.54x
  压缩时间: 0.31 秒
  压缩吞吐量: 340.483870 MiB/s
  解压时间: 0.08 秒
  解压吞吐量: 1256.547619 MiB/s
  LZ4文件: ./compressed_datasets/Cpython/v3.13.1.tar.lz4

文件 #85: v3.13.2.tar
  原始大小: 105.77 MiB
  LZ4压缩大小: 41.56 MiB
  压缩率: 2.54x
  压缩时间: 0.34 秒
  压缩吞吐量: 308.367346 MiB/s
  解压时间: 0.09 秒
  解压吞吐量: 1244.352941 MiB/s
  LZ4文件: ./compressed_datasets/Cpython/v3.13.2.tar.lz4

文件 #86: v3.13.3.tar
  原始大小: 105.69 MiB
  LZ4压缩大小: 41.60 MiB
  压缩率: 2.54x
  压缩时间: 0.31 秒
  压缩吞吐量: 340.935483 MiB/s
  解压时间: 0.09 秒
  解压吞吐量: 1243.411764 MiB/s
  LZ4文件: ./compressed_datasets/Cpython/v3.13.3.tar.lz4

文件 #87: v3.13.4.tar
  原始大小: 105.92 MiB
  LZ4压缩大小: 41.67 MiB
  压缩率: 2.54x
  压缩时间: 0.31 秒
  压缩吞吐量: 338.402555 MiB/s
  解压时间: 0.09 秒
  解压吞吐量: 1231.627906 MiB/s
  LZ4文件: ./compressed_datasets/Cpython/v3.13.4.tar.lz4

文件 #88: v3.13.5.tar
  原始大小: 106.07 MiB
  LZ4压缩大小: 41.75 MiB
  压缩率: 2.54x
  压缩时间: 0.31 秒
  压缩吞吐量: 337.802547 MiB/s
  解压时间: 0.09 秒
  解压吞吐量: 1247.882352 MiB/s
  LZ4文件: ./compressed_datasets/Cpython/v3.13.5.tar.lz4

文件 #89: v3.14.0a1.tar
  原始大小: 104.31 MiB
  LZ4压缩大小: 41.59 MiB
  压缩率: 2.50x
  压缩时间: 0.31 秒
  压缩吞吐量: 337.572815 MiB/s
  解压时间: 0.09 秒
  解压吞吐量: 1227.176470 MiB/s
  LZ4文件: ./compressed_datasets/Cpython/v3.14.0a1.tar.lz4

文件 #90: v3.14.0a2.tar
  原始大小: 104.92 MiB
  LZ4压缩大小: 41.76 MiB
  压缩率: 2.51x
  压缩时间: 0.35 秒
  压缩吞吐量: 302.363112 MiB/s
  解压时间: 0.08 秒
  解压吞吐量: 1249.047619 MiB/s
  LZ4文件: ./compressed_datasets/Cpython/v3.14.0a2.tar.lz4

文件 #91: v3.14.0a3.tar
  原始大小: 105.30 MiB
  LZ4压缩大小: 41.88 MiB
  压缩率: 2.51x
  压缩时间: 0.31 秒
  压缩吞吐量: 335.350318 MiB/s
  解压时间: 0.08 秒
  解压吞吐量: 1253.571428 MiB/s
  LZ4文件: ./compressed_datasets/Cpython/v3.14.0a3.tar.lz4

文件 #92: v3.14.0a4.tar
  原始大小: 105.65 MiB
  LZ4压缩大小: 41.97 MiB
  压缩率: 2.51x
  压缩时间: 0.31 秒
  压缩吞吐量: 337.539936 MiB/s
  解压时间: 0.09 秒
  解压吞吐量: 1228.488372 MiB/s
  LZ4文件: ./compressed_datasets/Cpython/v3.14.0a4.tar.lz4

文件 #93: v3.14.0a5.tar
  原始大小: 106.00 MiB
  LZ4压缩大小: 42.11 MiB
  压缩率: 2.51x
  压缩时间: 0.33 秒
  压缩吞吐量: 319.277108 MiB/s
  解压时间: 0.10 秒
  解压吞吐量: 1070.707070 MiB/s
  LZ4文件: ./compressed_datasets/Cpython/v3.14.0a5.tar.lz4

文件 #94: v3.14.0a6.tar
  原始大小: 106.87 MiB
  LZ4压缩大小: 42.31 MiB
  压缩率: 2.52x
  压缩时间: 0.31 秒
  压缩吞吐量: 339.269841 MiB/s
  解压时间: 0.09 秒
  解压吞吐量: 1257.294117 MiB/s
  LZ4文件: ./compressed_datasets/Cpython/v3.14.0a6.tar.lz4

文件 #95: v3.14.0a7.tar
  原始大小: 107.28 MiB
  LZ4压缩大小: 42.46 MiB
  压缩率: 2.52x
  压缩时间: 0.32 秒
  压缩吞吐量: 338.422712 MiB/s
  解压时间: 0.09 秒
  解压吞吐量: 1262.117647 MiB/s
  LZ4文件: ./compressed_datasets/Cpython/v3.14.0a7.tar.lz4

文件 #96: v3.14.0b1.tar
  原始大小: 109.03 MiB
  LZ4压缩大小: 42.98 MiB
  压缩率: 2.53x
  压缩时间: 0.38 秒
  压缩吞吐量: 288.439153 MiB/s
  解压时间: 0.09 秒
  解压吞吐量: 1253.218390 MiB/s
  LZ4文件: ./compressed_datasets/Cpython/v3.14.0b1.tar.lz4

文件 #97: v3.14.0b2.tar
  原始大小: 111.87 MiB
  LZ4压缩大小: 43.42 MiB
  压缩率: 2.57x
  压缩时间: 0.33 秒
  压缩吞吐量: 340.030395 MiB/s
  解压时间: 0.09 秒
  解压吞吐量: 1256.966292 MiB/s
  LZ4文件: ./compressed_datasets/Cpython/v3.14.0b2.tar.lz4

文件 #98: v3.14.0b3.tar
  原始大小: 112.23 MiB
  LZ4压缩大小: 43.52 MiB
  压缩率: 2.57x
  压缩时间: 0.33 秒
  压缩吞吐量: 344.263803 MiB/s
  解压时间: 0.09 秒
  解压吞吐量: 1247.000000 MiB/s
  LZ4文件: ./compressed_datasets/Cpython/v3.14.0b3.tar.lz4

文件 #99: v3.14.0b4.tar
  原始大小: 112.30 MiB
  LZ4压缩大小: 43.55 MiB
  压缩率: 2.57x
  压缩时间: 0.32 秒
  压缩吞吐量: 347.678018 MiB/s
  解压时间: 0.09 秒
  解压吞吐量: 1261.797752 MiB/s
  LZ4文件: ./compressed_datasets/Cpython/v3.14.0b4.tar.lz4

文件 #100: v3.14.0rc1.tar
  原始大小: 112.44 MiB
  LZ4压缩大小: 43.60 MiB
  压缩率: 2.57x
  压缩时间: 0.36 秒
  压缩吞吐量: 315.842696 MiB/s
  解压时间: 0.09 秒
  解压吞吐量: 1249.333333 MiB/s
  LZ4文件: ./compressed_datasets/Cpython/v3.14.0rc1.tar.lz4

=== Cpython LZ4总体统计 ===
实际处理文件数量: 100
预期文件数量: 100
总原始大小: 9845.66 MiB
总LZ4压缩大小: 3872.06 MiB
总体压缩率: 2.54x
总压缩时间: 30.28 秒
总解压时间: 8.00 秒
压缩总体吞吐量: 325.11 MiB/s
解压总体吞吐量: 1230.86 MiB/s
LZ4文件保存目录: ./compressed_datasets/Cpython/
完成时间: 2025年 08月 17日 星期日 17:18:42 CST
