=== WEB LZ4压缩报告 ===
开始时间: 2025年 08月 17日 星期日 19:01:20 CST
源路径: /mnt/dataset2/WEB
预期文件数量: 102
压缩算法: LZ4

文件处理顺序:
  1. 2016-06-13.tar
  2. 2016-06-15.tar
  3. 2016-06-16.tar
  4. 2016-06-17.tar
  5. 2016-06-18.tar
  6. 2016-06-20.tar
  7. 2016-06-22.tar
  8. 2016-06-23.tar
  9. 2016-06-24.tar
  10. 2016-06-25.tar
  11. 2016-06-26.tar
  12. 2016-06-27.tar
  13. 2016-06-28.tar
  14. 2016-06-29.tar
  15. 2016-06-30.tar
  16. 2016-07-01.tar
  17. 2016-07-02.tar
  18. 2016-07-03.tar
  19. 2016-07-04.tar
  20. 2016-07-05.tar
  21. 2016-07-06.tar
  22. 2016-07-07.tar
  23. 2016-07-08.tar
  24. 2016-07-09.tar
  25. 2016-07-10.tar
  26. 2016-07-11.tar
  27. 2016-07-12.tar
  28. 2016-07-13.tar
  29. 2016-07-14.tar
  30. 2016-07-15.tar
  31. 2016-07-16.tar
  32. 2016-07-17.tar
  33. 2016-07-18.tar
  34. 2016-07-19.tar
  35. 2016-07-20.tar
  36. 2016-07-21.tar
  37. 2016-07-22.tar
  38. 2016-07-23.tar
  39. 2016-07-24.tar
  40. 2016-07-25.tar
  41. 2016-07-26.tar
  42. 2016-07-27.tar
  43. 2016-07-28.tar
  44. 2016-07-29.tar
  45. 2016-07-30.tar
  46. 2016-07-31.tar
  47. 2016-08-01.tar
  48. 2016-08-02.tar
  49. 2016-08-03.tar
  50. 2016-08-04.tar
  51. 2016-08-05.tar
  52. 2016-08-06.tar
  53. 2016-08-07.tar
  54. 2016-08-08.tar
  55. 2016-08-09.tar
  56. 2016-08-10.tar
  57. 2016-08-11.tar
  58. 2016-08-12.tar
  59. 2016-08-13.tar
  60. 2016-08-14.tar
  61. 2016-08-15.tar
  62. 2016-08-16.tar
  63. 2016-08-17.tar
  64. 2016-08-18.tar
  65. 2016-08-19.tar
  66. 2016-08-20.tar
  67. 2016-08-21.tar
  68. 2016-08-22.tar
  69. 2016-08-23.tar
  70. 2016-08-24.tar
  71. 2016-08-25.tar
  72. 2016-08-26.tar
  73. 2016-08-27.tar
  74. 2016-08-28.tar
  75. 2016-08-29.tar
  76. 2016-08-30.tar
  77. 2016-08-31.tar
  78. 2016-09-01.tar
  79. 2016-09-02.tar
  80. 2016-09-03.tar
  81. 2016-09-04.tar
  82. 2016-09-05.tar
  83. 2016-09-06.tar
  84. 2016-09-07.tar
  85. 2016-09-08.tar
  86. 2016-09-09.tar
  87. 2016-09-10.tar
  88. 2016-09-11.tar
  89. 2016-09-12.tar
  90. 2016-09-18.tar
  91. 2016-09-19.tar
  92. 2016-09-20.tar
  93. 2016-09-21.tar
  94. 2016-09-22.tar
  95. 2016-09-23.tar
  96. 2016-09-24.tar
  97. 2016-09-25.tar
  98. 2016-09-26.tar
  99. 2016-09-27.tar
  100. 2016-09-28.tar
  101. 2016-09-29.tar
  102. 2016-09-30.tar

文件 #1: 2016-06-13.tar
  原始大小: 2736.53 MiB
  LZ4压缩大小: 1098.43 MiB
  压缩率: 2.49x
  压缩时间: 8.96 秒
  压缩吞吐量: 305.484483 MiB/s
  解压时间: 5.08 秒
  解压吞吐量: 539.00 MiB/s
  LZ4文件: ./compressed_datasets/WEB/2016-06-13.tar.lz4

文件 #2: 2016-06-15.tar
  原始大小: 2746.02 MiB
  LZ4压缩大小: 1102.03 MiB
  压缩率: 2.49x
  压缩时间: 8.97 秒
  压缩吞吐量: 305.997325 MiB/s
  解压时间: 3.97 秒
  解压吞吐量: 690.82 MiB/s
  LZ4文件: ./compressed_datasets/WEB/2016-06-15.tar.lz4

文件 #3: 2016-06-16.tar
  原始大小: 2725.14 MiB
  LZ4压缩大小: 1093.57 MiB
  压缩率: 2.49x
  压缩时间: 9.04 秒
  压缩吞吐量: 301.453539 MiB/s
  解压时间: 3.71 秒
  解压吞吐量: 734.14 MiB/s
  LZ4文件: ./compressed_datasets/WEB/2016-06-16.tar.lz4

文件 #4: 2016-06-17.tar
  原始大小: 2765.48 MiB
  LZ4压缩大小: 1104.60 MiB
  压缩率: 2.50x
  压缩时间: 9.15 秒
  压缩吞吐量: 302.271286 MiB/s
  解压时间: 3.39 秒
  解压吞吐量: 815.53 MiB/s
  LZ4文件: ./compressed_datasets/WEB/2016-06-17.tar.lz4

文件 #5: 2016-06-18.tar
  原始大小: 2739.86 MiB
  LZ4压缩大小: 1093.95 MiB
  压缩率: 2.50x
  压缩时间: 8.85 秒
  压缩吞吐量: 309.553722 MiB/s
  解压时间: 4.18 秒
  解压吞吐量: 655.78 MiB/s
  LZ4文件: ./compressed_datasets/WEB/2016-06-18.tar.lz4

文件 #6: 2016-06-20.tar
  原始大小: 2771.15 MiB
  LZ4压缩大小: 1106.58 MiB
  压缩率: 2.50x
  压缩时间: 8.89 秒
  压缩吞吐量: 311.610255 MiB/s
  解压时间: 4.16 秒
  解压吞吐量: 666.46 MiB/s
  LZ4文件: ./compressed_datasets/WEB/2016-06-20.tar.lz4

文件 #7: 2016-06-22.tar
  原始大小: 2771.51 MiB
  LZ4压缩大小: 1106.61 MiB
  压缩率: 2.50x
  压缩时间: 8.98 秒
  压缩吞吐量: 308.597038 MiB/s
  解压时间: 4.01 秒
  解压吞吐量: 692.01 MiB/s
  LZ4文件: ./compressed_datasets/WEB/2016-06-22.tar.lz4

文件 #8: 2016-06-23.tar
  原始大小: 2801.98 MiB
  LZ4压缩大小: 1119.19 MiB
  压缩率: 2.50x
  压缩时间: 9.06 秒
  压缩吞吐量: 309.235183 MiB/s
  解压时间: 4.57 秒
  解压吞吐量: 612.58 MiB/s
  LZ4文件: ./compressed_datasets/WEB/2016-06-23.tar.lz4

文件 #9: 2016-06-24.tar
  原始大小: 2785.23 MiB
  LZ4压缩大小: 1112.30 MiB
  压缩率: 2.50x
  压缩时间: 9.24 秒
  压缩吞吐量: 301.562364 MiB/s
  解压时间: 5.12 秒
  解压吞吐量: 544.20 MiB/s
  LZ4文件: ./compressed_datasets/WEB/2016-06-24.tar.lz4

文件 #10: 2016-06-25.tar
  原始大小: 2784.76 MiB
  LZ4压缩大小: 1111.62 MiB
  压缩率: 2.50x
  压缩时间: 9.48 秒
  压缩吞吐量: 293.751054 MiB/s
  解压时间: 5.73 秒
  解压吞吐量: 486.16 MiB/s
  LZ4文件: ./compressed_datasets/WEB/2016-06-25.tar.lz4

文件 #11: 2016-06-26.tar
  原始大小: 2763.83 MiB
  LZ4压缩大小: 1103.34 MiB
  压缩率: 2.50x
  压缩时间: 8.77 秒
  压缩吞吐量: 315.253792 MiB/s
  解压时间: 8.78 秒
  解压吞吐量: 314.71 MiB/s
  LZ4文件: ./compressed_datasets/WEB/2016-06-26.tar.lz4

文件 #12: 2016-06-27.tar
  原始大小: 2761.99 MiB
  LZ4压缩大小: 1102.39 MiB
  压缩率: 2.50x
  压缩时间: 8.79 秒
  压缩吞吐量: 314.291078 MiB/s
  解压时间: 12.40 秒
  解压吞吐量: 222.70 MiB/s
  LZ4文件: ./compressed_datasets/WEB/2016-06-27.tar.lz4

文件 #13: 2016-06-28.tar
  原始大小: 2805.08 MiB
  LZ4压缩大小: 1119.47 MiB
  压缩率: 2.50x
  压缩时间: 9.06 秒
  压缩吞吐量: 309.782440 MiB/s
  解压时间: 13.56 秒
  解压吞吐量: 206.80 MiB/s
  LZ4文件: ./compressed_datasets/WEB/2016-06-28.tar.lz4

文件 #14: 2016-06-29.tar
  原始大小: 2785.60 MiB
  LZ4压缩大小: 1112.01 MiB
  压缩率: 2.50x
  压缩时间: 8.88 秒
  压缩吞吐量: 313.552453 MiB/s
  解压时间: 12.56 秒
  解压吞吐量: 221.83 MiB/s
  LZ4文件: ./compressed_datasets/WEB/2016-06-29.tar.lz4

文件 #15: 2016-06-30.tar
  原始大小: 2805.86 MiB
  LZ4压缩大小: 1119.99 MiB
  压缩率: 2.50x
  压缩时间: 8.95 秒
  压缩吞吐量: 313.398860 MiB/s
  解压时间: 13.64 秒
  解压吞吐量: 205.76 MiB/s
  LZ4文件: ./compressed_datasets/WEB/2016-06-30.tar.lz4

文件 #16: 2016-07-01.tar
  原始大小: 2800.78 MiB
  LZ4压缩大小: 1117.96 MiB
  压缩率: 2.50x
  压缩时间: 9.01 秒
  压缩吞吐量: 310.817889 MiB/s
  解压时间: 13.16 秒
  解压吞吐量: 212.76 MiB/s
  LZ4文件: ./compressed_datasets/WEB/2016-07-01.tar.lz4

文件 #17: 2016-07-02.tar
  原始大小: 2840.69 MiB
  LZ4压缩大小: 1133.01 MiB
  压缩率: 2.50x
  压缩时间: 8.96 秒
  压缩吞吐量: 316.899821 MiB/s
  解压时间: 10.92 秒
  解压吞吐量: 260.08 MiB/s
  LZ4文件: ./compressed_datasets/WEB/2016-07-02.tar.lz4

文件 #18: 2016-07-03.tar
  原始大小: 2860.64 MiB
  LZ4压缩大小: 1141.23 MiB
  压缩率: 2.50x
  压缩时间: 9.21 秒
  压缩吞吐量: 310.534085 MiB/s
  解压时间: 12.70 秒
  解压吞吐量: 225.17 MiB/s
  LZ4文件: ./compressed_datasets/WEB/2016-07-03.tar.lz4

文件 #19: 2016-07-04.tar
  原始大小: 2863.04 MiB
  LZ4压缩大小: 1142.18 MiB
  压缩率: 2.50x
  压缩时间: 10.07 秒
  压缩吞吐量: 284.313803 MiB/s
  解压时间: 12.32 秒
  解压吞吐量: 232.29 MiB/s
  LZ4文件: ./compressed_datasets/WEB/2016-07-04.tar.lz4

文件 #20: 2016-07-05.tar
  原始大小: 2844.15 MiB
  LZ4压缩大小: 1134.82 MiB
  压缩率: 2.50x
  压缩时间: 9.44 秒
  压缩吞吐量: 301.255163 MiB/s
  解压时间: 9.39 秒
  解压吞吐量: 302.85 MiB/s
  LZ4文件: ./compressed_datasets/WEB/2016-07-05.tar.lz4

文件 #21: 2016-07-06.tar
  原始大小: 2796.72 MiB
  LZ4压缩大小: 1115.81 MiB
  压缩率: 2.50x
  压缩时间: 9.30 秒
  压缩吞吐量: 300.754919 MiB/s
  解压时间: 5.55 秒
  解压吞吐量: 504.00 MiB/s
  LZ4文件: ./compressed_datasets/WEB/2016-07-06.tar.lz4

文件 #22: 2016-07-07.tar
  原始大小: 2756.76 MiB
  LZ4压缩大小: 1099.28 MiB
  压缩率: 2.50x
  压缩时间: 15.90 秒
  压缩吞吐量: 173.424760 MiB/s
  解压时间: 2.93 秒
  解压吞吐量: 939.59 MiB/s
  LZ4文件: ./compressed_datasets/WEB/2016-07-07.tar.lz4

文件 #23: 2016-07-08.tar
  原始大小: 2729.91 MiB
  LZ4压缩大小: 1088.75 MiB
  压缩率: 2.50x
  压缩时间: 32.56 秒
  压缩吞吐量: 83.829571 MiB/s
  解压时间: 2.18 秒
  解压吞吐量: 1252.82 MiB/s
  LZ4文件: ./compressed_datasets/WEB/2016-07-08.tar.lz4

文件 #24: 2016-07-09.tar
  原始大小: 2719.80 MiB
  LZ4压缩大小: 1084.57 MiB
  压缩率: 2.50x
  压缩时间: 9.15 秒
  压缩吞吐量: 297.116014 MiB/s
  解压时间: 4.90 秒
  解压吞吐量: 555.06 MiB/s
  LZ4文件: ./compressed_datasets/WEB/2016-07-09.tar.lz4

文件 #25: 2016-07-10.tar
  原始大小: 2734.11 MiB
  LZ4压缩大小: 1090.54 MiB
  压缩率: 2.50x
  压缩时间: 8.74 秒
  压缩吞吐量: 312.863027 MiB/s
  解压时间: 8.40 秒
  解压吞吐量: 325.45 MiB/s
  LZ4文件: ./compressed_datasets/WEB/2016-07-10.tar.lz4

文件 #26: 2016-07-11.tar
  原始大小: 2741.96 MiB
  LZ4压缩大小: 1093.57 MiB
  压缩率: 2.50x
  压缩时间: 9.12 秒
  压缩吞吐量: 300.521701 MiB/s
  解压时间: 5.58 秒
  解压吞吐量: 491.74 MiB/s
  LZ4文件: ./compressed_datasets/WEB/2016-07-11.tar.lz4

文件 #27: 2016-07-12.tar
  原始大小: 2733.13 MiB
  LZ4压缩大小: 1090.02 MiB
  压缩率: 2.50x
  压缩时间: 8.90 秒
  压缩吞吐量: 307.231339 MiB/s
  解压时间: 7.14 秒
  解压吞吐量: 383.05 MiB/s
  LZ4文件: ./compressed_datasets/WEB/2016-07-12.tar.lz4

文件 #28: 2016-07-13.tar
  原始大小: 2731.97 MiB
  LZ4压缩大小: 1089.61 MiB
  压缩率: 2.50x
  压缩时间: 8.64 秒
  压缩吞吐量: 316.273442 MiB/s
  解压时间: 8.31 秒
  解压吞吐量: 328.63 MiB/s
  LZ4文件: ./compressed_datasets/WEB/2016-07-13.tar.lz4

文件 #29: 2016-07-14.tar
  原始大小: 2738.84 MiB
  LZ4压缩大小: 1092.10 MiB
  压缩率: 2.50x
  压缩时间: 9.03 秒
  压缩吞吐量: 303.338132 MiB/s
  解压时间: 12.19 秒
  解压吞吐量: 224.69 MiB/s
  LZ4文件: ./compressed_datasets/WEB/2016-07-14.tar.lz4

文件 #30: 2016-07-15.tar
  原始大小: 2742.90 MiB
  LZ4压缩大小: 1093.71 MiB
  压缩率: 2.50x
  压缩时间: 8.91 秒
  压缩吞吐量: 307.810571 MiB/s
  解压时间: 11.09 秒
  解压吞吐量: 247.30 MiB/s
  LZ4文件: ./compressed_datasets/WEB/2016-07-15.tar.lz4

文件 #31: 2016-07-16.tar
  原始大小: 2756.85 MiB
  LZ4压缩大小: 1099.06 MiB
  压缩率: 2.50x
  压缩时间: 8.68 秒
  压缩吞吐量: 317.463150 MiB/s
  解压时间: 12.97 秒
  解压吞吐量: 212.55 MiB/s
  LZ4文件: ./compressed_datasets/WEB/2016-07-16.tar.lz4

文件 #32: 2016-07-17.tar
  原始大小: 2721.02 MiB
  LZ4压缩大小: 1084.70 MiB
  压缩率: 2.50x
  压缩时间: 8.90 秒
  压缩吞吐量: 305.801303 MiB/s
  解压时间: 10.40 秒
  解压吞吐量: 261.66 MiB/s
  LZ4文件: ./compressed_datasets/WEB/2016-07-17.tar.lz4

文件 #33: 2016-07-18.tar
  原始大小: 2687.47 MiB
  LZ4压缩大小: 1071.51 MiB
  压缩率: 2.50x
  压缩时间: 8.69 秒
  压缩吞吐量: 309.295661 MiB/s
  解压时间: 5.57 秒
  解压吞吐量: 482.14 MiB/s
  LZ4文件: ./compressed_datasets/WEB/2016-07-18.tar.lz4

文件 #34: 2016-07-19.tar
  原始大小: 2734.19 MiB
  LZ4压缩大小: 1090.74 MiB
  压缩率: 2.50x
  压缩时间: 8.65 秒
  压缩吞吐量: 315.945227 MiB/s
  解压时间: 11.81 秒
  解压吞吐量: 231.43 MiB/s
  LZ4文件: ./compressed_datasets/WEB/2016-07-19.tar.lz4

文件 #35: 2016-07-20.tar
  原始大小: 2748.06 MiB
  LZ4压缩大小: 1096.38 MiB
  压缩率: 2.50x
  压缩时间: 8.70 秒
  压缩吞吐量: 315.977923 MiB/s
  解压时间: 11.70 秒
  解压吞吐量: 234.77 MiB/s
  LZ4文件: ./compressed_datasets/WEB/2016-07-20.tar.lz4

文件 #36: 2016-07-21.tar
  原始大小: 2760.14 MiB
  LZ4压缩大小: 1101.62 MiB
  压缩率: 2.50x
  压缩时间: 8.84 秒
  压缩吞吐量: 312.268356 MiB/s
  解压时间: 11.93 秒
  解压吞吐量: 231.34 MiB/s
  LZ4文件: ./compressed_datasets/WEB/2016-07-21.tar.lz4

文件 #37: 2016-07-22.tar
  原始大小: 2752.88 MiB
  LZ4压缩大小: 1098.48 MiB
  压缩率: 2.50x
  压缩时间: 9.26 秒
  压缩吞吐量: 297.447866 MiB/s
  解压时间: 13.13 秒
  解压吞吐量: 209.67 MiB/s
  LZ4文件: ./compressed_datasets/WEB/2016-07-22.tar.lz4

文件 #38: 2016-07-23.tar
  原始大小: 2774.90 MiB
  LZ4压缩大小: 1107.57 MiB
  压缩率: 2.50x
  压缩时间: 10.83 秒
  压缩吞吐量: 256.318123 MiB/s
  解压时间: 5.54 秒
  解压吞吐量: 500.97 MiB/s
  LZ4文件: ./compressed_datasets/WEB/2016-07-23.tar.lz4

文件 #39: 2016-07-24.tar
  原始大小: 2752.73 MiB
  LZ4压缩大小: 1098.67 MiB
  压缩率: 2.50x
  压缩时间: 9.32 秒
  压缩吞吐量: 295.293928 MiB/s
  解压时间: 10.32 秒
  解压吞吐量: 266.73 MiB/s
  LZ4文件: ./compressed_datasets/WEB/2016-07-24.tar.lz4

文件 #40: 2016-07-25.tar
  原始大小: 2753.10 MiB
  LZ4压缩大小: 1099.14 MiB
  压缩率: 2.50x
  压缩时间: 33.01 秒
  压缩吞吐量: 83.404526 MiB/s
  解压时间: 2.11 秒
  解压吞吐量: 1307.88 MiB/s
  LZ4文件: ./compressed_datasets/WEB/2016-07-25.tar.lz4

文件 #41: 2016-07-26.tar
  原始大小: 2774.08 MiB
  LZ4压缩大小: 1107.53 MiB
  压缩率: 2.50x
  压缩时间: 9.06 秒
  压缩吞吐量: 306.054721 MiB/s
  解压时间: 5.56 秒
  解压吞吐量: 499.20 MiB/s
  LZ4文件: ./compressed_datasets/WEB/2016-07-26.tar.lz4

文件 #42: 2016-07-27.tar
  原始大小: 2752.42 MiB
  LZ4压缩大小: 1098.76 MiB
  压缩率: 2.50x
  压缩时间: 8.67 秒
  压缩吞吐量: 317.574708 MiB/s
  解压时间: 12.10 秒
  解压吞吐量: 227.47 MiB/s
  LZ4文件: ./compressed_datasets/WEB/2016-07-27.tar.lz4

文件 #43: 2016-07-28.tar
  原始大小: 2751.57 MiB
  LZ4压缩大小: 1098.50 MiB
  压缩率: 2.50x
  压缩时间: 8.76 秒
  压缩吞吐量: 314.106164 MiB/s
  解压时间: 10.80 秒
  解压吞吐量: 254.75 MiB/s
  LZ4文件: ./compressed_datasets/WEB/2016-07-28.tar.lz4

文件 #44: 2016-07-29.tar
  原始大小: 2754.61 MiB
  LZ4压缩大小: 1100.10 MiB
  压缩率: 2.50x
  压缩时间: 9.27 秒
  压缩吞吐量: 297.185241 MiB/s
  解压时间: 25.45 秒
  解压吞吐量: 108.24 MiB/s
  LZ4文件: ./compressed_datasets/WEB/2016-07-29.tar.lz4

文件 #45: 2016-07-30.tar
  原始大小: 2739.20 MiB
  LZ4压缩大小: 1094.19 MiB
  压缩率: 2.50x
  压缩时间: 8.80 秒
  压缩吞吐量: 311.308103 MiB/s
  解压时间: 12.11 秒
  解压吞吐量: 226.11 MiB/s
  LZ4文件: ./compressed_datasets/WEB/2016-07-30.tar.lz4

文件 #46: 2016-07-31.tar
  原始大小: 2757.08 MiB
  LZ4压缩大小: 1101.09 MiB
  压缩率: 2.50x
  压缩时间: 8.80 秒
  压缩吞吐量: 313.162199 MiB/s
  解压时间: 10.69 秒
  解压吞吐量: 257.88 MiB/s
  LZ4文件: ./compressed_datasets/WEB/2016-07-31.tar.lz4

文件 #47: 2016-08-01.tar
  原始大小: 2776.50 MiB
  LZ4压缩大小: 1108.78 MiB
  压缩率: 2.50x
  压缩时间: 11.83 秒
  压缩吞吐量: 234.719756 MiB/s
  解压时间: 19.04 秒
  解压吞吐量: 145.82 MiB/s
  LZ4文件: ./compressed_datasets/WEB/2016-08-01.tar.lz4

文件 #48: 2016-08-02.tar
  原始大小: 2776.49 MiB
  LZ4压缩大小: 1108.86 MiB
  压缩率: 2.50x
  压缩时间: 9.24 秒
  压缩吞吐量: 300.323418 MiB/s
  解压时间: 6.89 秒
  解压吞吐量: 403.03 MiB/s
  LZ4文件: ./compressed_datasets/WEB/2016-08-02.tar.lz4

文件 #49: 2016-08-03.tar
  原始大小: 2780.69 MiB
  LZ4压缩大小: 1110.26 MiB
  压缩率: 2.50x
  压缩时间: 9.67 秒
  压缩吞吐量: 287.439528 MiB/s
  解压时间: 9.08 秒
  解压吞吐量: 306.24 MiB/s
  LZ4文件: ./compressed_datasets/WEB/2016-08-03.tar.lz4

文件 #50: 2016-08-04.tar
  原始大小: 2757.24 MiB
  LZ4压缩大小: 1100.74 MiB
  压缩率: 2.50x
  压缩时间: 9.07 秒
  压缩吞吐量: 304.029110 MiB/s
  解压时间: 6.01 秒
  解压吞吐量: 458.77 MiB/s
  LZ4文件: ./compressed_datasets/WEB/2016-08-04.tar.lz4

文件 #51: 2016-08-05.tar
  原始大小: 2779.08 MiB
  LZ4压缩大小: 1108.99 MiB
  压缩率: 2.50x
  压缩时间: 9.20 秒
  压缩吞吐量: 301.909831 MiB/s
  解压时间: 6.00 秒
  解压吞吐量: 463.41 MiB/s
  LZ4文件: ./compressed_datasets/WEB/2016-08-05.tar.lz4

文件 #52: 2016-08-06.tar
  原始大小: 2729.59 MiB
  LZ4压缩大小: 1089.32 MiB
  压缩率: 2.50x
  压缩时间: 8.91 秒
  压缩吞吐量: 306.316911 MiB/s
  解压时间: 5.79 秒
  解压吞吐量: 471.51 MiB/s
  LZ4文件: ./compressed_datasets/WEB/2016-08-06.tar.lz4

文件 #53: 2016-08-07.tar
  原始大小: 2732.25 MiB
  LZ4压缩大小: 1090.07 MiB
  压缩率: 2.50x
  压缩时间: 8.79 秒
  压缩吞吐量: 310.800819 MiB/s
  解压时间: 5.38 秒
  解压吞吐量: 508.23 MiB/s
  LZ4文件: ./compressed_datasets/WEB/2016-08-07.tar.lz4

文件 #54: 2016-08-08.tar
  原始大小: 2751.50 MiB
  LZ4压缩大小: 1097.81 MiB
  压缩率: 2.50x
  压缩时间: 9.00 秒
  压缩吞吐量: 305.858159 MiB/s
  解压时间: 6.07 秒
  解压吞吐量: 452.99 MiB/s
  LZ4文件: ./compressed_datasets/WEB/2016-08-08.tar.lz4

文件 #55: 2016-08-09.tar
  原始大小: 2760.77 MiB
  LZ4压缩大小: 1101.55 MiB
  压缩率: 2.50x
  压缩时间: 8.69 秒
  压缩吞吐量: 317.512363 MiB/s
  解压时间: 9.00 秒
  解压吞吐量: 306.75 MiB/s
  LZ4文件: ./compressed_datasets/WEB/2016-08-09.tar.lz4

文件 #56: 2016-08-10.tar
  原始大小: 2757.28 MiB
  LZ4压缩大小: 1100.07 MiB
  压缩率: 2.50x
  压缩时间: 9.11 秒
  压缩吞吐量: 302.764906 MiB/s
  解压时间: 5.62 秒
  解压吞吐量: 490.70 MiB/s
  LZ4文件: ./compressed_datasets/WEB/2016-08-10.tar.lz4

文件 #57: 2016-08-11.tar
  原始大小: 2772.13 MiB
  LZ4压缩大小: 1106.07 MiB
  压缩率: 2.50x
  压缩时间: 9.07 秒
  压缩吞吐量: 305.468870 MiB/s
  解压时间: 6.06 秒
  解压吞吐量: 457.37 MiB/s
  LZ4文件: ./compressed_datasets/WEB/2016-08-11.tar.lz4

文件 #58: 2016-08-12.tar
  原始大小: 2757.98 MiB
  LZ4压缩大小: 1100.23 MiB
  压缩率: 2.50x
  压缩时间: 8.85 秒
  压缩吞吐量: 311.812323 MiB/s
  解压时间: 5.61 秒
  解压吞吐量: 491.96 MiB/s
  LZ4文件: ./compressed_datasets/WEB/2016-08-12.tar.lz4

文件 #59: 2016-08-13.tar
  原始大小: 2762.69 MiB
  LZ4压缩大小: 1101.77 MiB
  压缩率: 2.50x
  压缩时间: 9.18 秒
  压缩吞吐量: 301.077811 MiB/s
  解压时间: 6.26 秒
  解压吞吐量: 441.04 MiB/s
  LZ4文件: ./compressed_datasets/WEB/2016-08-13.tar.lz4

文件 #60: 2016-08-14.tar
  原始大小: 2765.26 MiB
  LZ4压缩大小: 1102.80 MiB
  压缩率: 2.50x
  压缩时间: 9.61 秒
  压缩吞吐量: 287.598543 MiB/s
  解压时间: 5.64 秒
  解压吞吐量: 489.94 MiB/s
  LZ4文件: ./compressed_datasets/WEB/2016-08-14.tar.lz4

文件 #61: 2016-08-15.tar
  原始大小: 2766.26 MiB
  LZ4压缩大小: 1103.31 MiB
  压缩率: 2.50x
  压缩时间: 9.01 秒
  压缩吞吐量: 306.918894 MiB/s
  解压时间: 5.79 秒
  解压吞吐量: 478.09 MiB/s
  LZ4文件: ./compressed_datasets/WEB/2016-08-15.tar.lz4

文件 #62: 2016-08-16.tar
  原始大小: 2766.58 MiB
  LZ4压缩大小: 1103.49 MiB
  压缩率: 2.50x
  压缩时间: 9.32 秒
  压缩吞吐量: 296.747827 MiB/s
  解压时间: 6.17 秒
  解压吞吐量: 448.31 MiB/s
  LZ4文件: ./compressed_datasets/WEB/2016-08-16.tar.lz4

文件 #63: 2016-08-17.tar
  原始大小: 2781.33 MiB
  LZ4压缩大小: 1109.67 MiB
  压缩率: 2.50x
  压缩时间: 9.01 秒
  压缩吞吐量: 308.693673 MiB/s
  解压时间: 6.08 秒
  解压吞吐量: 457.30 MiB/s
  LZ4文件: ./compressed_datasets/WEB/2016-08-17.tar.lz4

文件 #64: 2016-08-18.tar
  原始大小: 2754.48 MiB
  LZ4压缩大小: 1098.75 MiB
  压缩率: 2.50x
  压缩时间: 9.09 秒
  压缩吞吐量: 303.123142 MiB/s
  解压时间: 5.79 秒
  解压吞吐量: 475.64 MiB/s
  LZ4文件: ./compressed_datasets/WEB/2016-08-18.tar.lz4

文件 #65: 2016-08-19.tar
  原始大小: 2763.31 MiB
  LZ4压缩大小: 1102.15 MiB
  压缩率: 2.50x
  压缩时间: 8.92 秒
  压缩吞吐量: 309.753390 MiB/s
  解压时间: 5.31 秒
  解压吞吐量: 520.20 MiB/s
  LZ4文件: ./compressed_datasets/WEB/2016-08-19.tar.lz4

文件 #66: 2016-08-20.tar
  原始大小: 2733.18 MiB
  LZ4压缩大小: 1090.49 MiB
  压缩率: 2.50x
  压缩时间: 8.82 秒
  压缩吞吐量: 309.849223 MiB/s
  解压时间: 6.04 秒
  解压吞吐量: 452.81 MiB/s
  LZ4文件: ./compressed_datasets/WEB/2016-08-20.tar.lz4

文件 #67: 2016-08-21.tar
  原始大小: 2755.16 MiB
  LZ4压缩大小: 1099.28 MiB
  压缩率: 2.50x
  压缩时间: 8.89 秒
  压缩吞吐量: 309.847053 MiB/s
  解压时间: 6.11 秒
  解压吞吐量: 450.92 MiB/s
  LZ4文件: ./compressed_datasets/WEB/2016-08-21.tar.lz4

文件 #68: 2016-08-22.tar
  原始大小: 2757.83 MiB
  LZ4压缩大小: 1100.36 MiB
  压缩率: 2.50x
  压缩时间: 8.83 秒
  压缩吞吐量: 312.466576 MiB/s
  解压时间: 7.53 秒
  解压吞吐量: 366.44 MiB/s
  LZ4文件: ./compressed_datasets/WEB/2016-08-22.tar.lz4

文件 #69: 2016-08-23.tar
  原始大小: 2752.59 MiB
  LZ4压缩大小: 1098.21 MiB
  压缩率: 2.50x
  压缩时间: 9.15 秒
  压缩吞吐量: 300.993985 MiB/s
  解压时间: 4.99 秒
  解压吞吐量: 551.17 MiB/s
  LZ4文件: ./compressed_datasets/WEB/2016-08-23.tar.lz4

文件 #70: 2016-08-24.tar
  原始大小: 2768.24 MiB
  LZ4压缩大小: 1104.24 MiB
  压缩率: 2.50x
  压缩时间: 9.04 秒
  压缩吞吐量: 306.153505 MiB/s
  解压时间: 5.91 秒
  解压吞吐量: 468.47 MiB/s
  LZ4文件: ./compressed_datasets/WEB/2016-08-24.tar.lz4

文件 #71: 2016-08-25.tar
  原始大小: 2783.25 MiB
  LZ4压缩大小: 1110.12 MiB
  压缩率: 2.50x
  压缩时间: 8.75 秒
  压缩吞吐量: 317.940370 MiB/s
  解压时间: 5.06 秒
  解压吞吐量: 549.72 MiB/s
  LZ4文件: ./compressed_datasets/WEB/2016-08-25.tar.lz4

文件 #72: 2016-08-26.tar
  原始大小: 2804.14 MiB
  LZ4压缩大小: 1118.88 MiB
  压缩率: 2.50x
  压缩时间: 9.41 秒
  压缩吞吐量: 298.122475 MiB/s
  解压时间: 4.62 秒
  解压吞吐量: 606.95 MiB/s
  LZ4文件: ./compressed_datasets/WEB/2016-08-26.tar.lz4

文件 #73: 2016-08-27.tar
  原始大小: 2785.65 MiB
  LZ4压缩大小: 1111.18 MiB
  压缩率: 2.50x
  压缩时间: 8.82 秒
  压缩吞吐量: 315.797528 MiB/s
  解压时间: 4.59 秒
  解压吞吐量: 607.15 MiB/s
  LZ4文件: ./compressed_datasets/WEB/2016-08-27.tar.lz4

文件 #74: 2016-08-28.tar
  原始大小: 2776.07 MiB
  LZ4压缩大小: 1107.52 MiB
  压缩率: 2.50x
  压缩时间: 9.18 秒
  压缩吞吐量: 302.371201 MiB/s
  解压时间: 5.21 秒
  解压吞吐量: 533.03 MiB/s
  LZ4文件: ./compressed_datasets/WEB/2016-08-28.tar.lz4

文件 #75: 2016-08-29.tar
  原始大小: 2810.32 MiB
  LZ4压缩大小: 1121.22 MiB
  压缩率: 2.50x
  压缩时间: 9.53 秒
  压缩吞吐量: 294.922867 MiB/s
  解压时间: 4.61 秒
  解压吞吐量: 610.14 MiB/s
  LZ4文件: ./compressed_datasets/WEB/2016-08-29.tar.lz4

文件 #76: 2016-08-30.tar
  原始大小: 2822.84 MiB
  LZ4压缩大小: 1125.99 MiB
  压缩率: 2.50x
  压缩时间: 9.19 秒
  压缩吞吐量: 307.264613 MiB/s
  解压时间: 4.91 秒
  解压吞吐量: 574.56 MiB/s
  LZ4文件: ./compressed_datasets/WEB/2016-08-30.tar.lz4

文件 #77: 2016-08-31.tar
  原始大小: 2820.62 MiB
  LZ4压缩大小: 1125.07 MiB
  压缩率: 2.50x
  压缩时间: 9.65 秒
  压缩吞吐量: 292.383124 MiB/s
  解压时间: 4.47 秒
  解压吞吐量: 630.87 MiB/s
  LZ4文件: ./compressed_datasets/WEB/2016-08-31.tar.lz4

文件 #78: 2016-09-01.tar
  原始大小: 2830.85 MiB
  LZ4压缩大小: 1128.97 MiB
  压缩率: 2.50x
  压缩时间: 9.65 秒
  压缩吞吐量: 293.382733 MiB/s
  解压时间: 4.65 秒
  解压吞吐量: 608.78 MiB/s
  LZ4文件: ./compressed_datasets/WEB/2016-09-01.tar.lz4

文件 #79: 2016-09-02.tar
  原始大小: 2818.43 MiB
  LZ4压缩大小: 1123.86 MiB
  压缩率: 2.50x
  压缩时间: 9.14 秒
  压缩吞吐量: 308.227252 MiB/s
  解压时间: 4.24 秒
  解压吞吐量: 665.50 MiB/s
  LZ4文件: ./compressed_datasets/WEB/2016-09-02.tar.lz4

文件 #80: 2016-09-03.tar
  原始大小: 2833.65 MiB
  LZ4压缩大小: 1130.07 MiB
  压缩率: 2.50x
  压缩时间: 9.47 秒
  压缩吞吐量: 299.129103 MiB/s
  解压时间: 4.92 秒
  解压吞吐量: 576.29 MiB/s
  LZ4文件: ./compressed_datasets/WEB/2016-09-03.tar.lz4

文件 #81: 2016-09-04.tar
  原始大小: 2798.20 MiB
  LZ4压缩大小: 1115.74 MiB
  压缩率: 2.50x
  压缩时间: 9.12 秒
  压缩吞吐量: 306.887475 MiB/s
  解压时间: 5.06 秒
  解压吞吐量: 552.56 MiB/s
  LZ4文件: ./compressed_datasets/WEB/2016-09-04.tar.lz4

文件 #82: 2016-09-05.tar
  原始大小: 2806.32 MiB
  LZ4压缩大小: 1118.79 MiB
  压缩率: 2.50x
  压缩时间: 9.12 秒
  压缩吞吐量: 307.778021 MiB/s
  解压时间: 4.73 秒
  解压吞吐量: 593.55 MiB/s
  LZ4文件: ./compressed_datasets/WEB/2016-09-05.tar.lz4

文件 #83: 2016-09-06.tar
  原始大小: 2820.54 MiB
  LZ4压缩大小: 1125.10 MiB
  压缩率: 2.50x
  压缩时间: 8.97 秒
  压缩吞吐量: 314.371377 MiB/s
  解压时间: 5.05 秒
  解压吞吐量: 558.41 MiB/s
  LZ4文件: ./compressed_datasets/WEB/2016-09-06.tar.lz4

文件 #84: 2016-09-07.tar
  原始大小: 2826.08 MiB
  LZ4压缩大小: 1127.55 MiB
  压缩率: 2.50x
  压缩时间: 9.43 秒
  压缩吞吐量: 299.722133 MiB/s
  解压时间: 5.30 秒
  解压吞吐量: 533.52 MiB/s
  LZ4文件: ./compressed_datasets/WEB/2016-09-07.tar.lz4

文件 #85: 2016-09-08.tar
  原始大小: 2825.37 MiB
  LZ4压缩大小: 1127.52 MiB
  压缩率: 2.50x
  压缩时间: 9.10 秒
  压缩吞吐量: 310.309719 MiB/s
  解压时间: 5.87 秒
  解压吞吐量: 481.24 MiB/s
  LZ4文件: ./compressed_datasets/WEB/2016-09-08.tar.lz4

文件 #86: 2016-09-09.tar
  原始大小: 2796.18 MiB
  LZ4压缩大小: 1115.89 MiB
  压缩率: 2.50x
  压缩时间: 9.45 秒
  压缩吞吐量: 295.766871 MiB/s
  解压时间: 3.73 秒
  解压吞吐量: 748.84 MiB/s
  LZ4文件: ./compressed_datasets/WEB/2016-09-09.tar.lz4

文件 #87: 2016-09-10.tar
  原始大小: 2802.64 MiB
  LZ4压缩大小: 1118.18 MiB
  压缩率: 2.50x
  压缩时间: 9.05 秒
  压缩吞吐量: 309.547161 MiB/s
  解压时间: 4.22 秒
  解压吞吐量: 664.13 MiB/s
  LZ4文件: ./compressed_datasets/WEB/2016-09-10.tar.lz4

文件 #88: 2016-09-11.tar
  原始大小: 2795.05 MiB
  LZ4压缩大小: 1115.17 MiB
  压缩率: 2.50x
  压缩时间: 8.90 秒
  压缩吞吐量: 314.227093 MiB/s
  解压时间: 4.30 秒
  解压吞吐量: 650.16 MiB/s
  LZ4文件: ./compressed_datasets/WEB/2016-09-11.tar.lz4

文件 #89: 2016-09-12.tar
  原始大小: 2821.10 MiB
  LZ4压缩大小: 1125.65 MiB
  压缩率: 2.50x
  压缩时间: 9.09 秒
  压缩吞吐量: 310.283765 MiB/s
  解压时间: 4.58 秒
  解压吞吐量: 615.42 MiB/s
  LZ4文件: ./compressed_datasets/WEB/2016-09-12.tar.lz4

文件 #90: 2016-09-18.tar
  原始大小: 2826.63 MiB
  LZ4压缩大小: 1127.29 MiB
  压缩率: 2.50x
  压缩时间: 8.89 秒
  压缩吞吐量: 317.813132 MiB/s
  解压时间: 4.57 秒
  解压吞吐量: 619.06 MiB/s
  LZ4文件: ./compressed_datasets/WEB/2016-09-18.tar.lz4

文件 #91: 2016-09-19.tar
  原始大小: 2808.60 MiB
  LZ4压缩大小: 1119.93 MiB
  压缩率: 2.50x
  压缩时间: 9.01 秒
  压缩吞吐量: 311.581983 MiB/s
  解压时间: 4.49 秒
  解压吞吐量: 625.66 MiB/s
  LZ4文件: ./compressed_datasets/WEB/2016-09-19.tar.lz4

文件 #92: 2016-09-20.tar
  原始大小: 2836.50 MiB
  LZ4压缩大小: 1131.06 MiB
  压缩率: 2.50x
  压缩时间: 9.13 秒
  压缩吞吐量: 310.611038 MiB/s
  解压时间: 4.90 秒
  解压吞吐量: 579.23 MiB/s
  LZ4文件: ./compressed_datasets/WEB/2016-09-20.tar.lz4

文件 #93: 2016-09-21.tar
  原始大小: 2835.72 MiB
  LZ4压缩大小: 1130.66 MiB
  压缩率: 2.50x
  压缩时间: 9.07 秒
  压缩吞吐量: 312.579365 MiB/s
  解压时间: 5.12 秒
  解压吞吐量: 553.95 MiB/s
  LZ4文件: ./compressed_datasets/WEB/2016-09-21.tar.lz4

文件 #94: 2016-09-22.tar
  原始大小: 2838.64 MiB
  LZ4压缩大小: 1132.28 MiB
  压缩率: 2.50x
  压缩时间: 9.94 秒
  压缩吞吐量: 285.692431 MiB/s
  解压时间: 5.23 秒
  解压吞吐量: 542.44 MiB/s
  LZ4文件: ./compressed_datasets/WEB/2016-09-22.tar.lz4

文件 #95: 2016-09-23.tar
  原始大小: 2837.54 MiB
  LZ4压缩大小: 1131.37 MiB
  压缩率: 2.50x
  压缩时间: 34.93 秒
  压缩吞吐量: 81.228065 MiB/s
  解压时间: 2.23 秒
  解压吞吐量: 1271.86 MiB/s
  LZ4文件: ./compressed_datasets/WEB/2016-09-23.tar.lz4

文件 #96: 2016-09-24.tar
  原始大小: 2841.06 MiB
  LZ4压缩大小: 1132.55 MiB
  压缩率: 2.50x
  压缩时间: 9.16 秒
  压缩吞吐量: 309.990180 MiB/s
  解压时间: 6.90 秒
  解压吞吐量: 411.50 MiB/s
  LZ4文件: ./compressed_datasets/WEB/2016-09-24.tar.lz4

文件 #97: 2016-09-25.tar
  原始大小: 2824.25 MiB
  LZ4压缩大小: 1125.79 MiB
  压缩率: 2.50x
  压缩时间: 8.91 秒
  压缩吞吐量: 316.833071 MiB/s
  解压时间: 7.59 秒
  解压吞吐量: 372.19 MiB/s
  LZ4文件: ./compressed_datasets/WEB/2016-09-25.tar.lz4

文件 #98: 2016-09-26.tar
  原始大小: 2841.76 MiB
  LZ4压缩大小: 1132.75 MiB
  压缩率: 2.50x
  压缩时间: 9.64 秒
  压缩吞吐量: 294.696671 MiB/s
  解压时间: 5.22 秒
  解压吞吐量: 544.50 MiB/s
  LZ4文件: ./compressed_datasets/WEB/2016-09-26.tar.lz4

文件 #99: 2016-09-27.tar
  原始大小: 2893.06 MiB
  LZ4压缩大小: 1153.22 MiB
  压缩率: 2.50x
  压缩时间: 9.43 秒
  压缩吞吐量: 306.663133 MiB/s
  解压时间: 4.05 秒
  解压吞吐量: 713.63 MiB/s
  LZ4文件: ./compressed_datasets/WEB/2016-09-27.tar.lz4

文件 #100: 2016-09-28.tar
  原始大小: 2878.57 MiB
  LZ4压缩大小: 1147.55 MiB
  压缩率: 2.50x
  压缩时间: 9.09 秒
  压缩吞吐量: 316.569888 MiB/s
  解压时间: 5.22 秒
  解压吞吐量: 551.13 MiB/s
  LZ4文件: ./compressed_datasets/WEB/2016-09-28.tar.lz4

文件 #101: 2016-09-29.tar
  原始大小: 2863.88 MiB
  LZ4压缩大小: 1141.90 MiB
  压缩率: 2.50x
  压缩时间: 9.31 秒
  压缩吞吐量: 307.712474 MiB/s
  解压时间: 4.74 秒
  解压吞吐量: 604.32 MiB/s
  LZ4文件: ./compressed_datasets/WEB/2016-09-29.tar.lz4

文件 #102: 2016-09-30.tar
  原始大小: 2843.90 MiB
  LZ4压缩大小: 1133.59 MiB
  压缩率: 2.50x
  压缩时间: 8.86 秒
  压缩吞吐量: 321.126919 MiB/s
  解压时间: 4.82 秒
  解压吞吐量: 590.51 MiB/s
  LZ4文件: ./compressed_datasets/WEB/2016-09-30.tar.lz4

=== WEB LZ4总体统计 ===
实际处理文件数量: 102
预期文件数量: 102
总原始大小: 283762.02 MiB
总LZ4压缩大小: 113231.49 MiB
总体压缩率: 2.50x
总压缩时间: 1010.99 秒
总解压时间: 721.19 秒
压缩总体吞吐量: 280.67 MiB/s
解压总体吞吐量: 393.46 MiB/s
LZ4文件保存目录: ./compressed_datasets/WEB/
完成时间: 2025年 08月 17日 星期日 19:59:13 CST
