=== netty 压缩报告 ===
开始时间: 2025年 07月 29日 星期二 10:16:33 CST
源路径: /mnt/dataset2/netty
预期文件数量: 99

文件处理顺序:
  1. netty-4.1.45.Final.tar
  2. netty-4.1.46.Final.tar
  3. netty-4.1.47.Final.tar
  4. netty-4.1.48.Final.tar
  5. netty-4.1.49.Final.tar
  6. netty-4.1.50.Final.tar
  7. netty-4.1.51.Final.tar
  8. netty-4.1.52.Final.tar
  9. netty-4.1.53.Final.tar
  10. netty-4.1.54.Final.tar
  11. netty-4.1.55.Final.tar
  12. netty-4.1.56.Final.tar
  13. netty-4.1.57.Final.tar
  14. netty-4.1.58.Final.tar
  15. netty-4.1.59.Final.tar
  16. netty-4.1.60.Final.tar
  17. netty-4.1.61.Final.tar
  18. netty-4.1.62.Final.tar
  19. netty-4.1.63.Final.tar
  20. netty-4.1.64.Final.tar
  21. netty-4.1.65.Final.tar
  22. netty-4.1.66.Final.tar
  23. netty-4.1.67.Final.tar
  24. netty-4.1.68.Final.tar
  25. netty-4.1.69.Final.tar
  26. netty-4.1.70.Final.tar
  27. netty-4.1.71.Final.tar
  28. netty-4.1.72.Final.tar
  29. netty-4.1.73.Final.tar
  30. netty-4.1.74.Final.tar
  31. netty-4.1.75.Final.tar
  32. netty-4.1.76.Final.tar
  33. netty-4.1.77.Final.tar
  34. netty-4.1.78.Final.tar
  35. netty-4.1.79.Final.tar
  36. netty-4.1.80.Final.tar
  37. netty-4.1.81.Final.tar
  38. netty-4.1.82.Final.tar
  39. netty-4.1.83.Final.tar
  40. netty-4.1.84.Final.tar
  41. netty-4.1.85.Final.tar
  42. netty-4.1.86.Final.tar
  43. netty-4.1.87.Final.tar
  44. netty-4.1.88.Final.tar
  45. netty-4.1.89.Final.tar
  46. netty-4.1.90.Final.tar
  47. netty-4.1.91.Final.tar
  48. netty-4.1.92.Final.tar
  49. netty-4.1.93.Final.tar
  50. netty-4.1.94.Final.tar
  51. netty-4.1.95.Final.tar
  52. netty-4.1.96.Final.tar
  53. netty-4.1.97.Final.tar
  54. netty-4.1.98.Final.tar
  55. netty-4.1.99.Final.tar
  56. netty-4.1.100.Final.tar
  57. netty-4.1.101.Final.tar
  58. netty-4.1.102.Final.tar
  59. netty-4.1.103.Final.tar
  60. netty-4.1.104.Final.tar
  61. netty-4.1.105.Final.tar
  62. netty-4.1.106.Final.tar
  63. netty-4.1.107.Final.tar
  64. netty-4.1.108.Final.tar
  65. netty-4.1.109.Final.tar
  66. netty-4.1.110.Final.tar
  67. netty-4.1.111.Final.tar
  68. netty-4.1.112.Final.tar
  69. netty-4.1.113.Final.tar
  70. netty-4.1.114.Final.tar
  71. netty-4.1.115.Final.tar
  72. netty-4.1.116.Final.tar
  73. netty-4.1.117.Final.tar
  74. netty-4.1.118.Final.tar
  75. netty-4.1.119.Final.tar
  76. netty-4.1.120.Final.tar
  77. netty-4.1.121.Final.tar
  78. netty-4.1.122.Final.tar
  79. netty-4.1.123.Final.tar
  80. netty-4.2.0.Alpha1.tar
  81. netty-4.2.0.Alpha2.tar
  82. netty-4.2.0.Alpha3.tar
  83. netty-4.2.0.Alpha4.tar
  84. netty-4.2.0.Alpha5.tar
  85. netty-4.2.0.Alpha6.tar
  86. netty-4.2.0.Beta1.tar
  87. netty-4.2.0.Final.tar
  88. netty-4.2.0.RC1.tar
  89. netty-4.2.0.RC2.tar
  90. netty-4.2.0.RC3.tar
  91. netty-4.2.0.RC4.tar
  92. netty-4.2.1.Final.tar
  93. netty-4.2.2.Final.tar
  94. netty-4.2.3.Final.tar
  95. netty-5.0.0.Alpha1.tar
  96. netty-5.0.0.Alpha2.tar
  97. netty-5.0.0.Alpha3.tar
  98. netty-5.0.0.Alpha4.tar
  99. netty-5.0.0.Alpha5.tar

文件 #1: netty-4.1.45.Final.tar
  原始大小: 18.96 MiB
  压缩大小: 2.45 MiB
  压缩率: 7.72x
  压缩时间: 0.41 秒
  压缩吞吐量: 46.46 MiB/s
  解压时间: 0.19 秒
  解压吞吐量: 101.97 MiB/s
  压缩文件: ./compressed_datasets/netty/netty-4.1.45.Final.tar.zip

文件 #2: netty-4.1.46.Final.tar
  原始大小: 19.03 MiB
  压缩大小: 2.46 MiB
  压缩率: 7.72x
  压缩时间: 0.32 秒
  压缩吞吐量: 59.09 MiB/s
  解压时间: 0.07 秒
  解压吞吐量: 261.06 MiB/s
  压缩文件: ./compressed_datasets/netty/netty-4.1.46.Final.tar.zip

文件 #3: netty-4.1.47.Final.tar
  原始大小: 19.07 MiB
  压缩大小: 2.46 MiB
  压缩率: 7.72x
  压缩时间: 0.29 秒
  压缩吞吐量: 64.66 MiB/s
  解压时间: 0.07 秒
  解压吞吐量: 260.51 MiB/s
  压缩文件: ./compressed_datasets/netty/netty-4.1.47.Final.tar.zip

文件 #4: netty-4.1.48.Final.tar
  原始大小: 19.09 MiB
  压缩大小: 2.47 MiB
  压缩率: 7.72x
  压缩时间: 0.31 秒
  压缩吞吐量: 62.14 MiB/s
  解压时间: 0.07 秒
  解压吞吐量: 260.47 MiB/s
  压缩文件: ./compressed_datasets/netty/netty-4.1.48.Final.tar.zip

文件 #5: netty-4.1.49.Final.tar
  原始大小: 19.40 MiB
  压缩大小: 2.51 MiB
  压缩率: 7.71x
  压缩时间: 0.32 秒
  压缩吞吐量: 60.41 MiB/s
  解压时间: 0.07 秒
  解压吞吐量: 260.39 MiB/s
  压缩文件: ./compressed_datasets/netty/netty-4.1.49.Final.tar.zip

文件 #6: netty-4.1.50.Final.tar
  原始大小: 19.48 MiB
  压缩大小: 2.52 MiB
  压缩率: 7.71x
  压缩时间: 0.31 秒
  压缩吞吐量: 62.64 MiB/s
  解压时间: 0.07 秒
  解压吞吐量: 260.69 MiB/s
  压缩文件: ./compressed_datasets/netty/netty-4.1.50.Final.tar.zip

文件 #7: netty-4.1.51.Final.tar
  原始大小: 19.56 MiB
  压缩大小: 2.53 MiB
  压缩率: 7.70x
  压缩时间: 0.32 秒
  压缩吞吐量: 60.89 MiB/s
  解压时间: 0.08 秒
  解压吞吐量: 259.39 MiB/s
  压缩文件: ./compressed_datasets/netty/netty-4.1.51.Final.tar.zip

文件 #8: netty-4.1.52.Final.tar
  原始大小: 19.76 MiB
  压缩大小: 2.56 MiB
  压缩率: 7.69x
  压缩时间: 0.31 秒
  压缩吞吐量: 64.29 MiB/s
  解压时间: 0.08 秒
  解压吞吐量: 259.97 MiB/s
  压缩文件: ./compressed_datasets/netty/netty-4.1.52.Final.tar.zip

文件 #9: netty-4.1.53.Final.tar
  原始大小: 19.91 MiB
  压缩大小: 2.59 MiB
  压缩率: 7.66x
  压缩时间: 0.32 秒
  压缩吞吐量: 61.36 MiB/s
  解压时间: 0.08 秒
  解压吞吐量: 260.22 MiB/s
  压缩文件: ./compressed_datasets/netty/netty-4.1.53.Final.tar.zip

文件 #10: netty-4.1.54.Final.tar
  原始大小: 20.02 MiB
  压缩大小: 2.61 MiB
  压缩率: 7.66x
  压缩时间: 0.32 秒
  压缩吞吐量: 62.77 MiB/s
  解压时间: 0.08 秒
  解压吞吐量: 260.43 MiB/s
  压缩文件: ./compressed_datasets/netty/netty-4.1.54.Final.tar.zip

文件 #11: netty-4.1.55.Final.tar
  原始大小: 20.10 MiB
  压缩大小: 2.62 MiB
  压缩率: 7.66x
  压缩时间: 0.34 秒
  压缩吞吐量: 59.49 MiB/s
  解压时间: 0.08 秒
  解压吞吐量: 257.81 MiB/s
  压缩文件: ./compressed_datasets/netty/netty-4.1.55.Final.tar.zip

文件 #12: netty-4.1.56.Final.tar
  原始大小: 20.11 MiB
  压缩大小: 2.62 MiB
  压缩率: 7.66x
  压缩时间: 0.33 秒
  压缩吞吐量: 61.26 MiB/s
  解压时间: 0.08 秒
  解压吞吐量: 260.58 MiB/s
  压缩文件: ./compressed_datasets/netty/netty-4.1.56.Final.tar.zip

文件 #13: netty-4.1.57.Final.tar
  原始大小: 20.18 MiB
  压缩大小: 2.63 MiB
  压缩率: 7.66x
  压缩时间: 0.32 秒
  压缩吞吐量: 62.41 MiB/s
  解压时间: 0.08 秒
  解压吞吐量: 255.78 MiB/s
  压缩文件: ./compressed_datasets/netty/netty-4.1.57.Final.tar.zip

文件 #14: netty-4.1.58.Final.tar
  原始大小: 20.16 MiB
  压缩大小: 2.62 MiB
  压缩率: 7.66x
  压缩时间: 0.33 秒
  压缩吞吐量: 60.28 MiB/s
  解压时间: 0.09 秒
  解压吞吐量: 235.68 MiB/s
  压缩文件: ./compressed_datasets/netty/netty-4.1.58.Final.tar.zip

文件 #15: netty-4.1.59.Final.tar
  原始大小: 20.24 MiB
  压缩大小: 2.64 MiB
  压缩率: 7.66x
  压缩时间: 0.35 秒
  压缩吞吐量: 58.44 MiB/s
  解压时间: 0.08 秒
  解压吞吐量: 260.94 MiB/s
  压缩文件: ./compressed_datasets/netty/netty-4.1.59.Final.tar.zip

文件 #16: netty-4.1.60.Final.tar
  原始大小: 20.37 MiB
  压缩大小: 2.66 MiB
  压缩率: 7.65x
  压缩时间: 0.33 秒
  压缩吞吐量: 61.84 MiB/s
  解压时间: 0.08 秒
  解压吞吐量: 261.22 MiB/s
  压缩文件: ./compressed_datasets/netty/netty-4.1.60.Final.tar.zip

文件 #17: netty-4.1.61.Final.tar
  原始大小: 20.41 MiB
  压缩大小: 2.66 MiB
  压缩率: 7.64x
  压缩时间: 0.32 秒
  压缩吞吐量: 63.63 MiB/s
  解压时间: 0.08 秒
  解压吞吐量: 260.76 MiB/s
  压缩文件: ./compressed_datasets/netty/netty-4.1.61.Final.tar.zip

文件 #18: netty-4.1.62.Final.tar
  原始大小: 20.41 MiB
  压缩大小: 2.66 MiB
  压缩率: 7.64x
  压缩时间: 0.34 秒
  压缩吞吐量: 59.51 MiB/s
  解压时间: 0.08 秒
  解压吞吐量: 260.83 MiB/s
  压缩文件: ./compressed_datasets/netty/netty-4.1.62.Final.tar.zip

文件 #19: netty-4.1.63.Final.tar
  原始大小: 20.41 MiB
  压缩大小: 2.67 MiB
  压缩率: 7.64x
  压缩时间: 0.33 秒
  压缩吞吐量: 62.12 MiB/s
  解压时间: 0.08 秒
  解压吞吐量: 260.97 MiB/s
  压缩文件: ./compressed_datasets/netty/netty-4.1.63.Final.tar.zip

文件 #20: netty-4.1.64.Final.tar
  原始大小: 20.67 MiB
  压缩大小: 2.72 MiB
  压缩率: 7.58x
  压缩时间: 0.34 秒
  压缩吞吐量: 60.95 MiB/s
  解压时间: 0.08 秒
  解压吞吐量: 260.84 MiB/s
  压缩文件: ./compressed_datasets/netty/netty-4.1.64.Final.tar.zip

文件 #21: netty-4.1.65.Final.tar
  原始大小: 20.70 MiB
  压缩大小: 2.72 MiB
  压缩率: 7.59x
  压缩时间: 0.33 秒
  压缩吞吐量: 62.26 MiB/s
  解压时间: 0.08 秒
  解压吞吐量: 260.54 MiB/s
  压缩文件: ./compressed_datasets/netty/netty-4.1.65.Final.tar.zip

文件 #22: netty-4.1.66.Final.tar
  原始大小: 21.07 MiB
  压缩大小: 2.72 MiB
  压缩率: 7.72x
  压缩时间: 0.34 秒
  压缩吞吐量: 61.94 MiB/s
  解压时间: 0.08 秒
  解压吞吐量: 261.70 MiB/s
  压缩文件: ./compressed_datasets/netty/netty-4.1.66.Final.tar.zip

文件 #23: netty-4.1.67.Final.tar
  原始大小: 21.13 MiB
  压缩大小: 2.73 MiB
  压缩率: 7.72x
  压缩时间: 0.34 秒
  压缩吞吐量: 61.88 MiB/s
  解压时间: 0.08 秒
  解压吞吐量: 260.81 MiB/s
  压缩文件: ./compressed_datasets/netty/netty-4.1.67.Final.tar.zip

文件 #24: netty-4.1.68.Final.tar
  原始大小: 21.17 MiB
  压缩大小: 2.74 MiB
  压缩率: 7.70x
  压缩时间: 0.36 秒
  压缩吞吐量: 58.25 MiB/s
  解压时间: 0.08 秒
  解压吞吐量: 261.57 MiB/s
  压缩文件: ./compressed_datasets/netty/netty-4.1.68.Final.tar.zip

文件 #25: netty-4.1.69.Final.tar
  原始大小: 21.19 MiB
  压缩大小: 2.74 MiB
  压缩率: 7.70x
  压缩时间: 0.34 秒
  压缩吞吐量: 62.32 MiB/s
  解压时间: 0.08 秒
  解压吞吐量: 262.29 MiB/s
  压缩文件: ./compressed_datasets/netty/netty-4.1.69.Final.tar.zip

文件 #26: netty-4.1.70.Final.tar
  原始大小: 21.22 MiB
  压缩大小: 2.75 MiB
  压缩率: 7.71x
  压缩时间: 0.35 秒
  压缩吞吐量: 60.81 MiB/s
  解压时间: 0.08 秒
  解压吞吐量: 261.86 MiB/s
  压缩文件: ./compressed_datasets/netty/netty-4.1.70.Final.tar.zip

文件 #27: netty-4.1.71.Final.tar
  原始大小: 21.25 MiB
  压缩大小: 2.75 MiB
  压缩率: 7.71x
  压缩时间: 0.34 秒
  压缩吞吐量: 62.45 MiB/s
  解压时间: 0.08 秒
  解压吞吐量: 262.19 MiB/s
  压缩文件: ./compressed_datasets/netty/netty-4.1.71.Final.tar.zip

文件 #28: netty-4.1.72.Final.tar
  原始大小: 21.25 MiB
  压缩大小: 2.75 MiB
  压缩率: 7.71x
  压缩时间: 0.33 秒
  压缩吞吐量: 64.25 MiB/s
  解压时间: 0.08 秒
  解压吞吐量: 261.63 MiB/s
  压缩文件: ./compressed_datasets/netty/netty-4.1.72.Final.tar.zip

文件 #29: netty-4.1.73.Final.tar
  原始大小: 21.29 MiB
  压缩大小: 2.76 MiB
  压缩率: 7.71x
  压缩时间: 0.33 秒
  压缩吞吐量: 64.00 MiB/s
  解压时间: 0.08 秒
  解压吞吐量: 261.98 MiB/s
  压缩文件: ./compressed_datasets/netty/netty-4.1.73.Final.tar.zip

文件 #30: netty-4.1.74.Final.tar
  原始大小: 21.38 MiB
  压缩大小: 2.77 MiB
  压缩率: 7.70x
  压缩时间: 0.34 秒
  压缩吞吐量: 63.35 MiB/s
  解压时间: 0.08 秒
  解压吞吐量: 261.81 MiB/s
  压缩文件: ./compressed_datasets/netty/netty-4.1.74.Final.tar.zip

文件 #31: netty-4.1.75.Final.tar
  原始大小: 21.39 MiB
  压缩大小: 2.77 MiB
  压缩率: 7.71x
  压缩时间: 0.34 秒
  压缩吞吐量: 62.61 MiB/s
  解压时间: 0.08 秒
  解压吞吐量: 261.67 MiB/s
  压缩文件: ./compressed_datasets/netty/netty-4.1.75.Final.tar.zip

文件 #32: netty-4.1.76.Final.tar
  原始大小: 21.46 MiB
  压缩大小: 2.78 MiB
  压缩率: 7.71x
  压缩时间: 0.35 秒
  压缩吞吐量: 61.23 MiB/s
  解压时间: 0.08 秒
  解压吞吐量: 260.54 MiB/s
  压缩文件: ./compressed_datasets/netty/netty-4.1.76.Final.tar.zip

文件 #33: netty-4.1.77.Final.tar
  原始大小: 21.46 MiB
  压缩大小: 2.78 MiB
  压缩率: 7.70x
  压缩时间: 0.35 秒
  压缩吞吐量: 61.76 MiB/s
  解压时间: 0.08 秒
  解压吞吐量: 258.77 MiB/s
  压缩文件: ./compressed_datasets/netty/netty-4.1.77.Final.tar.zip

文件 #34: netty-4.1.78.Final.tar
  原始大小: 21.48 MiB
  压缩大小: 2.78 MiB
  压缩率: 7.70x
  压缩时间: 0.34 秒
  压缩吞吐量: 62.89 MiB/s
  解压时间: 0.08 秒
  解压吞吐量: 261.50 MiB/s
  压缩文件: ./compressed_datasets/netty/netty-4.1.78.Final.tar.zip

文件 #35: netty-4.1.79.Final.tar
  原始大小: 21.52 MiB
  压缩大小: 2.79 MiB
  压缩率: 7.70x
  压缩时间: 0.33 秒
  压缩吞吐量: 64.34 MiB/s
  解压时间: 0.08 秒
  解压吞吐量: 261.94 MiB/s
  压缩文件: ./compressed_datasets/netty/netty-4.1.79.Final.tar.zip

文件 #36: netty-4.1.80.Final.tar
  原始大小: 21.65 MiB
  压缩大小: 2.81 MiB
  压缩率: 7.68x
  压缩时间: 0.34 秒
  压缩吞吐量: 63.01 MiB/s
  解压时间: 0.08 秒
  解压吞吐量: 259.66 MiB/s
  压缩文件: ./compressed_datasets/netty/netty-4.1.80.Final.tar.zip

文件 #37: netty-4.1.81.Final.tar
  原始大小: 21.66 MiB
  压缩大小: 2.82 MiB
  压缩率: 7.68x
  压缩时间: 0.35 秒
  压缩吞吐量: 62.04 MiB/s
  解压时间: 0.08 秒
  解压吞吐量: 262.16 MiB/s
  压缩文件: ./compressed_datasets/netty/netty-4.1.81.Final.tar.zip

文件 #38: netty-4.1.82.Final.tar
  原始大小: 21.66 MiB
  压缩大小: 2.82 MiB
  压缩率: 7.67x
  压缩时间: 0.35 秒
  压缩吞吐量: 62.26 MiB/s
  解压时间: 0.08 秒
  解压吞吐量: 262.04 MiB/s
  压缩文件: ./compressed_datasets/netty/netty-4.1.82.Final.tar.zip

文件 #39: netty-4.1.83.Final.tar
  原始大小: 21.88 MiB
  压缩大小: 2.84 MiB
  压缩率: 7.69x
  压缩时间: 0.35 秒
  压缩吞吐量: 62.19 MiB/s
  解压时间: 0.08 秒
  解压吞吐量: 262.48 MiB/s
  压缩文件: ./compressed_datasets/netty/netty-4.1.83.Final.tar.zip

文件 #40: netty-4.1.84.Final.tar
  原始大小: 21.88 MiB
  压缩大小: 2.84 MiB
  压缩率: 7.69x
  压缩时间: 0.35 秒
  压缩吞吐量: 62.80 MiB/s
  解压时间: 0.08 秒
  解压吞吐量: 262.05 MiB/s
  压缩文件: ./compressed_datasets/netty/netty-4.1.84.Final.tar.zip

文件 #41: netty-4.1.85.Final.tar
  原始大小: 21.93 MiB
  压缩大小: 2.85 MiB
  压缩率: 7.69x
  压缩时间: 0.35 秒
  压缩吞吐量: 62.56 MiB/s
  解压时间: 0.08 秒
  解压吞吐量: 262.68 MiB/s
  压缩文件: ./compressed_datasets/netty/netty-4.1.85.Final.tar.zip

文件 #42: netty-4.1.86.Final.tar
  原始大小: 22.03 MiB
  压缩大小: 2.86 MiB
  压缩率: 7.69x
  压缩时间: 0.35 秒
  压缩吞吐量: 62.37 MiB/s
  解压时间: 0.08 秒
  解压吞吐量: 262.48 MiB/s
  压缩文件: ./compressed_datasets/netty/netty-4.1.86.Final.tar.zip

文件 #43: netty-4.1.87.Final.tar
  原始大小: 22.05 MiB
  压缩大小: 2.86 MiB
  压缩率: 7.68x
  压缩时间: 0.35 秒
  压缩吞吐量: 62.64 MiB/s
  解压时间: 0.08 秒
  解压吞吐量: 260.78 MiB/s
  压缩文件: ./compressed_datasets/netty/netty-4.1.87.Final.tar.zip

文件 #44: netty-4.1.88.Final.tar
  原始大小: 22.15 MiB
  压缩大小: 2.88 MiB
  压缩率: 7.69x
  压缩时间: 0.36 秒
  压缩吞吐量: 61.45 MiB/s
  解压时间: 0.08 秒
  解压吞吐量: 262.41 MiB/s
  压缩文件: ./compressed_datasets/netty/netty-4.1.88.Final.tar.zip

文件 #45: netty-4.1.89.Final.tar
  原始大小: 22.15 MiB
  压缩大小: 2.88 MiB
  压缩率: 7.69x
  压缩时间: 0.34 秒
  压缩吞吐量: 65.78 MiB/s
  解压时间: 0.08 秒
  解压吞吐量: 262.74 MiB/s
  压缩文件: ./compressed_datasets/netty/netty-4.1.89.Final.tar.zip

文件 #46: netty-4.1.90.Final.tar
  原始大小: 22.17 MiB
  压缩大小: 2.88 MiB
  压缩率: 7.69x
  压缩时间: 0.34 秒
  压缩吞吐量: 64.75 MiB/s
  解压时间: 0.08 秒
  解压吞吐量: 262.40 MiB/s
  压缩文件: ./compressed_datasets/netty/netty-4.1.90.Final.tar.zip

文件 #47: netty-4.1.91.Final.tar
  原始大小: 22.20 MiB
  压缩大小: 2.88 MiB
  压缩率: 7.69x
  压缩时间: 0.36 秒
  压缩吞吐量: 61.04 MiB/s
  解压时间: 0.08 秒
  解压吞吐量: 262.22 MiB/s
  压缩文件: ./compressed_datasets/netty/netty-4.1.91.Final.tar.zip

文件 #48: netty-4.1.92.Final.tar
  原始大小: 22.24 MiB
  压缩大小: 2.89 MiB
  压缩率: 7.68x
  压缩时间: 0.35 秒
  压缩吞吐量: 63.60 MiB/s
  解压时间: 0.09 秒
  解压吞吐量: 261.25 MiB/s
  压缩文件: ./compressed_datasets/netty/netty-4.1.92.Final.tar.zip

文件 #49: netty-4.1.93.Final.tar
  原始大小: 22.27 MiB
  压缩大小: 2.89 MiB
  压缩率: 7.68x
  压缩时间: 0.36 秒
  压缩吞吐量: 62.29 MiB/s
  解压时间: 0.08 秒
  解压吞吐量: 263.28 MiB/s
  压缩文件: ./compressed_datasets/netty/netty-4.1.93.Final.tar.zip

文件 #50: netty-4.1.94.Final.tar
  原始大小: 22.30 MiB
  压缩大小: 2.89 MiB
  压缩率: 7.69x
  压缩时间: 0.36 秒
  压缩吞吐量: 62.55 MiB/s
  解压时间: 0.08 秒
  解压吞吐量: 262.53 MiB/s
  压缩文件: ./compressed_datasets/netty/netty-4.1.94.Final.tar.zip

文件 #51: netty-4.1.95.Final.tar
  原始大小: 22.34 MiB
  压缩大小: 2.90 MiB
  压缩率: 7.69x
  压缩时间: 0.35 秒
  压缩吞吐量: 63.89 MiB/s
  解压时间: 0.09 秒
  解压吞吐量: 262.44 MiB/s
  压缩文件: ./compressed_datasets/netty/netty-4.1.95.Final.tar.zip

文件 #52: netty-4.1.96.Final.tar
  原始大小: 22.34 MiB
  压缩大小: 2.90 MiB
  压缩率: 7.69x
  压缩时间: 0.35 秒
  压缩吞吐量: 63.51 MiB/s
  解压时间: 0.09 秒
  解压吞吐量: 262.66 MiB/s
  压缩文件: ./compressed_datasets/netty/netty-4.1.96.Final.tar.zip

文件 #53: netty-4.1.97.Final.tar
  原始大小: 22.37 MiB
  压缩大小: 2.91 MiB
  压缩率: 7.68x
  压缩时间: 0.37 秒
  压缩吞吐量: 60.18 MiB/s
  解压时间: 0.09 秒
  解压吞吐量: 262.63 MiB/s
  压缩文件: ./compressed_datasets/netty/netty-4.1.97.Final.tar.zip

文件 #54: netty-4.1.98.Final.tar
  原始大小: 22.40 MiB
  压缩大小: 2.91 MiB
  压缩率: 7.68x
  压缩时间: 0.35 秒
  压缩吞吐量: 64.05 MiB/s
  解压时间: 0.09 秒
  解压吞吐量: 263.11 MiB/s
  压缩文件: ./compressed_datasets/netty/netty-4.1.98.Final.tar.zip

文件 #55: netty-4.1.99.Final.tar
  原始大小: 22.41 MiB
  压缩大小: 2.91 MiB
  压缩率: 7.67x
  压缩时间: 0.35 秒
  压缩吞吐量: 64.60 MiB/s
  解压时间: 0.09 秒
  解压吞吐量: 263.04 MiB/s
  压缩文件: ./compressed_datasets/netty/netty-4.1.99.Final.tar.zip

文件 #56: netty-4.1.100.Final.tar
  原始大小: 22.43 MiB
  压缩大小: 2.92 MiB
  压缩率: 7.67x
  压缩时间: 0.36 秒
  压缩吞吐量: 62.50 MiB/s
  解压时间: 0.09 秒
  解压吞吐量: 262.13 MiB/s
  压缩文件: ./compressed_datasets/netty/netty-4.1.100.Final.tar.zip

文件 #57: netty-4.1.101.Final.tar
  原始大小: 22.47 MiB
  压缩大小: 2.92 MiB
  压缩率: 7.67x
  压缩时间: 0.35 秒
  压缩吞吐量: 64.20 MiB/s
  解压时间: 0.09 秒
  解压吞吐量: 262.93 MiB/s
  压缩文件: ./compressed_datasets/netty/netty-4.1.101.Final.tar.zip

文件 #58: netty-4.1.102.Final.tar
  原始大小: 22.56 MiB
  压缩大小: 2.95 MiB
  压缩率: 7.64x
  压缩时间: 0.36 秒
  压缩吞吐量: 63.00 MiB/s
  解压时间: 0.09 秒
  解压吞吐量: 261.05 MiB/s
  压缩文件: ./compressed_datasets/netty/netty-4.1.102.Final.tar.zip

文件 #59: netty-4.1.103.Final.tar
  原始大小: 22.56 MiB
  压缩大小: 2.95 MiB
  压缩率: 7.64x
  压缩时间: 0.36 秒
  压缩吞吐量: 62.09 MiB/s
  解压时间: 0.09 秒
  解压吞吐量: 255.74 MiB/s
  压缩文件: ./compressed_datasets/netty/netty-4.1.103.Final.tar.zip

文件 #60: netty-4.1.104.Final.tar
  原始大小: 22.56 MiB
  压缩大小: 2.95 MiB
  压缩率: 7.64x
  压缩时间: 0.35 秒
  压缩吞吐量: 64.40 MiB/s
  解压时间: 0.09 秒
  解压吞吐量: 263.15 MiB/s
  压缩文件: ./compressed_datasets/netty/netty-4.1.104.Final.tar.zip

文件 #61: netty-4.1.105.Final.tar
  原始大小: 22.59 MiB
  压缩大小: 2.95 MiB
  压缩率: 7.64x
  压缩时间: 0.35 秒
  压缩吞吐量: 63.86 MiB/s
  解压时间: 0.09 秒
  解压吞吐量: 255.51 MiB/s
  压缩文件: ./compressed_datasets/netty/netty-4.1.105.Final.tar.zip

文件 #62: netty-4.1.106.Final.tar
  原始大小: 22.59 MiB
  压缩大小: 2.95 MiB
  压缩率: 7.64x
  压缩时间: 0.37 秒
  压缩吞吐量: 61.60 MiB/s
  解压时间: 0.09 秒
  解压吞吐量: 262.97 MiB/s
  压缩文件: ./compressed_datasets/netty/netty-4.1.106.Final.tar.zip

文件 #63: netty-4.1.107.Final.tar
  原始大小: 22.66 MiB
  压缩大小: 2.96 MiB
  压缩率: 7.64x
  压缩时间: 0.36 秒
  压缩吞吐量: 62.34 MiB/s
  解压时间: 0.09 秒
  解压吞吐量: 262.05 MiB/s
  压缩文件: ./compressed_datasets/netty/netty-4.1.107.Final.tar.zip

文件 #64: netty-4.1.108.Final.tar
  原始大小: 22.73 MiB
  压缩大小: 2.97 MiB
  压缩率: 7.63x
  压缩时间: 0.37 秒
  压缩吞吐量: 61.97 MiB/s
  解压时间: 0.09 秒
  解压吞吐量: 262.46 MiB/s
  压缩文件: ./compressed_datasets/netty/netty-4.1.108.Final.tar.zip

文件 #65: netty-4.1.109.Final.tar
  原始大小: 22.81 MiB
  压缩大小: 2.98 MiB
  压缩率: 7.63x
  压缩时间: 0.36 秒
  压缩吞吐量: 63.03 MiB/s
  解压时间: 0.09 秒
  解压吞吐量: 261.56 MiB/s
  压缩文件: ./compressed_datasets/netty/netty-4.1.109.Final.tar.zip

文件 #66: netty-4.1.110.Final.tar
  原始大小: 22.92 MiB
  压缩大小: 3.00 MiB
  压缩率: 7.62x
  压缩时间: 0.35 秒
  压缩吞吐量: 65.14 MiB/s
  解压时间: 0.09 秒
  解压吞吐量: 262.55 MiB/s
  压缩文件: ./compressed_datasets/netty/netty-4.1.110.Final.tar.zip

文件 #67: netty-4.1.111.Final.tar
  原始大小: 22.96 MiB
  压缩大小: 3.00 MiB
  压缩率: 7.63x
  压缩时间: 0.36 秒
  压缩吞吐量: 63.80 MiB/s
  解压时间: 0.09 秒
  解压吞吐量: 262.50 MiB/s
  压缩文件: ./compressed_datasets/netty/netty-4.1.111.Final.tar.zip

文件 #68: netty-4.1.112.Final.tar
  原始大小: 22.99 MiB
  压缩大小: 3.01 MiB
  压缩率: 7.63x
  压缩时间: 0.37 秒
  压缩吞吐量: 61.75 MiB/s
  解压时间: 0.09 秒
  解压吞吐量: 261.65 MiB/s
  压缩文件: ./compressed_datasets/netty/netty-4.1.112.Final.tar.zip

文件 #69: netty-4.1.113.Final.tar
  原始大小: 23.02 MiB
  压缩大小: 3.01 MiB
  压缩率: 7.63x
  压缩时间: 0.37 秒
  压缩吞吐量: 62.11 MiB/s
  解压时间: 0.09 秒
  解压吞吐量: 260.61 MiB/s
  压缩文件: ./compressed_datasets/netty/netty-4.1.113.Final.tar.zip

文件 #70: netty-4.1.114.Final.tar
  原始大小: 23.11 MiB
  压缩大小: 3.02 MiB
  压缩率: 7.62x
  压缩时间: 0.37 秒
  压缩吞吐量: 62.79 MiB/s
  解压时间: 0.09 秒
  解压吞吐量: 262.22 MiB/s
  压缩文件: ./compressed_datasets/netty/netty-4.1.114.Final.tar.zip

文件 #71: netty-4.1.115.Final.tar
  原始大小: 23.14 MiB
  压缩大小: 3.03 MiB
  压缩率: 7.63x
  压缩时间: 0.37 秒
  压缩吞吐量: 62.41 MiB/s
  解压时间: 0.09 秒
  解压吞吐量: 262.63 MiB/s
  压缩文件: ./compressed_datasets/netty/netty-4.1.115.Final.tar.zip

文件 #72: netty-4.1.116.Final.tar
  原始大小: 23.21 MiB
  压缩大小: 3.04 MiB
  压缩率: 7.63x
  压缩时间: 0.37 秒
  压缩吞吐量: 62.75 MiB/s
  解压时间: 0.09 秒
  解压吞吐量: 262.81 MiB/s
  压缩文件: ./compressed_datasets/netty/netty-4.1.116.Final.tar.zip

文件 #73: netty-4.1.117.Final.tar
  原始大小: 23.22 MiB
  压缩大小: 3.04 MiB
  压缩率: 7.63x
  压缩时间: 0.37 秒
  压缩吞吐量: 62.76 MiB/s
  解压时间: 0.09 秒
  解压吞吐量: 262.92 MiB/s
  压缩文件: ./compressed_datasets/netty/netty-4.1.117.Final.tar.zip

文件 #74: netty-4.1.118.Final.tar
  原始大小: 23.24 MiB
  压缩大小: 3.04 MiB
  压缩率: 7.63x
  压缩时间: 0.36 秒
  压缩吞吐量: 65.41 MiB/s
  解压时间: 0.09 秒
  解压吞吐量: 262.93 MiB/s
  压缩文件: ./compressed_datasets/netty/netty-4.1.118.Final.tar.zip

文件 #75: netty-4.1.119.Final.tar
  原始大小: 23.26 MiB
  压缩大小: 3.04 MiB
  压缩率: 7.63x
  压缩时间: 0.37 秒
  压缩吞吐量: 63.66 MiB/s
  解压时间: 0.09 秒
  解压吞吐量: 262.85 MiB/s
  压缩文件: ./compressed_datasets/netty/netty-4.1.119.Final.tar.zip

文件 #76: netty-4.1.120.Final.tar
  原始大小: 23.28 MiB
  压缩大小: 3.05 MiB
  压缩率: 7.62x
  压缩时间: 0.39 秒
  压缩吞吐量: 59.73 MiB/s
  解压时间: 0.09 秒
  解压吞吐量: 262.49 MiB/s
  压缩文件: ./compressed_datasets/netty/netty-4.1.120.Final.tar.zip

文件 #77: netty-4.1.121.Final.tar
  原始大小: 23.28 MiB
  压缩大小: 3.05 MiB
  压缩率: 7.62x
  压缩时间: 0.37 秒
  压缩吞吐量: 62.66 MiB/s
  解压时间: 0.09 秒
  解压吞吐量: 262.19 MiB/s
  压缩文件: ./compressed_datasets/netty/netty-4.1.121.Final.tar.zip

文件 #78: netty-4.1.122.Final.tar
  原始大小: 23.38 MiB
  压缩大小: 3.05 MiB
  压缩率: 7.64x
  压缩时间: 0.36 秒
  压缩吞吐量: 65.48 MiB/s
  解压时间: 0.09 秒
  解压吞吐量: 262.43 MiB/s
  压缩文件: ./compressed_datasets/netty/netty-4.1.122.Final.tar.zip

文件 #79: netty-4.1.123.Final.tar
  原始大小: 23.37 MiB
  压缩大小: 3.05 MiB
  压缩率: 7.64x
  压缩时间: 0.37 秒
  压缩吞吐量: 62.78 MiB/s
  解压时间: 0.09 秒
  解压吞吐量: 262.56 MiB/s
  压缩文件: ./compressed_datasets/netty/netty-4.1.123.Final.tar.zip

文件 #80: netty-4.2.0.Alpha1.tar
  原始大小: 23.94 MiB
  压缩大小: 3.09 MiB
  压缩率: 7.72x
  压缩时间: 0.43 秒
  压缩吞吐量: 55.16 MiB/s
  解压时间: 0.09 秒
  解压吞吐量: 263.81 MiB/s
  压缩文件: ./compressed_datasets/netty/netty-4.2.0.Alpha1.tar.zip

文件 #81: netty-4.2.0.Alpha2.tar
  原始大小: 23.99 MiB
  压缩大小: 3.10 MiB
  压缩率: 7.72x
  压缩时间: 0.36 秒
  压缩吞吐量: 66.03 MiB/s
  解压时间: 0.09 秒
  解压吞吐量: 263.86 MiB/s
  压缩文件: ./compressed_datasets/netty/netty-4.2.0.Alpha2.tar.zip

文件 #82: netty-4.2.0.Alpha3.tar
  原始大小: 24.08 MiB
  压缩大小: 3.11 MiB
  压缩率: 7.73x
  压缩时间: 0.38 秒
  压缩吞吐量: 63.38 MiB/s
  解压时间: 0.09 秒
  解压吞吐量: 262.42 MiB/s
  压缩文件: ./compressed_datasets/netty/netty-4.2.0.Alpha3.tar.zip

文件 #83: netty-4.2.0.Alpha4.tar
  原始大小: 24.29 MiB
  压缩大小: 3.13 MiB
  压缩率: 7.73x
  压缩时间: 0.38 秒
  压缩吞吐量: 64.34 MiB/s
  解压时间: 0.09 秒
  解压吞吐量: 263.42 MiB/s
  压缩文件: ./compressed_datasets/netty/netty-4.2.0.Alpha4.tar.zip

文件 #84: netty-4.2.0.Alpha5.tar
  原始大小: 24.44 MiB
  压缩大小: 3.15 MiB
  压缩率: 7.74x
  压缩时间: 0.38 秒
  压缩吞吐量: 64.04 MiB/s
  解压时间: 0.09 秒
  解压吞吐量: 263.55 MiB/s
  压缩文件: ./compressed_datasets/netty/netty-4.2.0.Alpha5.tar.zip

文件 #85: netty-4.2.0.Alpha6.tar
  原始大小: 24.45 MiB
  压缩大小: 3.15 MiB
  压缩率: 7.74x
  压缩时间: 0.37 秒
  压缩吞吐量: 65.84 MiB/s
  解压时间: 0.09 秒
  解压吞吐量: 263.61 MiB/s
  压缩文件: ./compressed_datasets/netty/netty-4.2.0.Alpha6.tar.zip

文件 #86: netty-4.2.0.Beta1.tar
  原始大小: 24.45 MiB
  压缩大小: 3.15 MiB
  压缩率: 7.74x
  压缩时间: 0.39 秒
  压缩吞吐量: 62.74 MiB/s
  解压时间: 0.09 秒
  解压吞吐量: 264.19 MiB/s
  压缩文件: ./compressed_datasets/netty/netty-4.2.0.Beta1.tar.zip

文件 #87: netty-4.2.0.Final.tar
  原始大小: 25.05 MiB
  压缩大小: 3.24 MiB
  压缩率: 7.72x
  压缩时间: 0.39 秒
  压缩吞吐量: 64.13 MiB/s
  解压时间: 0.09 秒
  解压吞吐量: 263.85 MiB/s
  压缩文件: ./compressed_datasets/netty/netty-4.2.0.Final.tar.zip

文件 #88: netty-4.2.0.RC1.tar
  原始大小: 24.62 MiB
  压缩大小: 3.18 MiB
  压缩率: 7.73x
  压缩时间: 0.38 秒
  压缩吞吐量: 65.57 MiB/s
  解压时间: 0.09 秒
  解压吞吐量: 263.44 MiB/s
  压缩文件: ./compressed_datasets/netty/netty-4.2.0.RC1.tar.zip

文件 #89: netty-4.2.0.RC2.tar
  原始大小: 24.83 MiB
  压缩大小: 3.20 MiB
  压缩率: 7.75x
  压缩时间: 0.37 秒
  压缩吞吐量: 66.39 MiB/s
  解压时间: 0.09 秒
  解压吞吐量: 262.98 MiB/s
  压缩文件: ./compressed_datasets/netty/netty-4.2.0.RC2.tar.zip

文件 #90: netty-4.2.0.RC3.tar
  原始大小: 24.92 MiB
  压缩大小: 3.22 MiB
  压缩率: 7.73x
  压缩时间: 0.40 秒
  压缩吞吐量: 62.06 MiB/s
  解压时间: 0.10 秒
  解压吞吐量: 261.61 MiB/s
  压缩文件: ./compressed_datasets/netty/netty-4.2.0.RC3.tar.zip

文件 #91: netty-4.2.0.RC4.tar
  原始大小: 25.00 MiB
  压缩大小: 3.23 MiB
  压缩率: 7.73x
  压缩时间: 0.39 秒
  压缩吞吐量: 64.46 MiB/s
  解压时间: 0.10 秒
  解压吞吐量: 262.74 MiB/s
  压缩文件: ./compressed_datasets/netty/netty-4.2.0.RC4.tar.zip

文件 #92: netty-4.2.1.Final.tar
  原始大小: 25.92 MiB
  压缩大小: 3.41 MiB
  压缩率: 7.59x
  压缩时间: 0.41 秒
  压缩吞吐量: 62.74 MiB/s
  解压时间: 0.10 秒
  解压吞吐量: 262.46 MiB/s
  压缩文件: ./compressed_datasets/netty/netty-4.2.1.Final.tar.zip

文件 #93: netty-4.2.2.Final.tar
  原始大小: 27.14 MiB
  压缩大小: 3.55 MiB
  压缩率: 7.63x
  压缩时间: 0.43 秒
  压缩吞吐量: 63.81 MiB/s
  解压时间: 0.10 秒
  解压吞吐量: 261.93 MiB/s
  压缩文件: ./compressed_datasets/netty/netty-4.2.2.Final.tar.zip

文件 #94: netty-4.2.3.Final.tar
  原始大小: 27.30 MiB
  压缩大小: 3.57 MiB
  压缩率: 7.62x
  压缩时间: 0.44 秒
  压缩吞吐量: 62.71 MiB/s
  解压时间: 0.10 秒
  解压吞吐量: 261.28 MiB/s
  压缩文件: ./compressed_datasets/netty/netty-4.2.3.Final.tar.zip

文件 #95: netty-5.0.0.Alpha1.tar
  原始大小: 18.18 MiB
  压缩大小: 2.43 MiB
  压缩率: 7.46x
  压缩时间: 0.31 秒
  压缩吞吐量: 58.50 MiB/s
  解压时间: 0.07 秒
  解压吞吐量: 259.27 MiB/s
  压缩文件: ./compressed_datasets/netty/netty-5.0.0.Alpha1.tar.zip

文件 #96: netty-5.0.0.Alpha2.tar
  原始大小: 16.67 MiB
  压缩大小: 2.26 MiB
  压缩率: 7.36x
  压缩时间: 0.27 秒
  压缩吞吐量: 61.24 MiB/s
  解压时间: 0.06 秒
  解压吞吐量: 256.68 MiB/s
  压缩文件: ./compressed_datasets/netty/netty-5.0.0.Alpha2.tar.zip

文件 #97: netty-5.0.0.Alpha3.tar
  原始大小: 16.15 MiB
  压缩大小: 2.21 MiB
  压缩率: 7.30x
  压缩时间: 0.26 秒
  压缩吞吐量: 62.21 MiB/s
  解压时间: 0.06 秒
  解压吞吐量: 256.66 MiB/s
  压缩文件: ./compressed_datasets/netty/netty-5.0.0.Alpha3.tar.zip

文件 #98: netty-5.0.0.Alpha4.tar
  原始大小: 16.36 MiB
  压缩大小: 2.25 MiB
  压缩率: 7.27x
  压缩时间: 0.27 秒
  压缩吞吐量: 61.34 MiB/s
  解压时间: 0.06 秒
  解压吞吐量: 256.86 MiB/s
  压缩文件: ./compressed_datasets/netty/netty-5.0.0.Alpha4.tar.zip

文件 #99: netty-5.0.0.Alpha5.tar
  原始大小: 16.29 MiB
  压缩大小: 2.23 MiB
  压缩率: 7.28x
  压缩时间: 0.27 秒
  压缩吞吐量: 59.45 MiB/s
  解压时间: 0.06 秒
  解压吞吐量: 256.33 MiB/s
  压缩文件: ./compressed_datasets/netty/netty-5.0.0.Alpha5.tar.zip

=== netty 总体统计 ===
实际处理文件数量: 99
预期文件数量: 99
总原始大小: 2167.25 MiB
总压缩大小: 282.70 MiB
总体压缩率: 7.66x
总压缩时间: 34.74 秒
总解压时间: 8.41 秒
压缩总体吞吐量: 62.37 MiB/s
解压总体吞吐量: 257.83 MiB/s
压缩文件保存目录: ./compressed_datasets/netty/
完成时间: 2025年 07月 29日 星期二 10:17:19 CST
