=== WEB 压缩报告 ===
开始时间: 2025年 07月 29日 星期二 15:51:34 CST
源路径: /mnt/dataset2/WEB
预期文件数量: 102

文件处理顺序:
  1. 2016-06-13.tar
  2. 2016-06-15.tar
  3. 2016-06-16.tar
  4. 2016-06-17.tar
  5. 2016-06-18.tar
  6. 2016-06-20.tar
  7. 2016-06-22.tar
  8. 2016-06-23.tar
  9. 2016-06-24.tar
  10. 2016-06-25.tar
  11. 2016-06-26.tar
  12. 2016-06-27.tar
  13. 2016-06-28.tar
  14. 2016-06-29.tar
  15. 2016-06-30.tar
  16. 2016-07-01.tar
  17. 2016-07-02.tar
  18. 2016-07-03.tar
  19. 2016-07-04.tar
  20. 2016-07-05.tar
  21. 2016-07-06.tar
  22. 2016-07-07.tar
  23. 2016-07-08.tar
  24. 2016-07-09.tar
  25. 2016-07-10.tar
  26. 2016-07-11.tar
  27. 2016-07-12.tar
  28. 2016-07-13.tar
  29. 2016-07-14.tar
  30. 2016-07-15.tar
  31. 2016-07-16.tar
  32. 2016-07-17.tar
  33. 2016-07-18.tar
  34. 2016-07-19.tar
  35. 2016-07-20.tar
  36. 2016-07-21.tar
  37. 2016-07-22.tar
  38. 2016-07-23.tar
  39. 2016-07-24.tar
  40. 2016-07-25.tar
  41. 2016-07-26.tar
  42. 2016-07-27.tar
  43. 2016-07-28.tar
  44. 2016-07-29.tar
  45. 2016-07-30.tar
  46. 2016-07-31.tar
  47. 2016-08-01.tar
  48. 2016-08-02.tar
  49. 2016-08-03.tar
  50. 2016-08-04.tar
  51. 2016-08-05.tar
  52. 2016-08-06.tar
  53. 2016-08-07.tar
  54. 2016-08-08.tar
  55. 2016-08-09.tar
  56. 2016-08-10.tar
  57. 2016-08-11.tar
  58. 2016-08-12.tar
  59. 2016-08-13.tar
  60. 2016-08-14.tar
  61. 2016-08-15.tar
  62. 2016-08-16.tar
  63. 2016-08-17.tar
  64. 2016-08-18.tar
  65. 2016-08-19.tar
  66. 2016-08-20.tar
  67. 2016-08-21.tar
  68. 2016-08-22.tar
  69. 2016-08-23.tar
  70. 2016-08-24.tar
  71. 2016-08-25.tar
  72. 2016-08-26.tar
  73. 2016-08-27.tar
  74. 2016-08-28.tar
  75. 2016-08-29.tar
  76. 2016-08-30.tar
  77. 2016-08-31.tar
  78. 2016-09-01.tar
  79. 2016-09-02.tar
  80. 2016-09-03.tar
  81. 2016-09-04.tar
  82. 2016-09-05.tar
  83. 2016-09-06.tar
  84. 2016-09-07.tar
  85. 2016-09-08.tar
  86. 2016-09-09.tar
  87. 2016-09-10.tar
  88. 2016-09-11.tar
  89. 2016-09-12.tar
  90. 2016-09-18.tar
  91. 2016-09-19.tar
  92. 2016-09-20.tar
  93. 2016-09-21.tar
  94. 2016-09-22.tar
  95. 2016-09-23.tar
  96. 2016-09-24.tar
  97. 2016-09-25.tar
  98. 2016-09-26.tar
  99. 2016-09-27.tar
  100. 2016-09-28.tar
  101. 2016-09-29.tar
  102. 2016-09-30.tar

文件 #1: 2016-06-13.tar
  原始大小: 2736.53 MiB
  压缩大小: 820.28 MiB
  压缩率: 3.33x
  压缩时间: 77.24 秒
  压缩吞吐量: 35.42 MiB/s
  解压时间: 14.36 秒
  解压吞吐量: 190.52 MiB/s
  压缩文件: ./compressed_datasets/WEB/2016-06-13.tar.zip

文件 #2: 2016-06-15.tar
  原始大小: 2746.02 MiB
  压缩大小: 822.98 MiB
  压缩率: 3.33x
  压缩时间: 77.16 秒
  压缩吞吐量: 35.58 MiB/s
  解压时间: 14.36 秒
  解压吞吐量: 191.26 MiB/s
  压缩文件: ./compressed_datasets/WEB/2016-06-15.tar.zip

文件 #3: 2016-06-16.tar
  原始大小: 2725.14 MiB
  压缩大小: 817.00 MiB
  压缩率: 3.33x
  压缩时间: 76.22 秒
  压缩吞吐量: 35.75 MiB/s
  解压时间: 14.26 秒
  解压吞吐量: 191.05 MiB/s
  压缩文件: ./compressed_datasets/WEB/2016-06-16.tar.zip

文件 #4: 2016-06-17.tar
  原始大小: 2765.48 MiB
  压缩大小: 824.65 MiB
  压缩率: 3.35x
  压缩时间: 76.60 秒
  压缩吞吐量: 36.10 MiB/s
  解压时间: 14.43 秒
  解压吞吐量: 191.61 MiB/s
  压缩文件: ./compressed_datasets/WEB/2016-06-17.tar.zip

文件 #5: 2016-06-18.tar
  原始大小: 2739.86 MiB
  压缩大小: 817.30 MiB
  压缩率: 3.35x
  压缩时间: 76.77 秒
  压缩吞吐量: 35.69 MiB/s
  解压时间: 14.96 秒
  解压吞吐量: 183.19 MiB/s
  压缩文件: ./compressed_datasets/WEB/2016-06-18.tar.zip

文件 #6: 2016-06-20.tar
  原始大小: 2771.15 MiB
  压缩大小: 825.96 MiB
  压缩率: 3.35x
  压缩时间: 75.39 秒
  压缩吞吐量: 36.75 MiB/s
  解压时间: 14.58 秒
  解压吞吐量: 190.04 MiB/s
  压缩文件: ./compressed_datasets/WEB/2016-06-20.tar.zip

文件 #7: 2016-06-22.tar
  原始大小: 2771.51 MiB
  压缩大小: 826.05 MiB
  压缩率: 3.35x
  压缩时间: 75.98 秒
  压缩吞吐量: 36.47 MiB/s
  解压时间: 14.64 秒
  解压吞吐量: 189.26 MiB/s
  压缩文件: ./compressed_datasets/WEB/2016-06-22.tar.zip

文件 #8: 2016-06-23.tar
  原始大小: 2801.98 MiB
  压缩大小: 835.05 MiB
  压缩率: 3.35x
  压缩时间: 81.70 秒
  压缩吞吐量: 34.29 MiB/s
  解压时间: 15.00 秒
  解压吞吐量: 186.84 MiB/s
  压缩文件: ./compressed_datasets/WEB/2016-06-23.tar.zip

文件 #9: 2016-06-24.tar
  原始大小: 2785.23 MiB
  压缩大小: 830.28 MiB
  压缩率: 3.35x
  压缩时间: 77.91 秒
  压缩吞吐量: 35.75 MiB/s
  解压时间: 14.72 秒
  解压吞吐量: 189.24 MiB/s
  压缩文件: ./compressed_datasets/WEB/2016-06-24.tar.zip

文件 #10: 2016-06-25.tar
  原始大小: 2784.76 MiB
  压缩大小: 830.06 MiB
  压缩率: 3.35x
  压缩时间: 78.11 秒
  压缩吞吐量: 35.65 MiB/s
  解压时间: 14.51 秒
  解压吞吐量: 191.89 MiB/s
  压缩文件: ./compressed_datasets/WEB/2016-06-25.tar.zip

文件 #11: 2016-06-26.tar
  原始大小: 2763.83 MiB
  压缩大小: 824.34 MiB
  压缩率: 3.35x
  压缩时间: 75.89 秒
  压缩吞吐量: 36.41 MiB/s
  解压时间: 14.49 秒
  解压吞吐量: 190.69 MiB/s
  压缩文件: ./compressed_datasets/WEB/2016-06-26.tar.zip

文件 #12: 2016-06-27.tar
  原始大小: 2761.99 MiB
  压缩大小: 823.93 MiB
  压缩率: 3.35x
  压缩时间: 78.25 秒
  压缩吞吐量: 35.29 MiB/s
  解压时间: 14.56 秒
  解压吞吐量: 189.70 MiB/s
  压缩文件: ./compressed_datasets/WEB/2016-06-27.tar.zip

文件 #13: 2016-06-28.tar
  原始大小: 2805.08 MiB
  压缩大小: 837.10 MiB
  压缩率: 3.35x
  压缩时间: 79.86 秒
  压缩吞吐量: 35.12 MiB/s
  解压时间: 14.65 秒
  解压吞吐量: 191.41 MiB/s
  压缩文件: ./compressed_datasets/WEB/2016-06-28.tar.zip

文件 #14: 2016-06-29.tar
  原始大小: 2785.60 MiB
  压缩大小: 830.29 MiB
  压缩率: 3.35x
  压缩时间: 77.85 秒
  压缩吞吐量: 35.78 MiB/s
  解压时间: 14.91 秒
  解压吞吐量: 186.88 MiB/s
  压缩文件: ./compressed_datasets/WEB/2016-06-29.tar.zip

文件 #15: 2016-06-30.tar
  原始大小: 2805.86 MiB
  压缩大小: 835.82 MiB
  压缩率: 3.35x
  压缩时间: 80.97 秒
  压缩吞吐量: 34.65 MiB/s
  解压时间: 14.63 秒
  解压吞吐量: 191.78 MiB/s
  压缩文件: ./compressed_datasets/WEB/2016-06-30.tar.zip

文件 #16: 2016-07-01.tar
  原始大小: 2800.78 MiB
  压缩大小: 834.36 MiB
  压缩率: 3.35x
  压缩时间: 79.16 秒
  压缩吞吐量: 35.38 MiB/s
  解压时间: 14.63 秒
  解压吞吐量: 191.39 MiB/s
  压缩文件: ./compressed_datasets/WEB/2016-07-01.tar.zip

文件 #17: 2016-07-02.tar
  原始大小: 2840.69 MiB
  压缩大小: 846.77 MiB
  压缩率: 3.35x
  压缩时间: 79.66 秒
  压缩吞吐量: 35.65 MiB/s
  解压时间: 14.80 秒
  解压吞吐量: 191.96 MiB/s
  压缩文件: ./compressed_datasets/WEB/2016-07-02.tar.zip

文件 #18: 2016-07-03.tar
  原始大小: 2860.64 MiB
  压缩大小: 852.28 MiB
  压缩率: 3.35x
  压缩时间: 79.98 秒
  压缩吞吐量: 35.76 MiB/s
  解压时间: 14.99 秒
  解压吞吐量: 190.88 MiB/s
  压缩文件: ./compressed_datasets/WEB/2016-07-03.tar.zip

文件 #19: 2016-07-04.tar
  原始大小: 2863.04 MiB
  压缩大小: 853.06 MiB
  压缩率: 3.35x
  压缩时间: 79.89 秒
  压缩吞吐量: 35.83 MiB/s
  解压时间: 15.04 秒
  解压吞吐量: 190.37 MiB/s
  压缩文件: ./compressed_datasets/WEB/2016-07-04.tar.zip

文件 #20: 2016-07-05.tar
  原始大小: 2844.15 MiB
  压缩大小: 846.27 MiB
  压缩率: 3.36x
  压缩时间: 78.92 秒
  压缩吞吐量: 36.04 MiB/s
  解压时间: 14.81 秒
  解压吞吐量: 192.09 MiB/s
  压缩文件: ./compressed_datasets/WEB/2016-07-05.tar.zip

文件 #21: 2016-07-06.tar
  原始大小: 2796.72 MiB
  压缩大小: 832.98 MiB
  压缩率: 3.35x
  压缩时间: 79.88 秒
  压缩吞吐量: 35.01 MiB/s
  解压时间: 14.76 秒
  解压吞吐量: 189.49 MiB/s
  压缩文件: ./compressed_datasets/WEB/2016-07-06.tar.zip

文件 #22: 2016-07-07.tar
  原始大小: 2756.76 MiB
  压缩大小: 821.84 MiB
  压缩率: 3.35x
  压缩时间: 75.29 秒
  压缩吞吐量: 36.61 MiB/s
  解压时间: 14.39 秒
  解压吞吐量: 191.62 MiB/s
  压缩文件: ./compressed_datasets/WEB/2016-07-07.tar.zip

文件 #23: 2016-07-08.tar
  原始大小: 2729.91 MiB
  压缩大小: 814.43 MiB
  压缩率: 3.35x
  压缩时间: 77.26 秒
  压缩吞吐量: 35.33 MiB/s
  解压时间: 14.25 秒
  解压吞吐量: 191.55 MiB/s
  压缩文件: ./compressed_datasets/WEB/2016-07-08.tar.zip

文件 #24: 2016-07-09.tar
  原始大小: 2719.80 MiB
  压缩大小: 811.38 MiB
  压缩率: 3.35x
  压缩时间: 78.67 秒
  压缩吞吐量: 34.57 MiB/s
  解压时间: 14.18 秒
  解压吞吐量: 191.82 MiB/s
  压缩文件: ./compressed_datasets/WEB/2016-07-09.tar.zip

文件 #25: 2016-07-10.tar
  原始大小: 2734.11 MiB
  压缩大小: 815.45 MiB
  压缩率: 3.35x
  压缩时间: 77.98 秒
  压缩吞吐量: 35.06 MiB/s
  解压时间: 14.64 秒
  解压吞吐量: 186.71 MiB/s
  压缩文件: ./compressed_datasets/WEB/2016-07-10.tar.zip

文件 #26: 2016-07-11.tar
  原始大小: 2741.96 MiB
  压缩大小: 817.62 MiB
  压缩率: 3.35x
  压缩时间: 76.72 秒
  压缩吞吐量: 35.73 MiB/s
  解压时间: 14.31 秒
  解压吞吐量: 191.60 MiB/s
  压缩文件: ./compressed_datasets/WEB/2016-07-11.tar.zip

文件 #27: 2016-07-12.tar
  原始大小: 2733.13 MiB
  压缩大小: 815.12 MiB
  压缩率: 3.35x
  压缩时间: 77.72 秒
  压缩吞吐量: 35.16 MiB/s
  解压时间: 14.26 秒
  解压吞吐量: 191.61 MiB/s
  压缩文件: ./compressed_datasets/WEB/2016-07-12.tar.zip

文件 #28: 2016-07-13.tar
  原始大小: 2731.97 MiB
  压缩大小: 814.81 MiB
  压缩率: 3.35x
  压缩时间: 76.28 秒
  压缩吞吐量: 35.81 MiB/s
  解压时间: 14.37 秒
  解压吞吐量: 190.06 MiB/s
  压缩文件: ./compressed_datasets/WEB/2016-07-13.tar.zip

文件 #29: 2016-07-14.tar
  原始大小: 2738.84 MiB
  压缩大小: 816.61 MiB
  压缩率: 3.35x
  压缩时间: 78.47 秒
  压缩吞吐量: 34.90 MiB/s
  解压时间: 14.33 秒
  解压吞吐量: 191.06 MiB/s
  压缩文件: ./compressed_datasets/WEB/2016-07-14.tar.zip

文件 #30: 2016-07-15.tar
  原始大小: 2742.90 MiB
  压缩大小: 817.72 MiB
  压缩率: 3.35x
  压缩时间: 78.63 秒
  压缩吞吐量: 34.88 MiB/s
  解压时间: 14.59 秒
  解压吞吐量: 187.98 MiB/s
  压缩文件: ./compressed_datasets/WEB/2016-07-15.tar.zip

文件 #31: 2016-07-16.tar
  原始大小: 2756.85 MiB
  压缩大小: 821.56 MiB
  压缩率: 3.35x
  压缩时间: 76.53 秒
  压缩吞吐量: 36.02 MiB/s
  解压时间: 14.42 秒
  解压吞吐量: 191.16 MiB/s
  压缩文件: ./compressed_datasets/WEB/2016-07-16.tar.zip

文件 #32: 2016-07-17.tar
  原始大小: 2721.02 MiB
  压缩大小: 811.46 MiB
  压缩率: 3.35x
  压缩时间: 75.85 秒
  压缩吞吐量: 35.87 MiB/s
  解压时间: 14.45 秒
  解压吞吐量: 188.35 MiB/s
  压缩文件: ./compressed_datasets/WEB/2016-07-17.tar.zip

文件 #33: 2016-07-18.tar
  原始大小: 2687.47 MiB
  压缩大小: 802.40 MiB
  压缩率: 3.34x
  压缩时间: 76.72 秒
  压缩吞吐量: 35.02 MiB/s
  解压时间: 14.51 秒
  解压吞吐量: 185.25 MiB/s
  压缩文件: ./compressed_datasets/WEB/2016-07-18.tar.zip

文件 #34: 2016-07-19.tar
  原始大小: 2734.19 MiB
  压缩大小: 815.26 MiB
  压缩率: 3.35x
  压缩时间: 76.59 秒
  压缩吞吐量: 35.69 MiB/s
  解压时间: 14.26 秒
  解压吞吐量: 191.67 MiB/s
  压缩文件: ./compressed_datasets/WEB/2016-07-19.tar.zip

文件 #35: 2016-07-20.tar
  原始大小: 2748.06 MiB
  压缩大小: 818.96 MiB
  压缩率: 3.35x
  压缩时间: 78.81 秒
  压缩吞吐量: 34.87 MiB/s
  解压时间: 14.35 秒
  解压吞吐量: 191.56 MiB/s
  压缩文件: ./compressed_datasets/WEB/2016-07-20.tar.zip

文件 #36: 2016-07-21.tar
  原始大小: 2760.14 MiB
  压缩大小: 822.59 MiB
  压缩率: 3.35x
  压缩时间: 78.78 秒
  压缩吞吐量: 35.03 MiB/s
  解压时间: 14.43 秒
  解压吞吐量: 191.22 MiB/s
  压缩文件: ./compressed_datasets/WEB/2016-07-21.tar.zip

文件 #37: 2016-07-22.tar
  原始大小: 2752.88 MiB
  压缩大小: 820.63 MiB
  压缩率: 3.35x
  压缩时间: 76.90 秒
  压缩吞吐量: 35.79 MiB/s
  解压时间: 14.58 秒
  解压吞吐量: 188.84 MiB/s
  压缩文件: ./compressed_datasets/WEB/2016-07-22.tar.zip

文件 #38: 2016-07-23.tar
  原始大小: 2774.90 MiB
  压缩大小: 826.56 MiB
  压缩率: 3.35x
  压缩时间: 77.73 秒
  压缩吞吐量: 35.70 MiB/s
  解压时间: 14.48 秒
  解压吞吐量: 191.69 MiB/s
  压缩文件: ./compressed_datasets/WEB/2016-07-23.tar.zip

文件 #39: 2016-07-24.tar
  原始大小: 2752.73 MiB
  压缩大小: 820.37 MiB
  压缩率: 3.35x
  压缩时间: 77.82 秒
  压缩吞吐量: 35.37 MiB/s
  解压时间: 14.35 秒
  解压吞吐量: 191.82 MiB/s
  压缩文件: ./compressed_datasets/WEB/2016-07-24.tar.zip

文件 #40: 2016-07-25.tar
  原始大小: 2753.10 MiB
  压缩大小: 820.54 MiB
  压缩率: 3.35x
  压缩时间: 79.32 秒
  压缩吞吐量: 34.70 MiB/s
  解压时间: 14.38 秒
  解压吞吐量: 191.49 MiB/s
  压缩文件: ./compressed_datasets/WEB/2016-07-25.tar.zip

文件 #41: 2016-07-26.tar
  原始大小: 2774.08 MiB
  压缩大小: 826.21 MiB
  压缩率: 3.35x
  压缩时间: 79.21 秒
  压缩吞吐量: 35.02 MiB/s
  解压时间: 14.85 秒
  解压吞吐量: 186.78 MiB/s
  压缩文件: ./compressed_datasets/WEB/2016-07-26.tar.zip

文件 #42: 2016-07-27.tar
  原始大小: 2752.42 MiB
  压缩大小: 820.31 MiB
  压缩率: 3.35x
  压缩时间: 77.66 秒
  压缩吞吐量: 35.44 MiB/s
  解压时间: 14.36 秒
  解压吞吐量: 191.69 MiB/s
  压缩文件: ./compressed_datasets/WEB/2016-07-27.tar.zip

文件 #43: 2016-07-28.tar
  原始大小: 2751.57 MiB
  压缩大小: 820.05 MiB
  压缩率: 3.35x
  压缩时间: 78.45 秒
  压缩吞吐量: 35.07 MiB/s
  解压时间: 14.36 秒
  解压吞吐量: 191.55 MiB/s
  压缩文件: ./compressed_datasets/WEB/2016-07-28.tar.zip

文件 #44: 2016-07-29.tar
  原始大小: 2754.61 MiB
  压缩大小: 820.94 MiB
  压缩率: 3.35x
  压缩时间: 76.94 秒
  压缩吞吐量: 35.80 MiB/s
  解压时间: 14.40 秒
  解压吞吐量: 191.34 MiB/s
  压缩文件: ./compressed_datasets/WEB/2016-07-29.tar.zip

文件 #45: 2016-07-30.tar
  原始大小: 2739.20 MiB
  压缩大小: 816.71 MiB
  压缩率: 3.35x
  压缩时间: 77.26 秒
  压缩吞吐量: 35.45 MiB/s
  解压时间: 14.30 秒
  解压吞吐量: 191.49 MiB/s
  压缩文件: ./compressed_datasets/WEB/2016-07-30.tar.zip

文件 #46: 2016-07-31.tar
  原始大小: 2757.08 MiB
  压缩大小: 821.51 MiB
  压缩率: 3.35x
  压缩时间: 76.63 秒
  压缩吞吐量: 35.97 MiB/s
  解压时间: 14.40 秒
  解压吞吐量: 191.41 MiB/s
  压缩文件: ./compressed_datasets/WEB/2016-07-31.tar.zip

文件 #47: 2016-08-01.tar
  原始大小: 2776.50 MiB
  压缩大小: 826.85 MiB
  压缩率: 3.35x
  压缩时间: 76.56 秒
  压缩吞吐量: 36.26 MiB/s
  解压时间: 14.55 秒
  解压吞吐量: 190.83 MiB/s
  压缩文件: ./compressed_datasets/WEB/2016-08-01.tar.zip

文件 #48: 2016-08-02.tar
  原始大小: 2776.49 MiB
  压缩大小: 826.86 MiB
  压缩率: 3.35x
  压缩时间: 77.53 秒
  压缩吞吐量: 35.81 MiB/s
  解压时间: 14.49 秒
  解压吞吐量: 191.67 MiB/s
  压缩文件: ./compressed_datasets/WEB/2016-08-02.tar.zip

文件 #49: 2016-08-03.tar
  原始大小: 2780.69 MiB
  压缩大小: 828.11 MiB
  压缩率: 3.35x
  压缩时间: 80.65 秒
  压缩吞吐量: 34.47 MiB/s
  解压时间: 14.72 秒
  解压吞吐量: 188.86 MiB/s
  压缩文件: ./compressed_datasets/WEB/2016-08-03.tar.zip

文件 #50: 2016-08-04.tar
  原始大小: 2757.24 MiB
  压缩大小: 821.65 MiB
  压缩率: 3.35x
  压缩时间: 78.05 秒
  压缩吞吐量: 35.32 MiB/s
  解压时间: 14.41 秒
  解压吞吐量: 191.34 MiB/s
  压缩文件: ./compressed_datasets/WEB/2016-08-04.tar.zip

文件 #51: 2016-08-05.tar
  原始大小: 2779.08 MiB
  压缩大小: 827.77 MiB
  压缩率: 3.35x
  压缩时间: 76.48 秒
  压缩吞吐量: 36.33 MiB/s
  解压时间: 14.52 秒
  解压吞吐量: 191.41 MiB/s
  压缩文件: ./compressed_datasets/WEB/2016-08-05.tar.zip

文件 #52: 2016-08-06.tar
  原始大小: 2729.59 MiB
  压缩大小: 813.29 MiB
  压缩率: 3.35x
  压缩时间: 77.21 秒
  压缩吞吐量: 35.35 MiB/s
  解压时间: 14.24 秒
  解压吞吐量: 191.74 MiB/s
  压缩文件: ./compressed_datasets/WEB/2016-08-06.tar.zip

文件 #53: 2016-08-07.tar
  原始大小: 2732.25 MiB
  压缩大小: 813.97 MiB
  压缩率: 3.35x
  压缩时间: 79.17 秒
  压缩吞吐量: 34.51 MiB/s
  解压时间: 14.29 秒
  解压吞吐量: 191.20 MiB/s
  压缩文件: ./compressed_datasets/WEB/2016-08-07.tar.zip

文件 #54: 2016-08-08.tar
  原始大小: 2751.50 MiB
  压缩大小: 819.21 MiB
  压缩率: 3.35x
  压缩时间: 78.44 秒
  压缩吞吐量: 35.07 MiB/s
  解压时间: 14.33 秒
  解压吞吐量: 192.01 MiB/s
  压缩文件: ./compressed_datasets/WEB/2016-08-08.tar.zip

文件 #55: 2016-08-09.tar
  原始大小: 2760.77 MiB
  压缩大小: 821.92 MiB
  压缩率: 3.35x
  压缩时间: 78.14 秒
  压缩吞吐量: 35.33 MiB/s
  解压时间: 14.41 秒
  解压吞吐量: 191.56 MiB/s
  压缩文件: ./compressed_datasets/WEB/2016-08-09.tar.zip

文件 #56: 2016-08-10.tar
  原始大小: 2757.28 MiB
  压缩大小: 821.32 MiB
  压缩率: 3.35x
  压缩时间: 74.89 秒
  压缩吞吐量: 36.81 MiB/s
  解压时间: 14.40 秒
  解压吞吐量: 191.42 MiB/s
  压缩文件: ./compressed_datasets/WEB/2016-08-10.tar.zip

文件 #57: 2016-08-11.tar
  原始大小: 2772.13 MiB
  压缩大小: 825.54 MiB
  压缩率: 3.35x
  压缩时间: 78.58 秒
  压缩吞吐量: 35.27 MiB/s
  解压时间: 16.31 秒
  解压吞吐量: 169.97 MiB/s
  压缩文件: ./compressed_datasets/WEB/2016-08-11.tar.zip

文件 #58: 2016-08-12.tar
  原始大小: 2757.98 MiB
  压缩大小: 821.38 MiB
  压缩率: 3.35x
  压缩时间: 77.54 秒
  压缩吞吐量: 35.56 MiB/s
  解压时间: 14.38 秒
  解压吞吐量: 191.75 MiB/s
  压缩文件: ./compressed_datasets/WEB/2016-08-12.tar.zip

文件 #59: 2016-08-13.tar
  原始大小: 2762.69 MiB
  压缩大小: 822.53 MiB
  压缩率: 3.35x
  压缩时间: 76.85 秒
  压缩吞吐量: 35.94 MiB/s
  解压时间: 14.55 秒
  解压吞吐量: 189.92 MiB/s
  压缩文件: ./compressed_datasets/WEB/2016-08-13.tar.zip

文件 #60: 2016-08-14.tar
  原始大小: 2765.26 MiB
  压缩大小: 823.02 MiB
  压缩率: 3.35x
  压缩时间: 78.22 秒
  压缩吞吐量: 35.35 MiB/s
  解压时间: 15.08 秒
  解压吞吐量: 183.37 MiB/s
  压缩文件: ./compressed_datasets/WEB/2016-08-14.tar.zip

文件 #61: 2016-08-15.tar
  原始大小: 2766.26 MiB
  压缩大小: 823.37 MiB
  压缩率: 3.35x
  压缩时间: 64.98 秒
  压缩吞吐量: 42.57 MiB/s
  解压时间: 15.27 秒
  解压吞吐量: 181.13 MiB/s
  压缩文件: ./compressed_datasets/WEB/2016-08-15.tar.zip

文件 #62: 2016-08-16.tar
  原始大小: 2766.58 MiB
  压缩大小: 823.41 MiB
  压缩率: 3.35x
  压缩时间: 63.23 秒
  压缩吞吐量: 43.75 MiB/s
  解压时间: 14.77 秒
  解压吞吐量: 187.35 MiB/s
  压缩文件: ./compressed_datasets/WEB/2016-08-16.tar.zip

文件 #63: 2016-08-17.tar
  原始大小: 2781.33 MiB
  压缩大小: 827.87 MiB
  压缩率: 3.35x
  压缩时间: 63.63 秒
  压缩吞吐量: 43.70 MiB/s
  解压时间: 14.58 秒
  解压吞吐量: 190.71 MiB/s
  压缩文件: ./compressed_datasets/WEB/2016-08-17.tar.zip

文件 #64: 2016-08-18.tar
  原始大小: 2754.48 MiB
  压缩大小: 820.39 MiB
  压缩率: 3.35x
  压缩时间: 63.95 秒
  压缩吞吐量: 43.07 MiB/s
  解压时间: 15.03 秒
  解压吞吐量: 183.25 MiB/s
  压缩文件: ./compressed_datasets/WEB/2016-08-18.tar.zip

文件 #65: 2016-08-19.tar
  原始大小: 2763.31 MiB
  压缩大小: 822.90 MiB
  压缩率: 3.35x
  压缩时间: 63.02 秒
  压缩吞吐量: 43.85 MiB/s
  解压时间: 14.43 秒
  解压吞吐量: 191.53 MiB/s
  压缩文件: ./compressed_datasets/WEB/2016-08-19.tar.zip

文件 #66: 2016-08-20.tar
  原始大小: 2733.18 MiB
  压缩大小: 814.71 MiB
  压缩率: 3.35x
  压缩时间: 63.95 秒
  压缩吞吐量: 42.73 MiB/s
  解压时间: 14.32 秒
  解压吞吐量: 190.87 MiB/s
  压缩文件: ./compressed_datasets/WEB/2016-08-20.tar.zip

文件 #67: 2016-08-21.tar
  原始大小: 2755.16 MiB
  压缩大小: 820.73 MiB
  压缩率: 3.35x
  压缩时间: 62.78 秒
  压缩吞吐量: 43.88 MiB/s
  解压时间: 14.44 秒
  解压吞吐量: 190.85 MiB/s
  压缩文件: ./compressed_datasets/WEB/2016-08-21.tar.zip

文件 #68: 2016-08-22.tar
  原始大小: 2757.83 MiB
  压缩大小: 821.55 MiB
  压缩率: 3.35x
  压缩时间: 63.80 秒
  压缩吞吐量: 43.22 MiB/s
  解压时间: 14.52 秒
  解压吞吐量: 189.87 MiB/s
  压缩文件: ./compressed_datasets/WEB/2016-08-22.tar.zip

文件 #69: 2016-08-23.tar
  原始大小: 2752.59 MiB
  压缩大小: 820.03 MiB
  压缩率: 3.35x
  压缩时间: 63.89 秒
  压缩吞吐量: 43.08 MiB/s
  解压时间: 14.36 秒
  解压吞吐量: 191.66 MiB/s
  压缩文件: ./compressed_datasets/WEB/2016-08-23.tar.zip

文件 #70: 2016-08-24.tar
  原始大小: 2768.24 MiB
  压缩大小: 824.10 MiB
  压缩率: 3.35x
  压缩时间: 62.93 秒
  压缩吞吐量: 43.99 MiB/s
  解压时间: 14.43 秒
  解压吞吐量: 191.88 MiB/s
  压缩文件: ./compressed_datasets/WEB/2016-08-24.tar.zip

文件 #71: 2016-08-25.tar
  原始大小: 2783.25 MiB
  压缩大小: 828.24 MiB
  压缩率: 3.36x
  压缩时间: 64.13 秒
  压缩吞吐量: 43.39 MiB/s
  解压时间: 14.55 秒
  解压吞吐量: 191.31 MiB/s
  压缩文件: ./compressed_datasets/WEB/2016-08-25.tar.zip

文件 #72: 2016-08-26.tar
  原始大小: 2804.14 MiB
  压缩大小: 834.06 MiB
  压缩率: 3.36x
  压缩时间: 65.59 秒
  压缩吞吐量: 42.75 MiB/s
  解压时间: 14.60 秒
  解压吞吐量: 192.02 MiB/s
  压缩文件: ./compressed_datasets/WEB/2016-08-26.tar.zip

文件 #73: 2016-08-27.tar
  原始大小: 2785.65 MiB
  压缩大小: 829.00 MiB
  压缩率: 3.36x
  压缩时间: 63.97 秒
  压缩吞吐量: 43.54 MiB/s
  解压时间: 14.54 秒
  解压吞吐量: 191.64 MiB/s
  压缩文件: ./compressed_datasets/WEB/2016-08-27.tar.zip

文件 #74: 2016-08-28.tar
  原始大小: 2776.07 MiB
  压缩大小: 826.40 MiB
  压缩率: 3.35x
  压缩时间: 63.10 秒
  压缩吞吐量: 43.99 MiB/s
  解压时间: 14.48 秒
  解压吞吐量: 191.69 MiB/s
  压缩文件: ./compressed_datasets/WEB/2016-08-28.tar.zip

文件 #75: 2016-08-29.tar
  原始大小: 2810.32 MiB
  压缩大小: 835.75 MiB
  压缩率: 3.36x
  压缩时间: 64.41 秒
  压缩吞吐量: 43.63 MiB/s
  解压时间: 14.69 秒
  解压吞吐量: 191.25 MiB/s
  压缩文件: ./compressed_datasets/WEB/2016-08-29.tar.zip

文件 #76: 2016-08-30.tar
  原始大小: 2822.84 MiB
  压缩大小: 839.15 MiB
  压缩率: 3.36x
  压缩时间: 64.83 秒
  压缩吞吐量: 43.54 MiB/s
  解压时间: 14.88 秒
  解压吞吐量: 189.65 MiB/s
  压缩文件: ./compressed_datasets/WEB/2016-08-30.tar.zip

文件 #77: 2016-08-31.tar
  原始大小: 2820.62 MiB
  压缩大小: 838.49 MiB
  压缩率: 3.36x
  压缩时间: 64.47 秒
  压缩吞吐量: 43.75 MiB/s
  解压时间: 14.73 秒
  解压吞吐量: 191.50 MiB/s
  压缩文件: ./compressed_datasets/WEB/2016-08-31.tar.zip

文件 #78: 2016-09-01.tar
  原始大小: 2830.85 MiB
  压缩大小: 841.20 MiB
  压缩率: 3.36x
  压缩时间: 64.41 秒
  压缩吞吐量: 43.95 MiB/s
  解压时间: 14.89 秒
  解压吞吐量: 190.11 MiB/s
  压缩文件: ./compressed_datasets/WEB/2016-09-01.tar.zip

文件 #79: 2016-09-02.tar
  原始大小: 2818.43 MiB
  压缩大小: 837.95 MiB
  压缩率: 3.36x
  压缩时间: 64.00 秒
  压缩吞吐量: 44.03 MiB/s
  解压时间: 15.00 秒
  解压吞吐量: 187.92 MiB/s
  压缩文件: ./compressed_datasets/WEB/2016-09-02.tar.zip

文件 #80: 2016-09-03.tar
  原始大小: 2833.65 MiB
  压缩大小: 842.10 MiB
  压缩率: 3.36x
  压缩时间: 66.01 秒
  压缩吞吐量: 42.92 MiB/s
  解压时间: 14.78 秒
  解压吞吐量: 191.71 MiB/s
  压缩文件: ./compressed_datasets/WEB/2016-09-03.tar.zip

文件 #81: 2016-09-04.tar
  原始大小: 2798.20 MiB
  压缩大小: 832.20 MiB
  压缩率: 3.36x
  压缩时间: 64.04 秒
  压缩吞吐量: 43.69 MiB/s
  解压时间: 14.60 秒
  解压吞吐量: 191.62 MiB/s
  压缩文件: ./compressed_datasets/WEB/2016-09-04.tar.zip

文件 #82: 2016-09-05.tar
  原始大小: 2806.32 MiB
  压缩大小: 834.37 MiB
  压缩率: 3.36x
  压缩时间: 63.77 秒
  压缩吞吐量: 44.00 MiB/s
  解压时间: 14.66 秒
  解压吞吐量: 191.36 MiB/s
  压缩文件: ./compressed_datasets/WEB/2016-09-05.tar.zip

文件 #83: 2016-09-06.tar
  原始大小: 2820.54 MiB
  压缩大小: 838.64 MiB
  压缩率: 3.36x
  压缩时间: 67.83 秒
  压缩吞吐量: 41.58 MiB/s
  解压时间: 14.95 秒
  解压吞吐量: 188.64 MiB/s
  压缩文件: ./compressed_datasets/WEB/2016-09-06.tar.zip

文件 #84: 2016-09-07.tar
  原始大小: 2826.08 MiB
  压缩大小: 840.29 MiB
  压缩率: 3.36x
  压缩时间: 66.16 秒
  压缩吞吐量: 42.71 MiB/s
  解压时间: 14.74 秒
  解压吞吐量: 191.70 MiB/s
  压缩文件: ./compressed_datasets/WEB/2016-09-07.tar.zip

文件 #85: 2016-09-08.tar
  原始大小: 2825.37 MiB
  压缩大小: 840.35 MiB
  压缩率: 3.36x
  压缩时间: 64.61 秒
  压缩吞吐量: 43.73 MiB/s
  解压时间: 14.75 秒
  解压吞吐量: 191.52 MiB/s
  压缩文件: ./compressed_datasets/WEB/2016-09-08.tar.zip

文件 #86: 2016-09-09.tar
  原始大小: 2796.18 MiB
  压缩大小: 832.31 MiB
  压缩率: 3.35x
  压缩时间: 82.27 秒
  压缩吞吐量: 33.98 MiB/s
  解压时间: 14.59 秒
  解压吞吐量: 191.59 MiB/s
  压缩文件: ./compressed_datasets/WEB/2016-09-09.tar.zip

文件 #87: 2016-09-10.tar
  原始大小: 2802.64 MiB
  压缩大小: 834.00 MiB
  压缩率: 3.36x
  压缩时间: 104.79 秒
  压缩吞吐量: 26.74 MiB/s
  解压时间: 14.61 秒
  解压吞吐量: 191.82 MiB/s
  压缩文件: ./compressed_datasets/WEB/2016-09-10.tar.zip

文件 #88: 2016-09-11.tar
  原始大小: 2795.05 MiB
  压缩大小: 831.82 MiB
  压缩率: 3.36x
  压缩时间: 63.35 秒
  压缩吞吐量: 44.11 MiB/s
  解压时间: 14.58 秒
  解压吞吐量: 191.75 MiB/s
  压缩文件: ./compressed_datasets/WEB/2016-09-11.tar.zip

文件 #89: 2016-09-12.tar
  原始大小: 2821.10 MiB
  压缩大小: 839.05 MiB
  压缩率: 3.36x
  压缩时间: 89.34 秒
  压缩吞吐量: 31.57 MiB/s
  解压时间: 14.94 秒
  解压吞吐量: 188.84 MiB/s
  压缩文件: ./compressed_datasets/WEB/2016-09-12.tar.zip

文件 #90: 2016-09-18.tar
  原始大小: 2826.63 MiB
  压缩大小: 840.40 MiB
  压缩率: 3.36x
  压缩时间: 66.31 秒
  压缩吞吐量: 42.62 MiB/s
  解压时间: 14.75 秒
  解压吞吐量: 191.58 MiB/s
  压缩文件: ./compressed_datasets/WEB/2016-09-18.tar.zip

文件 #91: 2016-09-19.tar
  原始大小: 2808.60 MiB
  压缩大小: 835.23 MiB
  压缩率: 3.36x
  压缩时间: 294.57 秒
  压缩吞吐量: 9.53 MiB/s
  解压时间: 14.99 秒
  解压吞吐量: 187.37 MiB/s
  压缩文件: ./compressed_datasets/WEB/2016-09-19.tar.zip

文件 #92: 2016-09-20.tar
  原始大小: 2836.50 MiB
  压缩大小: 843.04 MiB
  压缩率: 3.36x
  压缩时间: 65.64 秒
  压缩吞吐量: 43.21 MiB/s
  解压时间: 14.80 秒
  解压吞吐量: 191.67 MiB/s
  压缩文件: ./compressed_datasets/WEB/2016-09-20.tar.zip

文件 #93: 2016-09-21.tar
  原始大小: 2835.72 MiB
  压缩大小: 842.90 MiB
  压缩率: 3.36x
  压缩时间: 66.11 秒
  压缩吞吐量: 42.89 MiB/s
  解压时间: 14.89 秒
  解压吞吐量: 190.48 MiB/s
  压缩文件: ./compressed_datasets/WEB/2016-09-21.tar.zip

文件 #94: 2016-09-22.tar
  原始大小: 2838.64 MiB
  压缩大小: 843.88 MiB
  压缩率: 3.36x
  压缩时间: 64.56 秒
  压缩吞吐量: 43.97 MiB/s
  解压时间: 14.82 秒
  解压吞吐量: 191.58 MiB/s
  压缩文件: ./compressed_datasets/WEB/2016-09-22.tar.zip

文件 #95: 2016-09-23.tar
  原始大小: 2837.54 MiB
  压缩大小: 843.24 MiB
  压缩率: 3.36x
  压缩时间: 65.87 秒
  压缩吞吐量: 43.07 MiB/s
  解压时间: 14.79 秒
  解压吞吐量: 191.85 MiB/s
  压缩文件: ./compressed_datasets/WEB/2016-09-23.tar.zip

文件 #96: 2016-09-24.tar
  原始大小: 2841.06 MiB
  压缩大小: 844.24 MiB
  压缩率: 3.36x
  压缩时间: 66.70 秒
  压缩吞吐量: 42.59 MiB/s
  解压时间: 14.86 秒
  解压吞吐量: 191.18 MiB/s
  压缩文件: ./compressed_datasets/WEB/2016-09-24.tar.zip

文件 #97: 2016-09-25.tar
  原始大小: 2824.25 MiB
  压缩大小: 839.55 MiB
  压缩率: 3.36x
  压缩时间: 64.54 秒
  压缩吞吐量: 43.75 MiB/s
  解压时间: 14.79 秒
  解压吞吐量: 191.00 MiB/s
  压缩文件: ./compressed_datasets/WEB/2016-09-25.tar.zip

文件 #98: 2016-09-26.tar
  原始大小: 2841.76 MiB
  压缩大小: 844.34 MiB
  压缩率: 3.36x
  压缩时间: 290.26 秒
  压缩吞吐量: 9.79 MiB/s
  解压时间: 15.09 秒
  解压吞吐量: 188.29 MiB/s
  压缩文件: ./compressed_datasets/WEB/2016-09-26.tar.zip

文件 #99: 2016-09-27.tar
  原始大小: 2893.06 MiB
  压缩大小: 858.42 MiB
  压缩率: 3.37x
  压缩时间: 66.06 秒
  压缩吞吐量: 43.79 MiB/s
  解压时间: 15.24 秒
  解压吞吐量: 189.78 MiB/s
  压缩文件: ./compressed_datasets/WEB/2016-09-27.tar.zip

文件 #100: 2016-09-28.tar
  原始大小: 2878.57 MiB
  压缩大小: 854.51 MiB
  压缩率: 3.36x
  压缩时间: 65.81 秒
  压缩吞吐量: 43.73 MiB/s
  解压时间: 15.17 秒
  解压吞吐量: 189.70 MiB/s
  压缩文件: ./compressed_datasets/WEB/2016-09-28.tar.zip

文件 #101: 2016-09-29.tar
  原始大小: 2863.88 MiB
  压缩大小: 850.66 MiB
  压缩率: 3.36x
  压缩时间: 65.74 秒
  压缩吞吐量: 43.56 MiB/s
  解压时间: 15.12 秒
  解压吞吐量: 189.42 MiB/s
  压缩文件: ./compressed_datasets/WEB/2016-09-29.tar.zip

文件 #102: 2016-09-30.tar
  原始大小: 2843.90 MiB
  压缩大小: 844.66 MiB
  压缩率: 3.36x
  压缩时间: 68.50 秒
  压缩吞吐量: 41.51 MiB/s
  解压时间: 14.82 秒
  解压吞吐量: 191.94 MiB/s
  压缩文件: ./compressed_datasets/WEB/2016-09-30.tar.zip

=== WEB 总体统计 ===
实际处理文件数量: 102
预期文件数量: 102
总原始大小: 283762.02 MiB
总压缩大小: 84511.30 MiB
总体压缩率: 3.35x
总压缩时间: 7927.81 秒
总解压时间: 1492.82 秒
压缩总体吞吐量: 35.79 MiB/s
解压总体吞吐量: 190.08 MiB/s
压缩文件保存目录: ./compressed_datasets/WEB/
完成时间: 2025年 07月 29日 星期二 18:28:40 CST
